--------------- Build Started: 09/29/2016 13:29:38 Project: A4W_Softap, Configuration: ARM GCC 4.9-2015-q1-update Debug ---------------
The code generation step is up to date.
arm-none-eabi-gcc.exe -mcpu=cortex-m0 -mthumb -Wno-main -I.\User_Source -I. -IGenerated_Source\PSoC4 -Wa,-alh=.\CortexM0\ARM_GCC_493\Debug/main.lst -g -D DEBUG -Wall -ffunction-sections -Os -ffat-lto-objects -c .\User_Source\main.c -o .\CortexM0\ARM_GCC_493\Debug\main.o
arm-none-eabi-gcc.exe -mcpu=cortex-m0 -mthumb -Wno-main -I.\User_Source -I. -IGenerated_Source\PSoC4 -Wa,-alh=.\CortexM0\ARM_GCC_493\Debug/dimming_ctrl.lst -g -D DEBUG -Wall -ffunction-sections -Os -ffat-lto-objects -c .\User_Source\dimming_ctrl.c -o .\CortexM0\ARM_GCC_493\Debug\dimming_ctrl.o
arm-none-eabi-gcc.exe -mcpu=cortex-m0 -mthumb -Wno-main -I.\User_Source -I. -IGenerated_Source\PSoC4 -Wa,-alh=.\CortexM0\ARM_GCC_493\Debug/interrupts.lst -g -D DEBUG -Wall -ffunction-sections -Os -ffat-lto-objects -c .\User_Source\interrupts.c -o .\CortexM0\ARM_GCC_493\Debug\interrupts.o
arm-none-eabi-gcc.exe -mcpu=cortex-m0 -mthumb -Wno-main -I.\User_Source -I. -IGenerated_Source\PSoC4 -Wa,-alh=.\CortexM0\ARM_GCC_493\Debug/pushbutton.lst -g -D DEBUG -Wall -ffunction-sections -Os -ffat-lto-objects -c .\User_Source\pushbutton.c -o .\CortexM0\ARM_GCC_493\Debug\pushbutton.o
.\User_Source\pushbutton.c: In function 'read_pushbutton':
.\User_Source\pushbutton.c:110:7: warning: 'pushbutton' may be used uninitialized in this function [-Wmaybe-uninitialized]
    if (pushbutton == SW_PRESSED)  
       ^
arm-none-eabi-gcc.exe -mcpu=cortex-m0 -mthumb -Wno-main -I.\User_Source -I. -IGenerated_Source\PSoC4 -Wa,-alh=.\CortexM0\ARM_GCC_493\Debug/CY8C4124.lst -g -D DEBUG -Wall -ffunction-sections -Os -ffat-lto-objects -c .\User_Source\CY8C4124.c -o .\CortexM0\ARM_GCC_493\Debug\CY8C4124.o
.\User_Source\CY8C4124.c: In function 'write_data_flash':
.\User_Source\CY8C4124.c:35:31: warning: passing argument 1 of 'Relay_Cal_Bytes_Write' discards 'volatile' qualifier from pointer target type
         Relay_Cal_Bytes_Write(&NON_VOL_A[0],&EEprom[0],8u);
                               ^
In file included from Generated_Source\PSoC4/project.h:30:0,
                 from .\User_Source/CY8C4124.h:18,
                 from .\User_Source\CY8C4124.c:14:
Generated_Source\PSoC4/Relay_Cal_Bytes.h:47:14: note: expected 'const uint8 *' but argument is of type 'volatile uint8_t *'
     cystatus Relay_Cal_Bytes_Write(const uint8 srcBuf[], const uint8 eepromPtr[], uint32 byteCount);
              ^
arm-none-eabi-gcc.exe -mcpu=cortex-m0 -mthumb -Wno-main -I.\User_Source -I. -IGenerated_Source\PSoC4 -Wa,-alh=.\CortexM0\ARM_GCC_493\Debug/PWM_ISR.lst -g -D DEBUG -Wall -ffunction-sections -Os -ffat-lto-objects -c .\Generated_Source\PSoC4\PWM_ISR.c -o .\CortexM0\ARM_GCC_493\Debug\PWM_ISR.o
arm-none-eabi-ar.exe -rs .\CortexM0\ARM_GCC_493\Debug\A4W_Softap.a .\CortexM0\ARM_GCC_493\Debug\cyfitter_cfg.o .\CortexM0\ARM_GCC_493\Debug\Opto_PWM.o .\CortexM0\ARM_GCC_493\Debug\Opto_PWM_PM.o .\CortexM0\ARM_GCC_493\Debug\OPTO_Drv.o .\CortexM0\ARM_GCC_493\Debug\Dimming_Reference.o .\CortexM0\ARM_GCC_493\Debug\CC_Ctrl.o .\CortexM0\ARM_GCC_493\Debug\Zero_Cross.o .\CortexM0\ARM_GCC_493\Debug\Zero_Cross_PM.o .\CortexM0\ARM_GCC_493\Debug\Cap_Mod.o .\CortexM0\ARM_GCC_493\Debug\ZC_ISR.o .\CortexM0\ARM_GCC_493\Debug\ZC_Inv.o .\CortexM0\ARM_GCC_493\Debug\ZC_NInv.o .\CortexM0\ARM_GCC_493\Debug\Dimming.o .\CortexM0\ARM_GCC_493\Debug\Dimming_PM.o .\CortexM0\ARM_GCC_493\Debug\PWM_Out.o .\CortexM0\ARM_GCC_493\Debug\PWM_CLK.o .\CortexM0\ARM_GCC_493\Debug\I_Sense.o .\CortexM0\ARM_GCC_493\Debug\Test.o .\CortexM0\ARM_GCC_493\Debug\LED_LO.o .\CortexM0\ARM_GCC_493\Debug\LED_1.o .\CortexM0\ARM_GCC_493\Debug\LED_2.o .\CortexM0\ARM_GCC_493\Debug\LED_3.o .\CortexM0\ARM_GCC_493\Debug\LED_4.o .\CortexM0\ARM_GCC_493\Debug\LED_5.o .\CortexM0\ARM_GCC_493\Debug\LED_Hi.o .\CortexM0\ARM_GCC_493\Debug\LED_Plus.o .\CortexM0\ARM_GCC_493\Debug\LED_Minus.o .\CortexM0\ARM_GCC_493\Debug\LED_Main.o .\CortexM0\ARM_GCC_493\Debug\Relay_1P.o .\CortexM0\ARM_GCC_493\Debug\Relay_3W.o .\CortexM0\ARM_GCC_493\Debug\Relay_Cal_Bytes.o .\CortexM0\ARM_GCC_493\Debug\CyBootAsmGnu.o .\CortexM0\ARM_GCC_493\Debug\CyFlash.o .\CortexM0\ARM_GCC_493\Debug\CyLib.o .\CortexM0\ARM_GCC_493\Debug\cyPm.o .\CortexM0\ARM_GCC_493\Debug\cyutils.o .\CortexM0\ARM_GCC_493\Debug\PWM_ISR.o .\CortexM0\ARM_GCC_493\Debug\Relay_Offset.o .\CortexM0\ARM_GCC_493\Debug\Relay_Offset_PM.o .\CortexM0\ARM_GCC_493\Debug\Relay_Fire_ISR.o .\CortexM0\ARM_GCC_493\Debug\CapSense_1.o .\CortexM0\ARM_GCC_493\Debug\CapSense_1_PM.o .\CortexM0\ARM_GCC_493\Debug\CapSense_1_CSHL.o .\CortexM0\ARM_GCC_493\Debug\CapSense_1_INT.o .\CortexM0\ARM_GCC_493\Debug\CapSense_1_TunerHelper.o .\CortexM0\ARM_GCC_493\Debug\CapSense_1_SMS.o .\CortexM0\ARM_GCC_493\Debug\CapSense_1_SampleClk.o .\CortexM0\ARM_GCC_493\Debug\CapSense_1_SenseClk.o .\CortexM0\ARM_GCC_493\Debug\WDT_ISR.o
arm-none-eabi-ar.exe: creating .\CortexM0\ARM_GCC_493\Debug\A4W_Softap.a
arm-none-eabi-gcc.exe -Wl,--start-group -o .\CortexM0\ARM_GCC_493\Debug\A4W_Softap.elf .\CortexM0\ARM_GCC_493\Debug\main.o .\CortexM0\ARM_GCC_493\Debug\dimming_ctrl.o .\CortexM0\ARM_GCC_493\Debug\interrupts.o .\CortexM0\ARM_GCC_493\Debug\pushbutton.o .\CortexM0\ARM_GCC_493\Debug\CY8C4124.o .\CortexM0\ARM_GCC_493\Debug\cymetadata.o .\CortexM0\ARM_GCC_493\Debug\Cm0Start.o .\CortexM0\ARM_GCC_493\Debug\A4W_Softap.a "C:\Program Files (x86)\Cypress\PSoC Creator\3.3\PSoC Creator\psoc\content\cycomponentlibrary\CyComponentLibrary.cylib\CapSense_CSD_P4_v2_30\PSoC4\Library\CapsenseP4Library_GCC.a" "C:\Program Files (x86)\Cypress\PSoC Creator\3.3\PSoC Creator\psoc\content\cycomponentlibrary\CyComponentLibrary.cylib\CortexM0\ARM_GCC_493\Debug\CyComponentLibrary.a" -mcpu=cortex-m0 -mthumb -g -ffunction-sections -Os -ffat-lto-objects -L Generated_Source\PSoC4 -Wl,-Map,.\CortexM0\ARM_GCC_493\Debug/A4W_Softap.map -T Generated_Source\PSoC4\cm0gcc.ld -specs=nano.specs -Wl,--gc-sections -Wl,--end-group
cyelftool.exe -C "C:\Legrand\Dimmers\A4W sofTap and Touch\A4W_Softap.cydsn\CortexM0\ARM_GCC_493\Debug\A4W_Softap.elf" --flash_row_size 128 --flash_size 16384
cyelftool.exe -S "C:\Legrand\Dimmers\A4W sofTap and Touch\A4W_Softap.cydsn\CortexM0\ARM_GCC_493\Debug\A4W_Softap.elf"
Flash used: 11520 of 16384 bytes (70.3 %).
SRAM used: 692 of 4096 bytes (16.9 %). Stack: 64 bytes. Heap: 128 bytes.
--------------- Build Succeeded: 09/29/2016 13:29:40 ---------------
