ARM GAS  C:\Users\syhaines\AppData\Local\Temp\ccMvOXz0.s 			page 1


   1              		.cpu cortex-m0
   2              		.fpu softvfp
   3              		.eabi_attribute 20, 1
   4              		.eabi_attribute 21, 1
   5              		.eabi_attribute 23, 3
   6              		.eabi_attribute 24, 1
   7              		.eabi_attribute 25, 1
   8              		.eabi_attribute 26, 1
   9              		.eabi_attribute 30, 4
  10              		.eabi_attribute 34, 0
  11              		.eabi_attribute 18, 4
  12              		.code	16
  13              		.file	"CapSense_1_INT.c"
  14              		.text
  15              	.Ltext0:
  16              		.cfi_sections	.debug_frame
  17              		.section	.text.CapSense_1_ISR,"ax",%progbits
  18              		.align	1
  19              		.global	CapSense_1_ISR
  20              		.code	16
  21              		.thumb_func
  22              		.type	CapSense_1_ISR, %function
  23              	CapSense_1_ISR:
  24              	.LFB33:
  25              		.file 1 ".\\Generated_Source\\PSoC4\\CapSense_1_INT.c"
   1:.\Generated_Source\PSoC4/CapSense_1_INT.c **** /*******************************************************************************
   2:.\Generated_Source\PSoC4/CapSense_1_INT.c **** * File Name: CapSense_1_INT.c
   3:.\Generated_Source\PSoC4/CapSense_1_INT.c **** * Version 2.30
   4:.\Generated_Source\PSoC4/CapSense_1_INT.c **** *
   5:.\Generated_Source\PSoC4/CapSense_1_INT.c **** * Description:
   6:.\Generated_Source\PSoC4/CapSense_1_INT.c **** *  This file provides the source code of the  Interrupt Service Routine (ISR)
   7:.\Generated_Source\PSoC4/CapSense_1_INT.c **** *  for the CapSense CSD component.
   8:.\Generated_Source\PSoC4/CapSense_1_INT.c **** *
   9:.\Generated_Source\PSoC4/CapSense_1_INT.c **** * Note:
  10:.\Generated_Source\PSoC4/CapSense_1_INT.c **** *
  11:.\Generated_Source\PSoC4/CapSense_1_INT.c **** ********************************************************************************
  12:.\Generated_Source\PSoC4/CapSense_1_INT.c **** * Copyright 2013-2015, Cypress Semiconductor Corporation.  All rights reserved.
  13:.\Generated_Source\PSoC4/CapSense_1_INT.c **** * You may use this file only in accordance with the license, terms, conditions,
  14:.\Generated_Source\PSoC4/CapSense_1_INT.c **** * disclaimers, and limitations in the end user license agreement accompanying
  15:.\Generated_Source\PSoC4/CapSense_1_INT.c **** * the software package with which this file was provided.
  16:.\Generated_Source\PSoC4/CapSense_1_INT.c **** *******************************************************************************/
  17:.\Generated_Source\PSoC4/CapSense_1_INT.c **** 
  18:.\Generated_Source\PSoC4/CapSense_1_INT.c **** #include "CapSense_1.h"
  19:.\Generated_Source\PSoC4/CapSense_1_INT.c **** #include "CapSense_1_PVT.h"
  20:.\Generated_Source\PSoC4/CapSense_1_INT.c **** 
  21:.\Generated_Source\PSoC4/CapSense_1_INT.c **** 
  22:.\Generated_Source\PSoC4/CapSense_1_INT.c **** 
  23:.\Generated_Source\PSoC4/CapSense_1_INT.c **** /*******************************************************************************
  24:.\Generated_Source\PSoC4/CapSense_1_INT.c **** *  Place your includes, defines and code here
  25:.\Generated_Source\PSoC4/CapSense_1_INT.c **** ********************************************************************************/
  26:.\Generated_Source\PSoC4/CapSense_1_INT.c **** /* `#START CapSense_1_ISR_INTC` */
  27:.\Generated_Source\PSoC4/CapSense_1_INT.c **** 
  28:.\Generated_Source\PSoC4/CapSense_1_INT.c **** /* `#END` */
  29:.\Generated_Source\PSoC4/CapSense_1_INT.c **** 
  30:.\Generated_Source\PSoC4/CapSense_1_INT.c **** 
  31:.\Generated_Source\PSoC4/CapSense_1_INT.c **** /*******************************************************************************
  32:.\Generated_Source\PSoC4/CapSense_1_INT.c **** * Function Name: CapSense_1_ISR
ARM GAS  C:\Users\syhaines\AppData\Local\Temp\ccMvOXz0.s 			page 2


  33:.\Generated_Source\PSoC4/CapSense_1_INT.c **** ********************************************************************************
  34:.\Generated_Source\PSoC4/CapSense_1_INT.c **** *
  35:.\Generated_Source\PSoC4/CapSense_1_INT.c **** * Summary:
  36:.\Generated_Source\PSoC4/CapSense_1_INT.c **** *  This ISR is executed when the measure window is closed. The measure window
  37:.\Generated_Source\PSoC4/CapSense_1_INT.c **** *  depends on the sensor scan resolution parameter.
  38:.\Generated_Source\PSoC4/CapSense_1_INT.c **** *  The ISR has two modes:
  39:.\Generated_Source\PSoC4/CapSense_1_INT.c **** *   1. Scans a single sensor and stores the measure result.
  40:.\Generated_Source\PSoC4/CapSense_1_INT.c **** *   2. Stores the result of the current measure and starts the next scan till all
  41:.\Generated_Source\PSoC4/CapSense_1_INT.c **** *      the enabled sensors are scanned.
  42:.\Generated_Source\PSoC4/CapSense_1_INT.c **** *  This interrupt handler is only used in one channel designs.
  43:.\Generated_Source\PSoC4/CapSense_1_INT.c **** *
  44:.\Generated_Source\PSoC4/CapSense_1_INT.c **** * Parameters:
  45:.\Generated_Source\PSoC4/CapSense_1_INT.c **** *  None
  46:.\Generated_Source\PSoC4/CapSense_1_INT.c **** *
  47:.\Generated_Source\PSoC4/CapSense_1_INT.c **** * Return:
  48:.\Generated_Source\PSoC4/CapSense_1_INT.c **** *  None
  49:.\Generated_Source\PSoC4/CapSense_1_INT.c **** *
  50:.\Generated_Source\PSoC4/CapSense_1_INT.c **** * Global Variables:
  51:.\Generated_Source\PSoC4/CapSense_1_INT.c **** *  CapSense_1_csv - used to provide the status and mode of the scanning process.
  52:.\Generated_Source\PSoC4/CapSense_1_INT.c **** *   Mode - a single scan or scan of all the enabled sensors.
  53:.\Generated_Source\PSoC4/CapSense_1_INT.c **** *   Status - scan is in progress or ready for new scan.
  54:.\Generated_Source\PSoC4/CapSense_1_INT.c **** *  CapSense_1_sensorIndex - used to store a sensor scanning sensor number.
  55:.\Generated_Source\PSoC4/CapSense_1_INT.c **** *
  56:.\Generated_Source\PSoC4/CapSense_1_INT.c **** * Reentrant:
  57:.\Generated_Source\PSoC4/CapSense_1_INT.c **** *  No
  58:.\Generated_Source\PSoC4/CapSense_1_INT.c **** *
  59:.\Generated_Source\PSoC4/CapSense_1_INT.c **** *******************************************************************************/
  60:.\Generated_Source\PSoC4/CapSense_1_INT.c **** CY_ISR(CapSense_1_ISR)
  61:.\Generated_Source\PSoC4/CapSense_1_INT.c **** {
  26              		.loc 1 61 0
  27              		.cfi_startproc
  28 0000 70B5     		push	{r4, r5, r6, lr}
  29              		.cfi_def_cfa_offset 16
  30              		.cfi_offset 4, -16
  31              		.cfi_offset 5, -12
  32              		.cfi_offset 6, -8
  33              		.cfi_offset 14, -4
  62:.\Generated_Source\PSoC4/CapSense_1_INT.c ****     static uint8 CapSense_1_snsIndexTmp;
  63:.\Generated_Source\PSoC4/CapSense_1_INT.c **** 
  64:.\Generated_Source\PSoC4/CapSense_1_INT.c ****     #ifdef CapSense_1_ISR_ENTRY_CALLBACK
  65:.\Generated_Source\PSoC4/CapSense_1_INT.c ****         CapSense_1_ISR_EntryCallback();
  66:.\Generated_Source\PSoC4/CapSense_1_INT.c ****     #endif /* CapSense_1_ISR_ENTRY_CALLBACK */
  67:.\Generated_Source\PSoC4/CapSense_1_INT.c **** 
  68:.\Generated_Source\PSoC4/CapSense_1_INT.c ****     /*  Place your Interrupt code here. */
  69:.\Generated_Source\PSoC4/CapSense_1_INT.c ****     /* `#START CapSense_1_ISR_ENTER` */
  70:.\Generated_Source\PSoC4/CapSense_1_INT.c **** 
  71:.\Generated_Source\PSoC4/CapSense_1_INT.c ****     /* `#END` */
  72:.\Generated_Source\PSoC4/CapSense_1_INT.c **** 
  73:.\Generated_Source\PSoC4/CapSense_1_INT.c ****     CyIntDisable(CapSense_1_ISR_NUMBER);
  74:.\Generated_Source\PSoC4/CapSense_1_INT.c **** 
  75:.\Generated_Source\PSoC4/CapSense_1_INT.c ****     CapSense_1_CSD_INTR_REG = 1u;
  34              		.loc 1 75 0
  35 0002 0126     		mov	r6, #1
  73:.\Generated_Source\PSoC4/CapSense_1_INT.c **** 
  36              		.loc 1 73 0
  37 0004 0F20     		mov	r0, #15
  38 0006 FFF7FEFF 		bl	CyIntDisable
ARM GAS  C:\Users\syhaines\AppData\Local\Temp\ccMvOXz0.s 			page 3


  39              	.LVL0:
  40              		.loc 1 75 0
  41 000a 164B     		ldr	r3, .L8
  76:.\Generated_Source\PSoC4/CapSense_1_INT.c **** 
  77:.\Generated_Source\PSoC4/CapSense_1_INT.c ****     CapSense_1_PostScan((uint32)CapSense_1_sensorIndex);
  42              		.loc 1 77 0
  43 000c 164D     		ldr	r5, .L8+4
  75:.\Generated_Source\PSoC4/CapSense_1_INT.c **** 
  44              		.loc 1 75 0
  45 000e 1E60     		str	r6, [r3]
  46              		.loc 1 77 0
  47 0010 2878     		ldrb	r0, [r5]
  48 0012 C0B2     		uxtb	r0, r0
  49 0014 FFF7FEFF 		bl	CapSense_1_PostScan
  50              	.LVL1:
  78:.\Generated_Source\PSoC4/CapSense_1_INT.c **** 
  79:.\Generated_Source\PSoC4/CapSense_1_INT.c ****     if ((CapSense_1_csdStatusVar & CapSense_1_SW_CTRL_SINGLE_SCAN) != 0u)
  51              		.loc 1 79 0
  52 0018 144C     		ldr	r4, .L8+8
  53 001a 2378     		ldrb	r3, [r4]
  54 001c 5BB2     		sxtb	r3, r3
  55 001e 002B     		cmp	r3, #0
  56 0020 03DA     		bge	.L2
  80:.\Generated_Source\PSoC4/CapSense_1_INT.c ****     {
  81:.\Generated_Source\PSoC4/CapSense_1_INT.c ****         CapSense_1_csdStatusVar &= (uint8)~CapSense_1_SW_STS_BUSY;
  57              		.loc 1 81 0
  58 0022 2378     		ldrb	r3, [r4]
  59 0024 B343     		bic	r3, r6
  60 0026 2370     		strb	r3, [r4]
  61 0028 18E0     		b	.L3
  62              	.L2:
  82:.\Generated_Source\PSoC4/CapSense_1_INT.c ****     }
  83:.\Generated_Source\PSoC4/CapSense_1_INT.c ****     else
  84:.\Generated_Source\PSoC4/CapSense_1_INT.c ****     {
  85:.\Generated_Source\PSoC4/CapSense_1_INT.c ****         /* Proceed scanning */
  86:.\Generated_Source\PSoC4/CapSense_1_INT.c ****         CapSense_1_sensorIndex = CapSense_1_FindNextSensor(CapSense_1_sensorIndex);
  63              		.loc 1 86 0
  64 002a 2878     		ldrb	r0, [r5]
  65 002c C0B2     		uxtb	r0, r0
  66 002e FFF7FEFF 		bl	CapSense_1_FindNextSensor
  67              	.LVL2:
  68 0032 2870     		strb	r0, [r5]
  87:.\Generated_Source\PSoC4/CapSense_1_INT.c **** 
  88:.\Generated_Source\PSoC4/CapSense_1_INT.c ****         /* Check end of scan */
  89:.\Generated_Source\PSoC4/CapSense_1_INT.c ****         if(CapSense_1_sensorIndex < CapSense_1_TOTAL_SENSOR_COUNT)
  69              		.loc 1 89 0
  70 0034 2B78     		ldrb	r3, [r5]
  71 0036 022B     		cmp	r3, #2
  72 0038 04D8     		bhi	.L4
  90:.\Generated_Source\PSoC4/CapSense_1_INT.c ****         {
  91:.\Generated_Source\PSoC4/CapSense_1_INT.c ****             CapSense_1_PreScan((uint32)CapSense_1_sensorIndex);
  73              		.loc 1 91 0
  74 003a 2878     		ldrb	r0, [r5]
  75 003c C0B2     		uxtb	r0, r0
  76 003e FFF7FEFF 		bl	CapSense_1_PreScan
  77              	.LVL3:
  78 0042 0BE0     		b	.L3
ARM GAS  C:\Users\syhaines\AppData\Local\Temp\ccMvOXz0.s 			page 4


  79              	.L4:
  92:.\Generated_Source\PSoC4/CapSense_1_INT.c ****         }
  93:.\Generated_Source\PSoC4/CapSense_1_INT.c ****         else
  94:.\Generated_Source\PSoC4/CapSense_1_INT.c ****         {
  95:.\Generated_Source\PSoC4/CapSense_1_INT.c ****             CapSense_1_csdStatusVar &= (uint8)~CapSense_1_SW_STS_BUSY;
  80              		.loc 1 95 0
  81 0044 2378     		ldrb	r3, [r4]
  82 0046 B343     		bic	r3, r6
  83 0048 2370     		strb	r3, [r4]
  96:.\Generated_Source\PSoC4/CapSense_1_INT.c **** 
  97:.\Generated_Source\PSoC4/CapSense_1_INT.c ****              /* Check if widget has been scanned */
  98:.\Generated_Source\PSoC4/CapSense_1_INT.c ****             if((CapSense_1_csdStatusVar & CapSense_1_SW_CTRL_WIDGET_SCAN) != 0u)
  84              		.loc 1 98 0
  85 004a 2378     		ldrb	r3, [r4]
  86 004c 5B06     		lsl	r3, r3, #25
  87 004e 05D5     		bpl	.L3
  99:.\Generated_Source\PSoC4/CapSense_1_INT.c ****             {
 100:.\Generated_Source\PSoC4/CapSense_1_INT.c ****                 /* Restore sensorEnableMask array */
 101:.\Generated_Source\PSoC4/CapSense_1_INT.c ****                 for(CapSense_1_snsIndexTmp = 0u;
 102:.\Generated_Source\PSoC4/CapSense_1_INT.c ****                     CapSense_1_snsIndexTmp < CapSense_1_TOTAL_SENSOR_MASK;
 103:.\Generated_Source\PSoC4/CapSense_1_INT.c ****                     CapSense_1_snsIndexTmp++)
 104:.\Generated_Source\PSoC4/CapSense_1_INT.c ****                 {
 105:.\Generated_Source\PSoC4/CapSense_1_INT.c ****                     /* Backup sensorEnableMask array */
 106:.\Generated_Source\PSoC4/CapSense_1_INT.c ****                     CapSense_1_sensorEnableMask[CapSense_1_snsIndexTmp] = CapSense_1_sensorEnableMa
  88              		.loc 1 106 0
  89 0050 074B     		ldr	r3, .L8+12
  90 0052 1A78     		ldrb	r2, [r3]
  91 0054 074B     		ldr	r3, .L8+16
  92 0056 1E70     		strb	r6, [r3]
  93 0058 074B     		ldr	r3, .L8+20
  94 005a 1A70     		strb	r2, [r3]
  95              	.L3:
 107:.\Generated_Source\PSoC4/CapSense_1_INT.c ****                 }
 108:.\Generated_Source\PSoC4/CapSense_1_INT.c ****             }
 109:.\Generated_Source\PSoC4/CapSense_1_INT.c ****         }
 110:.\Generated_Source\PSoC4/CapSense_1_INT.c ****     }
 111:.\Generated_Source\PSoC4/CapSense_1_INT.c ****     CyIntEnable(CapSense_1_ISR_NUMBER);
  96              		.loc 1 111 0
  97 005c 0F20     		mov	r0, #15
  98 005e FFF7FEFF 		bl	CyIntEnable
  99              	.LVL4:
 112:.\Generated_Source\PSoC4/CapSense_1_INT.c **** 
 113:.\Generated_Source\PSoC4/CapSense_1_INT.c ****     /*  Place your Interrupt code here. */
 114:.\Generated_Source\PSoC4/CapSense_1_INT.c ****     /* `#START CapSense_1_ISR_EXIT` */
 115:.\Generated_Source\PSoC4/CapSense_1_INT.c **** 
 116:.\Generated_Source\PSoC4/CapSense_1_INT.c ****     /* `#END` */
 117:.\Generated_Source\PSoC4/CapSense_1_INT.c **** 
 118:.\Generated_Source\PSoC4/CapSense_1_INT.c ****     #ifdef CapSense_1_ISR_EXIT_CALLBACK
 119:.\Generated_Source\PSoC4/CapSense_1_INT.c ****         CapSense_1_ISR_ExitCallback();
 120:.\Generated_Source\PSoC4/CapSense_1_INT.c ****     #endif /* CapSense_1_ISR_EXIT_CALLBACK */
 121:.\Generated_Source\PSoC4/CapSense_1_INT.c **** }
 100              		.loc 1 121 0
 101              		@ sp needed
 102 0062 70BD     		pop	{r4, r5, r6, pc}
 103              	.L9:
 104              		.align	2
 105              	.L8:
ARM GAS  C:\Users\syhaines\AppData\Local\Temp\ccMvOXz0.s 			page 5


 106 0064 14000840 		.word	1074266132
 107 0068 00000000 		.word	CapSense_1_sensorIndex
 108 006c 00000000 		.word	CapSense_1_csdStatusVar
 109 0070 00000000 		.word	CapSense_1_sensorEnableMaskBackup
 110 0074 00000000 		.word	.LANCHOR0
 111 0078 00000000 		.word	CapSense_1_sensorEnableMask
 112              		.cfi_endproc
 113              	.LFE33:
 114              		.size	CapSense_1_ISR, .-CapSense_1_ISR
 115              		.bss
 116              		.set	.LANCHOR0,. + 0
 117              		.type	CapSense_1_snsIndexTmp.5187, %object
 118              		.size	CapSense_1_snsIndexTmp.5187, 1
 119              	CapSense_1_snsIndexTmp.5187:
 120 0000 00       		.space	1
 121              		.text
 122              	.Letext0:
 123              		.file 2 ".\\Generated_Source\\PSoC4\\cytypes.h"
 124              		.file 3 ".\\Generated_Source\\PSoC4\\CapSense_1.h"
 125              		.file 4 ".\\Generated_Source\\PSoC4\\CyLib.h"
 126              		.file 5 ".\\Generated_Source\\PSoC4\\CapSense_1_PVT.h"
 127              		.section	.debug_info,"",%progbits
 128              	.Ldebug_info0:
 129 0000 A9010000 		.4byte	0x1a9
 130 0004 0400     		.2byte	0x4
 131 0006 00000000 		.4byte	.Ldebug_abbrev0
 132 000a 04       		.byte	0x4
 133 000b 01       		.uleb128 0x1
 134 000c 06000000 		.4byte	.LASF23
 135 0010 01       		.byte	0x1
 136 0011 6E010000 		.4byte	.LASF24
 137 0015 BB000000 		.4byte	.LASF25
 138 0019 00000000 		.4byte	.Ldebug_ranges0+0
 139 001d 00000000 		.4byte	0
 140 0021 00000000 		.4byte	.Ldebug_line0
 141 0025 02       		.uleb128 0x2
 142 0026 01       		.byte	0x1
 143 0027 06       		.byte	0x6
 144 0028 84020000 		.4byte	.LASF0
 145 002c 02       		.uleb128 0x2
 146 002d 01       		.byte	0x1
 147 002e 08       		.byte	0x8
 148 002f 1D010000 		.4byte	.LASF1
 149 0033 02       		.uleb128 0x2
 150 0034 02       		.byte	0x2
 151 0035 05       		.byte	0x5
 152 0036 54020000 		.4byte	.LASF2
 153 003a 02       		.uleb128 0x2
 154 003b 02       		.byte	0x2
 155 003c 07       		.byte	0x7
 156 003d A8000000 		.4byte	.LASF3
 157 0041 02       		.uleb128 0x2
 158 0042 04       		.byte	0x4
 159 0043 05       		.byte	0x5
 160 0044 75020000 		.4byte	.LASF4
 161 0048 02       		.uleb128 0x2
 162 0049 04       		.byte	0x4
ARM GAS  C:\Users\syhaines\AppData\Local\Temp\ccMvOXz0.s 			page 6


 163 004a 07       		.byte	0x7
 164 004b 2B010000 		.4byte	.LASF5
 165 004f 02       		.uleb128 0x2
 166 0050 08       		.byte	0x8
 167 0051 05       		.byte	0x5
 168 0052 FB010000 		.4byte	.LASF6
 169 0056 02       		.uleb128 0x2
 170 0057 08       		.byte	0x8
 171 0058 07       		.byte	0x7
 172 0059 AC010000 		.4byte	.LASF7
 173 005d 03       		.uleb128 0x3
 174 005e 04       		.byte	0x4
 175 005f 05       		.byte	0x5
 176 0060 696E7400 		.ascii	"int\000"
 177 0064 02       		.uleb128 0x2
 178 0065 04       		.byte	0x4
 179 0066 07       		.byte	0x7
 180 0067 9F010000 		.4byte	.LASF8
 181 006b 04       		.uleb128 0x4
 182 006c 3D010000 		.4byte	.LASF9
 183 0070 02       		.byte	0x2
 184 0071 A1       		.byte	0xa1
 185 0072 2C000000 		.4byte	0x2c
 186 0076 04       		.uleb128 0x4
 187 0077 98010000 		.4byte	.LASF10
 188 007b 02       		.byte	0x2
 189 007c A3       		.byte	0xa3
 190 007d 48000000 		.4byte	0x48
 191 0081 02       		.uleb128 0x2
 192 0082 04       		.byte	0x4
 193 0083 04       		.byte	0x4
 194 0084 7E020000 		.4byte	.LASF11
 195 0088 02       		.uleb128 0x2
 196 0089 08       		.byte	0x8
 197 008a 04       		.byte	0x4
 198 008b 5B010000 		.4byte	.LASF12
 199 008f 02       		.uleb128 0x2
 200 0090 01       		.byte	0x1
 201 0091 08       		.byte	0x8
 202 0092 09020000 		.4byte	.LASF13
 203 0096 05       		.uleb128 0x5
 204 0097 6B000000 		.4byte	0x6b
 205 009b 06       		.uleb128 0x6
 206 009c 00000000 		.4byte	.LASF14
 207 00a0 02       		.byte	0x2
 208 00a1 4D01     		.2byte	0x14d
 209 00a3 A7000000 		.4byte	0xa7
 210 00a7 05       		.uleb128 0x5
 211 00a8 76000000 		.4byte	0x76
 212 00ac 02       		.uleb128 0x2
 213 00ad 04       		.byte	0x4
 214 00ae 07       		.byte	0x7
 215 00af F2010000 		.4byte	.LASF15
 216 00b3 07       		.uleb128 0x7
 217 00b4 0E010000 		.4byte	.LASF26
 218 00b8 01       		.byte	0x1
 219 00b9 3C       		.byte	0x3c
ARM GAS  C:\Users\syhaines\AppData\Local\Temp\ccMvOXz0.s 			page 7


 220 00ba 00000000 		.4byte	.LFB33
 221 00be 7C000000 		.4byte	.LFE33-.LFB33
 222 00c2 01       		.uleb128 0x1
 223 00c3 9C       		.byte	0x9c
 224 00c4 17010000 		.4byte	0x117
 225 00c8 08       		.uleb128 0x8
 226 00c9 3D020000 		.4byte	.LASF27
 227 00cd 01       		.byte	0x1
 228 00ce 3E       		.byte	0x3e
 229 00cf 6B000000 		.4byte	0x6b
 230 00d3 05       		.uleb128 0x5
 231 00d4 03       		.byte	0x3
 232 00d5 00000000 		.4byte	CapSense_1_snsIndexTmp.5187
 233 00d9 09       		.uleb128 0x9
 234 00da 0A000000 		.4byte	.LVL0
 235 00de 57010000 		.4byte	0x157
 236 00e2 EC000000 		.4byte	0xec
 237 00e6 0A       		.uleb128 0xa
 238 00e7 01       		.uleb128 0x1
 239 00e8 50       		.byte	0x50
 240 00e9 01       		.uleb128 0x1
 241 00ea 3F       		.byte	0x3f
 242 00eb 00       		.byte	0
 243 00ec 0B       		.uleb128 0xb
 244 00ed 18000000 		.4byte	.LVL1
 245 00f1 68010000 		.4byte	0x168
 246 00f5 0B       		.uleb128 0xb
 247 00f6 32000000 		.4byte	.LVL2
 248 00fa 79010000 		.4byte	0x179
 249 00fe 0B       		.uleb128 0xb
 250 00ff 42000000 		.4byte	.LVL3
 251 0103 8E010000 		.4byte	0x18e
 252 0107 0C       		.uleb128 0xc
 253 0108 62000000 		.4byte	.LVL4
 254 010c 9F010000 		.4byte	0x19f
 255 0110 0A       		.uleb128 0xa
 256 0111 01       		.uleb128 0x1
 257 0112 50       		.byte	0x50
 258 0113 01       		.uleb128 0x1
 259 0114 3F       		.byte	0x3f
 260 0115 00       		.byte	0
 261 0116 00       		.byte	0
 262 0117 0D       		.uleb128 0xd
 263 0118 43010000 		.4byte	.LASF16
 264 011c 03       		.byte	0x3
 265 011d C302     		.2byte	0x2c3
 266 011f 96000000 		.4byte	0x96
 267 0123 0D       		.uleb128 0xd
 268 0124 5E020000 		.4byte	.LASF17
 269 0128 03       		.byte	0x3
 270 0129 C402     		.2byte	0x2c4
 271 012b 96000000 		.4byte	0x96
 272 012f 0E       		.uleb128 0xe
 273 0130 6B000000 		.4byte	0x6b
 274 0134 3F010000 		.4byte	0x13f
 275 0138 0F       		.uleb128 0xf
 276 0139 AC000000 		.4byte	0xac
ARM GAS  C:\Users\syhaines\AppData\Local\Temp\ccMvOXz0.s 			page 8


 277 013d 00       		.byte	0
 278 013e 00       		.byte	0
 279 013f 0D       		.uleb128 0xd
 280 0140 0E020000 		.4byte	.LASF18
 281 0144 03       		.byte	0x3
 282 0145 C702     		.2byte	0x2c7
 283 0147 2F010000 		.4byte	0x12f
 284 014b 0D       		.uleb128 0xd
 285 014c C3010000 		.4byte	.LASF19
 286 0150 03       		.byte	0x3
 287 0151 C802     		.2byte	0x2c8
 288 0153 2F010000 		.4byte	0x12f
 289 0157 10       		.uleb128 0x10
 290 0158 30020000 		.4byte	.LASF20
 291 015c 04       		.byte	0x4
 292 015d 72       		.byte	0x72
 293 015e 68010000 		.4byte	0x168
 294 0162 11       		.uleb128 0x11
 295 0163 6B000000 		.4byte	0x6b
 296 0167 00       		.byte	0
 297 0168 10       		.uleb128 0x10
 298 0169 94000000 		.4byte	.LASF21
 299 016d 05       		.byte	0x5
 300 016e 5B       		.byte	0x5b
 301 016f 79010000 		.4byte	0x179
 302 0173 11       		.uleb128 0x11
 303 0174 76000000 		.4byte	0x76
 304 0178 00       		.byte	0
 305 0179 12       		.uleb128 0x12
 306 017a F4000000 		.4byte	.LASF28
 307 017e 05       		.byte	0x5
 308 017f 6E       		.byte	0x6e
 309 0180 6B000000 		.4byte	0x6b
 310 0184 8E010000 		.4byte	0x18e
 311 0188 11       		.uleb128 0x11
 312 0189 6B000000 		.4byte	0x6b
 313 018d 00       		.byte	0
 314 018e 10       		.uleb128 0x10
 315 018f DF010000 		.4byte	.LASF22
 316 0193 05       		.byte	0x5
 317 0194 5A       		.byte	0x5a
 318 0195 9F010000 		.4byte	0x19f
 319 0199 11       		.uleb128 0x11
 320 019a 76000000 		.4byte	0x76
 321 019e 00       		.byte	0
 322 019f 13       		.uleb128 0x13
 323 01a0 62010000 		.4byte	.LASF29
 324 01a4 04       		.byte	0x4
 325 01a5 70       		.byte	0x70
 326 01a6 11       		.uleb128 0x11
 327 01a7 6B000000 		.4byte	0x6b
 328 01ab 00       		.byte	0
 329 01ac 00       		.byte	0
 330              		.section	.debug_abbrev,"",%progbits
 331              	.Ldebug_abbrev0:
 332 0000 01       		.uleb128 0x1
 333 0001 11       		.uleb128 0x11
ARM GAS  C:\Users\syhaines\AppData\Local\Temp\ccMvOXz0.s 			page 9


 334 0002 01       		.byte	0x1
 335 0003 25       		.uleb128 0x25
 336 0004 0E       		.uleb128 0xe
 337 0005 13       		.uleb128 0x13
 338 0006 0B       		.uleb128 0xb
 339 0007 03       		.uleb128 0x3
 340 0008 0E       		.uleb128 0xe
 341 0009 1B       		.uleb128 0x1b
 342 000a 0E       		.uleb128 0xe
 343 000b 55       		.uleb128 0x55
 344 000c 17       		.uleb128 0x17
 345 000d 11       		.uleb128 0x11
 346 000e 01       		.uleb128 0x1
 347 000f 10       		.uleb128 0x10
 348 0010 17       		.uleb128 0x17
 349 0011 00       		.byte	0
 350 0012 00       		.byte	0
 351 0013 02       		.uleb128 0x2
 352 0014 24       		.uleb128 0x24
 353 0015 00       		.byte	0
 354 0016 0B       		.uleb128 0xb
 355 0017 0B       		.uleb128 0xb
 356 0018 3E       		.uleb128 0x3e
 357 0019 0B       		.uleb128 0xb
 358 001a 03       		.uleb128 0x3
 359 001b 0E       		.uleb128 0xe
 360 001c 00       		.byte	0
 361 001d 00       		.byte	0
 362 001e 03       		.uleb128 0x3
 363 001f 24       		.uleb128 0x24
 364 0020 00       		.byte	0
 365 0021 0B       		.uleb128 0xb
 366 0022 0B       		.uleb128 0xb
 367 0023 3E       		.uleb128 0x3e
 368 0024 0B       		.uleb128 0xb
 369 0025 03       		.uleb128 0x3
 370 0026 08       		.uleb128 0x8
 371 0027 00       		.byte	0
 372 0028 00       		.byte	0
 373 0029 04       		.uleb128 0x4
 374 002a 16       		.uleb128 0x16
 375 002b 00       		.byte	0
 376 002c 03       		.uleb128 0x3
 377 002d 0E       		.uleb128 0xe
 378 002e 3A       		.uleb128 0x3a
 379 002f 0B       		.uleb128 0xb
 380 0030 3B       		.uleb128 0x3b
 381 0031 0B       		.uleb128 0xb
 382 0032 49       		.uleb128 0x49
 383 0033 13       		.uleb128 0x13
 384 0034 00       		.byte	0
 385 0035 00       		.byte	0
 386 0036 05       		.uleb128 0x5
 387 0037 35       		.uleb128 0x35
 388 0038 00       		.byte	0
 389 0039 49       		.uleb128 0x49
 390 003a 13       		.uleb128 0x13
ARM GAS  C:\Users\syhaines\AppData\Local\Temp\ccMvOXz0.s 			page 10


 391 003b 00       		.byte	0
 392 003c 00       		.byte	0
 393 003d 06       		.uleb128 0x6
 394 003e 16       		.uleb128 0x16
 395 003f 00       		.byte	0
 396 0040 03       		.uleb128 0x3
 397 0041 0E       		.uleb128 0xe
 398 0042 3A       		.uleb128 0x3a
 399 0043 0B       		.uleb128 0xb
 400 0044 3B       		.uleb128 0x3b
 401 0045 05       		.uleb128 0x5
 402 0046 49       		.uleb128 0x49
 403 0047 13       		.uleb128 0x13
 404 0048 00       		.byte	0
 405 0049 00       		.byte	0
 406 004a 07       		.uleb128 0x7
 407 004b 2E       		.uleb128 0x2e
 408 004c 01       		.byte	0x1
 409 004d 3F       		.uleb128 0x3f
 410 004e 19       		.uleb128 0x19
 411 004f 03       		.uleb128 0x3
 412 0050 0E       		.uleb128 0xe
 413 0051 3A       		.uleb128 0x3a
 414 0052 0B       		.uleb128 0xb
 415 0053 3B       		.uleb128 0x3b
 416 0054 0B       		.uleb128 0xb
 417 0055 27       		.uleb128 0x27
 418 0056 19       		.uleb128 0x19
 419 0057 11       		.uleb128 0x11
 420 0058 01       		.uleb128 0x1
 421 0059 12       		.uleb128 0x12
 422 005a 06       		.uleb128 0x6
 423 005b 40       		.uleb128 0x40
 424 005c 18       		.uleb128 0x18
 425 005d 9742     		.uleb128 0x2117
 426 005f 19       		.uleb128 0x19
 427 0060 01       		.uleb128 0x1
 428 0061 13       		.uleb128 0x13
 429 0062 00       		.byte	0
 430 0063 00       		.byte	0
 431 0064 08       		.uleb128 0x8
 432 0065 34       		.uleb128 0x34
 433 0066 00       		.byte	0
 434 0067 03       		.uleb128 0x3
 435 0068 0E       		.uleb128 0xe
 436 0069 3A       		.uleb128 0x3a
 437 006a 0B       		.uleb128 0xb
 438 006b 3B       		.uleb128 0x3b
 439 006c 0B       		.uleb128 0xb
 440 006d 49       		.uleb128 0x49
 441 006e 13       		.uleb128 0x13
 442 006f 02       		.uleb128 0x2
 443 0070 18       		.uleb128 0x18
 444 0071 00       		.byte	0
 445 0072 00       		.byte	0
 446 0073 09       		.uleb128 0x9
 447 0074 898201   		.uleb128 0x4109
ARM GAS  C:\Users\syhaines\AppData\Local\Temp\ccMvOXz0.s 			page 11


 448 0077 01       		.byte	0x1
 449 0078 11       		.uleb128 0x11
 450 0079 01       		.uleb128 0x1
 451 007a 31       		.uleb128 0x31
 452 007b 13       		.uleb128 0x13
 453 007c 01       		.uleb128 0x1
 454 007d 13       		.uleb128 0x13
 455 007e 00       		.byte	0
 456 007f 00       		.byte	0
 457 0080 0A       		.uleb128 0xa
 458 0081 8A8201   		.uleb128 0x410a
 459 0084 00       		.byte	0
 460 0085 02       		.uleb128 0x2
 461 0086 18       		.uleb128 0x18
 462 0087 9142     		.uleb128 0x2111
 463 0089 18       		.uleb128 0x18
 464 008a 00       		.byte	0
 465 008b 00       		.byte	0
 466 008c 0B       		.uleb128 0xb
 467 008d 898201   		.uleb128 0x4109
 468 0090 00       		.byte	0
 469 0091 11       		.uleb128 0x11
 470 0092 01       		.uleb128 0x1
 471 0093 31       		.uleb128 0x31
 472 0094 13       		.uleb128 0x13
 473 0095 00       		.byte	0
 474 0096 00       		.byte	0
 475 0097 0C       		.uleb128 0xc
 476 0098 898201   		.uleb128 0x4109
 477 009b 01       		.byte	0x1
 478 009c 11       		.uleb128 0x11
 479 009d 01       		.uleb128 0x1
 480 009e 31       		.uleb128 0x31
 481 009f 13       		.uleb128 0x13
 482 00a0 00       		.byte	0
 483 00a1 00       		.byte	0
 484 00a2 0D       		.uleb128 0xd
 485 00a3 34       		.uleb128 0x34
 486 00a4 00       		.byte	0
 487 00a5 03       		.uleb128 0x3
 488 00a6 0E       		.uleb128 0xe
 489 00a7 3A       		.uleb128 0x3a
 490 00a8 0B       		.uleb128 0xb
 491 00a9 3B       		.uleb128 0x3b
 492 00aa 05       		.uleb128 0x5
 493 00ab 49       		.uleb128 0x49
 494 00ac 13       		.uleb128 0x13
 495 00ad 3F       		.uleb128 0x3f
 496 00ae 19       		.uleb128 0x19
 497 00af 3C       		.uleb128 0x3c
 498 00b0 19       		.uleb128 0x19
 499 00b1 00       		.byte	0
 500 00b2 00       		.byte	0
 501 00b3 0E       		.uleb128 0xe
 502 00b4 01       		.uleb128 0x1
 503 00b5 01       		.byte	0x1
 504 00b6 49       		.uleb128 0x49
ARM GAS  C:\Users\syhaines\AppData\Local\Temp\ccMvOXz0.s 			page 12


 505 00b7 13       		.uleb128 0x13
 506 00b8 01       		.uleb128 0x1
 507 00b9 13       		.uleb128 0x13
 508 00ba 00       		.byte	0
 509 00bb 00       		.byte	0
 510 00bc 0F       		.uleb128 0xf
 511 00bd 21       		.uleb128 0x21
 512 00be 00       		.byte	0
 513 00bf 49       		.uleb128 0x49
 514 00c0 13       		.uleb128 0x13
 515 00c1 2F       		.uleb128 0x2f
 516 00c2 0B       		.uleb128 0xb
 517 00c3 00       		.byte	0
 518 00c4 00       		.byte	0
 519 00c5 10       		.uleb128 0x10
 520 00c6 2E       		.uleb128 0x2e
 521 00c7 01       		.byte	0x1
 522 00c8 3F       		.uleb128 0x3f
 523 00c9 19       		.uleb128 0x19
 524 00ca 03       		.uleb128 0x3
 525 00cb 0E       		.uleb128 0xe
 526 00cc 3A       		.uleb128 0x3a
 527 00cd 0B       		.uleb128 0xb
 528 00ce 3B       		.uleb128 0x3b
 529 00cf 0B       		.uleb128 0xb
 530 00d0 27       		.uleb128 0x27
 531 00d1 19       		.uleb128 0x19
 532 00d2 3C       		.uleb128 0x3c
 533 00d3 19       		.uleb128 0x19
 534 00d4 01       		.uleb128 0x1
 535 00d5 13       		.uleb128 0x13
 536 00d6 00       		.byte	0
 537 00d7 00       		.byte	0
 538 00d8 11       		.uleb128 0x11
 539 00d9 05       		.uleb128 0x5
 540 00da 00       		.byte	0
 541 00db 49       		.uleb128 0x49
 542 00dc 13       		.uleb128 0x13
 543 00dd 00       		.byte	0
 544 00de 00       		.byte	0
 545 00df 12       		.uleb128 0x12
 546 00e0 2E       		.uleb128 0x2e
 547 00e1 01       		.byte	0x1
 548 00e2 3F       		.uleb128 0x3f
 549 00e3 19       		.uleb128 0x19
 550 00e4 03       		.uleb128 0x3
 551 00e5 0E       		.uleb128 0xe
 552 00e6 3A       		.uleb128 0x3a
 553 00e7 0B       		.uleb128 0xb
 554 00e8 3B       		.uleb128 0x3b
 555 00e9 0B       		.uleb128 0xb
 556 00ea 27       		.uleb128 0x27
 557 00eb 19       		.uleb128 0x19
 558 00ec 49       		.uleb128 0x49
 559 00ed 13       		.uleb128 0x13
 560 00ee 3C       		.uleb128 0x3c
 561 00ef 19       		.uleb128 0x19
ARM GAS  C:\Users\syhaines\AppData\Local\Temp\ccMvOXz0.s 			page 13


 562 00f0 01       		.uleb128 0x1
 563 00f1 13       		.uleb128 0x13
 564 00f2 00       		.byte	0
 565 00f3 00       		.byte	0
 566 00f4 13       		.uleb128 0x13
 567 00f5 2E       		.uleb128 0x2e
 568 00f6 01       		.byte	0x1
 569 00f7 3F       		.uleb128 0x3f
 570 00f8 19       		.uleb128 0x19
 571 00f9 03       		.uleb128 0x3
 572 00fa 0E       		.uleb128 0xe
 573 00fb 3A       		.uleb128 0x3a
 574 00fc 0B       		.uleb128 0xb
 575 00fd 3B       		.uleb128 0x3b
 576 00fe 0B       		.uleb128 0xb
 577 00ff 27       		.uleb128 0x27
 578 0100 19       		.uleb128 0x19
 579 0101 3C       		.uleb128 0x3c
 580 0102 19       		.uleb128 0x19
 581 0103 00       		.byte	0
 582 0104 00       		.byte	0
 583 0105 00       		.byte	0
 584              		.section	.debug_aranges,"",%progbits
 585 0000 1C000000 		.4byte	0x1c
 586 0004 0200     		.2byte	0x2
 587 0006 00000000 		.4byte	.Ldebug_info0
 588 000a 04       		.byte	0x4
 589 000b 00       		.byte	0
 590 000c 0000     		.2byte	0
 591 000e 0000     		.2byte	0
 592 0010 00000000 		.4byte	.LFB33
 593 0014 7C000000 		.4byte	.LFE33-.LFB33
 594 0018 00000000 		.4byte	0
 595 001c 00000000 		.4byte	0
 596              		.section	.debug_ranges,"",%progbits
 597              	.Ldebug_ranges0:
 598 0000 00000000 		.4byte	.LFB33
 599 0004 7C000000 		.4byte	.LFE33
 600 0008 00000000 		.4byte	0
 601 000c 00000000 		.4byte	0
 602              		.section	.debug_line,"",%progbits
 603              	.Ldebug_line0:
 604 0000 A5000000 		.section	.debug_str,"MS",%progbits,1
 604      02007C00 
 604      00000201 
 604      FB0E0D00 
 604      01010101 
 605              	.LASF14:
 606 0000 72656733 		.ascii	"reg32\000"
 606      3200
 607              	.LASF23:
 608 0006 474E5520 		.ascii	"GNU C 4.9.3 20150303 (release) [ARM/embedded-4_9-br"
 608      4320342E 
 608      392E3320 
 608      32303135 
 608      30333033 
 609 0039 616E6368 		.ascii	"anch revision 221220] -mcpu=cortex-m0 -mthumb -g -O"
ARM GAS  C:\Users\syhaines\AppData\Local\Temp\ccMvOXz0.s 			page 14


 609      20726576 
 609      6973696F 
 609      6E203232 
 609      31323230 
 610 006c 73202D66 		.ascii	"s -ffunction-sections -ffat-lto-objects\000"
 610      66756E63 
 610      74696F6E 
 610      2D736563 
 610      74696F6E 
 611              	.LASF21:
 612 0094 43617053 		.ascii	"CapSense_1_PostScan\000"
 612      656E7365 
 612      5F315F50 
 612      6F737453 
 612      63616E00 
 613              	.LASF3:
 614 00a8 73686F72 		.ascii	"short unsigned int\000"
 614      7420756E 
 614      7369676E 
 614      65642069 
 614      6E7400
 615              	.LASF25:
 616 00bb 433A5C4C 		.ascii	"C:\\Legrand\\Dimmers\\A4W sofTap and Touch\\A4W_Sof"
 616      65677261 
 616      6E645C44 
 616      696D6D65 
 616      72735C41 
 617 00ea 7461702E 		.ascii	"tap.cydsn\000"
 617      63796473 
 617      6E00
 618              	.LASF28:
 619 00f4 43617053 		.ascii	"CapSense_1_FindNextSensor\000"
 619      656E7365 
 619      5F315F46 
 619      696E644E 
 619      65787453 
 620              	.LASF26:
 621 010e 43617053 		.ascii	"CapSense_1_ISR\000"
 621      656E7365 
 621      5F315F49 
 621      535200
 622              	.LASF1:
 623 011d 756E7369 		.ascii	"unsigned char\000"
 623      676E6564 
 623      20636861 
 623      7200
 624              	.LASF5:
 625 012b 6C6F6E67 		.ascii	"long unsigned int\000"
 625      20756E73 
 625      69676E65 
 625      6420696E 
 625      7400
 626              	.LASF9:
 627 013d 75696E74 		.ascii	"uint8\000"
 627      3800
 628              	.LASF16:
 629 0143 43617053 		.ascii	"CapSense_1_csdStatusVar\000"
ARM GAS  C:\Users\syhaines\AppData\Local\Temp\ccMvOXz0.s 			page 15


 629      656E7365 
 629      5F315F63 
 629      73645374 
 629      61747573 
 630              	.LASF12:
 631 015b 646F7562 		.ascii	"double\000"
 631      6C6500
 632              	.LASF29:
 633 0162 4379496E 		.ascii	"CyIntEnable\000"
 633      74456E61 
 633      626C6500 
 634              	.LASF24:
 635 016e 2E5C4765 		.ascii	".\\Generated_Source\\PSoC4\\CapSense_1_INT.c\000"
 635      6E657261 
 635      7465645F 
 635      536F7572 
 635      63655C50 
 636              	.LASF10:
 637 0198 75696E74 		.ascii	"uint32\000"
 637      333200
 638              	.LASF8:
 639 019f 756E7369 		.ascii	"unsigned int\000"
 639      676E6564 
 639      20696E74 
 639      00
 640              	.LASF7:
 641 01ac 6C6F6E67 		.ascii	"long long unsigned int\000"
 641      206C6F6E 
 641      6720756E 
 641      7369676E 
 641      65642069 
 642              	.LASF19:
 643 01c3 43617053 		.ascii	"CapSense_1_sensorEnableMask\000"
 643      656E7365 
 643      5F315F73 
 643      656E736F 
 643      72456E61 
 644              	.LASF22:
 645 01df 43617053 		.ascii	"CapSense_1_PreScan\000"
 645      656E7365 
 645      5F315F50 
 645      72655363 
 645      616E00
 646              	.LASF15:
 647 01f2 73697A65 		.ascii	"sizetype\000"
 647      74797065 
 647      00
 648              	.LASF6:
 649 01fb 6C6F6E67 		.ascii	"long long int\000"
 649      206C6F6E 
 649      6720696E 
 649      7400
 650              	.LASF13:
 651 0209 63686172 		.ascii	"char\000"
 651      00
 652              	.LASF18:
 653 020e 43617053 		.ascii	"CapSense_1_sensorEnableMaskBackup\000"
ARM GAS  C:\Users\syhaines\AppData\Local\Temp\ccMvOXz0.s 			page 16


 653      656E7365 
 653      5F315F73 
 653      656E736F 
 653      72456E61 
 654              	.LASF20:
 655 0230 4379496E 		.ascii	"CyIntDisable\000"
 655      74446973 
 655      61626C65 
 655      00
 656              	.LASF27:
 657 023d 43617053 		.ascii	"CapSense_1_snsIndexTmp\000"
 657      656E7365 
 657      5F315F73 
 657      6E73496E 
 657      64657854 
 658              	.LASF2:
 659 0254 73686F72 		.ascii	"short int\000"
 659      7420696E 
 659      7400
 660              	.LASF17:
 661 025e 43617053 		.ascii	"CapSense_1_sensorIndex\000"
 661      656E7365 
 661      5F315F73 
 661      656E736F 
 661      72496E64 
 662              	.LASF4:
 663 0275 6C6F6E67 		.ascii	"long int\000"
 663      20696E74 
 663      00
 664              	.LASF11:
 665 027e 666C6F61 		.ascii	"float\000"
 665      7400
 666              	.LASF0:
 667 0284 7369676E 		.ascii	"signed char\000"
 667      65642063 
 667      68617200 
 668              		.ident	"GCC: (GNU Tools for ARM Embedded Processors) 4.9.3 20150303 (release) [ARM/embedded-4_9-br
