ARM GAS  C:\Users\syhaines\AppData\Local\Temp\cczZBHW1.s 			page 1


   1              		.cpu cortex-m0
   2              		.fpu softvfp
   3              		.eabi_attribute 20, 1
   4              		.eabi_attribute 21, 1
   5              		.eabi_attribute 23, 3
   6              		.eabi_attribute 24, 1
   7              		.eabi_attribute 25, 1
   8              		.eabi_attribute 26, 1
   9              		.eabi_attribute 30, 4
  10              		.eabi_attribute 34, 0
  11              		.eabi_attribute 18, 4
  12              		.code	16
  13              		.file	"CapSense_1_PM.c"
  14              		.text
  15              	.Ltext0:
  16              		.cfi_sections	.debug_frame
  17              		.section	.text.CapSense_1_SaveConfig,"ax",%progbits
  18              		.align	1
  19              		.global	CapSense_1_SaveConfig
  20              		.code	16
  21              		.thumb_func
  22              		.type	CapSense_1_SaveConfig, %function
  23              	CapSense_1_SaveConfig:
  24              	.LFB33:
  25              		.file 1 ".\\Generated_Source\\PSoC4\\CapSense_1_PM.c"
   1:.\Generated_Source\PSoC4/CapSense_1_PM.c **** /*******************************************************************************
   2:.\Generated_Source\PSoC4/CapSense_1_PM.c **** * File Name: CapSense_1_PM.c
   3:.\Generated_Source\PSoC4/CapSense_1_PM.c **** * Version 2.30
   4:.\Generated_Source\PSoC4/CapSense_1_PM.c **** *
   5:.\Generated_Source\PSoC4/CapSense_1_PM.c **** * Description:
   6:.\Generated_Source\PSoC4/CapSense_1_PM.c **** *  This file provides Sleep APIs for CapSense CSD Component.
   7:.\Generated_Source\PSoC4/CapSense_1_PM.c **** *
   8:.\Generated_Source\PSoC4/CapSense_1_PM.c **** * Note:
   9:.\Generated_Source\PSoC4/CapSense_1_PM.c **** *
  10:.\Generated_Source\PSoC4/CapSense_1_PM.c **** ********************************************************************************
  11:.\Generated_Source\PSoC4/CapSense_1_PM.c **** * Copyright 2013-2015, Cypress Semiconductor Corporation.  All rights reserved.
  12:.\Generated_Source\PSoC4/CapSense_1_PM.c **** * You may use this file only in accordance with the license, terms, conditions,
  13:.\Generated_Source\PSoC4/CapSense_1_PM.c **** * disclaimers, and limitations in the end user license agreement accompanying
  14:.\Generated_Source\PSoC4/CapSense_1_PM.c **** * the software package with which this file was provided.
  15:.\Generated_Source\PSoC4/CapSense_1_PM.c **** *******************************************************************************/
  16:.\Generated_Source\PSoC4/CapSense_1_PM.c **** 
  17:.\Generated_Source\PSoC4/CapSense_1_PM.c **** #include "CapSense_1.h"
  18:.\Generated_Source\PSoC4/CapSense_1_PM.c **** 
  19:.\Generated_Source\PSoC4/CapSense_1_PM.c **** static CapSense_1_BACKUP_STRUCT CapSense_1_backup =
  20:.\Generated_Source\PSoC4/CapSense_1_PM.c **** {
  21:.\Generated_Source\PSoC4/CapSense_1_PM.c ****     0x00u, /* enableState; */
  22:.\Generated_Source\PSoC4/CapSense_1_PM.c **** };
  23:.\Generated_Source\PSoC4/CapSense_1_PM.c **** 
  24:.\Generated_Source\PSoC4/CapSense_1_PM.c **** 
  25:.\Generated_Source\PSoC4/CapSense_1_PM.c **** /*******************************************************************************
  26:.\Generated_Source\PSoC4/CapSense_1_PM.c **** * Function Name: CapSense_1_SaveConfig
  27:.\Generated_Source\PSoC4/CapSense_1_PM.c **** ********************************************************************************
  28:.\Generated_Source\PSoC4/CapSense_1_PM.c **** *
  29:.\Generated_Source\PSoC4/CapSense_1_PM.c **** * Summary:
  30:.\Generated_Source\PSoC4/CapSense_1_PM.c **** *  Saves the customer configuration of CapSense.
  31:.\Generated_Source\PSoC4/CapSense_1_PM.c **** *
  32:.\Generated_Source\PSoC4/CapSense_1_PM.c **** * Parameters:
ARM GAS  C:\Users\syhaines\AppData\Local\Temp\cczZBHW1.s 			page 2


  33:.\Generated_Source\PSoC4/CapSense_1_PM.c **** *  None
  34:.\Generated_Source\PSoC4/CapSense_1_PM.c **** *
  35:.\Generated_Source\PSoC4/CapSense_1_PM.c **** * Return:
  36:.\Generated_Source\PSoC4/CapSense_1_PM.c **** *  None
  37:.\Generated_Source\PSoC4/CapSense_1_PM.c **** *
  38:.\Generated_Source\PSoC4/CapSense_1_PM.c **** * Global Variables:
  39:.\Generated_Source\PSoC4/CapSense_1_PM.c **** *  CapSense_1_backup - used to save the component state before entering the  sleep
  40:.\Generated_Source\PSoC4/CapSense_1_PM.c **** *  mode and none-retention registers.
  41:.\Generated_Source\PSoC4/CapSense_1_PM.c **** *
  42:.\Generated_Source\PSoC4/CapSense_1_PM.c **** * Side Effects:
  43:.\Generated_Source\PSoC4/CapSense_1_PM.c **** *  None
  44:.\Generated_Source\PSoC4/CapSense_1_PM.c **** *
  45:.\Generated_Source\PSoC4/CapSense_1_PM.c **** *******************************************************************************/
  46:.\Generated_Source\PSoC4/CapSense_1_PM.c **** void CapSense_1_SaveConfig(void)
  47:.\Generated_Source\PSoC4/CapSense_1_PM.c **** {
  26              		.loc 1 47 0
  27              		.cfi_startproc
  48:.\Generated_Source\PSoC4/CapSense_1_PM.c ****     if ((CapSense_1_CSD_CFG_REG & CapSense_1_CSD_CFG_ENABLE) != 0u)
  28              		.loc 1 48 0
  29 0000 034B     		ldr	r3, .L4
  30 0002 1B68     		ldr	r3, [r3]
  31 0004 002B     		cmp	r3, #0
  32 0006 02DA     		bge	.L1
  49:.\Generated_Source\PSoC4/CapSense_1_PM.c ****     {
  50:.\Generated_Source\PSoC4/CapSense_1_PM.c ****         CapSense_1_backup.enableState = 1u;
  33              		.loc 1 50 0
  34 0008 0122     		mov	r2, #1
  35 000a 024B     		ldr	r3, .L4+4
  36 000c 1A70     		strb	r2, [r3]
  37              	.L1:
  51:.\Generated_Source\PSoC4/CapSense_1_PM.c ****     }
  52:.\Generated_Source\PSoC4/CapSense_1_PM.c **** }
  38              		.loc 1 52 0
  39              		@ sp needed
  40 000e 7047     		bx	lr
  41              	.L5:
  42              		.align	2
  43              	.L4:
  44 0010 04000840 		.word	1074266116
  45 0014 00000000 		.word	.LANCHOR0
  46              		.cfi_endproc
  47              	.LFE33:
  48              		.size	CapSense_1_SaveConfig, .-CapSense_1_SaveConfig
  49              		.section	.text.CapSense_1_Sleep,"ax",%progbits
  50              		.align	1
  51              		.global	CapSense_1_Sleep
  52              		.code	16
  53              		.thumb_func
  54              		.type	CapSense_1_Sleep, %function
  55              	CapSense_1_Sleep:
  56              	.LFB34:
  53:.\Generated_Source\PSoC4/CapSense_1_PM.c **** 
  54:.\Generated_Source\PSoC4/CapSense_1_PM.c **** 
  55:.\Generated_Source\PSoC4/CapSense_1_PM.c **** /*******************************************************************************
  56:.\Generated_Source\PSoC4/CapSense_1_PM.c **** * Function Name: CapSense_1_Sleep
  57:.\Generated_Source\PSoC4/CapSense_1_PM.c **** ********************************************************************************
  58:.\Generated_Source\PSoC4/CapSense_1_PM.c **** *
ARM GAS  C:\Users\syhaines\AppData\Local\Temp\cczZBHW1.s 			page 3


  59:.\Generated_Source\PSoC4/CapSense_1_PM.c **** * Summary:
  60:.\Generated_Source\PSoC4/CapSense_1_PM.c **** *  Disables the Active mode power.
  61:.\Generated_Source\PSoC4/CapSense_1_PM.c **** *
  62:.\Generated_Source\PSoC4/CapSense_1_PM.c **** * Parameters:
  63:.\Generated_Source\PSoC4/CapSense_1_PM.c **** *  None
  64:.\Generated_Source\PSoC4/CapSense_1_PM.c **** *
  65:.\Generated_Source\PSoC4/CapSense_1_PM.c **** * Return:
  66:.\Generated_Source\PSoC4/CapSense_1_PM.c **** *  None
  67:.\Generated_Source\PSoC4/CapSense_1_PM.c **** *
  68:.\Generated_Source\PSoC4/CapSense_1_PM.c **** * Global Variables:
  69:.\Generated_Source\PSoC4/CapSense_1_PM.c **** *  CapSense_1_backup - used to save the component state before entering the sleep
  70:.\Generated_Source\PSoC4/CapSense_1_PM.c **** *  mode.
  71:.\Generated_Source\PSoC4/CapSense_1_PM.c **** *
  72:.\Generated_Source\PSoC4/CapSense_1_PM.c **** *******************************************************************************/
  73:.\Generated_Source\PSoC4/CapSense_1_PM.c **** void CapSense_1_Sleep(void)
  74:.\Generated_Source\PSoC4/CapSense_1_PM.c **** {
  57              		.loc 1 74 0
  58              		.cfi_startproc
  59 0000 08B5     		push	{r3, lr}
  60              		.cfi_def_cfa_offset 8
  61              		.cfi_offset 3, -8
  62              		.cfi_offset 14, -4
  75:.\Generated_Source\PSoC4/CapSense_1_PM.c ****     CapSense_1_SaveConfig();
  63              		.loc 1 75 0
  64 0002 FFF7FEFF 		bl	CapSense_1_SaveConfig
  65              	.LVL0:
  76:.\Generated_Source\PSoC4/CapSense_1_PM.c **** 
  77:.\Generated_Source\PSoC4/CapSense_1_PM.c ****     /* Disable interrupt */
  78:.\Generated_Source\PSoC4/CapSense_1_PM.c ****     CyIntDisable(CapSense_1_ISR_NUMBER);
  66              		.loc 1 78 0
  67 0006 0F20     		mov	r0, #15
  68 0008 FFF7FEFF 		bl	CyIntDisable
  69              	.LVL1:
  79:.\Generated_Source\PSoC4/CapSense_1_PM.c **** 
  80:.\Generated_Source\PSoC4/CapSense_1_PM.c ****     CapSense_1_CSD_CFG_REG &= ~(CapSense_1_CSD_CFG_SENSE_COMP_EN | CapSense_1_CSD_CFG_SENSE_EN);
  70              		.loc 1 80 0
  71 000c 064A     		ldr	r2, .L7
  72 000e 074B     		ldr	r3, .L7+4
  73 0010 1168     		ldr	r1, [r2]
  81:.\Generated_Source\PSoC4/CapSense_1_PM.c **** 
  82:.\Generated_Source\PSoC4/CapSense_1_PM.c ****     #if(CapSense_1_IDAC_CNT == 2u)
  83:.\Generated_Source\PSoC4/CapSense_1_PM.c ****         CapSense_1_CSD_CFG_REG &= ~(CapSense_1_CSD_CFG_ENABLE);
  84:.\Generated_Source\PSoC4/CapSense_1_PM.c ****     #endif /* (CapSense_1_IDAC_CNT == 2u) */
  85:.\Generated_Source\PSoC4/CapSense_1_PM.c **** 
  86:.\Generated_Source\PSoC4/CapSense_1_PM.c ****     /* Disable Clocks */
  87:.\Generated_Source\PSoC4/CapSense_1_PM.c ****     CapSense_1_SenseClk_Stop();
  88:.\Generated_Source\PSoC4/CapSense_1_PM.c ****     CapSense_1_SampleClk_Stop();
  89:.\Generated_Source\PSoC4/CapSense_1_PM.c **** }
  74              		.loc 1 89 0
  75              		@ sp needed
  80:.\Generated_Source\PSoC4/CapSense_1_PM.c **** 
  76              		.loc 1 80 0
  77 0012 0B40     		and	r3, r1
  78 0014 1360     		str	r3, [r2]
  83:.\Generated_Source\PSoC4/CapSense_1_PM.c ****     #endif /* (CapSense_1_IDAC_CNT == 2u) */
  79              		.loc 1 83 0
  80 0016 1368     		ldr	r3, [r2]
ARM GAS  C:\Users\syhaines\AppData\Local\Temp\cczZBHW1.s 			page 4


  81 0018 5B00     		lsl	r3, r3, #1
  82 001a 5B08     		lsr	r3, r3, #1
  83 001c 1360     		str	r3, [r2]
  87:.\Generated_Source\PSoC4/CapSense_1_PM.c ****     CapSense_1_SampleClk_Stop();
  84              		.loc 1 87 0
  85 001e FFF7FEFF 		bl	CapSense_1_SenseClk_Stop
  86              	.LVL2:
  88:.\Generated_Source\PSoC4/CapSense_1_PM.c **** }
  87              		.loc 1 88 0
  88 0022 FFF7FEFF 		bl	CapSense_1_SampleClk_Stop
  89              	.LVL3:
  90              		.loc 1 89 0
  91 0026 08BD     		pop	{r3, pc}
  92              	.L8:
  93              		.align	2
  94              	.L7:
  95 0028 04000840 		.word	1074266116
  96 002c FFEFF7FF 		.word	-528385
  97              		.cfi_endproc
  98              	.LFE34:
  99              		.size	CapSense_1_Sleep, .-CapSense_1_Sleep
 100              		.section	.text.CapSense_1_RestoreConfig,"ax",%progbits
 101              		.align	1
 102              		.global	CapSense_1_RestoreConfig
 103              		.code	16
 104              		.thumb_func
 105              		.type	CapSense_1_RestoreConfig, %function
 106              	CapSense_1_RestoreConfig:
 107              	.LFB35:
  90:.\Generated_Source\PSoC4/CapSense_1_PM.c **** 
  91:.\Generated_Source\PSoC4/CapSense_1_PM.c **** 
  92:.\Generated_Source\PSoC4/CapSense_1_PM.c **** /*******************************************************************************
  93:.\Generated_Source\PSoC4/CapSense_1_PM.c **** * Function Name: CapSense_1_RestoreConfig
  94:.\Generated_Source\PSoC4/CapSense_1_PM.c **** ********************************************************************************
  95:.\Generated_Source\PSoC4/CapSense_1_PM.c **** *
  96:.\Generated_Source\PSoC4/CapSense_1_PM.c **** * Summary:
  97:.\Generated_Source\PSoC4/CapSense_1_PM.c **** *  Restores the CapSense configuration.
  98:.\Generated_Source\PSoC4/CapSense_1_PM.c **** *
  99:.\Generated_Source\PSoC4/CapSense_1_PM.c **** * Parameters:
 100:.\Generated_Source\PSoC4/CapSense_1_PM.c **** *  None
 101:.\Generated_Source\PSoC4/CapSense_1_PM.c **** *
 102:.\Generated_Source\PSoC4/CapSense_1_PM.c **** * Return:
 103:.\Generated_Source\PSoC4/CapSense_1_PM.c **** *  None
 104:.\Generated_Source\PSoC4/CapSense_1_PM.c **** *
 105:.\Generated_Source\PSoC4/CapSense_1_PM.c **** * Side Effects:
 106:.\Generated_Source\PSoC4/CapSense_1_PM.c **** *  Must be called only after CapSense_1_SaveConfig() routine. Otherwise
 107:.\Generated_Source\PSoC4/CapSense_1_PM.c **** *  the component configuration will be overwritten with its initial setting.
 108:.\Generated_Source\PSoC4/CapSense_1_PM.c **** *
 109:.\Generated_Source\PSoC4/CapSense_1_PM.c **** * Global Variables:
 110:.\Generated_Source\PSoC4/CapSense_1_PM.c **** *  CapSense_1_backup - used to save the component state before entering the sleep
 111:.\Generated_Source\PSoC4/CapSense_1_PM.c **** *  mode and none-retention registers.
 112:.\Generated_Source\PSoC4/CapSense_1_PM.c **** *
 113:.\Generated_Source\PSoC4/CapSense_1_PM.c **** *******************************************************************************/
 114:.\Generated_Source\PSoC4/CapSense_1_PM.c **** void CapSense_1_RestoreConfig(void)
 115:.\Generated_Source\PSoC4/CapSense_1_PM.c **** {
 108              		.loc 1 115 0
 109              		.cfi_startproc
ARM GAS  C:\Users\syhaines\AppData\Local\Temp\cczZBHW1.s 			page 5


 116:.\Generated_Source\PSoC4/CapSense_1_PM.c **** 
 117:.\Generated_Source\PSoC4/CapSense_1_PM.c **** }
 110              		.loc 1 117 0
 111              		@ sp needed
 112 0000 7047     		bx	lr
 113              		.cfi_endproc
 114              	.LFE35:
 115              		.size	CapSense_1_RestoreConfig, .-CapSense_1_RestoreConfig
 116              		.section	.text.CapSense_1_Wakeup,"ax",%progbits
 117              		.align	1
 118              		.global	CapSense_1_Wakeup
 119              		.code	16
 120              		.thumb_func
 121              		.type	CapSense_1_Wakeup, %function
 122              	CapSense_1_Wakeup:
 123              	.LFB36:
 118:.\Generated_Source\PSoC4/CapSense_1_PM.c **** 
 119:.\Generated_Source\PSoC4/CapSense_1_PM.c **** 
 120:.\Generated_Source\PSoC4/CapSense_1_PM.c **** /*******************************************************************************
 121:.\Generated_Source\PSoC4/CapSense_1_PM.c **** * Function Name: CapSense_1_Wakeup
 122:.\Generated_Source\PSoC4/CapSense_1_PM.c **** ********************************************************************************
 123:.\Generated_Source\PSoC4/CapSense_1_PM.c **** *
 124:.\Generated_Source\PSoC4/CapSense_1_PM.c **** * Summary:
 125:.\Generated_Source\PSoC4/CapSense_1_PM.c **** *  Restores the CapSense configuration and non-retention register values.
 126:.\Generated_Source\PSoC4/CapSense_1_PM.c **** *  Restores the enabled state of the component by setting the Active mode power template
 127:.\Generated_Source\PSoC4/CapSense_1_PM.c **** *  bits for a number of components used within CapSense.
 128:.\Generated_Source\PSoC4/CapSense_1_PM.c **** *
 129:.\Generated_Source\PSoC4/CapSense_1_PM.c **** * Parameters:
 130:.\Generated_Source\PSoC4/CapSense_1_PM.c **** *  None
 131:.\Generated_Source\PSoC4/CapSense_1_PM.c **** *
 132:.\Generated_Source\PSoC4/CapSense_1_PM.c **** * Return:
 133:.\Generated_Source\PSoC4/CapSense_1_PM.c **** *  None
 134:.\Generated_Source\PSoC4/CapSense_1_PM.c **** *
 135:.\Generated_Source\PSoC4/CapSense_1_PM.c **** * Global Variables:
 136:.\Generated_Source\PSoC4/CapSense_1_PM.c **** *  CapSense_1_backup - used to save the component state before entering the sleep
 137:.\Generated_Source\PSoC4/CapSense_1_PM.c **** *  mode and none-retention registers.
 138:.\Generated_Source\PSoC4/CapSense_1_PM.c **** *
 139:.\Generated_Source\PSoC4/CapSense_1_PM.c **** *******************************************************************************/
 140:.\Generated_Source\PSoC4/CapSense_1_PM.c **** void CapSense_1_Wakeup(void)
 141:.\Generated_Source\PSoC4/CapSense_1_PM.c **** {
 124              		.loc 1 141 0
 125              		.cfi_startproc
 126 0000 08B5     		push	{r3, lr}
 127              		.cfi_def_cfa_offset 8
 128              		.cfi_offset 3, -8
 129              		.cfi_offset 14, -4
 142:.\Generated_Source\PSoC4/CapSense_1_PM.c ****     /* Enable the Clocks */
 143:.\Generated_Source\PSoC4/CapSense_1_PM.c ****     CapSense_1_SenseClk_Start();
 130              		.loc 1 143 0
 131 0002 FFF7FEFF 		bl	CapSense_1_SenseClk_Start
 132              	.LVL4:
 144:.\Generated_Source\PSoC4/CapSense_1_PM.c ****     CapSense_1_SampleClk_Start();
 133              		.loc 1 144 0
 134 0006 FFF7FEFF 		bl	CapSense_1_SampleClk_Start
 135              	.LVL5:
 145:.\Generated_Source\PSoC4/CapSense_1_PM.c **** 
 146:.\Generated_Source\PSoC4/CapSense_1_PM.c ****     /* Restore CapSense Enable state */
ARM GAS  C:\Users\syhaines\AppData\Local\Temp\cczZBHW1.s 			page 6


 147:.\Generated_Source\PSoC4/CapSense_1_PM.c ****     if (CapSense_1_backup.enableState != 0u)
 136              		.loc 1 147 0
 137 000a 034B     		ldr	r3, .L15
 138 000c 1B78     		ldrb	r3, [r3]
 139 000e 002B     		cmp	r3, #0
 140 0010 01D0     		beq	.L10
 148:.\Generated_Source\PSoC4/CapSense_1_PM.c ****     {
 149:.\Generated_Source\PSoC4/CapSense_1_PM.c ****         CapSense_1_Enable();
 141              		.loc 1 149 0
 142 0012 FFF7FEFF 		bl	CapSense_1_Enable
 143              	.LVL6:
 144              	.L10:
 150:.\Generated_Source\PSoC4/CapSense_1_PM.c ****     }
 151:.\Generated_Source\PSoC4/CapSense_1_PM.c **** }
 145              		.loc 1 151 0
 146              		@ sp needed
 147 0016 08BD     		pop	{r3, pc}
 148              	.L16:
 149              		.align	2
 150              	.L15:
 151 0018 00000000 		.word	.LANCHOR0
 152              		.cfi_endproc
 153              	.LFE36:
 154              		.size	CapSense_1_Wakeup, .-CapSense_1_Wakeup
 155              		.bss
 156              		.set	.LANCHOR0,. + 0
 157              		.type	CapSense_1_backup, %object
 158              		.size	CapSense_1_backup, 1
 159              	CapSense_1_backup:
 160 0000 00       		.space	1
 161              		.text
 162              	.Letext0:
 163              		.file 2 ".\\Generated_Source\\PSoC4\\cytypes.h"
 164              		.file 3 ".\\Generated_Source\\PSoC4\\CapSense_1.h"
 165              		.file 4 ".\\Generated_Source\\PSoC4\\CapSense_1_SenseClk.h"
 166              		.file 5 ".\\Generated_Source\\PSoC4\\CapSense_1_SampleClk.h"
 167              		.file 6 ".\\Generated_Source\\PSoC4\\CyLib.h"
 168              		.section	.debug_info,"",%progbits
 169              	.Ldebug_info0:
 170 0000 A7010000 		.4byte	0x1a7
 171 0004 0400     		.2byte	0x4
 172 0006 00000000 		.4byte	.Ldebug_abbrev0
 173 000a 04       		.byte	0x4
 174 000b 01       		.uleb128 0x1
 175 000c 06000000 		.4byte	.LASF26
 176 0010 01       		.byte	0x1
 177 0011 9B010000 		.4byte	.LASF27
 178 0015 C1000000 		.4byte	.LASF28
 179 0019 00000000 		.4byte	.Ldebug_ranges0+0
 180 001d 00000000 		.4byte	0
 181 0021 00000000 		.4byte	.Ldebug_line0
 182 0025 02       		.uleb128 0x2
 183 0026 01       		.byte	0x1
 184 0027 06       		.byte	0x6
 185 0028 A6020000 		.4byte	.LASF0
 186 002c 02       		.uleb128 0x2
 187 002d 01       		.byte	0x1
ARM GAS  C:\Users\syhaines\AppData\Local\Temp\cczZBHW1.s 			page 7


 188 002e 08       		.byte	0x8
 189 002f 12010000 		.4byte	.LASF1
 190 0033 02       		.uleb128 0x2
 191 0034 02       		.byte	0x2
 192 0035 05       		.byte	0x5
 193 0036 54020000 		.4byte	.LASF2
 194 003a 02       		.uleb128 0x2
 195 003b 02       		.byte	0x2
 196 003c 07       		.byte	0x7
 197 003d AE000000 		.4byte	.LASF3
 198 0041 02       		.uleb128 0x2
 199 0042 04       		.byte	0x4
 200 0043 05       		.byte	0x5
 201 0044 78020000 		.4byte	.LASF4
 202 0048 02       		.uleb128 0x2
 203 0049 04       		.byte	0x4
 204 004a 07       		.byte	0x7
 205 004b 31010000 		.4byte	.LASF5
 206 004f 02       		.uleb128 0x2
 207 0050 08       		.byte	0x8
 208 0051 05       		.byte	0x5
 209 0052 19020000 		.4byte	.LASF6
 210 0056 02       		.uleb128 0x2
 211 0057 08       		.byte	0x8
 212 0058 07       		.byte	0x7
 213 0059 D1010000 		.4byte	.LASF7
 214 005d 03       		.uleb128 0x3
 215 005e 04       		.byte	0x4
 216 005f 05       		.byte	0x5
 217 0060 696E7400 		.ascii	"int\000"
 218 0064 02       		.uleb128 0x2
 219 0065 04       		.byte	0x4
 220 0066 07       		.byte	0x7
 221 0067 C4010000 		.4byte	.LASF8
 222 006b 04       		.uleb128 0x4
 223 006c 43010000 		.4byte	.LASF9
 224 0070 02       		.byte	0x2
 225 0071 A1       		.byte	0xa1
 226 0072 2C000000 		.4byte	0x2c
 227 0076 04       		.uleb128 0x4
 228 0077 94010000 		.4byte	.LASF10
 229 007b 02       		.byte	0x2
 230 007c A3       		.byte	0xa3
 231 007d 48000000 		.4byte	0x48
 232 0081 02       		.uleb128 0x2
 233 0082 04       		.byte	0x4
 234 0083 04       		.byte	0x4
 235 0084 0C010000 		.4byte	.LASF11
 236 0088 02       		.uleb128 0x2
 237 0089 08       		.byte	0x8
 238 008a 04       		.byte	0x4
 239 008b 7B010000 		.4byte	.LASF12
 240 008f 02       		.uleb128 0x2
 241 0090 01       		.byte	0x1
 242 0091 08       		.byte	0x8
 243 0092 27020000 		.4byte	.LASF13
 244 0096 05       		.uleb128 0x5
ARM GAS  C:\Users\syhaines\AppData\Local\Temp\cczZBHW1.s 			page 8


 245 0097 00000000 		.4byte	.LASF14
 246 009b 02       		.byte	0x2
 247 009c 4D01     		.2byte	0x14d
 248 009e A2000000 		.4byte	0xa2
 249 00a2 06       		.uleb128 0x6
 250 00a3 76000000 		.4byte	0x76
 251 00a7 02       		.uleb128 0x2
 252 00a8 04       		.byte	0x4
 253 00a9 07       		.byte	0x7
 254 00aa FA010000 		.4byte	.LASF15
 255 00ae 07       		.uleb128 0x7
 256 00af 01       		.byte	0x1
 257 00b0 03       		.byte	0x3
 258 00b1 8B       		.byte	0x8b
 259 00b2 C3000000 		.4byte	0xc3
 260 00b6 08       		.uleb128 0x8
 261 00b7 81020000 		.4byte	.LASF29
 262 00bb 03       		.byte	0x3
 263 00bc 8D       		.byte	0x8d
 264 00bd 6B000000 		.4byte	0x6b
 265 00c1 00       		.byte	0
 266 00c2 00       		.byte	0
 267 00c3 04       		.uleb128 0x4
 268 00c4 8D020000 		.4byte	.LASF16
 269 00c8 03       		.byte	0x3
 270 00c9 8E       		.byte	0x8e
 271 00ca AE000000 		.4byte	0xae
 272 00ce 09       		.uleb128 0x9
 273 00cf 03020000 		.4byte	.LASF17
 274 00d3 01       		.byte	0x1
 275 00d4 2E       		.byte	0x2e
 276 00d5 00000000 		.4byte	.LFB33
 277 00d9 18000000 		.4byte	.LFE33-.LFB33
 278 00dd 01       		.uleb128 0x1
 279 00de 9C       		.byte	0x9c
 280 00df 0A       		.uleb128 0xa
 281 00e0 20010000 		.4byte	.LASF19
 282 00e4 01       		.byte	0x1
 283 00e5 49       		.byte	0x49
 284 00e6 00000000 		.4byte	.LFB34
 285 00ea 30000000 		.4byte	.LFE34-.LFB34
 286 00ee 01       		.uleb128 0x1
 287 00ef 9C       		.byte	0x9c
 288 00f0 23010000 		.4byte	0x123
 289 00f4 0B       		.uleb128 0xb
 290 00f5 06000000 		.4byte	.LVL0
 291 00f9 CE000000 		.4byte	0xce
 292 00fd 0C       		.uleb128 0xc
 293 00fe 0C000000 		.4byte	.LVL1
 294 0102 76010000 		.4byte	0x176
 295 0106 10010000 		.4byte	0x110
 296 010a 0D       		.uleb128 0xd
 297 010b 01       		.uleb128 0x1
 298 010c 50       		.byte	0x50
 299 010d 01       		.uleb128 0x1
 300 010e 3F       		.byte	0x3f
 301 010f 00       		.byte	0
ARM GAS  C:\Users\syhaines\AppData\Local\Temp\cczZBHW1.s 			page 9


 302 0110 0B       		.uleb128 0xb
 303 0111 22000000 		.4byte	.LVL2
 304 0115 87010000 		.4byte	0x187
 305 0119 0B       		.uleb128 0xb
 306 011a 26000000 		.4byte	.LVL3
 307 011e 8E010000 		.4byte	0x18e
 308 0122 00       		.byte	0
 309 0123 09       		.uleb128 0x9
 310 0124 49010000 		.4byte	.LASF18
 311 0128 01       		.byte	0x1
 312 0129 72       		.byte	0x72
 313 012a 00000000 		.4byte	.LFB35
 314 012e 02000000 		.4byte	.LFE35-.LFB35
 315 0132 01       		.uleb128 0x1
 316 0133 9C       		.byte	0x9c
 317 0134 0A       		.uleb128 0xa
 318 0135 82010000 		.4byte	.LASF20
 319 0139 01       		.byte	0x1
 320 013a 8C       		.byte	0x8c
 321 013b 00000000 		.4byte	.LFB36
 322 013f 1C000000 		.4byte	.LFE36-.LFB36
 323 0143 01       		.uleb128 0x1
 324 0144 9C       		.byte	0x9c
 325 0145 65010000 		.4byte	0x165
 326 0149 0B       		.uleb128 0xb
 327 014a 06000000 		.4byte	.LVL4
 328 014e 95010000 		.4byte	0x195
 329 0152 0B       		.uleb128 0xb
 330 0153 0A000000 		.4byte	.LVL5
 331 0157 9C010000 		.4byte	0x19c
 332 015b 0B       		.uleb128 0xb
 333 015c 16000000 		.4byte	.LVL6
 334 0160 A3010000 		.4byte	0x1a3
 335 0164 00       		.byte	0
 336 0165 0E       		.uleb128 0xe
 337 0166 FA000000 		.4byte	.LASF30
 338 016a 01       		.byte	0x1
 339 016b 13       		.byte	0x13
 340 016c C3000000 		.4byte	0xc3
 341 0170 05       		.uleb128 0x5
 342 0171 03       		.byte	0x3
 343 0172 00000000 		.4byte	CapSense_1_backup
 344 0176 0F       		.uleb128 0xf
 345 0177 47020000 		.4byte	.LASF31
 346 017b 06       		.byte	0x6
 347 017c 72       		.byte	0x72
 348 017d 87010000 		.4byte	0x187
 349 0181 10       		.uleb128 0x10
 350 0182 6B000000 		.4byte	0x6b
 351 0186 00       		.byte	0
 352 0187 11       		.uleb128 0x11
 353 0188 62010000 		.4byte	.LASF21
 354 018c 04       		.byte	0x4
 355 018d 27       		.byte	0x27
 356 018e 11       		.uleb128 0x11
 357 018f 94000000 		.4byte	.LASF22
 358 0193 05       		.byte	0x5
ARM GAS  C:\Users\syhaines\AppData\Local\Temp\cczZBHW1.s 			page 10


 359 0194 27       		.byte	0x27
 360 0195 11       		.uleb128 0x11
 361 0196 5E020000 		.4byte	.LASF23
 362 019a 04       		.byte	0x4
 363 019b 23       		.byte	0x23
 364 019c 11       		.uleb128 0x11
 365 019d 2C020000 		.4byte	.LASF24
 366 01a1 05       		.byte	0x5
 367 01a2 23       		.byte	0x23
 368 01a3 11       		.uleb128 0x11
 369 01a4 E8010000 		.4byte	.LASF25
 370 01a8 03       		.byte	0x3
 371 01a9 96       		.byte	0x96
 372 01aa 00       		.byte	0
 373              		.section	.debug_abbrev,"",%progbits
 374              	.Ldebug_abbrev0:
 375 0000 01       		.uleb128 0x1
 376 0001 11       		.uleb128 0x11
 377 0002 01       		.byte	0x1
 378 0003 25       		.uleb128 0x25
 379 0004 0E       		.uleb128 0xe
 380 0005 13       		.uleb128 0x13
 381 0006 0B       		.uleb128 0xb
 382 0007 03       		.uleb128 0x3
 383 0008 0E       		.uleb128 0xe
 384 0009 1B       		.uleb128 0x1b
 385 000a 0E       		.uleb128 0xe
 386 000b 55       		.uleb128 0x55
 387 000c 17       		.uleb128 0x17
 388 000d 11       		.uleb128 0x11
 389 000e 01       		.uleb128 0x1
 390 000f 10       		.uleb128 0x10
 391 0010 17       		.uleb128 0x17
 392 0011 00       		.byte	0
 393 0012 00       		.byte	0
 394 0013 02       		.uleb128 0x2
 395 0014 24       		.uleb128 0x24
 396 0015 00       		.byte	0
 397 0016 0B       		.uleb128 0xb
 398 0017 0B       		.uleb128 0xb
 399 0018 3E       		.uleb128 0x3e
 400 0019 0B       		.uleb128 0xb
 401 001a 03       		.uleb128 0x3
 402 001b 0E       		.uleb128 0xe
 403 001c 00       		.byte	0
 404 001d 00       		.byte	0
 405 001e 03       		.uleb128 0x3
 406 001f 24       		.uleb128 0x24
 407 0020 00       		.byte	0
 408 0021 0B       		.uleb128 0xb
 409 0022 0B       		.uleb128 0xb
 410 0023 3E       		.uleb128 0x3e
 411 0024 0B       		.uleb128 0xb
 412 0025 03       		.uleb128 0x3
 413 0026 08       		.uleb128 0x8
 414 0027 00       		.byte	0
 415 0028 00       		.byte	0
ARM GAS  C:\Users\syhaines\AppData\Local\Temp\cczZBHW1.s 			page 11


 416 0029 04       		.uleb128 0x4
 417 002a 16       		.uleb128 0x16
 418 002b 00       		.byte	0
 419 002c 03       		.uleb128 0x3
 420 002d 0E       		.uleb128 0xe
 421 002e 3A       		.uleb128 0x3a
 422 002f 0B       		.uleb128 0xb
 423 0030 3B       		.uleb128 0x3b
 424 0031 0B       		.uleb128 0xb
 425 0032 49       		.uleb128 0x49
 426 0033 13       		.uleb128 0x13
 427 0034 00       		.byte	0
 428 0035 00       		.byte	0
 429 0036 05       		.uleb128 0x5
 430 0037 16       		.uleb128 0x16
 431 0038 00       		.byte	0
 432 0039 03       		.uleb128 0x3
 433 003a 0E       		.uleb128 0xe
 434 003b 3A       		.uleb128 0x3a
 435 003c 0B       		.uleb128 0xb
 436 003d 3B       		.uleb128 0x3b
 437 003e 05       		.uleb128 0x5
 438 003f 49       		.uleb128 0x49
 439 0040 13       		.uleb128 0x13
 440 0041 00       		.byte	0
 441 0042 00       		.byte	0
 442 0043 06       		.uleb128 0x6
 443 0044 35       		.uleb128 0x35
 444 0045 00       		.byte	0
 445 0046 49       		.uleb128 0x49
 446 0047 13       		.uleb128 0x13
 447 0048 00       		.byte	0
 448 0049 00       		.byte	0
 449 004a 07       		.uleb128 0x7
 450 004b 13       		.uleb128 0x13
 451 004c 01       		.byte	0x1
 452 004d 0B       		.uleb128 0xb
 453 004e 0B       		.uleb128 0xb
 454 004f 3A       		.uleb128 0x3a
 455 0050 0B       		.uleb128 0xb
 456 0051 3B       		.uleb128 0x3b
 457 0052 0B       		.uleb128 0xb
 458 0053 01       		.uleb128 0x1
 459 0054 13       		.uleb128 0x13
 460 0055 00       		.byte	0
 461 0056 00       		.byte	0
 462 0057 08       		.uleb128 0x8
 463 0058 0D       		.uleb128 0xd
 464 0059 00       		.byte	0
 465 005a 03       		.uleb128 0x3
 466 005b 0E       		.uleb128 0xe
 467 005c 3A       		.uleb128 0x3a
 468 005d 0B       		.uleb128 0xb
 469 005e 3B       		.uleb128 0x3b
 470 005f 0B       		.uleb128 0xb
 471 0060 49       		.uleb128 0x49
 472 0061 13       		.uleb128 0x13
ARM GAS  C:\Users\syhaines\AppData\Local\Temp\cczZBHW1.s 			page 12


 473 0062 38       		.uleb128 0x38
 474 0063 0B       		.uleb128 0xb
 475 0064 00       		.byte	0
 476 0065 00       		.byte	0
 477 0066 09       		.uleb128 0x9
 478 0067 2E       		.uleb128 0x2e
 479 0068 00       		.byte	0
 480 0069 3F       		.uleb128 0x3f
 481 006a 19       		.uleb128 0x19
 482 006b 03       		.uleb128 0x3
 483 006c 0E       		.uleb128 0xe
 484 006d 3A       		.uleb128 0x3a
 485 006e 0B       		.uleb128 0xb
 486 006f 3B       		.uleb128 0x3b
 487 0070 0B       		.uleb128 0xb
 488 0071 27       		.uleb128 0x27
 489 0072 19       		.uleb128 0x19
 490 0073 11       		.uleb128 0x11
 491 0074 01       		.uleb128 0x1
 492 0075 12       		.uleb128 0x12
 493 0076 06       		.uleb128 0x6
 494 0077 40       		.uleb128 0x40
 495 0078 18       		.uleb128 0x18
 496 0079 9742     		.uleb128 0x2117
 497 007b 19       		.uleb128 0x19
 498 007c 00       		.byte	0
 499 007d 00       		.byte	0
 500 007e 0A       		.uleb128 0xa
 501 007f 2E       		.uleb128 0x2e
 502 0080 01       		.byte	0x1
 503 0081 3F       		.uleb128 0x3f
 504 0082 19       		.uleb128 0x19
 505 0083 03       		.uleb128 0x3
 506 0084 0E       		.uleb128 0xe
 507 0085 3A       		.uleb128 0x3a
 508 0086 0B       		.uleb128 0xb
 509 0087 3B       		.uleb128 0x3b
 510 0088 0B       		.uleb128 0xb
 511 0089 27       		.uleb128 0x27
 512 008a 19       		.uleb128 0x19
 513 008b 11       		.uleb128 0x11
 514 008c 01       		.uleb128 0x1
 515 008d 12       		.uleb128 0x12
 516 008e 06       		.uleb128 0x6
 517 008f 40       		.uleb128 0x40
 518 0090 18       		.uleb128 0x18
 519 0091 9742     		.uleb128 0x2117
 520 0093 19       		.uleb128 0x19
 521 0094 01       		.uleb128 0x1
 522 0095 13       		.uleb128 0x13
 523 0096 00       		.byte	0
 524 0097 00       		.byte	0
 525 0098 0B       		.uleb128 0xb
 526 0099 898201   		.uleb128 0x4109
 527 009c 00       		.byte	0
 528 009d 11       		.uleb128 0x11
 529 009e 01       		.uleb128 0x1
ARM GAS  C:\Users\syhaines\AppData\Local\Temp\cczZBHW1.s 			page 13


 530 009f 31       		.uleb128 0x31
 531 00a0 13       		.uleb128 0x13
 532 00a1 00       		.byte	0
 533 00a2 00       		.byte	0
 534 00a3 0C       		.uleb128 0xc
 535 00a4 898201   		.uleb128 0x4109
 536 00a7 01       		.byte	0x1
 537 00a8 11       		.uleb128 0x11
 538 00a9 01       		.uleb128 0x1
 539 00aa 31       		.uleb128 0x31
 540 00ab 13       		.uleb128 0x13
 541 00ac 01       		.uleb128 0x1
 542 00ad 13       		.uleb128 0x13
 543 00ae 00       		.byte	0
 544 00af 00       		.byte	0
 545 00b0 0D       		.uleb128 0xd
 546 00b1 8A8201   		.uleb128 0x410a
 547 00b4 00       		.byte	0
 548 00b5 02       		.uleb128 0x2
 549 00b6 18       		.uleb128 0x18
 550 00b7 9142     		.uleb128 0x2111
 551 00b9 18       		.uleb128 0x18
 552 00ba 00       		.byte	0
 553 00bb 00       		.byte	0
 554 00bc 0E       		.uleb128 0xe
 555 00bd 34       		.uleb128 0x34
 556 00be 00       		.byte	0
 557 00bf 03       		.uleb128 0x3
 558 00c0 0E       		.uleb128 0xe
 559 00c1 3A       		.uleb128 0x3a
 560 00c2 0B       		.uleb128 0xb
 561 00c3 3B       		.uleb128 0x3b
 562 00c4 0B       		.uleb128 0xb
 563 00c5 49       		.uleb128 0x49
 564 00c6 13       		.uleb128 0x13
 565 00c7 02       		.uleb128 0x2
 566 00c8 18       		.uleb128 0x18
 567 00c9 00       		.byte	0
 568 00ca 00       		.byte	0
 569 00cb 0F       		.uleb128 0xf
 570 00cc 2E       		.uleb128 0x2e
 571 00cd 01       		.byte	0x1
 572 00ce 3F       		.uleb128 0x3f
 573 00cf 19       		.uleb128 0x19
 574 00d0 03       		.uleb128 0x3
 575 00d1 0E       		.uleb128 0xe
 576 00d2 3A       		.uleb128 0x3a
 577 00d3 0B       		.uleb128 0xb
 578 00d4 3B       		.uleb128 0x3b
 579 00d5 0B       		.uleb128 0xb
 580 00d6 27       		.uleb128 0x27
 581 00d7 19       		.uleb128 0x19
 582 00d8 3C       		.uleb128 0x3c
 583 00d9 19       		.uleb128 0x19
 584 00da 01       		.uleb128 0x1
 585 00db 13       		.uleb128 0x13
 586 00dc 00       		.byte	0
ARM GAS  C:\Users\syhaines\AppData\Local\Temp\cczZBHW1.s 			page 14


 587 00dd 00       		.byte	0
 588 00de 10       		.uleb128 0x10
 589 00df 05       		.uleb128 0x5
 590 00e0 00       		.byte	0
 591 00e1 49       		.uleb128 0x49
 592 00e2 13       		.uleb128 0x13
 593 00e3 00       		.byte	0
 594 00e4 00       		.byte	0
 595 00e5 11       		.uleb128 0x11
 596 00e6 2E       		.uleb128 0x2e
 597 00e7 00       		.byte	0
 598 00e8 3F       		.uleb128 0x3f
 599 00e9 19       		.uleb128 0x19
 600 00ea 03       		.uleb128 0x3
 601 00eb 0E       		.uleb128 0xe
 602 00ec 3A       		.uleb128 0x3a
 603 00ed 0B       		.uleb128 0xb
 604 00ee 3B       		.uleb128 0x3b
 605 00ef 0B       		.uleb128 0xb
 606 00f0 27       		.uleb128 0x27
 607 00f1 19       		.uleb128 0x19
 608 00f2 3C       		.uleb128 0x3c
 609 00f3 19       		.uleb128 0x19
 610 00f4 00       		.byte	0
 611 00f5 00       		.byte	0
 612 00f6 00       		.byte	0
 613              		.section	.debug_aranges,"",%progbits
 614 0000 34000000 		.4byte	0x34
 615 0004 0200     		.2byte	0x2
 616 0006 00000000 		.4byte	.Ldebug_info0
 617 000a 04       		.byte	0x4
 618 000b 00       		.byte	0
 619 000c 0000     		.2byte	0
 620 000e 0000     		.2byte	0
 621 0010 00000000 		.4byte	.LFB33
 622 0014 18000000 		.4byte	.LFE33-.LFB33
 623 0018 00000000 		.4byte	.LFB34
 624 001c 30000000 		.4byte	.LFE34-.LFB34
 625 0020 00000000 		.4byte	.LFB35
 626 0024 02000000 		.4byte	.LFE35-.LFB35
 627 0028 00000000 		.4byte	.LFB36
 628 002c 1C000000 		.4byte	.LFE36-.LFB36
 629 0030 00000000 		.4byte	0
 630 0034 00000000 		.4byte	0
 631              		.section	.debug_ranges,"",%progbits
 632              	.Ldebug_ranges0:
 633 0000 00000000 		.4byte	.LFB33
 634 0004 18000000 		.4byte	.LFE33
 635 0008 00000000 		.4byte	.LFB34
 636 000c 30000000 		.4byte	.LFE34
 637 0010 00000000 		.4byte	.LFB35
 638 0014 02000000 		.4byte	.LFE35
 639 0018 00000000 		.4byte	.LFB36
 640 001c 1C000000 		.4byte	.LFE36
 641 0020 00000000 		.4byte	0
 642 0024 00000000 		.4byte	0
 643              		.section	.debug_line,"",%progbits
ARM GAS  C:\Users\syhaines\AppData\Local\Temp\cczZBHW1.s 			page 15


 644              	.Ldebug_line0:
 645 0000 F5000000 		.section	.debug_str,"MS",%progbits,1
 645      02009A00 
 645      00000201 
 645      FB0E0D00 
 645      01010101 
 646              	.LASF14:
 647 0000 72656733 		.ascii	"reg32\000"
 647      3200
 648              	.LASF26:
 649 0006 474E5520 		.ascii	"GNU C 4.9.3 20150303 (release) [ARM/embedded-4_9-br"
 649      4320342E 
 649      392E3320 
 649      32303135 
 649      30333033 
 650 0039 616E6368 		.ascii	"anch revision 221220] -mcpu=cortex-m0 -mthumb -g -O"
 650      20726576 
 650      6973696F 
 650      6E203232 
 650      31323230 
 651 006c 73202D66 		.ascii	"s -ffunction-sections -ffat-lto-objects\000"
 651      66756E63 
 651      74696F6E 
 651      2D736563 
 651      74696F6E 
 652              	.LASF22:
 653 0094 43617053 		.ascii	"CapSense_1_SampleClk_Stop\000"
 653      656E7365 
 653      5F315F53 
 653      616D706C 
 653      65436C6B 
 654              	.LASF3:
 655 00ae 73686F72 		.ascii	"short unsigned int\000"
 655      7420756E 
 655      7369676E 
 655      65642069 
 655      6E7400
 656              	.LASF28:
 657 00c1 433A5C4C 		.ascii	"C:\\Legrand\\Dimmers\\A4W sofTap and Touch\\A4W_Sof"
 657      65677261 
 657      6E645C44 
 657      696D6D65 
 657      72735C41 
 658 00f0 7461702E 		.ascii	"tap.cydsn\000"
 658      63796473 
 658      6E00
 659              	.LASF30:
 660 00fa 43617053 		.ascii	"CapSense_1_backup\000"
 660      656E7365 
 660      5F315F62 
 660      61636B75 
 660      7000
 661              	.LASF11:
 662 010c 666C6F61 		.ascii	"float\000"
 662      7400
 663              	.LASF1:
 664 0112 756E7369 		.ascii	"unsigned char\000"
ARM GAS  C:\Users\syhaines\AppData\Local\Temp\cczZBHW1.s 			page 16


 664      676E6564 
 664      20636861 
 664      7200
 665              	.LASF19:
 666 0120 43617053 		.ascii	"CapSense_1_Sleep\000"
 666      656E7365 
 666      5F315F53 
 666      6C656570 
 666      00
 667              	.LASF5:
 668 0131 6C6F6E67 		.ascii	"long unsigned int\000"
 668      20756E73 
 668      69676E65 
 668      6420696E 
 668      7400
 669              	.LASF9:
 670 0143 75696E74 		.ascii	"uint8\000"
 670      3800
 671              	.LASF18:
 672 0149 43617053 		.ascii	"CapSense_1_RestoreConfig\000"
 672      656E7365 
 672      5F315F52 
 672      6573746F 
 672      7265436F 
 673              	.LASF21:
 674 0162 43617053 		.ascii	"CapSense_1_SenseClk_Stop\000"
 674      656E7365 
 674      5F315F53 
 674      656E7365 
 674      436C6B5F 
 675              	.LASF12:
 676 017b 646F7562 		.ascii	"double\000"
 676      6C6500
 677              	.LASF20:
 678 0182 43617053 		.ascii	"CapSense_1_Wakeup\000"
 678      656E7365 
 678      5F315F57 
 678      616B6575 
 678      7000
 679              	.LASF10:
 680 0194 75696E74 		.ascii	"uint32\000"
 680      333200
 681              	.LASF27:
 682 019b 2E5C4765 		.ascii	".\\Generated_Source\\PSoC4\\CapSense_1_PM.c\000"
 682      6E657261 
 682      7465645F 
 682      536F7572 
 682      63655C50 
 683              	.LASF8:
 684 01c4 756E7369 		.ascii	"unsigned int\000"
 684      676E6564 
 684      20696E74 
 684      00
 685              	.LASF7:
 686 01d1 6C6F6E67 		.ascii	"long long unsigned int\000"
 686      206C6F6E 
 686      6720756E 
ARM GAS  C:\Users\syhaines\AppData\Local\Temp\cczZBHW1.s 			page 17


 686      7369676E 
 686      65642069 
 687              	.LASF25:
 688 01e8 43617053 		.ascii	"CapSense_1_Enable\000"
 688      656E7365 
 688      5F315F45 
 688      6E61626C 
 688      6500
 689              	.LASF15:
 690 01fa 73697A65 		.ascii	"sizetype\000"
 690      74797065 
 690      00
 691              	.LASF17:
 692 0203 43617053 		.ascii	"CapSense_1_SaveConfig\000"
 692      656E7365 
 692      5F315F53 
 692      61766543 
 692      6F6E6669 
 693              	.LASF6:
 694 0219 6C6F6E67 		.ascii	"long long int\000"
 694      206C6F6E 
 694      6720696E 
 694      7400
 695              	.LASF13:
 696 0227 63686172 		.ascii	"char\000"
 696      00
 697              	.LASF24:
 698 022c 43617053 		.ascii	"CapSense_1_SampleClk_Start\000"
 698      656E7365 
 698      5F315F53 
 698      616D706C 
 698      65436C6B 
 699              	.LASF31:
 700 0247 4379496E 		.ascii	"CyIntDisable\000"
 700      74446973 
 700      61626C65 
 700      00
 701              	.LASF2:
 702 0254 73686F72 		.ascii	"short int\000"
 702      7420696E 
 702      7400
 703              	.LASF23:
 704 025e 43617053 		.ascii	"CapSense_1_SenseClk_Start\000"
 704      656E7365 
 704      5F315F53 
 704      656E7365 
 704      436C6B5F 
 705              	.LASF4:
 706 0278 6C6F6E67 		.ascii	"long int\000"
 706      20696E74 
 706      00
 707              	.LASF29:
 708 0281 656E6162 		.ascii	"enableState\000"
 708      6C655374 
 708      61746500 
 709              	.LASF16:
 710 028d 43617053 		.ascii	"CapSense_1_BACKUP_STRUCT\000"
ARM GAS  C:\Users\syhaines\AppData\Local\Temp\cczZBHW1.s 			page 18


 710      656E7365 
 710      5F315F42 
 710      41434B55 
 710      505F5354 
 711              	.LASF0:
 712 02a6 7369676E 		.ascii	"signed char\000"
 712      65642063 
 712      68617200 
 713              		.ident	"GCC: (GNU Tools for ARM Embedded Processors) 4.9.3 20150303 (release) [ARM/embedded-4_9-br
