ARM GAS  C:\Users\syhaines\AppData\Local\Temp\cchO7B6f.s 			page 1


   1              		.cpu cortex-m0
   2              		.fpu softvfp
   3              		.eabi_attribute 20, 1
   4              		.eabi_attribute 21, 1
   5              		.eabi_attribute 23, 3
   6              		.eabi_attribute 24, 1
   7              		.eabi_attribute 25, 1
   8              		.eabi_attribute 26, 1
   9              		.eabi_attribute 30, 4
  10              		.eabi_attribute 34, 0
  11              		.eabi_attribute 18, 4
  12              		.code	16
  13              		.file	"CC_Ctrl.c"
  14              		.text
  15              	.Ltext0:
  16              		.cfi_sections	.debug_frame
  17              		.section	.text.CC_Ctrl_Write,"ax",%progbits
  18              		.align	1
  19              		.global	CC_Ctrl_Write
  20              		.code	16
  21              		.thumb_func
  22              		.type	CC_Ctrl_Write, %function
  23              	CC_Ctrl_Write:
  24              	.LFB0:
  25              		.file 1 ".\\Generated_Source\\PSoC4\\CC_Ctrl.c"
   1:.\Generated_Source\PSoC4/CC_Ctrl.c **** /*******************************************************************************
   2:.\Generated_Source\PSoC4/CC_Ctrl.c **** * File Name: CC_Ctrl.c  
   3:.\Generated_Source\PSoC4/CC_Ctrl.c **** * Version 2.10
   4:.\Generated_Source\PSoC4/CC_Ctrl.c **** *
   5:.\Generated_Source\PSoC4/CC_Ctrl.c **** * Description:
   6:.\Generated_Source\PSoC4/CC_Ctrl.c **** *  This file contains API to enable firmware control of a Pins component.
   7:.\Generated_Source\PSoC4/CC_Ctrl.c **** *
   8:.\Generated_Source\PSoC4/CC_Ctrl.c **** * Note:
   9:.\Generated_Source\PSoC4/CC_Ctrl.c **** *
  10:.\Generated_Source\PSoC4/CC_Ctrl.c **** ********************************************************************************
  11:.\Generated_Source\PSoC4/CC_Ctrl.c **** * Copyright 2008-2014, Cypress Semiconductor Corporation.  All rights reserved.
  12:.\Generated_Source\PSoC4/CC_Ctrl.c **** * You may use this file only in accordance with the license, terms, conditions, 
  13:.\Generated_Source\PSoC4/CC_Ctrl.c **** * disclaimers, and limitations in the end user license agreement accompanying 
  14:.\Generated_Source\PSoC4/CC_Ctrl.c **** * the software package with which this file was provided.
  15:.\Generated_Source\PSoC4/CC_Ctrl.c **** *******************************************************************************/
  16:.\Generated_Source\PSoC4/CC_Ctrl.c **** 
  17:.\Generated_Source\PSoC4/CC_Ctrl.c **** #include "cytypes.h"
  18:.\Generated_Source\PSoC4/CC_Ctrl.c **** #include "CC_Ctrl.h"
  19:.\Generated_Source\PSoC4/CC_Ctrl.c **** 
  20:.\Generated_Source\PSoC4/CC_Ctrl.c **** #define SetP4PinDriveMode(shift, mode)  \
  21:.\Generated_Source\PSoC4/CC_Ctrl.c ****     do { \
  22:.\Generated_Source\PSoC4/CC_Ctrl.c ****         CC_Ctrl_PC =   (CC_Ctrl_PC & \
  23:.\Generated_Source\PSoC4/CC_Ctrl.c ****                                 (uint32)(~(uint32)(CC_Ctrl_DRIVE_MODE_IND_MASK << (CC_Ctrl_DRIVE_MO
  24:.\Generated_Source\PSoC4/CC_Ctrl.c ****                                 (uint32)((uint32)(mode) << (CC_Ctrl_DRIVE_MODE_BITS * (shift))); \
  25:.\Generated_Source\PSoC4/CC_Ctrl.c ****     } while (0)
  26:.\Generated_Source\PSoC4/CC_Ctrl.c **** 
  27:.\Generated_Source\PSoC4/CC_Ctrl.c **** 
  28:.\Generated_Source\PSoC4/CC_Ctrl.c **** /*******************************************************************************
  29:.\Generated_Source\PSoC4/CC_Ctrl.c **** * Function Name: CC_Ctrl_Write
  30:.\Generated_Source\PSoC4/CC_Ctrl.c **** ********************************************************************************
  31:.\Generated_Source\PSoC4/CC_Ctrl.c **** *
  32:.\Generated_Source\PSoC4/CC_Ctrl.c **** * Summary:
ARM GAS  C:\Users\syhaines\AppData\Local\Temp\cchO7B6f.s 			page 2


  33:.\Generated_Source\PSoC4/CC_Ctrl.c **** *  Assign a new value to the digital port's data output register.  
  34:.\Generated_Source\PSoC4/CC_Ctrl.c **** *
  35:.\Generated_Source\PSoC4/CC_Ctrl.c **** * Parameters:  
  36:.\Generated_Source\PSoC4/CC_Ctrl.c **** *  prtValue:  The value to be assigned to the Digital Port. 
  37:.\Generated_Source\PSoC4/CC_Ctrl.c **** *
  38:.\Generated_Source\PSoC4/CC_Ctrl.c **** * Return: 
  39:.\Generated_Source\PSoC4/CC_Ctrl.c **** *  None 
  40:.\Generated_Source\PSoC4/CC_Ctrl.c **** *  
  41:.\Generated_Source\PSoC4/CC_Ctrl.c **** *******************************************************************************/
  42:.\Generated_Source\PSoC4/CC_Ctrl.c **** void CC_Ctrl_Write(uint8 value) 
  43:.\Generated_Source\PSoC4/CC_Ctrl.c **** {
  26              		.loc 1 43 0
  27              		.cfi_startproc
  28              	.LVL0:
  44:.\Generated_Source\PSoC4/CC_Ctrl.c ****     uint8 drVal = (uint8)(CC_Ctrl_DR & (uint8)(~CC_Ctrl_MASK));
  29              		.loc 1 44 0
  30 0000 0223     		mov	r3, #2
  31 0002 0449     		ldr	r1, .L2
  45:.\Generated_Source\PSoC4/CC_Ctrl.c ****     drVal = (drVal | ((uint8)(value << CC_Ctrl_SHIFT) & CC_Ctrl_MASK));
  32              		.loc 1 45 0
  33 0004 4000     		lsl	r0, r0, #1
  34              	.LVL1:
  44:.\Generated_Source\PSoC4/CC_Ctrl.c ****     uint8 drVal = (uint8)(CC_Ctrl_DR & (uint8)(~CC_Ctrl_MASK));
  35              		.loc 1 44 0
  36 0006 0A68     		ldr	r2, [r1]
  46:.\Generated_Source\PSoC4/CC_Ctrl.c ****     CC_Ctrl_DR = (uint32)drVal;
  47:.\Generated_Source\PSoC4/CC_Ctrl.c **** }
  37              		.loc 1 47 0
  38              		@ sp needed
  44:.\Generated_Source\PSoC4/CC_Ctrl.c ****     drVal = (drVal | ((uint8)(value << CC_Ctrl_SHIFT) & CC_Ctrl_MASK));
  39              		.loc 1 44 0
  40 0008 9A43     		bic	r2, r3
  41 000a D2B2     		uxtb	r2, r2
  45:.\Generated_Source\PSoC4/CC_Ctrl.c ****     drVal = (drVal | ((uint8)(value << CC_Ctrl_SHIFT) & CC_Ctrl_MASK));
  42              		.loc 1 45 0
  43 000c 0340     		and	r3, r0
  46:.\Generated_Source\PSoC4/CC_Ctrl.c ****     CC_Ctrl_DR = (uint32)drVal;
  44              		.loc 1 46 0
  45 000e 1343     		orr	r3, r2
  46 0010 0B60     		str	r3, [r1]
  47              		.loc 1 47 0
  48 0012 7047     		bx	lr
  49              	.L3:
  50              		.align	2
  51              	.L2:
  52 0014 00010440 		.word	1074004224
  53              		.cfi_endproc
  54              	.LFE0:
  55              		.size	CC_Ctrl_Write, .-CC_Ctrl_Write
  56              		.section	.text.CC_Ctrl_SetDriveMode,"ax",%progbits
  57              		.align	1
  58              		.global	CC_Ctrl_SetDriveMode
  59              		.code	16
  60              		.thumb_func
  61              		.type	CC_Ctrl_SetDriveMode, %function
  62              	CC_Ctrl_SetDriveMode:
  63              	.LFB1:
ARM GAS  C:\Users\syhaines\AppData\Local\Temp\cchO7B6f.s 			page 3


  48:.\Generated_Source\PSoC4/CC_Ctrl.c **** 
  49:.\Generated_Source\PSoC4/CC_Ctrl.c **** 
  50:.\Generated_Source\PSoC4/CC_Ctrl.c **** /*******************************************************************************
  51:.\Generated_Source\PSoC4/CC_Ctrl.c **** * Function Name: CC_Ctrl_SetDriveMode
  52:.\Generated_Source\PSoC4/CC_Ctrl.c **** ********************************************************************************
  53:.\Generated_Source\PSoC4/CC_Ctrl.c **** *
  54:.\Generated_Source\PSoC4/CC_Ctrl.c **** * Summary:
  55:.\Generated_Source\PSoC4/CC_Ctrl.c **** *  Change the drive mode on the pins of the port.
  56:.\Generated_Source\PSoC4/CC_Ctrl.c **** * 
  57:.\Generated_Source\PSoC4/CC_Ctrl.c **** * Parameters:  
  58:.\Generated_Source\PSoC4/CC_Ctrl.c **** *  mode:  Change the pins to one of the following drive modes.
  59:.\Generated_Source\PSoC4/CC_Ctrl.c **** *
  60:.\Generated_Source\PSoC4/CC_Ctrl.c **** *  CC_Ctrl_DM_STRONG     Strong Drive 
  61:.\Generated_Source\PSoC4/CC_Ctrl.c **** *  CC_Ctrl_DM_OD_HI      Open Drain, Drives High 
  62:.\Generated_Source\PSoC4/CC_Ctrl.c **** *  CC_Ctrl_DM_OD_LO      Open Drain, Drives Low 
  63:.\Generated_Source\PSoC4/CC_Ctrl.c **** *  CC_Ctrl_DM_RES_UP     Resistive Pull Up 
  64:.\Generated_Source\PSoC4/CC_Ctrl.c **** *  CC_Ctrl_DM_RES_DWN    Resistive Pull Down 
  65:.\Generated_Source\PSoC4/CC_Ctrl.c **** *  CC_Ctrl_DM_RES_UPDWN  Resistive Pull Up/Down 
  66:.\Generated_Source\PSoC4/CC_Ctrl.c **** *  CC_Ctrl_DM_DIG_HIZ    High Impedance Digital 
  67:.\Generated_Source\PSoC4/CC_Ctrl.c **** *  CC_Ctrl_DM_ALG_HIZ    High Impedance Analog 
  68:.\Generated_Source\PSoC4/CC_Ctrl.c **** *
  69:.\Generated_Source\PSoC4/CC_Ctrl.c **** * Return: 
  70:.\Generated_Source\PSoC4/CC_Ctrl.c **** *  None
  71:.\Generated_Source\PSoC4/CC_Ctrl.c **** *
  72:.\Generated_Source\PSoC4/CC_Ctrl.c **** *******************************************************************************/
  73:.\Generated_Source\PSoC4/CC_Ctrl.c **** void CC_Ctrl_SetDriveMode(uint8 mode) 
  74:.\Generated_Source\PSoC4/CC_Ctrl.c **** {
  64              		.loc 1 74 0
  65              		.cfi_startproc
  66              	.LVL2:
  75:.\Generated_Source\PSoC4/CC_Ctrl.c **** 	SetP4PinDriveMode(CC_Ctrl__0__SHIFT, mode);
  67              		.loc 1 75 0
  68 0000 3821     		mov	r1, #56
  69 0002 034A     		ldr	r2, .L5
  70 0004 C000     		lsl	r0, r0, #3
  71              	.LVL3:
  72 0006 1368     		ldr	r3, [r2]
  76:.\Generated_Source\PSoC4/CC_Ctrl.c **** }
  73              		.loc 1 76 0
  74              		@ sp needed
  75:.\Generated_Source\PSoC4/CC_Ctrl.c **** 	SetP4PinDriveMode(CC_Ctrl__0__SHIFT, mode);
  75              		.loc 1 75 0
  76 0008 8B43     		bic	r3, r1
  77 000a 1843     		orr	r0, r3
  78 000c 1060     		str	r0, [r2]
  79              		.loc 1 76 0
  80 000e 7047     		bx	lr
  81              	.L6:
  82              		.align	2
  83              	.L5:
  84 0010 08010440 		.word	1074004232
  85              		.cfi_endproc
  86              	.LFE1:
  87              		.size	CC_Ctrl_SetDriveMode, .-CC_Ctrl_SetDriveMode
  88              		.section	.text.CC_Ctrl_Read,"ax",%progbits
  89              		.align	1
  90              		.global	CC_Ctrl_Read
ARM GAS  C:\Users\syhaines\AppData\Local\Temp\cchO7B6f.s 			page 4


  91              		.code	16
  92              		.thumb_func
  93              		.type	CC_Ctrl_Read, %function
  94              	CC_Ctrl_Read:
  95              	.LFB2:
  77:.\Generated_Source\PSoC4/CC_Ctrl.c **** 
  78:.\Generated_Source\PSoC4/CC_Ctrl.c **** 
  79:.\Generated_Source\PSoC4/CC_Ctrl.c **** /*******************************************************************************
  80:.\Generated_Source\PSoC4/CC_Ctrl.c **** * Function Name: CC_Ctrl_Read
  81:.\Generated_Source\PSoC4/CC_Ctrl.c **** ********************************************************************************
  82:.\Generated_Source\PSoC4/CC_Ctrl.c **** *
  83:.\Generated_Source\PSoC4/CC_Ctrl.c **** * Summary:
  84:.\Generated_Source\PSoC4/CC_Ctrl.c **** *  Read the current value on the pins of the Digital Port in right justified 
  85:.\Generated_Source\PSoC4/CC_Ctrl.c **** *  form.
  86:.\Generated_Source\PSoC4/CC_Ctrl.c **** *
  87:.\Generated_Source\PSoC4/CC_Ctrl.c **** * Parameters:  
  88:.\Generated_Source\PSoC4/CC_Ctrl.c **** *  None 
  89:.\Generated_Source\PSoC4/CC_Ctrl.c **** *
  90:.\Generated_Source\PSoC4/CC_Ctrl.c **** * Return: 
  91:.\Generated_Source\PSoC4/CC_Ctrl.c **** *  Returns the current value of the Digital Port as a right justified number
  92:.\Generated_Source\PSoC4/CC_Ctrl.c **** *  
  93:.\Generated_Source\PSoC4/CC_Ctrl.c **** * Note:
  94:.\Generated_Source\PSoC4/CC_Ctrl.c **** *  Macro CC_Ctrl_ReadPS calls this function. 
  95:.\Generated_Source\PSoC4/CC_Ctrl.c **** *  
  96:.\Generated_Source\PSoC4/CC_Ctrl.c **** *******************************************************************************/
  97:.\Generated_Source\PSoC4/CC_Ctrl.c **** uint8 CC_Ctrl_Read(void) 
  98:.\Generated_Source\PSoC4/CC_Ctrl.c **** {
  96              		.loc 1 98 0
  97              		.cfi_startproc
  99:.\Generated_Source\PSoC4/CC_Ctrl.c ****     return (uint8)((CC_Ctrl_PS & CC_Ctrl_MASK) >> CC_Ctrl_SHIFT);
  98              		.loc 1 99 0
  99 0000 024B     		ldr	r3, .L8
 100:.\Generated_Source\PSoC4/CC_Ctrl.c **** }
 100              		.loc 1 100 0
 101              		@ sp needed
  99:.\Generated_Source\PSoC4/CC_Ctrl.c ****     return (uint8)((CC_Ctrl_PS & CC_Ctrl_MASK) >> CC_Ctrl_SHIFT);
 102              		.loc 1 99 0
 103 0002 1868     		ldr	r0, [r3]
 104 0004 8007     		lsl	r0, r0, #30
 105 0006 C00F     		lsr	r0, r0, #31
 106              		.loc 1 100 0
 107 0008 7047     		bx	lr
 108              	.L9:
 109 000a C046     		.align	2
 110              	.L8:
 111 000c 04010440 		.word	1074004228
 112              		.cfi_endproc
 113              	.LFE2:
 114              		.size	CC_Ctrl_Read, .-CC_Ctrl_Read
 115              		.section	.text.CC_Ctrl_ReadDataReg,"ax",%progbits
 116              		.align	1
 117              		.global	CC_Ctrl_ReadDataReg
 118              		.code	16
 119              		.thumb_func
 120              		.type	CC_Ctrl_ReadDataReg, %function
 121              	CC_Ctrl_ReadDataReg:
 122              	.LFB3:
ARM GAS  C:\Users\syhaines\AppData\Local\Temp\cchO7B6f.s 			page 5


 101:.\Generated_Source\PSoC4/CC_Ctrl.c **** 
 102:.\Generated_Source\PSoC4/CC_Ctrl.c **** 
 103:.\Generated_Source\PSoC4/CC_Ctrl.c **** /*******************************************************************************
 104:.\Generated_Source\PSoC4/CC_Ctrl.c **** * Function Name: CC_Ctrl_ReadDataReg
 105:.\Generated_Source\PSoC4/CC_Ctrl.c **** ********************************************************************************
 106:.\Generated_Source\PSoC4/CC_Ctrl.c **** *
 107:.\Generated_Source\PSoC4/CC_Ctrl.c **** * Summary:
 108:.\Generated_Source\PSoC4/CC_Ctrl.c **** *  Read the current value assigned to a Digital Port's data output register
 109:.\Generated_Source\PSoC4/CC_Ctrl.c **** *
 110:.\Generated_Source\PSoC4/CC_Ctrl.c **** * Parameters:  
 111:.\Generated_Source\PSoC4/CC_Ctrl.c **** *  None 
 112:.\Generated_Source\PSoC4/CC_Ctrl.c **** *
 113:.\Generated_Source\PSoC4/CC_Ctrl.c **** * Return: 
 114:.\Generated_Source\PSoC4/CC_Ctrl.c **** *  Returns the current value assigned to the Digital Port's data output register
 115:.\Generated_Source\PSoC4/CC_Ctrl.c **** *  
 116:.\Generated_Source\PSoC4/CC_Ctrl.c **** *******************************************************************************/
 117:.\Generated_Source\PSoC4/CC_Ctrl.c **** uint8 CC_Ctrl_ReadDataReg(void) 
 118:.\Generated_Source\PSoC4/CC_Ctrl.c **** {
 123              		.loc 1 118 0
 124              		.cfi_startproc
 119:.\Generated_Source\PSoC4/CC_Ctrl.c ****     return (uint8)((CC_Ctrl_DR & CC_Ctrl_MASK) >> CC_Ctrl_SHIFT);
 125              		.loc 1 119 0
 126 0000 024B     		ldr	r3, .L11
 120:.\Generated_Source\PSoC4/CC_Ctrl.c **** }
 127              		.loc 1 120 0
 128              		@ sp needed
 119:.\Generated_Source\PSoC4/CC_Ctrl.c ****     return (uint8)((CC_Ctrl_DR & CC_Ctrl_MASK) >> CC_Ctrl_SHIFT);
 129              		.loc 1 119 0
 130 0002 1868     		ldr	r0, [r3]
 131 0004 8007     		lsl	r0, r0, #30
 132 0006 C00F     		lsr	r0, r0, #31
 133              		.loc 1 120 0
 134 0008 7047     		bx	lr
 135              	.L12:
 136 000a C046     		.align	2
 137              	.L11:
 138 000c 00010440 		.word	1074004224
 139              		.cfi_endproc
 140              	.LFE3:
 141              		.size	CC_Ctrl_ReadDataReg, .-CC_Ctrl_ReadDataReg
 142              		.section	.text.CC_Ctrl_ClearInterrupt,"ax",%progbits
 143              		.align	1
 144              		.global	CC_Ctrl_ClearInterrupt
 145              		.code	16
 146              		.thumb_func
 147              		.type	CC_Ctrl_ClearInterrupt, %function
 148              	CC_Ctrl_ClearInterrupt:
 149              	.LFB4:
 121:.\Generated_Source\PSoC4/CC_Ctrl.c **** 
 122:.\Generated_Source\PSoC4/CC_Ctrl.c **** 
 123:.\Generated_Source\PSoC4/CC_Ctrl.c **** /* If Interrupts Are Enabled for this Pins component */ 
 124:.\Generated_Source\PSoC4/CC_Ctrl.c **** #if defined(CC_Ctrl_INTSTAT) 
 125:.\Generated_Source\PSoC4/CC_Ctrl.c **** 
 126:.\Generated_Source\PSoC4/CC_Ctrl.c ****     /*******************************************************************************
 127:.\Generated_Source\PSoC4/CC_Ctrl.c ****     * Function Name: CC_Ctrl_ClearInterrupt
 128:.\Generated_Source\PSoC4/CC_Ctrl.c ****     ********************************************************************************
 129:.\Generated_Source\PSoC4/CC_Ctrl.c ****     *
ARM GAS  C:\Users\syhaines\AppData\Local\Temp\cchO7B6f.s 			page 6


 130:.\Generated_Source\PSoC4/CC_Ctrl.c ****     * Summary:
 131:.\Generated_Source\PSoC4/CC_Ctrl.c ****     *  Clears any active interrupts attached to port and returns the value of the 
 132:.\Generated_Source\PSoC4/CC_Ctrl.c ****     *  interrupt status register.
 133:.\Generated_Source\PSoC4/CC_Ctrl.c ****     *
 134:.\Generated_Source\PSoC4/CC_Ctrl.c ****     * Parameters:  
 135:.\Generated_Source\PSoC4/CC_Ctrl.c ****     *  None 
 136:.\Generated_Source\PSoC4/CC_Ctrl.c ****     *
 137:.\Generated_Source\PSoC4/CC_Ctrl.c ****     * Return: 
 138:.\Generated_Source\PSoC4/CC_Ctrl.c ****     *  Returns the value of the interrupt status register
 139:.\Generated_Source\PSoC4/CC_Ctrl.c ****     *  
 140:.\Generated_Source\PSoC4/CC_Ctrl.c ****     *******************************************************************************/
 141:.\Generated_Source\PSoC4/CC_Ctrl.c ****     uint8 CC_Ctrl_ClearInterrupt(void) 
 142:.\Generated_Source\PSoC4/CC_Ctrl.c ****     {
 150              		.loc 1 142 0
 151              		.cfi_startproc
 143:.\Generated_Source\PSoC4/CC_Ctrl.c **** 		uint8 maskedStatus = (uint8)(CC_Ctrl_INTSTAT & CC_Ctrl_MASK);
 152              		.loc 1 143 0
 153 0000 0223     		mov	r3, #2
 154 0002 034A     		ldr	r2, .L14
 144:.\Generated_Source\PSoC4/CC_Ctrl.c **** 		CC_Ctrl_INTSTAT = maskedStatus;
 145:.\Generated_Source\PSoC4/CC_Ctrl.c ****         return maskedStatus >> CC_Ctrl_SHIFT;
 146:.\Generated_Source\PSoC4/CC_Ctrl.c ****     }
 155              		.loc 1 146 0
 156              		@ sp needed
 143:.\Generated_Source\PSoC4/CC_Ctrl.c **** 		uint8 maskedStatus = (uint8)(CC_Ctrl_INTSTAT & CC_Ctrl_MASK);
 157              		.loc 1 143 0
 158 0004 1068     		ldr	r0, [r2]
 159 0006 1840     		and	r0, r3
 160              	.LVL4:
 144:.\Generated_Source\PSoC4/CC_Ctrl.c **** 		CC_Ctrl_INTSTAT = maskedStatus;
 161              		.loc 1 144 0
 162 0008 1060     		str	r0, [r2]
 145:.\Generated_Source\PSoC4/CC_Ctrl.c ****     }
 163              		.loc 1 145 0
 164 000a 4008     		lsr	r0, r0, #1
 165              	.LVL5:
 166 000c C0B2     		uxtb	r0, r0
 167              		.loc 1 146 0
 168 000e 7047     		bx	lr
 169              	.L15:
 170              		.align	2
 171              	.L14:
 172 0010 10010440 		.word	1074004240
 173              		.cfi_endproc
 174              	.LFE4:
 175              		.size	CC_Ctrl_ClearInterrupt, .-CC_Ctrl_ClearInterrupt
 176              		.text
 177              	.Letext0:
 178              		.file 2 ".\\Generated_Source\\PSoC4\\cytypes.h"
 179              		.section	.debug_info,"",%progbits
 180              	.Ldebug_info0:
 181 0000 48010000 		.4byte	0x148
 182 0004 0400     		.2byte	0x4
 183 0006 00000000 		.4byte	.Ldebug_abbrev0
 184 000a 04       		.byte	0x4
 185 000b 01       		.uleb128 0x1
 186 000c 06000000 		.4byte	.LASF22
ARM GAS  C:\Users\syhaines\AppData\Local\Temp\cchO7B6f.s 			page 7


 187 0010 01       		.byte	0x1
 188 0011 12010000 		.4byte	.LASF23
 189 0015 9A000000 		.4byte	.LASF24
 190 0019 00000000 		.4byte	.Ldebug_ranges0+0
 191 001d 00000000 		.4byte	0
 192 0021 00000000 		.4byte	.Ldebug_line0
 193 0025 02       		.uleb128 0x2
 194 0026 01       		.byte	0x1
 195 0027 06       		.byte	0x6
 196 0028 00020000 		.4byte	.LASF0
 197 002c 02       		.uleb128 0x2
 198 002d 01       		.byte	0x1
 199 002e 08       		.byte	0x8
 200 002f D9000000 		.4byte	.LASF1
 201 0033 02       		.uleb128 0x2
 202 0034 02       		.byte	0x2
 203 0035 05       		.byte	0x5
 204 0036 DA010000 		.4byte	.LASF2
 205 003a 02       		.uleb128 0x2
 206 003b 02       		.byte	0x2
 207 003c 07       		.byte	0x7
 208 003d FF000000 		.4byte	.LASF3
 209 0041 02       		.uleb128 0x2
 210 0042 04       		.byte	0x4
 211 0043 05       		.byte	0x5
 212 0044 F7010000 		.4byte	.LASF4
 213 0048 02       		.uleb128 0x2
 214 0049 04       		.byte	0x4
 215 004a 07       		.byte	0x7
 216 004b ED000000 		.4byte	.LASF5
 217 004f 02       		.uleb128 0x2
 218 0050 08       		.byte	0x8
 219 0051 05       		.byte	0x5
 220 0052 AC010000 		.4byte	.LASF6
 221 0056 02       		.uleb128 0x2
 222 0057 08       		.byte	0x8
 223 0058 07       		.byte	0x7
 224 0059 7C010000 		.4byte	.LASF7
 225 005d 03       		.uleb128 0x3
 226 005e 04       		.byte	0x4
 227 005f 05       		.byte	0x5
 228 0060 696E7400 		.ascii	"int\000"
 229 0064 02       		.uleb128 0x2
 230 0065 04       		.byte	0x4
 231 0066 07       		.byte	0x7
 232 0067 6F010000 		.4byte	.LASF8
 233 006b 04       		.uleb128 0x4
 234 006c F1010000 		.4byte	.LASF9
 235 0070 02       		.byte	0x2
 236 0071 A1       		.byte	0xa1
 237 0072 2C000000 		.4byte	0x2c
 238 0076 04       		.uleb128 0x4
 239 0077 68010000 		.4byte	.LASF10
 240 007b 02       		.byte	0x2
 241 007c A3       		.byte	0xa3
 242 007d 48000000 		.4byte	0x48
 243 0081 02       		.uleb128 0x2
ARM GAS  C:\Users\syhaines\AppData\Local\Temp\cchO7B6f.s 			page 8


 244 0082 04       		.byte	0x4
 245 0083 04       		.byte	0x4
 246 0084 D3000000 		.4byte	.LASF11
 247 0088 02       		.uleb128 0x2
 248 0089 08       		.byte	0x8
 249 008a 04       		.byte	0x4
 250 008b 35010000 		.4byte	.LASF12
 251 008f 02       		.uleb128 0x2
 252 0090 01       		.byte	0x1
 253 0091 08       		.byte	0x8
 254 0092 C7010000 		.4byte	.LASF13
 255 0096 05       		.uleb128 0x5
 256 0097 00000000 		.4byte	.LASF14
 257 009b 02       		.byte	0x2
 258 009c 4D01     		.2byte	0x14d
 259 009e A2000000 		.4byte	0xa2
 260 00a2 06       		.uleb128 0x6
 261 00a3 76000000 		.4byte	0x76
 262 00a7 07       		.uleb128 0x7
 263 00a8 CC010000 		.4byte	.LASF15
 264 00ac 01       		.byte	0x1
 265 00ad 2A       		.byte	0x2a
 266 00ae 00000000 		.4byte	.LFB0
 267 00b2 18000000 		.4byte	.LFE0-.LFB0
 268 00b6 01       		.uleb128 0x1
 269 00b7 9C       		.byte	0x9c
 270 00b8 D7000000 		.4byte	0xd7
 271 00bc 08       		.uleb128 0x8
 272 00bd 94000000 		.4byte	.LASF17
 273 00c1 01       		.byte	0x1
 274 00c2 2A       		.byte	0x2a
 275 00c3 6B000000 		.4byte	0x6b
 276 00c7 00000000 		.4byte	.LLST0
 277 00cb 09       		.uleb128 0x9
 278 00cc E7000000 		.4byte	.LASF25
 279 00d0 01       		.byte	0x1
 280 00d1 2C       		.byte	0x2c
 281 00d2 6B000000 		.4byte	0x6b
 282 00d6 00       		.byte	0
 283 00d7 07       		.uleb128 0x7
 284 00d8 53010000 		.4byte	.LASF16
 285 00dc 01       		.byte	0x1
 286 00dd 49       		.byte	0x49
 287 00de 00000000 		.4byte	.LFB1
 288 00e2 14000000 		.4byte	.LFE1-.LFB1
 289 00e6 01       		.uleb128 0x1
 290 00e7 9C       		.byte	0x9c
 291 00e8 FC000000 		.4byte	0xfc
 292 00ec 08       		.uleb128 0x8
 293 00ed 93010000 		.4byte	.LASF18
 294 00f1 01       		.byte	0x1
 295 00f2 49       		.byte	0x49
 296 00f3 6B000000 		.4byte	0x6b
 297 00f7 21000000 		.4byte	.LLST1
 298 00fb 00       		.byte	0
 299 00fc 0A       		.uleb128 0xa
 300 00fd E4010000 		.4byte	.LASF19
ARM GAS  C:\Users\syhaines\AppData\Local\Temp\cchO7B6f.s 			page 9


 301 0101 01       		.byte	0x1
 302 0102 61       		.byte	0x61
 303 0103 6B000000 		.4byte	0x6b
 304 0107 00000000 		.4byte	.LFB2
 305 010b 10000000 		.4byte	.LFE2-.LFB2
 306 010f 01       		.uleb128 0x1
 307 0110 9C       		.byte	0x9c
 308 0111 0A       		.uleb128 0xa
 309 0112 98010000 		.4byte	.LASF20
 310 0116 01       		.byte	0x1
 311 0117 75       		.byte	0x75
 312 0118 6B000000 		.4byte	0x6b
 313 011c 00000000 		.4byte	.LFB3
 314 0120 10000000 		.4byte	.LFE3-.LFB3
 315 0124 01       		.uleb128 0x1
 316 0125 9C       		.byte	0x9c
 317 0126 0B       		.uleb128 0xb
 318 0127 3C010000 		.4byte	.LASF21
 319 012b 01       		.byte	0x1
 320 012c 8D       		.byte	0x8d
 321 012d 6B000000 		.4byte	0x6b
 322 0131 00000000 		.4byte	.LFB4
 323 0135 14000000 		.4byte	.LFE4-.LFB4
 324 0139 01       		.uleb128 0x1
 325 013a 9C       		.byte	0x9c
 326 013b 0C       		.uleb128 0xc
 327 013c BA010000 		.4byte	.LASF26
 328 0140 01       		.byte	0x1
 329 0141 8F       		.byte	0x8f
 330 0142 6B000000 		.4byte	0x6b
 331 0146 42000000 		.4byte	.LLST2
 332 014a 00       		.byte	0
 333 014b 00       		.byte	0
 334              		.section	.debug_abbrev,"",%progbits
 335              	.Ldebug_abbrev0:
 336 0000 01       		.uleb128 0x1
 337 0001 11       		.uleb128 0x11
 338 0002 01       		.byte	0x1
 339 0003 25       		.uleb128 0x25
 340 0004 0E       		.uleb128 0xe
 341 0005 13       		.uleb128 0x13
 342 0006 0B       		.uleb128 0xb
 343 0007 03       		.uleb128 0x3
 344 0008 0E       		.uleb128 0xe
 345 0009 1B       		.uleb128 0x1b
 346 000a 0E       		.uleb128 0xe
 347 000b 55       		.uleb128 0x55
 348 000c 17       		.uleb128 0x17
 349 000d 11       		.uleb128 0x11
 350 000e 01       		.uleb128 0x1
 351 000f 10       		.uleb128 0x10
 352 0010 17       		.uleb128 0x17
 353 0011 00       		.byte	0
 354 0012 00       		.byte	0
 355 0013 02       		.uleb128 0x2
 356 0014 24       		.uleb128 0x24
 357 0015 00       		.byte	0
ARM GAS  C:\Users\syhaines\AppData\Local\Temp\cchO7B6f.s 			page 10


 358 0016 0B       		.uleb128 0xb
 359 0017 0B       		.uleb128 0xb
 360 0018 3E       		.uleb128 0x3e
 361 0019 0B       		.uleb128 0xb
 362 001a 03       		.uleb128 0x3
 363 001b 0E       		.uleb128 0xe
 364 001c 00       		.byte	0
 365 001d 00       		.byte	0
 366 001e 03       		.uleb128 0x3
 367 001f 24       		.uleb128 0x24
 368 0020 00       		.byte	0
 369 0021 0B       		.uleb128 0xb
 370 0022 0B       		.uleb128 0xb
 371 0023 3E       		.uleb128 0x3e
 372 0024 0B       		.uleb128 0xb
 373 0025 03       		.uleb128 0x3
 374 0026 08       		.uleb128 0x8
 375 0027 00       		.byte	0
 376 0028 00       		.byte	0
 377 0029 04       		.uleb128 0x4
 378 002a 16       		.uleb128 0x16
 379 002b 00       		.byte	0
 380 002c 03       		.uleb128 0x3
 381 002d 0E       		.uleb128 0xe
 382 002e 3A       		.uleb128 0x3a
 383 002f 0B       		.uleb128 0xb
 384 0030 3B       		.uleb128 0x3b
 385 0031 0B       		.uleb128 0xb
 386 0032 49       		.uleb128 0x49
 387 0033 13       		.uleb128 0x13
 388 0034 00       		.byte	0
 389 0035 00       		.byte	0
 390 0036 05       		.uleb128 0x5
 391 0037 16       		.uleb128 0x16
 392 0038 00       		.byte	0
 393 0039 03       		.uleb128 0x3
 394 003a 0E       		.uleb128 0xe
 395 003b 3A       		.uleb128 0x3a
 396 003c 0B       		.uleb128 0xb
 397 003d 3B       		.uleb128 0x3b
 398 003e 05       		.uleb128 0x5
 399 003f 49       		.uleb128 0x49
 400 0040 13       		.uleb128 0x13
 401 0041 00       		.byte	0
 402 0042 00       		.byte	0
 403 0043 06       		.uleb128 0x6
 404 0044 35       		.uleb128 0x35
 405 0045 00       		.byte	0
 406 0046 49       		.uleb128 0x49
 407 0047 13       		.uleb128 0x13
 408 0048 00       		.byte	0
 409 0049 00       		.byte	0
 410 004a 07       		.uleb128 0x7
 411 004b 2E       		.uleb128 0x2e
 412 004c 01       		.byte	0x1
 413 004d 3F       		.uleb128 0x3f
 414 004e 19       		.uleb128 0x19
ARM GAS  C:\Users\syhaines\AppData\Local\Temp\cchO7B6f.s 			page 11


 415 004f 03       		.uleb128 0x3
 416 0050 0E       		.uleb128 0xe
 417 0051 3A       		.uleb128 0x3a
 418 0052 0B       		.uleb128 0xb
 419 0053 3B       		.uleb128 0x3b
 420 0054 0B       		.uleb128 0xb
 421 0055 27       		.uleb128 0x27
 422 0056 19       		.uleb128 0x19
 423 0057 11       		.uleb128 0x11
 424 0058 01       		.uleb128 0x1
 425 0059 12       		.uleb128 0x12
 426 005a 06       		.uleb128 0x6
 427 005b 40       		.uleb128 0x40
 428 005c 18       		.uleb128 0x18
 429 005d 9742     		.uleb128 0x2117
 430 005f 19       		.uleb128 0x19
 431 0060 01       		.uleb128 0x1
 432 0061 13       		.uleb128 0x13
 433 0062 00       		.byte	0
 434 0063 00       		.byte	0
 435 0064 08       		.uleb128 0x8
 436 0065 05       		.uleb128 0x5
 437 0066 00       		.byte	0
 438 0067 03       		.uleb128 0x3
 439 0068 0E       		.uleb128 0xe
 440 0069 3A       		.uleb128 0x3a
 441 006a 0B       		.uleb128 0xb
 442 006b 3B       		.uleb128 0x3b
 443 006c 0B       		.uleb128 0xb
 444 006d 49       		.uleb128 0x49
 445 006e 13       		.uleb128 0x13
 446 006f 02       		.uleb128 0x2
 447 0070 17       		.uleb128 0x17
 448 0071 00       		.byte	0
 449 0072 00       		.byte	0
 450 0073 09       		.uleb128 0x9
 451 0074 34       		.uleb128 0x34
 452 0075 00       		.byte	0
 453 0076 03       		.uleb128 0x3
 454 0077 0E       		.uleb128 0xe
 455 0078 3A       		.uleb128 0x3a
 456 0079 0B       		.uleb128 0xb
 457 007a 3B       		.uleb128 0x3b
 458 007b 0B       		.uleb128 0xb
 459 007c 49       		.uleb128 0x49
 460 007d 13       		.uleb128 0x13
 461 007e 00       		.byte	0
 462 007f 00       		.byte	0
 463 0080 0A       		.uleb128 0xa
 464 0081 2E       		.uleb128 0x2e
 465 0082 00       		.byte	0
 466 0083 3F       		.uleb128 0x3f
 467 0084 19       		.uleb128 0x19
 468 0085 03       		.uleb128 0x3
 469 0086 0E       		.uleb128 0xe
 470 0087 3A       		.uleb128 0x3a
 471 0088 0B       		.uleb128 0xb
ARM GAS  C:\Users\syhaines\AppData\Local\Temp\cchO7B6f.s 			page 12


 472 0089 3B       		.uleb128 0x3b
 473 008a 0B       		.uleb128 0xb
 474 008b 27       		.uleb128 0x27
 475 008c 19       		.uleb128 0x19
 476 008d 49       		.uleb128 0x49
 477 008e 13       		.uleb128 0x13
 478 008f 11       		.uleb128 0x11
 479 0090 01       		.uleb128 0x1
 480 0091 12       		.uleb128 0x12
 481 0092 06       		.uleb128 0x6
 482 0093 40       		.uleb128 0x40
 483 0094 18       		.uleb128 0x18
 484 0095 9742     		.uleb128 0x2117
 485 0097 19       		.uleb128 0x19
 486 0098 00       		.byte	0
 487 0099 00       		.byte	0
 488 009a 0B       		.uleb128 0xb
 489 009b 2E       		.uleb128 0x2e
 490 009c 01       		.byte	0x1
 491 009d 3F       		.uleb128 0x3f
 492 009e 19       		.uleb128 0x19
 493 009f 03       		.uleb128 0x3
 494 00a0 0E       		.uleb128 0xe
 495 00a1 3A       		.uleb128 0x3a
 496 00a2 0B       		.uleb128 0xb
 497 00a3 3B       		.uleb128 0x3b
 498 00a4 0B       		.uleb128 0xb
 499 00a5 27       		.uleb128 0x27
 500 00a6 19       		.uleb128 0x19
 501 00a7 49       		.uleb128 0x49
 502 00a8 13       		.uleb128 0x13
 503 00a9 11       		.uleb128 0x11
 504 00aa 01       		.uleb128 0x1
 505 00ab 12       		.uleb128 0x12
 506 00ac 06       		.uleb128 0x6
 507 00ad 40       		.uleb128 0x40
 508 00ae 18       		.uleb128 0x18
 509 00af 9742     		.uleb128 0x2117
 510 00b1 19       		.uleb128 0x19
 511 00b2 00       		.byte	0
 512 00b3 00       		.byte	0
 513 00b4 0C       		.uleb128 0xc
 514 00b5 34       		.uleb128 0x34
 515 00b6 00       		.byte	0
 516 00b7 03       		.uleb128 0x3
 517 00b8 0E       		.uleb128 0xe
 518 00b9 3A       		.uleb128 0x3a
 519 00ba 0B       		.uleb128 0xb
 520 00bb 3B       		.uleb128 0x3b
 521 00bc 0B       		.uleb128 0xb
 522 00bd 49       		.uleb128 0x49
 523 00be 13       		.uleb128 0x13
 524 00bf 02       		.uleb128 0x2
 525 00c0 17       		.uleb128 0x17
 526 00c1 00       		.byte	0
 527 00c2 00       		.byte	0
 528 00c3 00       		.byte	0
ARM GAS  C:\Users\syhaines\AppData\Local\Temp\cchO7B6f.s 			page 13


 529              		.section	.debug_loc,"",%progbits
 530              	.Ldebug_loc0:
 531              	.LLST0:
 532 0000 00000000 		.4byte	.LVL0
 533 0004 06000000 		.4byte	.LVL1
 534 0008 0100     		.2byte	0x1
 535 000a 50       		.byte	0x50
 536 000b 06000000 		.4byte	.LVL1
 537 000f 18000000 		.4byte	.LFE0
 538 0013 0400     		.2byte	0x4
 539 0015 F3       		.byte	0xf3
 540 0016 01       		.uleb128 0x1
 541 0017 50       		.byte	0x50
 542 0018 9F       		.byte	0x9f
 543 0019 00000000 		.4byte	0
 544 001d 00000000 		.4byte	0
 545              	.LLST1:
 546 0021 00000000 		.4byte	.LVL2
 547 0025 06000000 		.4byte	.LVL3
 548 0029 0100     		.2byte	0x1
 549 002b 50       		.byte	0x50
 550 002c 06000000 		.4byte	.LVL3
 551 0030 14000000 		.4byte	.LFE1
 552 0034 0400     		.2byte	0x4
 553 0036 F3       		.byte	0xf3
 554 0037 01       		.uleb128 0x1
 555 0038 50       		.byte	0x50
 556 0039 9F       		.byte	0x9f
 557 003a 00000000 		.4byte	0
 558 003e 00000000 		.4byte	0
 559              	.LLST2:
 560 0042 08000000 		.4byte	.LVL4
 561 0046 0C000000 		.4byte	.LVL5
 562 004a 0100     		.2byte	0x1
 563 004c 50       		.byte	0x50
 564 004d 0C000000 		.4byte	.LVL5
 565 0051 14000000 		.4byte	.LFE4
 566 0055 0400     		.2byte	0x4
 567 0057 72       		.byte	0x72
 568 0058 00       		.sleb128 0
 569 0059 06       		.byte	0x6
 570 005a 9F       		.byte	0x9f
 571 005b 00000000 		.4byte	0
 572 005f 00000000 		.4byte	0
 573              		.section	.debug_aranges,"",%progbits
 574 0000 3C000000 		.4byte	0x3c
 575 0004 0200     		.2byte	0x2
 576 0006 00000000 		.4byte	.Ldebug_info0
 577 000a 04       		.byte	0x4
 578 000b 00       		.byte	0
 579 000c 0000     		.2byte	0
 580 000e 0000     		.2byte	0
 581 0010 00000000 		.4byte	.LFB0
 582 0014 18000000 		.4byte	.LFE0-.LFB0
 583 0018 00000000 		.4byte	.LFB1
 584 001c 14000000 		.4byte	.LFE1-.LFB1
 585 0020 00000000 		.4byte	.LFB2
ARM GAS  C:\Users\syhaines\AppData\Local\Temp\cchO7B6f.s 			page 14


 586 0024 10000000 		.4byte	.LFE2-.LFB2
 587 0028 00000000 		.4byte	.LFB3
 588 002c 10000000 		.4byte	.LFE3-.LFB3
 589 0030 00000000 		.4byte	.LFB4
 590 0034 14000000 		.4byte	.LFE4-.LFB4
 591 0038 00000000 		.4byte	0
 592 003c 00000000 		.4byte	0
 593              		.section	.debug_ranges,"",%progbits
 594              	.Ldebug_ranges0:
 595 0000 00000000 		.4byte	.LFB0
 596 0004 18000000 		.4byte	.LFE0
 597 0008 00000000 		.4byte	.LFB1
 598 000c 14000000 		.4byte	.LFE1
 599 0010 00000000 		.4byte	.LFB2
 600 0014 10000000 		.4byte	.LFE2
 601 0018 00000000 		.4byte	.LFB3
 602 001c 10000000 		.4byte	.LFE3
 603 0020 00000000 		.4byte	.LFB4
 604 0024 14000000 		.4byte	.LFE4
 605 0028 00000000 		.4byte	0
 606 002c 00000000 		.4byte	0
 607              		.section	.debug_line,"",%progbits
 608              	.Ldebug_line0:
 609 0000 B5000000 		.section	.debug_str,"MS",%progbits,1
 609      02004600 
 609      00000201 
 609      FB0E0D00 
 609      01010101 
 610              	.LASF14:
 611 0000 72656733 		.ascii	"reg32\000"
 611      3200
 612              	.LASF22:
 613 0006 474E5520 		.ascii	"GNU C 4.9.3 20150303 (release) [ARM/embedded-4_9-br"
 613      4320342E 
 613      392E3320 
 613      32303135 
 613      30333033 
 614 0039 616E6368 		.ascii	"anch revision 221220] -mcpu=cortex-m0 -mthumb -g -O"
 614      20726576 
 614      6973696F 
 614      6E203232 
 614      31323230 
 615 006c 73202D66 		.ascii	"s -ffunction-sections -ffat-lto-objects\000"
 615      66756E63 
 615      74696F6E 
 615      2D736563 
 615      74696F6E 
 616              	.LASF17:
 617 0094 76616C75 		.ascii	"value\000"
 617      6500
 618              	.LASF24:
 619 009a 433A5C4C 		.ascii	"C:\\Legrand\\Dimmers\\A4W sofTap and Touch\\A4W_Sof"
 619      65677261 
 619      6E645C44 
 619      696D6D65 
 619      72735C41 
 620 00c9 7461702E 		.ascii	"tap.cydsn\000"
ARM GAS  C:\Users\syhaines\AppData\Local\Temp\cchO7B6f.s 			page 15


 620      63796473 
 620      6E00
 621              	.LASF11:
 622 00d3 666C6F61 		.ascii	"float\000"
 622      7400
 623              	.LASF1:
 624 00d9 756E7369 		.ascii	"unsigned char\000"
 624      676E6564 
 624      20636861 
 624      7200
 625              	.LASF25:
 626 00e7 64725661 		.ascii	"drVal\000"
 626      6C00
 627              	.LASF5:
 628 00ed 6C6F6E67 		.ascii	"long unsigned int\000"
 628      20756E73 
 628      69676E65 
 628      6420696E 
 628      7400
 629              	.LASF3:
 630 00ff 73686F72 		.ascii	"short unsigned int\000"
 630      7420756E 
 630      7369676E 
 630      65642069 
 630      6E7400
 631              	.LASF23:
 632 0112 2E5C4765 		.ascii	".\\Generated_Source\\PSoC4\\CC_Ctrl.c\000"
 632      6E657261 
 632      7465645F 
 632      536F7572 
 632      63655C50 
 633              	.LASF12:
 634 0135 646F7562 		.ascii	"double\000"
 634      6C6500
 635              	.LASF21:
 636 013c 43435F43 		.ascii	"CC_Ctrl_ClearInterrupt\000"
 636      74726C5F 
 636      436C6561 
 636      72496E74 
 636      65727275 
 637              	.LASF16:
 638 0153 43435F43 		.ascii	"CC_Ctrl_SetDriveMode\000"
 638      74726C5F 
 638      53657444 
 638      72697665 
 638      4D6F6465 
 639              	.LASF10:
 640 0168 75696E74 		.ascii	"uint32\000"
 640      333200
 641              	.LASF8:
 642 016f 756E7369 		.ascii	"unsigned int\000"
 642      676E6564 
 642      20696E74 
 642      00
 643              	.LASF7:
 644 017c 6C6F6E67 		.ascii	"long long unsigned int\000"
 644      206C6F6E 
ARM GAS  C:\Users\syhaines\AppData\Local\Temp\cchO7B6f.s 			page 16


 644      6720756E 
 644      7369676E 
 644      65642069 
 645              	.LASF18:
 646 0193 6D6F6465 		.ascii	"mode\000"
 646      00
 647              	.LASF20:
 648 0198 43435F43 		.ascii	"CC_Ctrl_ReadDataReg\000"
 648      74726C5F 
 648      52656164 
 648      44617461 
 648      52656700 
 649              	.LASF6:
 650 01ac 6C6F6E67 		.ascii	"long long int\000"
 650      206C6F6E 
 650      6720696E 
 650      7400
 651              	.LASF26:
 652 01ba 6D61736B 		.ascii	"maskedStatus\000"
 652      65645374 
 652      61747573 
 652      00
 653              	.LASF13:
 654 01c7 63686172 		.ascii	"char\000"
 654      00
 655              	.LASF15:
 656 01cc 43435F43 		.ascii	"CC_Ctrl_Write\000"
 656      74726C5F 
 656      57726974 
 656      6500
 657              	.LASF2:
 658 01da 73686F72 		.ascii	"short int\000"
 658      7420696E 
 658      7400
 659              	.LASF19:
 660 01e4 43435F43 		.ascii	"CC_Ctrl_Read\000"
 660      74726C5F 
 660      52656164 
 660      00
 661              	.LASF9:
 662 01f1 75696E74 		.ascii	"uint8\000"
 662      3800
 663              	.LASF4:
 664 01f7 6C6F6E67 		.ascii	"long int\000"
 664      20696E74 
 664      00
 665              	.LASF0:
 666 0200 7369676E 		.ascii	"signed char\000"
 666      65642063 
 666      68617200 
 667              		.ident	"GCC: (GNU Tools for ARM Embedded Processors) 4.9.3 20150303 (release) [ARM/embedded-4_9-br
