ARM GAS  C:\Users\syhaines\AppData\Local\Temp\ccuBhfqc.s 			page 1


   1              		.cpu cortex-m0
   2              		.fpu softvfp
   3              		.eabi_attribute 20, 1
   4              		.eabi_attribute 21, 1
   5              		.eabi_attribute 23, 3
   6              		.eabi_attribute 24, 1
   7              		.eabi_attribute 25, 1
   8              		.eabi_attribute 26, 1
   9              		.eabi_attribute 30, 4
  10              		.eabi_attribute 34, 0
  11              		.eabi_attribute 18, 4
  12              		.code	16
  13              		.file	"pushbutton.c"
  14              		.text
  15              	.Ltext0:
  16              		.cfi_sections	.debug_frame
  17              		.section	.text.init_pb_status,"ax",%progbits
  18              		.align	1
  19              		.global	init_pb_status
  20              		.code	16
  21              		.thumb_func
  22              		.type	init_pb_status, %function
  23              	init_pb_status:
  24              	.LFB33:
  25              		.file 1 ".\\User_Source\\pushbutton.c"
   1:.\User_Source/pushbutton.c **** 
   2:.\User_Source/pushbutton.c **** /*----------------------------------------------------------------------------
   3:.\User_Source/pushbutton.c ****  *    ADORNE GEN 2 SOFTAP TRUE UNIVERSAL DIMMER
   4:.\User_Source/pushbutton.c ****  *----------------------------------------------------------------------------
   5:.\User_Source/pushbutton.c ****  *    File Name:     pushbutton.c
   6:.\User_Source/pushbutton.c ****  *    Description:   Pushbutton functions
   7:.\User_Source/pushbutton.c ****  *----------------------------------------------------------------------------
   8:.\User_Source/pushbutton.c ****  *    Notes:
   9:.\User_Source/pushbutton.c ****  *    1. 
  10:.\User_Source/pushbutton.c ****  *----------------------------------------------------------------------------
  11:.\User_Source/pushbutton.c ****  *    This code is the property of P&S Division of Legrand Corporation.
  12:.\User_Source/pushbutton.c ****  *    Copyright (c) 2012-2014 Legrand Corp. All rights reserved.
  13:.\User_Source/pushbutton.c ****  *---------------------------------------------------------------------------*/
  14:.\User_Source/pushbutton.c **** #include "user_main.h"
  15:.\User_Source/pushbutton.c **** #include "project.h"
  16:.\User_Source/pushbutton.c **** #include "CY8C4124.h"
  17:.\User_Source/pushbutton.c ****   
  18:.\User_Source/pushbutton.c **** /*----------------------------------------------------------------------------
  19:.\User_Source/pushbutton.c ****  *    Public Functions
  20:.\User_Source/pushbutton.c ****  *---------------------------------------------------------------------------*/     
  21:.\User_Source/pushbutton.c **** /*----------------------------------------------------------------------------
  22:.\User_Source/pushbutton.c ****  *    init_pb_status() - clears global pushbutton status structures
  23:.\User_Source/pushbutton.c ****  *---------------------------------------------------------------------------*/      
  24:.\User_Source/pushbutton.c **** void init_pb_status(void)
  25:.\User_Source/pushbutton.c **** {
  26              		.loc 1 25 0
  27              		.cfi_startproc
  28 0000 70B5     		push	{r4, r5, r6, lr}
  29              		.cfi_def_cfa_offset 16
  30              		.cfi_offset 4, -16
  31              		.cfi_offset 5, -12
  32              		.cfi_offset 6, -8
ARM GAS  C:\Users\syhaines\AppData\Local\Temp\ccuBhfqc.s 			page 2


  33              		.cfi_offset 14, -4
  26:.\User_Source/pushbutton.c ****    PB_Status[PB_MAIN].switched_on = 0;
  34              		.loc 1 26 0
  35 0002 0126     		mov	r6, #1
  27:.\User_Source/pushbutton.c ****    PB_Status[PB_MAIN].held_on = 0;
  36              		.loc 1 27 0
  37 0004 0225     		mov	r5, #2
  28:.\User_Source/pushbutton.c ****    PB_Status[PB_MAIN].switched_off = 0;
  38              		.loc 1 28 0
  39 0006 0424     		mov	r4, #4
  29:.\User_Source/pushbutton.c ****    PB_Status[PB_MAIN].held_off = 1;
  40              		.loc 1 29 0
  41 0008 0820     		mov	r0, #8
  26:.\User_Source/pushbutton.c ****    PB_Status[PB_MAIN].held_on = 0;
  42              		.loc 1 26 0
  43 000a 0A49     		ldr	r1, .L2
  30:.\User_Source/pushbutton.c ****    PB_Status[PB_UP].switched_on = 0;
  31:.\User_Source/pushbutton.c ****    PB_Status[PB_UP].held_on = 0;
  32:.\User_Source/pushbutton.c ****    PB_Status[PB_UP].switched_off = 0;
  33:.\User_Source/pushbutton.c ****    PB_Status[PB_UP].held_off = 1;
  34:.\User_Source/pushbutton.c ****    PB_Status[PB_DOWN].switched_on = 0;
  35:.\User_Source/pushbutton.c ****    PB_Status[PB_DOWN].held_on = 0;
  36:.\User_Source/pushbutton.c ****    PB_Status[PB_DOWN].switched_off = 0;
  37:.\User_Source/pushbutton.c ****    PB_Status[PB_DOWN].held_off = 1;
  38:.\User_Source/pushbutton.c **** }
  44              		.loc 1 38 0
  45              		@ sp needed
  26:.\User_Source/pushbutton.c ****    PB_Status[PB_MAIN].held_on = 0;
  46              		.loc 1 26 0
  47 000c 0B78     		ldrb	r3, [r1]
  30:.\User_Source/pushbutton.c ****    PB_Status[PB_UP].switched_on = 0;
  48              		.loc 1 30 0
  49 000e 4A78     		ldrb	r2, [r1, #1]
  27:.\User_Source/pushbutton.c ****    PB_Status[PB_MAIN].switched_off = 0;
  50              		.loc 1 27 0
  51 0010 B343     		bic	r3, r6
  28:.\User_Source/pushbutton.c ****    PB_Status[PB_MAIN].held_off = 1;
  52              		.loc 1 28 0
  53 0012 AB43     		bic	r3, r5
  29:.\User_Source/pushbutton.c ****    PB_Status[PB_UP].switched_on = 0;
  54              		.loc 1 29 0
  55 0014 A343     		bic	r3, r4
  56 0016 0343     		orr	r3, r0
  57 0018 0B70     		strb	r3, [r1]
  34:.\User_Source/pushbutton.c ****    PB_Status[PB_DOWN].held_on = 0;
  58              		.loc 1 34 0
  59 001a 8B78     		ldrb	r3, [r1, #2]
  31:.\User_Source/pushbutton.c ****    PB_Status[PB_UP].switched_off = 0;
  60              		.loc 1 31 0
  61 001c B243     		bic	r2, r6
  35:.\User_Source/pushbutton.c ****    PB_Status[PB_DOWN].switched_off = 0;
  62              		.loc 1 35 0
  63 001e B343     		bic	r3, r6
  32:.\User_Source/pushbutton.c ****    PB_Status[PB_UP].held_off = 1;
  64              		.loc 1 32 0
  65 0020 AA43     		bic	r2, r5
  36:.\User_Source/pushbutton.c ****    PB_Status[PB_DOWN].held_off = 1;
ARM GAS  C:\Users\syhaines\AppData\Local\Temp\ccuBhfqc.s 			page 3


  66              		.loc 1 36 0
  67 0022 AB43     		bic	r3, r5
  33:.\User_Source/pushbutton.c ****    PB_Status[PB_DOWN].switched_on = 0;
  68              		.loc 1 33 0
  69 0024 A243     		bic	r2, r4
  37:.\User_Source/pushbutton.c **** }
  70              		.loc 1 37 0
  71 0026 A343     		bic	r3, r4
  33:.\User_Source/pushbutton.c ****    PB_Status[PB_DOWN].switched_on = 0;
  72              		.loc 1 33 0
  73 0028 0243     		orr	r2, r0
  37:.\User_Source/pushbutton.c **** }
  74              		.loc 1 37 0
  75 002a 0343     		orr	r3, r0
  33:.\User_Source/pushbutton.c ****    PB_Status[PB_DOWN].switched_on = 0;
  76              		.loc 1 33 0
  77 002c 4A70     		strb	r2, [r1, #1]
  37:.\User_Source/pushbutton.c **** }
  78              		.loc 1 37 0
  79 002e 8B70     		strb	r3, [r1, #2]
  80              		.loc 1 38 0
  81 0030 70BD     		pop	{r4, r5, r6, pc}
  82              	.L3:
  83 0032 C046     		.align	2
  84              	.L2:
  85 0034 00000000 		.word	PB_Status
  86              		.cfi_endproc
  87              	.LFE33:
  88              		.size	init_pb_status, .-init_pb_status
  89              		.section	.text.read_pushbutton,"ax",%progbits
  90              		.align	1
  91              		.global	read_pushbutton
  92              		.code	16
  93              		.thumb_func
  94              		.type	read_pushbutton, %function
  95              	read_pushbutton:
  96              	.LFB34:
  39:.\User_Source/pushbutton.c **** 
  40:.\User_Source/pushbutton.c **** #if(SofTap == 0)
  41:.\User_Source/pushbutton.c **** /*----------------------------------------------------------------------------
  42:.\User_Source/pushbutton.c ****  *    init_ct_status() - initializes CapTouch status register
  43:.\User_Source/pushbutton.c ****  *---------------------------------------------------------------------------*/      
  44:.\User_Source/pushbutton.c **** void init_ct_status(void)
  45:.\User_Source/pushbutton.c **** {
  46:.\User_Source/pushbutton.c ****   CT_Status.ON_SWCPS = 1;           // init On/Off key to Not Active
  47:.\User_Source/pushbutton.c ****   CT_Status.UP_SWCPS = 1;           // init Up key to Not Active
  48:.\User_Source/pushbutton.c ****   CT_Status.DN_SWCPS = 1;           // init Down key to Not Active
  49:.\User_Source/pushbutton.c **** }
  50:.\User_Source/pushbutton.c **** #endif
  51:.\User_Source/pushbutton.c **** 
  52:.\User_Source/pushbutton.c **** /*----------------------------------------------------------------------------
  53:.\User_Source/pushbutton.c ****  *    read_pushbutton() - reads and debounces pushbutton, 
  54:.\User_Source/pushbutton.c ****  *       updates global status 
  55:.\User_Source/pushbutton.c ****  *---------------------------------------------------------------------------*/
  56:.\User_Source/pushbutton.c **** void read_pushbutton(uint8_t pb)
  57:.\User_Source/pushbutton.c **** {
  97              		.loc 1 57 0
ARM GAS  C:\Users\syhaines\AppData\Local\Temp\ccuBhfqc.s 			page 4


  98              		.cfi_startproc
  99              	.LVL0:
 100 0000 F8B5     		push	{r3, r4, r5, r6, r7, lr}
 101              		.cfi_def_cfa_offset 24
 102              		.cfi_offset 3, -24
 103              		.cfi_offset 4, -20
 104              		.cfi_offset 5, -16
 105              		.cfi_offset 6, -12
 106              		.cfi_offset 7, -8
 107              		.cfi_offset 14, -4
 108              		.loc 1 57 0
 109 0002 041E     		sub	r4, r0, #0
  58:.\User_Source/pushbutton.c ****    static uint8_t active_count[3] = {0,0,0};
  59:.\User_Source/pushbutton.c ****    static uint8_t inactive_count[3] = {0,0,0};
  60:.\User_Source/pushbutton.c ****    uint8_t pushbutton;   
  61:.\User_Source/pushbutton.c ****    uint8_t pb_switched_on;
  62:.\User_Source/pushbutton.c ****    uint8_t pb_held_down;
  63:.\User_Source/pushbutton.c ****    uint8_t pb_switched_off;
  64:.\User_Source/pushbutton.c ****    uint8_t pb_held_open;
  65:.\User_Source/pushbutton.c ****    
  66:.\User_Source/pushbutton.c ****    // read present switch position, and determine previous state, 
  67:.\User_Source/pushbutton.c **** #if(SofTap == 1)
  68:.\User_Source/pushbutton.c **** 
  69:.\User_Source/pushbutton.c ****    switch (pb)
 110              		.loc 1 69 0
 111 0004 012C     		cmp	r4, #1
 112 0006 09D0     		beq	.L6
 113 0008 0028     		cmp	r0, #0
 114 000a 04D0     		beq	.L7
 115 000c 0228     		cmp	r0, #2
 116 000e 08D1     		bne	.L5
  70:.\User_Source/pushbutton.c ****    { 
  71:.\User_Source/pushbutton.c ****       case PB_MAIN:
  72:.\User_Source/pushbutton.c ****          pushbutton = SW_Main_Read();  
  73:.\User_Source/pushbutton.c ****          break;  
  74:.\User_Source/pushbutton.c ****       case PB_UP:
  75:.\User_Source/pushbutton.c ****          pushbutton = SW_Plus_Read(); 
  76:.\User_Source/pushbutton.c ****          break;
  77:.\User_Source/pushbutton.c ****       case PB_DOWN:
  78:.\User_Source/pushbutton.c ****          pushbutton = SW_Minus_Read(); 
 117              		.loc 1 78 0
 118 0010 FFF7FEFF 		bl	SW_Minus_Read
 119              	.LVL1:
 120 0014 04E0     		b	.L23
 121              	.LVL2:
 122              	.L7:
  72:.\User_Source/pushbutton.c ****          break;  
 123              		.loc 1 72 0
 124 0016 FFF7FEFF 		bl	SW_Main_Read
 125              	.LVL3:
 126 001a 01E0     		b	.L23
 127              	.LVL4:
 128              	.L6:
  75:.\User_Source/pushbutton.c ****          break;
 129              		.loc 1 75 0
 130 001c FFF7FEFF 		bl	SW_Plus_Read
 131              	.LVL5:
ARM GAS  C:\Users\syhaines\AppData\Local\Temp\ccuBhfqc.s 			page 5


 132              	.L23:
 133              		.loc 1 78 0
 134 0020 071C     		mov	r7, r0
 135              	.LVL6:
 136              	.L5:
  79:.\User_Source/pushbutton.c ****          break;  
  80:.\User_Source/pushbutton.c ****    } 
  81:.\User_Source/pushbutton.c **** #else
  82:.\User_Source/pushbutton.c ****    switch (pb)
  83:.\User_Source/pushbutton.c ****    { 
  84:.\User_Source/pushbutton.c ****       case PB_MAIN:
  85:.\User_Source/pushbutton.c ****          pushbutton = CT_Status.ON_SWCPS;
  86:.\User_Source/pushbutton.c ****          break;  
  87:.\User_Source/pushbutton.c ****       case PB_UP:
  88:.\User_Source/pushbutton.c ****          pushbutton = CT_Status.UP_SWCPS;
  89:.\User_Source/pushbutton.c ****          break;
  90:.\User_Source/pushbutton.c ****       case PB_DOWN:
  91:.\User_Source/pushbutton.c ****          pushbutton = CT_Status.DN_SWCPS;
  92:.\User_Source/pushbutton.c ****          break;  
  93:.\User_Source/pushbutton.c ****    }      
  94:.\User_Source/pushbutton.c **** #endif
  95:.\User_Source/pushbutton.c **** 
  96:.\User_Source/pushbutton.c **** 
  97:.\User_Source/pushbutton.c **** 
  98:.\User_Source/pushbutton.c **** 
  99:.\User_Source/pushbutton.c ****    // had problem debugging bit variables, led to awkward coding style 
 100:.\User_Source/pushbutton.c ****    if(PB_Status[pb].switched_on) pb_switched_on = 1;
 137              		.loc 1 100 0
 138 0022 2048     		ldr	r0, .L28
 139 0024 035D     		ldrb	r3, [r0, r4]
 140 0026 D907     		lsl	r1, r3, #31
 101:.\User_Source/pushbutton.c ****    else pb_switched_on = 0;
 102:.\User_Source/pushbutton.c ****    if(PB_Status[pb].held_on) pb_held_down = 1;
 141              		.loc 1 102 0
 142 0028 9A07     		lsl	r2, r3, #30
 143 002a D20F     		lsr	r2, r2, #31
 100:.\User_Source/pushbutton.c ****    else pb_switched_on = 0;
 144              		.loc 1 100 0
 145 002c C90F     		lsr	r1, r1, #31
 103:.\User_Source/pushbutton.c ****    else pb_held_down = 0;
 104:.\User_Source/pushbutton.c ****    if(PB_Status[pb].switched_off) pb_switched_off = 1;
 146              		.loc 1 104 0
 147 002e 5D07     		lsl	r5, r3, #29
 105:.\User_Source/pushbutton.c ****    else pb_switched_off = 0;
 106:.\User_Source/pushbutton.c ****    if(PB_Status[pb].held_off) pb_held_open = 1;
 148              		.loc 1 106 0
 149 0030 1E07     		lsl	r6, r3, #28
 102:.\User_Source/pushbutton.c ****    else pb_held_down = 0;
 150              		.loc 1 102 0
 151 0032 9446     		mov	ip, r2
 100:.\User_Source/pushbutton.c ****    else pb_switched_on = 0;
 152              		.loc 1 100 0
 153 0034 C9B2     		uxtb	r1, r1
 154              	.LVL7:
 104:.\User_Source/pushbutton.c ****    else pb_switched_off = 0;
 155              		.loc 1 104 0
 156 0036 ED0F     		lsr	r5, r5, #31
ARM GAS  C:\Users\syhaines\AppData\Local\Temp\ccuBhfqc.s 			page 6


 157              	.LVL8:
 158              		.loc 1 106 0
 159 0038 F60F     		lsr	r6, r6, #31
 160              	.LVL9:
 161 003a 1B4A     		ldr	r2, .L28+4
 107:.\User_Source/pushbutton.c ****    else pb_held_open = 0;
 108:.\User_Source/pushbutton.c ****     
 109:.\User_Source/pushbutton.c ****    // implement debounce, and update global status 
 110:.\User_Source/pushbutton.c ****    if (pushbutton == SW_PRESSED)  
 162              		.loc 1 110 0
 163 003c 002F     		cmp	r7, #0
 164 003e 16D1     		bne	.L9
 111:.\User_Source/pushbutton.c ****    // active low pushbutton is pressed
 112:.\User_Source/pushbutton.c ****    {
 113:.\User_Source/pushbutton.c ****       active_count[pb] += 1;
 165              		.loc 1 113 0
 166 0040 155D     		ldrb	r5, [r2, r4]
 114:.\User_Source/pushbutton.c ****       inactive_count[pb] = 0;
 167              		.loc 1 114 0
 168 0042 D61C     		add	r6, r2, #3
 113:.\User_Source/pushbutton.c ****       inactive_count[pb] = 0;
 169              		.loc 1 113 0
 170 0044 0135     		add	r5, r5, #1
 171 0046 EDB2     		uxtb	r5, r5
 172 0048 1555     		strb	r5, [r2, r4]
 173              		.loc 1 114 0
 174 004a 3755     		strb	r7, [r6, r4]
 115:.\User_Source/pushbutton.c ****       //require successive pushbutton active readings to debounce
 116:.\User_Source/pushbutton.c ****       if (active_count[pb] >= pb_debounce_press)
 175              		.loc 1 116 0
 176 004c 042D     		cmp	r5, #4
 177 004e 27D9     		bls	.L4
 117:.\User_Source/pushbutton.c ****       {
 118:.\User_Source/pushbutton.c ****       // switch press debounce complete
 119:.\User_Source/pushbutton.c ****          // update status byte
 120:.\User_Source/pushbutton.c ****          if (pb_held_down == TRUE) return; // no change, still held down 
 178              		.loc 1 120 0
 179 0050 6546     		mov	r5, ip
 180 0052 012D     		cmp	r5, #1
 181 0054 24D0     		beq	.L4
 121:.\User_Source/pushbutton.c ****          else  if (pb_switched_on == TRUE) // change state to pb_held_down
 182              		.loc 1 121 0
 183 0056 0129     		cmp	r1, #1
 184 0058 03D1     		bne	.L13
 122:.\User_Source/pushbutton.c ****          {
 123:.\User_Source/pushbutton.c ****             PB_Status[pb].switched_on = CLEAR;
 124:.\User_Source/pushbutton.c ****             PB_Status[pb].held_on = SET;
 185              		.loc 1 124 0
 186 005a 8B43     		bic	r3, r1
 187              	.LVL10:
 188 005c 0131     		add	r1, r1, #1
 189              	.LVL11:
 190 005e 0B43     		orr	r3, r1
 191 0060 03E0     		b	.L24
 192              	.LVL12:
 193              	.L13:
 125:.\User_Source/pushbutton.c ****          }
ARM GAS  C:\Users\syhaines\AppData\Local\Temp\ccuBhfqc.s 			page 7


 126:.\User_Source/pushbutton.c ****          else  // change state to pb_switched_on
 127:.\User_Source/pushbutton.c ****          {
 128:.\User_Source/pushbutton.c ****             PB_Status[pb].switched_on = SET;
 129:.\User_Source/pushbutton.c ****             PB_Status[pb].switched_off = CLEAR;   
 194              		.loc 1 129 0
 195 0062 0121     		mov	r1, #1
 196              	.LVL13:
 197 0064 0B43     		orr	r3, r1
 198              	.LVL14:
 130:.\User_Source/pushbutton.c ****             PB_Status[pb].held_off = CLEAR;   
 199              		.loc 1 130 0
 200 0066 F231     		add	r1, r1, #242
 201 0068 0B40     		and	r3, r1
 202              	.L24:
 203 006a 0355     		strb	r3, [r0, r4]
 204              	.LVL15:
 205 006c 16E0     		b	.L26
 206              	.LVL16:
 207              	.L9:
 131:.\User_Source/pushbutton.c ****          }
 132:.\User_Source/pushbutton.c ****          active_count[pb] = pb_debounce_press;   // prevent wrapping             
 133:.\User_Source/pushbutton.c ****       }
 134:.\User_Source/pushbutton.c ****       // debounce complete  
 135:.\User_Source/pushbutton.c ****    } 
 136:.\User_Source/pushbutton.c ****    // switch press processing complete  
 137:.\User_Source/pushbutton.c ****    
 138:.\User_Source/pushbutton.c ****    else                 
 139:.\User_Source/pushbutton.c ****    // pushbutton is released
 140:.\User_Source/pushbutton.c ****    {
 141:.\User_Source/pushbutton.c ****       inactive_count[pb] += 1;
 208              		.loc 1 141 0
 209 006e D71C     		add	r7, r2, #3
 210              	.LVL17:
 211 0070 395D     		ldrb	r1, [r7, r4]
 212              	.LVL18:
 213 0072 0131     		add	r1, r1, #1
 214 0074 C9B2     		uxtb	r1, r1
 215 0076 3955     		strb	r1, [r7, r4]
 142:.\User_Source/pushbutton.c ****       active_count[pb] = 0;
 216              		.loc 1 142 0
 217 0078 0027     		mov	r7, #0
 218 007a 1755     		strb	r7, [r2, r4]
 143:.\User_Source/pushbutton.c ****       //require successive pushbutton inactive readings to debounce
 144:.\User_Source/pushbutton.c ****       if (inactive_count[pb] >= pb_debounce_release)
 219              		.loc 1 144 0
 220 007c 0429     		cmp	r1, #4
 221 007e 0FD9     		bls	.L4
 145:.\User_Source/pushbutton.c ****       {
 146:.\User_Source/pushbutton.c ****       // switch released debounce complete
 147:.\User_Source/pushbutton.c ****          // update status byte
 148:.\User_Source/pushbutton.c ****          if (pb_held_open == TRUE) return;   // no change, still held open 
 222              		.loc 1 148 0
 223 0080 012E     		cmp	r6, #1
 224 0082 0DD0     		beq	.L4
 225 0084 0421     		mov	r1, #4
 149:.\User_Source/pushbutton.c ****          else  if (pb_switched_off == TRUE)  // change state to pb_held_open
 226              		.loc 1 149 0
ARM GAS  C:\Users\syhaines\AppData\Local\Temp\ccuBhfqc.s 			page 8


 227 0086 012D     		cmp	r5, #1
 228 0088 03D1     		bne	.L15
 150:.\User_Source/pushbutton.c ****          {
 151:.\User_Source/pushbutton.c ****             PB_Status[pb].switched_off = CLEAR;
 152:.\User_Source/pushbutton.c ****             PB_Status[pb].held_off = SET;
 229              		.loc 1 152 0
 230 008a 8B43     		bic	r3, r1
 231              	.LVL19:
 232 008c 4918     		add	r1, r1, r1
 233 008e 0B43     		orr	r3, r1
 234 0090 02E0     		b	.L25
 235              	.LVL20:
 236              	.L15:
 153:.\User_Source/pushbutton.c ****          }
 154:.\User_Source/pushbutton.c ****          else  // change state to pb_switched_off
 155:.\User_Source/pushbutton.c ****          {
 156:.\User_Source/pushbutton.c ****             PB_Status[pb].switched_off = SET;
 157:.\User_Source/pushbutton.c ****             PB_Status[pb].switched_on = CLEAR;   
 237              		.loc 1 157 0
 238 0092 0B43     		orr	r3, r1
 239              	.LVL21:
 158:.\User_Source/pushbutton.c ****             PB_Status[pb].held_on = CLEAR;   
 240              		.loc 1 158 0
 241 0094 FC21     		mov	r1, #252
 242 0096 0B40     		and	r3, r1
 243              	.L25:
 244 0098 0355     		strb	r3, [r0, r4]
 159:.\User_Source/pushbutton.c ****          }
 160:.\User_Source/pushbutton.c ****          inactive_count[pb] = pb_debounce_release;    // prevent wrapping
 245              		.loc 1 160 0
 246 009a 0332     		add	r2, r2, #3
 247              	.L26:
 248 009c 0523     		mov	r3, #5
 249 009e 1355     		strb	r3, [r2, r4]
 250              	.L4:
 161:.\User_Source/pushbutton.c ****       }
 162:.\User_Source/pushbutton.c ****       // debounce complete
 163:.\User_Source/pushbutton.c ****    } 
 164:.\User_Source/pushbutton.c ****    // switch release processing complete  
 165:.\User_Source/pushbutton.c **** }
 251              		.loc 1 165 0
 252              		@ sp needed
 253 00a0 F8BD     		pop	{r3, r4, r5, r6, r7, pc}
 254              	.L29:
 255 00a2 C046     		.align	2
 256              	.L28:
 257 00a4 00000000 		.word	PB_Status
 258 00a8 00000000 		.word	.LANCHOR0
 259              		.cfi_endproc
 260              	.LFE34:
 261              		.size	read_pushbutton, .-read_pushbutton
 262              		.bss
 263              		.set	.LANCHOR0,. + 0
 264              		.type	active_count.5587, %object
 265              		.size	active_count.5587, 3
 266              	active_count.5587:
 267 0000 000000   		.space	3
ARM GAS  C:\Users\syhaines\AppData\Local\Temp\ccuBhfqc.s 			page 9


 268              		.type	inactive_count.5588, %object
 269              		.size	inactive_count.5588, 3
 270              	inactive_count.5588:
 271 0003 000000   		.space	3
 272              		.text
 273              	.Letext0:
 274              		.file 2 "c:\\program files (x86)\\cypress\\psoc creator\\3.3\\psoc creator\\import\\gnu\\arm\\4.9.
 275              		.file 3 "c:\\program files (x86)\\cypress\\psoc creator\\3.3\\psoc creator\\import\\gnu\\arm\\4.9.
 276              		.file 4 "Generated_Source\\PSoC4/cytypes.h"
 277              		.file 5 ".\\User_Source\\user_main.h"
 278              		.file 6 "Generated_Source\\PSoC4/SW_Minus.h"
 279              		.file 7 "Generated_Source\\PSoC4/SW_Main.h"
 280              		.file 8 "Generated_Source\\PSoC4/SW_Plus.h"
 281              		.section	.debug_info,"",%progbits
 282              	.Ldebug_info0:
 283 0000 1E020000 		.4byte	0x21e
 284 0004 0400     		.2byte	0x4
 285 0006 00000000 		.4byte	.Ldebug_abbrev0
 286 000a 04       		.byte	0x4
 287 000b 01       		.uleb128 0x1
 288 000c 17000000 		.4byte	.LASF33
 289 0010 01       		.byte	0x1
 290 0011 8D020000 		.4byte	.LASF34
 291 0015 D6000000 		.4byte	.LASF35
 292 0019 00000000 		.4byte	.Ldebug_ranges0+0
 293 001d 00000000 		.4byte	0
 294 0021 00000000 		.4byte	.Ldebug_line0
 295 0025 02       		.uleb128 0x2
 296 0026 01       		.byte	0x1
 297 0027 06       		.byte	0x6
 298 0028 81020000 		.4byte	.LASF0
 299 002c 03       		.uleb128 0x3
 300 002d 0D000000 		.4byte	.LASF9
 301 0031 02       		.byte	0x2
 302 0032 1D       		.byte	0x1d
 303 0033 37000000 		.4byte	0x37
 304 0037 02       		.uleb128 0x2
 305 0038 01       		.byte	0x1
 306 0039 08       		.byte	0x8
 307 003a 39010000 		.4byte	.LASF1
 308 003e 02       		.uleb128 0x2
 309 003f 02       		.byte	0x2
 310 0040 05       		.byte	0x5
 311 0041 3E020000 		.4byte	.LASF2
 312 0045 02       		.uleb128 0x2
 313 0046 02       		.byte	0x2
 314 0047 07       		.byte	0x7
 315 0048 C3000000 		.4byte	.LASF3
 316 004c 02       		.uleb128 0x2
 317 004d 04       		.byte	0x4
 318 004e 05       		.byte	0x5
 319 004f 6B020000 		.4byte	.LASF4
 320 0053 02       		.uleb128 0x2
 321 0054 04       		.byte	0x4
 322 0055 07       		.byte	0x7
 323 0056 4F010000 		.4byte	.LASF5
 324 005a 02       		.uleb128 0x2
ARM GAS  C:\Users\syhaines\AppData\Local\Temp\ccuBhfqc.s 			page 10


 325 005b 08       		.byte	0x8
 326 005c 05       		.byte	0x5
 327 005d 00020000 		.4byte	.LASF6
 328 0061 02       		.uleb128 0x2
 329 0062 08       		.byte	0x8
 330 0063 07       		.byte	0x7
 331 0064 C6010000 		.4byte	.LASF7
 332 0068 04       		.uleb128 0x4
 333 0069 04       		.byte	0x4
 334 006a 05       		.byte	0x5
 335 006b 696E7400 		.ascii	"int\000"
 336 006f 02       		.uleb128 0x2
 337 0070 04       		.byte	0x4
 338 0071 07       		.byte	0x7
 339 0072 B0010000 		.4byte	.LASF8
 340 0076 03       		.uleb128 0x3
 341 0077 DD010000 		.4byte	.LASF10
 342 007b 03       		.byte	0x3
 343 007c 15       		.byte	0x15
 344 007d 2C000000 		.4byte	0x2c
 345 0081 03       		.uleb128 0x3
 346 0082 6D010000 		.4byte	.LASF11
 347 0086 04       		.byte	0x4
 348 0087 A1       		.byte	0xa1
 349 0088 37000000 		.4byte	0x37
 350 008c 02       		.uleb128 0x2
 351 008d 04       		.byte	0x4
 352 008e 04       		.byte	0x4
 353 008f 33010000 		.4byte	.LASF12
 354 0093 02       		.uleb128 0x2
 355 0094 08       		.byte	0x8
 356 0095 04       		.byte	0x4
 357 0096 8B010000 		.4byte	.LASF13
 358 009a 02       		.uleb128 0x2
 359 009b 01       		.byte	0x1
 360 009c 08       		.byte	0x8
 361 009d 0E020000 		.4byte	.LASF14
 362 00a1 02       		.uleb128 0x2
 363 00a2 04       		.byte	0x4
 364 00a3 07       		.byte	0x7
 365 00a4 F7010000 		.4byte	.LASF15
 366 00a8 05       		.uleb128 0x5
 367 00a9 61010000 		.4byte	.LASF36
 368 00ad 01       		.byte	0x1
 369 00ae 05       		.byte	0x5
 370 00af 9F       		.byte	0x9f
 371 00b0 C7000000 		.4byte	0xc7
 372 00b4 06       		.uleb128 0x6
 373 00b5 47010000 		.4byte	.LASF16
 374 00b9 00       		.sleb128 0
 375 00ba 06       		.uleb128 0x6
 376 00bb 48020000 		.4byte	.LASF17
 377 00bf 01       		.sleb128 1
 378 00c0 06       		.uleb128 0x6
 379 00c1 E5010000 		.4byte	.LASF18
 380 00c5 02       		.sleb128 2
 381 00c6 00       		.byte	0
ARM GAS  C:\Users\syhaines\AppData\Local\Temp\ccuBhfqc.s 			page 11


 382 00c7 07       		.uleb128 0x7
 383 00c8 A5000000 		.4byte	.LASF37
 384 00cc 01       		.byte	0x1
 385 00cd 05       		.byte	0x5
 386 00ce A5       		.byte	0xa5
 387 00cf 10010000 		.4byte	0x110
 388 00d3 08       		.uleb128 0x8
 389 00d4 A8020000 		.4byte	.LASF19
 390 00d8 05       		.byte	0x5
 391 00d9 A6       		.byte	0xa6
 392 00da 76000000 		.4byte	0x76
 393 00de 01       		.byte	0x1
 394 00df 01       		.byte	0x1
 395 00e0 07       		.byte	0x7
 396 00e1 00       		.byte	0
 397 00e2 08       		.uleb128 0x8
 398 00e3 1E010000 		.4byte	.LASF20
 399 00e7 05       		.byte	0x5
 400 00e8 A7       		.byte	0xa7
 401 00e9 76000000 		.4byte	0x76
 402 00ed 01       		.byte	0x1
 403 00ee 01       		.byte	0x1
 404 00ef 06       		.byte	0x6
 405 00f0 00       		.byte	0
 406 00f1 08       		.uleb128 0x8
 407 00f2 4E020000 		.4byte	.LASF21
 408 00f6 05       		.byte	0x5
 409 00f7 A8       		.byte	0xa8
 410 00f8 76000000 		.4byte	0x76
 411 00fc 01       		.byte	0x1
 412 00fd 01       		.byte	0x1
 413 00fe 05       		.byte	0x5
 414 00ff 00       		.byte	0
 415 0100 08       		.uleb128 0x8
 416 0101 BD010000 		.4byte	.LASF22
 417 0105 05       		.byte	0x5
 418 0106 A9       		.byte	0xa9
 419 0107 76000000 		.4byte	0x76
 420 010b 01       		.byte	0x1
 421 010c 01       		.byte	0x1
 422 010d 04       		.byte	0x4
 423 010e 00       		.byte	0
 424 010f 00       		.byte	0
 425 0110 03       		.uleb128 0x3
 426 0111 B7000000 		.4byte	.LASF23
 427 0115 05       		.byte	0x5
 428 0116 AA       		.byte	0xaa
 429 0117 C7000000 		.4byte	0xc7
 430 011b 09       		.uleb128 0x9
 431 011c 13020000 		.4byte	.LASF38
 432 0120 01       		.byte	0x1
 433 0121 18       		.byte	0x18
 434 0122 00000000 		.4byte	.LFB33
 435 0126 38000000 		.4byte	.LFE33-.LFB33
 436 012a 01       		.uleb128 0x1
 437 012b 9C       		.byte	0x9c
 438 012c 0A       		.uleb128 0xa
ARM GAS  C:\Users\syhaines\AppData\Local\Temp\ccuBhfqc.s 			page 12


 439 012d 5B020000 		.4byte	.LASF39
 440 0131 01       		.byte	0x1
 441 0132 38       		.byte	0x38
 442 0133 00000000 		.4byte	.LFB34
 443 0137 AC000000 		.4byte	.LFE34-.LFB34
 444 013b 01       		.uleb128 0x1
 445 013c 9C       		.byte	0x9c
 446 013d D4010000 		.4byte	0x1d4
 447 0141 0B       		.uleb128 0xb
 448 0142 706200   		.ascii	"pb\000"
 449 0145 01       		.byte	0x1
 450 0146 38       		.byte	0x38
 451 0147 76000000 		.4byte	0x76
 452 014b 00000000 		.4byte	.LLST0
 453 014f 0C       		.uleb128 0xc
 454 0150 74020000 		.4byte	.LASF24
 455 0154 01       		.byte	0x1
 456 0155 3A       		.byte	0x3a
 457 0156 D4010000 		.4byte	0x1d4
 458 015a 05       		.uleb128 0x5
 459 015b 03       		.byte	0x3
 460 015c 00000000 		.4byte	active_count.5587
 461 0160 0C       		.uleb128 0xc
 462 0161 22020000 		.4byte	.LASF25
 463 0165 01       		.byte	0x1
 464 0166 3B       		.byte	0x3b
 465 0167 D4010000 		.4byte	0x1d4
 466 016b 05       		.uleb128 0x5
 467 016c 03       		.byte	0x3
 468 016d 03000000 		.4byte	inactive_count.5588
 469 0171 0D       		.uleb128 0xd
 470 0172 73010000 		.4byte	.LASF26
 471 0176 01       		.byte	0x1
 472 0177 3C       		.byte	0x3c
 473 0178 76000000 		.4byte	0x76
 474 017c 53000000 		.4byte	.LLST1
 475 0180 0D       		.uleb128 0xd
 476 0181 0F010000 		.4byte	.LASF27
 477 0185 01       		.byte	0x1
 478 0186 3D       		.byte	0x3d
 479 0187 76000000 		.4byte	0x76
 480 018b 66000000 		.4byte	.LLST2
 481 018f 0E       		.uleb128 0xe
 482 0190 26010000 		.4byte	.LASF40
 483 0194 01       		.byte	0x1
 484 0195 3E       		.byte	0x3e
 485 0196 76000000 		.4byte	0x76
 486 019a 0D       		.uleb128 0xd
 487 019b A0010000 		.4byte	.LASF28
 488 019f 01       		.byte	0x1
 489 01a0 3F       		.byte	0x3f
 490 01a1 76000000 		.4byte	0x76
 491 01a5 E8000000 		.4byte	.LLST3
 492 01a9 0D       		.uleb128 0xd
 493 01aa 7E010000 		.4byte	.LASF29
 494 01ae 01       		.byte	0x1
 495 01af 40       		.byte	0x40
ARM GAS  C:\Users\syhaines\AppData\Local\Temp\ccuBhfqc.s 			page 13


 496 01b0 76000000 		.4byte	0x76
 497 01b4 66010000 		.4byte	.LLST4
 498 01b8 0F       		.uleb128 0xf
 499 01b9 14000000 		.4byte	.LVL1
 500 01bd 00020000 		.4byte	0x200
 501 01c1 0F       		.uleb128 0xf
 502 01c2 1A000000 		.4byte	.LVL3
 503 01c6 0B020000 		.4byte	0x20b
 504 01ca 0F       		.uleb128 0xf
 505 01cb 20000000 		.4byte	.LVL5
 506 01cf 16020000 		.4byte	0x216
 507 01d3 00       		.byte	0
 508 01d4 10       		.uleb128 0x10
 509 01d5 76000000 		.4byte	0x76
 510 01d9 E4010000 		.4byte	0x1e4
 511 01dd 11       		.uleb128 0x11
 512 01de A1000000 		.4byte	0xa1
 513 01e2 02       		.byte	0x2
 514 01e3 00       		.byte	0
 515 01e4 10       		.uleb128 0x10
 516 01e5 10010000 		.4byte	0x110
 517 01e9 F4010000 		.4byte	0x1f4
 518 01ed 11       		.uleb128 0x11
 519 01ee A1000000 		.4byte	0xa1
 520 01f2 02       		.byte	0x2
 521 01f3 00       		.byte	0
 522 01f4 12       		.uleb128 0x12
 523 01f5 ED010000 		.4byte	.LASF41
 524 01f9 05       		.byte	0x5
 525 01fa 0501     		.2byte	0x105
 526 01fc E4010000 		.4byte	0x1e4
 527 0200 13       		.uleb128 0x13
 528 0201 92010000 		.4byte	.LASF30
 529 0205 06       		.byte	0x6
 530 0206 20       		.byte	0x20
 531 0207 81000000 		.4byte	0x81
 532 020b 13       		.uleb128 0x13
 533 020c 00000000 		.4byte	.LASF31
 534 0210 07       		.byte	0x7
 535 0211 20       		.byte	0x20
 536 0212 81000000 		.4byte	0x81
 537 0216 13       		.uleb128 0x13
 538 0217 31020000 		.4byte	.LASF32
 539 021b 08       		.byte	0x8
 540 021c 20       		.byte	0x20
 541 021d 81000000 		.4byte	0x81
 542 0221 00       		.byte	0
 543              		.section	.debug_abbrev,"",%progbits
 544              	.Ldebug_abbrev0:
 545 0000 01       		.uleb128 0x1
 546 0001 11       		.uleb128 0x11
 547 0002 01       		.byte	0x1
 548 0003 25       		.uleb128 0x25
 549 0004 0E       		.uleb128 0xe
 550 0005 13       		.uleb128 0x13
 551 0006 0B       		.uleb128 0xb
 552 0007 03       		.uleb128 0x3
ARM GAS  C:\Users\syhaines\AppData\Local\Temp\ccuBhfqc.s 			page 14


 553 0008 0E       		.uleb128 0xe
 554 0009 1B       		.uleb128 0x1b
 555 000a 0E       		.uleb128 0xe
 556 000b 55       		.uleb128 0x55
 557 000c 17       		.uleb128 0x17
 558 000d 11       		.uleb128 0x11
 559 000e 01       		.uleb128 0x1
 560 000f 10       		.uleb128 0x10
 561 0010 17       		.uleb128 0x17
 562 0011 00       		.byte	0
 563 0012 00       		.byte	0
 564 0013 02       		.uleb128 0x2
 565 0014 24       		.uleb128 0x24
 566 0015 00       		.byte	0
 567 0016 0B       		.uleb128 0xb
 568 0017 0B       		.uleb128 0xb
 569 0018 3E       		.uleb128 0x3e
 570 0019 0B       		.uleb128 0xb
 571 001a 03       		.uleb128 0x3
 572 001b 0E       		.uleb128 0xe
 573 001c 00       		.byte	0
 574 001d 00       		.byte	0
 575 001e 03       		.uleb128 0x3
 576 001f 16       		.uleb128 0x16
 577 0020 00       		.byte	0
 578 0021 03       		.uleb128 0x3
 579 0022 0E       		.uleb128 0xe
 580 0023 3A       		.uleb128 0x3a
 581 0024 0B       		.uleb128 0xb
 582 0025 3B       		.uleb128 0x3b
 583 0026 0B       		.uleb128 0xb
 584 0027 49       		.uleb128 0x49
 585 0028 13       		.uleb128 0x13
 586 0029 00       		.byte	0
 587 002a 00       		.byte	0
 588 002b 04       		.uleb128 0x4
 589 002c 24       		.uleb128 0x24
 590 002d 00       		.byte	0
 591 002e 0B       		.uleb128 0xb
 592 002f 0B       		.uleb128 0xb
 593 0030 3E       		.uleb128 0x3e
 594 0031 0B       		.uleb128 0xb
 595 0032 03       		.uleb128 0x3
 596 0033 08       		.uleb128 0x8
 597 0034 00       		.byte	0
 598 0035 00       		.byte	0
 599 0036 05       		.uleb128 0x5
 600 0037 04       		.uleb128 0x4
 601 0038 01       		.byte	0x1
 602 0039 03       		.uleb128 0x3
 603 003a 0E       		.uleb128 0xe
 604 003b 0B       		.uleb128 0xb
 605 003c 0B       		.uleb128 0xb
 606 003d 3A       		.uleb128 0x3a
 607 003e 0B       		.uleb128 0xb
 608 003f 3B       		.uleb128 0x3b
 609 0040 0B       		.uleb128 0xb
ARM GAS  C:\Users\syhaines\AppData\Local\Temp\ccuBhfqc.s 			page 15


 610 0041 01       		.uleb128 0x1
 611 0042 13       		.uleb128 0x13
 612 0043 00       		.byte	0
 613 0044 00       		.byte	0
 614 0045 06       		.uleb128 0x6
 615 0046 28       		.uleb128 0x28
 616 0047 00       		.byte	0
 617 0048 03       		.uleb128 0x3
 618 0049 0E       		.uleb128 0xe
 619 004a 1C       		.uleb128 0x1c
 620 004b 0D       		.uleb128 0xd
 621 004c 00       		.byte	0
 622 004d 00       		.byte	0
 623 004e 07       		.uleb128 0x7
 624 004f 13       		.uleb128 0x13
 625 0050 01       		.byte	0x1
 626 0051 03       		.uleb128 0x3
 627 0052 0E       		.uleb128 0xe
 628 0053 0B       		.uleb128 0xb
 629 0054 0B       		.uleb128 0xb
 630 0055 3A       		.uleb128 0x3a
 631 0056 0B       		.uleb128 0xb
 632 0057 3B       		.uleb128 0x3b
 633 0058 0B       		.uleb128 0xb
 634 0059 01       		.uleb128 0x1
 635 005a 13       		.uleb128 0x13
 636 005b 00       		.byte	0
 637 005c 00       		.byte	0
 638 005d 08       		.uleb128 0x8
 639 005e 0D       		.uleb128 0xd
 640 005f 00       		.byte	0
 641 0060 03       		.uleb128 0x3
 642 0061 0E       		.uleb128 0xe
 643 0062 3A       		.uleb128 0x3a
 644 0063 0B       		.uleb128 0xb
 645 0064 3B       		.uleb128 0x3b
 646 0065 0B       		.uleb128 0xb
 647 0066 49       		.uleb128 0x49
 648 0067 13       		.uleb128 0x13
 649 0068 0B       		.uleb128 0xb
 650 0069 0B       		.uleb128 0xb
 651 006a 0D       		.uleb128 0xd
 652 006b 0B       		.uleb128 0xb
 653 006c 0C       		.uleb128 0xc
 654 006d 0B       		.uleb128 0xb
 655 006e 38       		.uleb128 0x38
 656 006f 0B       		.uleb128 0xb
 657 0070 00       		.byte	0
 658 0071 00       		.byte	0
 659 0072 09       		.uleb128 0x9
 660 0073 2E       		.uleb128 0x2e
 661 0074 00       		.byte	0
 662 0075 3F       		.uleb128 0x3f
 663 0076 19       		.uleb128 0x19
 664 0077 03       		.uleb128 0x3
 665 0078 0E       		.uleb128 0xe
 666 0079 3A       		.uleb128 0x3a
ARM GAS  C:\Users\syhaines\AppData\Local\Temp\ccuBhfqc.s 			page 16


 667 007a 0B       		.uleb128 0xb
 668 007b 3B       		.uleb128 0x3b
 669 007c 0B       		.uleb128 0xb
 670 007d 27       		.uleb128 0x27
 671 007e 19       		.uleb128 0x19
 672 007f 11       		.uleb128 0x11
 673 0080 01       		.uleb128 0x1
 674 0081 12       		.uleb128 0x12
 675 0082 06       		.uleb128 0x6
 676 0083 40       		.uleb128 0x40
 677 0084 18       		.uleb128 0x18
 678 0085 9742     		.uleb128 0x2117
 679 0087 19       		.uleb128 0x19
 680 0088 00       		.byte	0
 681 0089 00       		.byte	0
 682 008a 0A       		.uleb128 0xa
 683 008b 2E       		.uleb128 0x2e
 684 008c 01       		.byte	0x1
 685 008d 3F       		.uleb128 0x3f
 686 008e 19       		.uleb128 0x19
 687 008f 03       		.uleb128 0x3
 688 0090 0E       		.uleb128 0xe
 689 0091 3A       		.uleb128 0x3a
 690 0092 0B       		.uleb128 0xb
 691 0093 3B       		.uleb128 0x3b
 692 0094 0B       		.uleb128 0xb
 693 0095 27       		.uleb128 0x27
 694 0096 19       		.uleb128 0x19
 695 0097 11       		.uleb128 0x11
 696 0098 01       		.uleb128 0x1
 697 0099 12       		.uleb128 0x12
 698 009a 06       		.uleb128 0x6
 699 009b 40       		.uleb128 0x40
 700 009c 18       		.uleb128 0x18
 701 009d 9742     		.uleb128 0x2117
 702 009f 19       		.uleb128 0x19
 703 00a0 01       		.uleb128 0x1
 704 00a1 13       		.uleb128 0x13
 705 00a2 00       		.byte	0
 706 00a3 00       		.byte	0
 707 00a4 0B       		.uleb128 0xb
 708 00a5 05       		.uleb128 0x5
 709 00a6 00       		.byte	0
 710 00a7 03       		.uleb128 0x3
 711 00a8 08       		.uleb128 0x8
 712 00a9 3A       		.uleb128 0x3a
 713 00aa 0B       		.uleb128 0xb
 714 00ab 3B       		.uleb128 0x3b
 715 00ac 0B       		.uleb128 0xb
 716 00ad 49       		.uleb128 0x49
 717 00ae 13       		.uleb128 0x13
 718 00af 02       		.uleb128 0x2
 719 00b0 17       		.uleb128 0x17
 720 00b1 00       		.byte	0
 721 00b2 00       		.byte	0
 722 00b3 0C       		.uleb128 0xc
 723 00b4 34       		.uleb128 0x34
ARM GAS  C:\Users\syhaines\AppData\Local\Temp\ccuBhfqc.s 			page 17


 724 00b5 00       		.byte	0
 725 00b6 03       		.uleb128 0x3
 726 00b7 0E       		.uleb128 0xe
 727 00b8 3A       		.uleb128 0x3a
 728 00b9 0B       		.uleb128 0xb
 729 00ba 3B       		.uleb128 0x3b
 730 00bb 0B       		.uleb128 0xb
 731 00bc 49       		.uleb128 0x49
 732 00bd 13       		.uleb128 0x13
 733 00be 02       		.uleb128 0x2
 734 00bf 18       		.uleb128 0x18
 735 00c0 00       		.byte	0
 736 00c1 00       		.byte	0
 737 00c2 0D       		.uleb128 0xd
 738 00c3 34       		.uleb128 0x34
 739 00c4 00       		.byte	0
 740 00c5 03       		.uleb128 0x3
 741 00c6 0E       		.uleb128 0xe
 742 00c7 3A       		.uleb128 0x3a
 743 00c8 0B       		.uleb128 0xb
 744 00c9 3B       		.uleb128 0x3b
 745 00ca 0B       		.uleb128 0xb
 746 00cb 49       		.uleb128 0x49
 747 00cc 13       		.uleb128 0x13
 748 00cd 02       		.uleb128 0x2
 749 00ce 17       		.uleb128 0x17
 750 00cf 00       		.byte	0
 751 00d0 00       		.byte	0
 752 00d1 0E       		.uleb128 0xe
 753 00d2 34       		.uleb128 0x34
 754 00d3 00       		.byte	0
 755 00d4 03       		.uleb128 0x3
 756 00d5 0E       		.uleb128 0xe
 757 00d6 3A       		.uleb128 0x3a
 758 00d7 0B       		.uleb128 0xb
 759 00d8 3B       		.uleb128 0x3b
 760 00d9 0B       		.uleb128 0xb
 761 00da 49       		.uleb128 0x49
 762 00db 13       		.uleb128 0x13
 763 00dc 00       		.byte	0
 764 00dd 00       		.byte	0
 765 00de 0F       		.uleb128 0xf
 766 00df 898201   		.uleb128 0x4109
 767 00e2 00       		.byte	0
 768 00e3 11       		.uleb128 0x11
 769 00e4 01       		.uleb128 0x1
 770 00e5 31       		.uleb128 0x31
 771 00e6 13       		.uleb128 0x13
 772 00e7 00       		.byte	0
 773 00e8 00       		.byte	0
 774 00e9 10       		.uleb128 0x10
 775 00ea 01       		.uleb128 0x1
 776 00eb 01       		.byte	0x1
 777 00ec 49       		.uleb128 0x49
 778 00ed 13       		.uleb128 0x13
 779 00ee 01       		.uleb128 0x1
 780 00ef 13       		.uleb128 0x13
ARM GAS  C:\Users\syhaines\AppData\Local\Temp\ccuBhfqc.s 			page 18


 781 00f0 00       		.byte	0
 782 00f1 00       		.byte	0
 783 00f2 11       		.uleb128 0x11
 784 00f3 21       		.uleb128 0x21
 785 00f4 00       		.byte	0
 786 00f5 49       		.uleb128 0x49
 787 00f6 13       		.uleb128 0x13
 788 00f7 2F       		.uleb128 0x2f
 789 00f8 0B       		.uleb128 0xb
 790 00f9 00       		.byte	0
 791 00fa 00       		.byte	0
 792 00fb 12       		.uleb128 0x12
 793 00fc 34       		.uleb128 0x34
 794 00fd 00       		.byte	0
 795 00fe 03       		.uleb128 0x3
 796 00ff 0E       		.uleb128 0xe
 797 0100 3A       		.uleb128 0x3a
 798 0101 0B       		.uleb128 0xb
 799 0102 3B       		.uleb128 0x3b
 800 0103 05       		.uleb128 0x5
 801 0104 49       		.uleb128 0x49
 802 0105 13       		.uleb128 0x13
 803 0106 3F       		.uleb128 0x3f
 804 0107 19       		.uleb128 0x19
 805 0108 3C       		.uleb128 0x3c
 806 0109 19       		.uleb128 0x19
 807 010a 00       		.byte	0
 808 010b 00       		.byte	0
 809 010c 13       		.uleb128 0x13
 810 010d 2E       		.uleb128 0x2e
 811 010e 00       		.byte	0
 812 010f 3F       		.uleb128 0x3f
 813 0110 19       		.uleb128 0x19
 814 0111 03       		.uleb128 0x3
 815 0112 0E       		.uleb128 0xe
 816 0113 3A       		.uleb128 0x3a
 817 0114 0B       		.uleb128 0xb
 818 0115 3B       		.uleb128 0x3b
 819 0116 0B       		.uleb128 0xb
 820 0117 27       		.uleb128 0x27
 821 0118 19       		.uleb128 0x19
 822 0119 49       		.uleb128 0x49
 823 011a 13       		.uleb128 0x13
 824 011b 3C       		.uleb128 0x3c
 825 011c 19       		.uleb128 0x19
 826 011d 00       		.byte	0
 827 011e 00       		.byte	0
 828 011f 00       		.byte	0
 829              		.section	.debug_loc,"",%progbits
 830              	.Ldebug_loc0:
 831              	.LLST0:
 832 0000 00000000 		.4byte	.LVL0
 833 0004 13000000 		.4byte	.LVL1-1
 834 0008 0100     		.2byte	0x1
 835 000a 50       		.byte	0x50
 836 000b 13000000 		.4byte	.LVL1-1
 837 000f 16000000 		.4byte	.LVL2
ARM GAS  C:\Users\syhaines\AppData\Local\Temp\ccuBhfqc.s 			page 19


 838 0013 0400     		.2byte	0x4
 839 0015 F3       		.byte	0xf3
 840 0016 01       		.uleb128 0x1
 841 0017 50       		.byte	0x50
 842 0018 9F       		.byte	0x9f
 843 0019 16000000 		.4byte	.LVL2
 844 001d 19000000 		.4byte	.LVL3-1
 845 0021 0100     		.2byte	0x1
 846 0023 50       		.byte	0x50
 847 0024 19000000 		.4byte	.LVL3-1
 848 0028 1C000000 		.4byte	.LVL4
 849 002c 0400     		.2byte	0x4
 850 002e F3       		.byte	0xf3
 851 002f 01       		.uleb128 0x1
 852 0030 50       		.byte	0x50
 853 0031 9F       		.byte	0x9f
 854 0032 1C000000 		.4byte	.LVL4
 855 0036 1F000000 		.4byte	.LVL5-1
 856 003a 0100     		.2byte	0x1
 857 003c 50       		.byte	0x50
 858 003d 1F000000 		.4byte	.LVL5-1
 859 0041 AC000000 		.4byte	.LFE34
 860 0045 0400     		.2byte	0x4
 861 0047 F3       		.byte	0xf3
 862 0048 01       		.uleb128 0x1
 863 0049 50       		.byte	0x50
 864 004a 9F       		.byte	0x9f
 865 004b 00000000 		.4byte	0
 866 004f 00000000 		.4byte	0
 867              	.LLST1:
 868 0053 22000000 		.4byte	.LVL6
 869 0057 70000000 		.4byte	.LVL17
 870 005b 0100     		.2byte	0x1
 871 005d 57       		.byte	0x57
 872 005e 00000000 		.4byte	0
 873 0062 00000000 		.4byte	0
 874              	.LLST2:
 875 0066 36000000 		.4byte	.LVL7
 876 006a 5E000000 		.4byte	.LVL11
 877 006e 0100     		.2byte	0x1
 878 0070 51       		.byte	0x51
 879 0071 5E000000 		.4byte	.LVL11
 880 0075 62000000 		.4byte	.LVL12
 881 0079 0300     		.2byte	0x3
 882 007b 71       		.byte	0x71
 883 007c 7F       		.sleb128 -1
 884 007d 9F       		.byte	0x9f
 885 007e 62000000 		.4byte	.LVL12
 886 0082 64000000 		.4byte	.LVL13
 887 0086 0100     		.2byte	0x1
 888 0088 51       		.byte	0x51
 889 0089 64000000 		.4byte	.LVL13
 890 008d 66000000 		.4byte	.LVL14
 891 0091 0700     		.2byte	0x7
 892 0093 73       		.byte	0x73
 893 0094 00       		.sleb128 0
 894 0095 4F       		.byte	0x4f
ARM GAS  C:\Users\syhaines\AppData\Local\Temp\ccuBhfqc.s 			page 20


 895 0096 24       		.byte	0x24
 896 0097 4F       		.byte	0x4f
 897 0098 25       		.byte	0x25
 898 0099 9F       		.byte	0x9f
 899 009a 66000000 		.4byte	.LVL14
 900 009e 6C000000 		.4byte	.LVL15
 901 00a2 0F00     		.2byte	0xf
 902 00a4 70       		.byte	0x70
 903 00a5 00       		.sleb128 0
 904 00a6 74       		.byte	0x74
 905 00a7 00       		.sleb128 0
 906 00a8 22       		.byte	0x22
 907 00a9 94       		.byte	0x94
 908 00aa 01       		.byte	0x1
 909 00ab 08       		.byte	0x8
 910 00ac FF       		.byte	0xff
 911 00ad 1A       		.byte	0x1a
 912 00ae 4F       		.byte	0x4f
 913 00af 24       		.byte	0x24
 914 00b0 4F       		.byte	0x4f
 915 00b1 25       		.byte	0x25
 916 00b2 9F       		.byte	0x9f
 917 00b3 6E000000 		.4byte	.LVL16
 918 00b7 72000000 		.4byte	.LVL18
 919 00bb 0100     		.2byte	0x1
 920 00bd 51       		.byte	0x51
 921 00be 72000000 		.4byte	.LVL18
 922 00c2 8C000000 		.4byte	.LVL19
 923 00c6 0700     		.2byte	0x7
 924 00c8 73       		.byte	0x73
 925 00c9 00       		.sleb128 0
 926 00ca 4F       		.byte	0x4f
 927 00cb 24       		.byte	0x24
 928 00cc 4F       		.byte	0x4f
 929 00cd 25       		.byte	0x25
 930 00ce 9F       		.byte	0x9f
 931 00cf 92000000 		.4byte	.LVL20
 932 00d3 94000000 		.4byte	.LVL21
 933 00d7 0700     		.2byte	0x7
 934 00d9 73       		.byte	0x73
 935 00da 00       		.sleb128 0
 936 00db 4F       		.byte	0x4f
 937 00dc 24       		.byte	0x24
 938 00dd 4F       		.byte	0x4f
 939 00de 25       		.byte	0x25
 940 00df 9F       		.byte	0x9f
 941 00e0 00000000 		.4byte	0
 942 00e4 00000000 		.4byte	0
 943              	.LLST3:
 944 00e8 38000000 		.4byte	.LVL8
 945 00ec 5C000000 		.4byte	.LVL10
 946 00f0 0700     		.2byte	0x7
 947 00f2 73       		.byte	0x73
 948 00f3 00       		.sleb128 0
 949 00f4 4D       		.byte	0x4d
 950 00f5 24       		.byte	0x24
 951 00f6 4F       		.byte	0x4f
ARM GAS  C:\Users\syhaines\AppData\Local\Temp\ccuBhfqc.s 			page 21


 952 00f7 25       		.byte	0x25
 953 00f8 9F       		.byte	0x9f
 954 00f9 5C000000 		.4byte	.LVL10
 955 00fd 62000000 		.4byte	.LVL12
 956 0101 0F00     		.2byte	0xf
 957 0103 70       		.byte	0x70
 958 0104 00       		.sleb128 0
 959 0105 74       		.byte	0x74
 960 0106 00       		.sleb128 0
 961 0107 22       		.byte	0x22
 962 0108 94       		.byte	0x94
 963 0109 01       		.byte	0x1
 964 010a 08       		.byte	0x8
 965 010b FF       		.byte	0xff
 966 010c 1A       		.byte	0x1a
 967 010d 4D       		.byte	0x4d
 968 010e 24       		.byte	0x24
 969 010f 4F       		.byte	0x4f
 970 0110 25       		.byte	0x25
 971 0111 9F       		.byte	0x9f
 972 0112 62000000 		.4byte	.LVL12
 973 0116 66000000 		.4byte	.LVL14
 974 011a 0700     		.2byte	0x7
 975 011c 73       		.byte	0x73
 976 011d 00       		.sleb128 0
 977 011e 4D       		.byte	0x4d
 978 011f 24       		.byte	0x24
 979 0120 4F       		.byte	0x4f
 980 0121 25       		.byte	0x25
 981 0122 9F       		.byte	0x9f
 982 0123 66000000 		.4byte	.LVL14
 983 0127 6C000000 		.4byte	.LVL15
 984 012b 0F00     		.2byte	0xf
 985 012d 70       		.byte	0x70
 986 012e 00       		.sleb128 0
 987 012f 74       		.byte	0x74
 988 0130 00       		.sleb128 0
 989 0131 22       		.byte	0x22
 990 0132 94       		.byte	0x94
 991 0133 01       		.byte	0x1
 992 0134 08       		.byte	0x8
 993 0135 FF       		.byte	0xff
 994 0136 1A       		.byte	0x1a
 995 0137 4D       		.byte	0x4d
 996 0138 24       		.byte	0x24
 997 0139 4F       		.byte	0x4f
 998 013a 25       		.byte	0x25
 999 013b 9F       		.byte	0x9f
 1000 013c 6E000000 		.4byte	.LVL16
 1001 0140 8C000000 		.4byte	.LVL19
 1002 0144 0700     		.2byte	0x7
 1003 0146 73       		.byte	0x73
 1004 0147 00       		.sleb128 0
 1005 0148 4D       		.byte	0x4d
 1006 0149 24       		.byte	0x24
 1007 014a 4F       		.byte	0x4f
 1008 014b 25       		.byte	0x25
ARM GAS  C:\Users\syhaines\AppData\Local\Temp\ccuBhfqc.s 			page 22


 1009 014c 9F       		.byte	0x9f
 1010 014d 92000000 		.4byte	.LVL20
 1011 0151 94000000 		.4byte	.LVL21
 1012 0155 0700     		.2byte	0x7
 1013 0157 73       		.byte	0x73
 1014 0158 00       		.sleb128 0
 1015 0159 4D       		.byte	0x4d
 1016 015a 24       		.byte	0x24
 1017 015b 4F       		.byte	0x4f
 1018 015c 25       		.byte	0x25
 1019 015d 9F       		.byte	0x9f
 1020 015e 00000000 		.4byte	0
 1021 0162 00000000 		.4byte	0
 1022              	.LLST4:
 1023 0166 3A000000 		.4byte	.LVL9
 1024 016a 5C000000 		.4byte	.LVL10
 1025 016e 0700     		.2byte	0x7
 1026 0170 73       		.byte	0x73
 1027 0171 00       		.sleb128 0
 1028 0172 4C       		.byte	0x4c
 1029 0173 24       		.byte	0x24
 1030 0174 4F       		.byte	0x4f
 1031 0175 25       		.byte	0x25
 1032 0176 9F       		.byte	0x9f
 1033 0177 5C000000 		.4byte	.LVL10
 1034 017b 62000000 		.4byte	.LVL12
 1035 017f 0F00     		.2byte	0xf
 1036 0181 70       		.byte	0x70
 1037 0182 00       		.sleb128 0
 1038 0183 74       		.byte	0x74
 1039 0184 00       		.sleb128 0
 1040 0185 22       		.byte	0x22
 1041 0186 94       		.byte	0x94
 1042 0187 01       		.byte	0x1
 1043 0188 08       		.byte	0x8
 1044 0189 FF       		.byte	0xff
 1045 018a 1A       		.byte	0x1a
 1046 018b 4C       		.byte	0x4c
 1047 018c 24       		.byte	0x24
 1048 018d 4F       		.byte	0x4f
 1049 018e 25       		.byte	0x25
 1050 018f 9F       		.byte	0x9f
 1051 0190 62000000 		.4byte	.LVL12
 1052 0194 66000000 		.4byte	.LVL14
 1053 0198 0700     		.2byte	0x7
 1054 019a 73       		.byte	0x73
 1055 019b 00       		.sleb128 0
 1056 019c 4C       		.byte	0x4c
 1057 019d 24       		.byte	0x24
 1058 019e 4F       		.byte	0x4f
 1059 019f 25       		.byte	0x25
 1060 01a0 9F       		.byte	0x9f
 1061 01a1 66000000 		.4byte	.LVL14
 1062 01a5 6C000000 		.4byte	.LVL15
 1063 01a9 0F00     		.2byte	0xf
 1064 01ab 70       		.byte	0x70
 1065 01ac 00       		.sleb128 0
ARM GAS  C:\Users\syhaines\AppData\Local\Temp\ccuBhfqc.s 			page 23


 1066 01ad 74       		.byte	0x74
 1067 01ae 00       		.sleb128 0
 1068 01af 22       		.byte	0x22
 1069 01b0 94       		.byte	0x94
 1070 01b1 01       		.byte	0x1
 1071 01b2 08       		.byte	0x8
 1072 01b3 FF       		.byte	0xff
 1073 01b4 1A       		.byte	0x1a
 1074 01b5 4C       		.byte	0x4c
 1075 01b6 24       		.byte	0x24
 1076 01b7 4F       		.byte	0x4f
 1077 01b8 25       		.byte	0x25
 1078 01b9 9F       		.byte	0x9f
 1079 01ba 6E000000 		.4byte	.LVL16
 1080 01be 8C000000 		.4byte	.LVL19
 1081 01c2 0700     		.2byte	0x7
 1082 01c4 73       		.byte	0x73
 1083 01c5 00       		.sleb128 0
 1084 01c6 4C       		.byte	0x4c
 1085 01c7 24       		.byte	0x24
 1086 01c8 4F       		.byte	0x4f
 1087 01c9 25       		.byte	0x25
 1088 01ca 9F       		.byte	0x9f
 1089 01cb 92000000 		.4byte	.LVL20
 1090 01cf 94000000 		.4byte	.LVL21
 1091 01d3 0700     		.2byte	0x7
 1092 01d5 73       		.byte	0x73
 1093 01d6 00       		.sleb128 0
 1094 01d7 4C       		.byte	0x4c
 1095 01d8 24       		.byte	0x24
 1096 01d9 4F       		.byte	0x4f
 1097 01da 25       		.byte	0x25
 1098 01db 9F       		.byte	0x9f
 1099 01dc 00000000 		.4byte	0
 1100 01e0 00000000 		.4byte	0
 1101              		.section	.debug_aranges,"",%progbits
 1102 0000 24000000 		.4byte	0x24
 1103 0004 0200     		.2byte	0x2
 1104 0006 00000000 		.4byte	.Ldebug_info0
 1105 000a 04       		.byte	0x4
 1106 000b 00       		.byte	0
 1107 000c 0000     		.2byte	0
 1108 000e 0000     		.2byte	0
 1109 0010 00000000 		.4byte	.LFB33
 1110 0014 38000000 		.4byte	.LFE33-.LFB33
 1111 0018 00000000 		.4byte	.LFB34
 1112 001c AC000000 		.4byte	.LFE34-.LFB34
 1113 0020 00000000 		.4byte	0
 1114 0024 00000000 		.4byte	0
 1115              		.section	.debug_ranges,"",%progbits
 1116              	.Ldebug_ranges0:
 1117 0000 00000000 		.4byte	.LFB33
 1118 0004 38000000 		.4byte	.LFE33
 1119 0008 00000000 		.4byte	.LFB34
 1120 000c AC000000 		.4byte	.LFE34
 1121 0010 00000000 		.4byte	0
 1122 0014 00000000 		.4byte	0
ARM GAS  C:\Users\syhaines\AppData\Local\Temp\ccuBhfqc.s 			page 24


 1123              		.section	.debug_line,"",%progbits
 1124              	.Ldebug_line0:
 1125 0000 F1010000 		.section	.debug_str,"MS",%progbits,1
 1125      02008401 
 1125      00000201 
 1125      FB0E0D00 
 1125      01010101 
 1126              	.LASF31:
 1127 0000 53575F4D 		.ascii	"SW_Main_Read\000"
 1127      61696E5F 
 1127      52656164 
 1127      00
 1128              	.LASF9:
 1129 000d 5F5F7569 		.ascii	"__uint8_t\000"
 1129      6E74385F 
 1129      7400
 1130              	.LASF33:
 1131 0017 474E5520 		.ascii	"GNU C 4.9.3 20150303 (release) [ARM/embedded-4_9-br"
 1131      4320342E 
 1131      392E3320 
 1131      32303135 
 1131      30333033 
 1132 004a 616E6368 		.ascii	"anch revision 221220] -mcpu=cortex-m0 -mthumb -g -O"
 1132      20726576 
 1132      6973696F 
 1132      6E203232 
 1132      31323230 
 1133 007d 73202D66 		.ascii	"s -ffunction-sections -ffat-lto-objects\000"
 1133      66756E63 
 1133      74696F6E 
 1133      2D736563 
 1133      74696F6E 
 1134              	.LASF37:
 1135 00a5 70757368 		.ascii	"pushbutton_status\000"
 1135      62757474 
 1135      6F6E5F73 
 1135      74617475 
 1135      7300
 1136              	.LASF23:
 1137 00b7 70625F73 		.ascii	"pb_status_t\000"
 1137      74617475 
 1137      735F7400 
 1138              	.LASF3:
 1139 00c3 73686F72 		.ascii	"short unsigned int\000"
 1139      7420756E 
 1139      7369676E 
 1139      65642069 
 1139      6E7400
 1140              	.LASF35:
 1141 00d6 433A5C4C 		.ascii	"C:\\Legrand\\Dimmers\\A4W sofTap and Touch\\A4W_Sof"
 1141      65677261 
 1141      6E645C44 
 1141      696D6D65 
 1141      72735C41 
 1142 0105 7461702E 		.ascii	"tap.cydsn\000"
 1142      63796473 
 1142      6E00
ARM GAS  C:\Users\syhaines\AppData\Local\Temp\ccuBhfqc.s 			page 25


 1143              	.LASF27:
 1144 010f 70625F73 		.ascii	"pb_switched_on\000"
 1144      77697463 
 1144      6865645F 
 1144      6F6E00
 1145              	.LASF20:
 1146 011e 68656C64 		.ascii	"held_on\000"
 1146      5F6F6E00 
 1147              	.LASF40:
 1148 0126 70625F68 		.ascii	"pb_held_down\000"
 1148      656C645F 
 1148      646F776E 
 1148      00
 1149              	.LASF12:
 1150 0133 666C6F61 		.ascii	"float\000"
 1150      7400
 1151              	.LASF1:
 1152 0139 756E7369 		.ascii	"unsigned char\000"
 1152      676E6564 
 1152      20636861 
 1152      7200
 1153              	.LASF16:
 1154 0147 50425F4D 		.ascii	"PB_MAIN\000"
 1154      41494E00 
 1155              	.LASF5:
 1156 014f 6C6F6E67 		.ascii	"long unsigned int\000"
 1156      20756E73 
 1156      69676E65 
 1156      6420696E 
 1156      7400
 1157              	.LASF36:
 1158 0161 70757368 		.ascii	"pushbuttons\000"
 1158      62757474 
 1158      6F6E7300 
 1159              	.LASF11:
 1160 016d 75696E74 		.ascii	"uint8\000"
 1160      3800
 1161              	.LASF26:
 1162 0173 70757368 		.ascii	"pushbutton\000"
 1162      62757474 
 1162      6F6E00
 1163              	.LASF29:
 1164 017e 70625F68 		.ascii	"pb_held_open\000"
 1164      656C645F 
 1164      6F70656E 
 1164      00
 1165              	.LASF13:
 1166 018b 646F7562 		.ascii	"double\000"
 1166      6C6500
 1167              	.LASF30:
 1168 0192 53575F4D 		.ascii	"SW_Minus_Read\000"
 1168      696E7573 
 1168      5F526561 
 1168      6400
 1169              	.LASF28:
 1170 01a0 70625F73 		.ascii	"pb_switched_off\000"
 1170      77697463 
ARM GAS  C:\Users\syhaines\AppData\Local\Temp\ccuBhfqc.s 			page 26


 1170      6865645F 
 1170      6F666600 
 1171              	.LASF8:
 1172 01b0 756E7369 		.ascii	"unsigned int\000"
 1172      676E6564 
 1172      20696E74 
 1172      00
 1173              	.LASF22:
 1174 01bd 68656C64 		.ascii	"held_off\000"
 1174      5F6F6666 
 1174      00
 1175              	.LASF7:
 1176 01c6 6C6F6E67 		.ascii	"long long unsigned int\000"
 1176      206C6F6E 
 1176      6720756E 
 1176      7369676E 
 1176      65642069 
 1177              	.LASF10:
 1178 01dd 75696E74 		.ascii	"uint8_t\000"
 1178      385F7400 
 1179              	.LASF18:
 1180 01e5 50425F44 		.ascii	"PB_DOWN\000"
 1180      4F574E00 
 1181              	.LASF41:
 1182 01ed 50425F53 		.ascii	"PB_Status\000"
 1182      74617475 
 1182      7300
 1183              	.LASF15:
 1184 01f7 73697A65 		.ascii	"sizetype\000"
 1184      74797065 
 1184      00
 1185              	.LASF6:
 1186 0200 6C6F6E67 		.ascii	"long long int\000"
 1186      206C6F6E 
 1186      6720696E 
 1186      7400
 1187              	.LASF14:
 1188 020e 63686172 		.ascii	"char\000"
 1188      00
 1189              	.LASF38:
 1190 0213 696E6974 		.ascii	"init_pb_status\000"
 1190      5F70625F 
 1190      73746174 
 1190      757300
 1191              	.LASF25:
 1192 0222 696E6163 		.ascii	"inactive_count\000"
 1192      74697665 
 1192      5F636F75 
 1192      6E7400
 1193              	.LASF32:
 1194 0231 53575F50 		.ascii	"SW_Plus_Read\000"
 1194      6C75735F 
 1194      52656164 
 1194      00
 1195              	.LASF2:
 1196 023e 73686F72 		.ascii	"short int\000"
 1196      7420696E 
ARM GAS  C:\Users\syhaines\AppData\Local\Temp\ccuBhfqc.s 			page 27


 1196      7400
 1197              	.LASF17:
 1198 0248 50425F55 		.ascii	"PB_UP\000"
 1198      5000
 1199              	.LASF21:
 1200 024e 73776974 		.ascii	"switched_off\000"
 1200      63686564 
 1200      5F6F6666 
 1200      00
 1201              	.LASF39:
 1202 025b 72656164 		.ascii	"read_pushbutton\000"
 1202      5F707573 
 1202      68627574 
 1202      746F6E00 
 1203              	.LASF4:
 1204 026b 6C6F6E67 		.ascii	"long int\000"
 1204      20696E74 
 1204      00
 1205              	.LASF24:
 1206 0274 61637469 		.ascii	"active_count\000"
 1206      76655F63 
 1206      6F756E74 
 1206      00
 1207              	.LASF0:
 1208 0281 7369676E 		.ascii	"signed char\000"
 1208      65642063 
 1208      68617200 
 1209              	.LASF34:
 1210 028d 2E5C5573 		.ascii	".\\User_Source\\pushbutton.c\000"
 1210      65725F53 
 1210      6F757263 
 1210      655C7075 
 1210      73686275 
 1211              	.LASF19:
 1212 02a8 73776974 		.ascii	"switched_on\000"
 1212      63686564 
 1212      5F6F6E00 
 1213              		.ident	"GCC: (GNU Tools for ARM Embedded Processors) 4.9.3 20150303 (release) [ARM/embedded-4_9-br
