ARM GAS  C:\Users\syhaines\AppData\Local\Temp\ccsTYh5O.s 			page 1


   1              		.cpu cortex-m0
   2              		.fpu softvfp
   3              		.eabi_attribute 20, 1
   4              		.eabi_attribute 21, 1
   5              		.eabi_attribute 23, 3
   6              		.eabi_attribute 24, 1
   7              		.eabi_attribute 25, 1
   8              		.eabi_attribute 26, 1
   9              		.eabi_attribute 30, 4
  10              		.eabi_attribute 34, 0
  11              		.eabi_attribute 18, 4
  12              		.code	16
  13              		.file	"PWM_ISR.c"
  14              		.text
  15              	.Ltext0:
  16              		.cfi_sections	.debug_frame
  17              		.section	.text.PWM_ISR_Interrupt,"ax",%progbits
  18              		.align	1
  19              		.global	PWM_ISR_Interrupt
  20              		.code	16
  21              		.thumb_func
  22              		.type	PWM_ISR_Interrupt, %function
  23              	PWM_ISR_Interrupt:
  24              	.LFB36:
  25              		.file 1 ".\\Generated_Source\\PSoC4\\PWM_ISR.c"
   1:.\Generated_Source\PSoC4/PWM_ISR.c **** /*******************************************************************************
   2:.\Generated_Source\PSoC4/PWM_ISR.c **** * File Name: PWM_ISR.c  
   3:.\Generated_Source\PSoC4/PWM_ISR.c **** * Version 1.70
   4:.\Generated_Source\PSoC4/PWM_ISR.c **** *
   5:.\Generated_Source\PSoC4/PWM_ISR.c **** *  Description:
   6:.\Generated_Source\PSoC4/PWM_ISR.c **** *   API for controlling the state of an interrupt.
   7:.\Generated_Source\PSoC4/PWM_ISR.c **** *
   8:.\Generated_Source\PSoC4/PWM_ISR.c **** *
   9:.\Generated_Source\PSoC4/PWM_ISR.c **** *  Note:
  10:.\Generated_Source\PSoC4/PWM_ISR.c **** *
  11:.\Generated_Source\PSoC4/PWM_ISR.c **** ********************************************************************************
  12:.\Generated_Source\PSoC4/PWM_ISR.c **** * Copyright 2008-2015, Cypress Semiconductor Corporation.  All rights reserved.
  13:.\Generated_Source\PSoC4/PWM_ISR.c **** * You may use this file only in accordance with the license, terms, conditions, 
  14:.\Generated_Source\PSoC4/PWM_ISR.c **** * disclaimers, and limitations in the end user license agreement accompanying 
  15:.\Generated_Source\PSoC4/PWM_ISR.c **** * the software package with which this file was provided.
  16:.\Generated_Source\PSoC4/PWM_ISR.c **** *******************************************************************************/
  17:.\Generated_Source\PSoC4/PWM_ISR.c **** 
  18:.\Generated_Source\PSoC4/PWM_ISR.c **** 
  19:.\Generated_Source\PSoC4/PWM_ISR.c **** #include <cydevice_trm.h>
  20:.\Generated_Source\PSoC4/PWM_ISR.c **** #include <CyLib.h>
  21:.\Generated_Source\PSoC4/PWM_ISR.c **** #include <PWM_ISR.h>
  22:.\Generated_Source\PSoC4/PWM_ISR.c **** 
  23:.\Generated_Source\PSoC4/PWM_ISR.c **** 
  24:.\Generated_Source\PSoC4/PWM_ISR.c **** #if !defined(PWM_ISR__REMOVED) /* Check for removal by optimization */
  25:.\Generated_Source\PSoC4/PWM_ISR.c **** 
  26:.\Generated_Source\PSoC4/PWM_ISR.c **** /*******************************************************************************
  27:.\Generated_Source\PSoC4/PWM_ISR.c **** *  Place your includes, defines and code here 
  28:.\Generated_Source\PSoC4/PWM_ISR.c **** ********************************************************************************/
  29:.\Generated_Source\PSoC4/PWM_ISR.c **** /* `#START PWM_ISR_intc` */
  30:.\Generated_Source\PSoC4/PWM_ISR.c **** #include <user_main.h>
  31:.\Generated_Source\PSoC4/PWM_ISR.c **** #include <CY8C4124.h>
  32:.\Generated_Source\PSoC4/PWM_ISR.c **** #include <interrupts.h>
ARM GAS  C:\Users\syhaines\AppData\Local\Temp\ccsTYh5O.s 			page 2


  33:.\Generated_Source\PSoC4/PWM_ISR.c **** /* `#END` */
  34:.\Generated_Source\PSoC4/PWM_ISR.c **** 
  35:.\Generated_Source\PSoC4/PWM_ISR.c **** extern cyisraddress CyRamVectors[CYINT_IRQ_BASE + CY_NUM_INTERRUPTS];
  36:.\Generated_Source\PSoC4/PWM_ISR.c **** 
  37:.\Generated_Source\PSoC4/PWM_ISR.c **** /* Declared in startup, used to set unused interrupts to. */
  38:.\Generated_Source\PSoC4/PWM_ISR.c **** CY_ISR_PROTO(IntDefaultHandler);
  39:.\Generated_Source\PSoC4/PWM_ISR.c **** 
  40:.\Generated_Source\PSoC4/PWM_ISR.c **** 
  41:.\Generated_Source\PSoC4/PWM_ISR.c **** /*******************************************************************************
  42:.\Generated_Source\PSoC4/PWM_ISR.c **** * Function Name: PWM_ISR_Start
  43:.\Generated_Source\PSoC4/PWM_ISR.c **** ********************************************************************************
  44:.\Generated_Source\PSoC4/PWM_ISR.c **** *
  45:.\Generated_Source\PSoC4/PWM_ISR.c **** * Summary:
  46:.\Generated_Source\PSoC4/PWM_ISR.c **** *  Set up the interrupt and enable it. This function disables the interrupt, 
  47:.\Generated_Source\PSoC4/PWM_ISR.c **** *  sets the default interrupt vector, sets the priority from the value in the
  48:.\Generated_Source\PSoC4/PWM_ISR.c **** *  Design Wide Resources Interrupt Editor, then enables the interrupt to the 
  49:.\Generated_Source\PSoC4/PWM_ISR.c **** *  interrupt controller.
  50:.\Generated_Source\PSoC4/PWM_ISR.c **** *
  51:.\Generated_Source\PSoC4/PWM_ISR.c **** * Parameters:  
  52:.\Generated_Source\PSoC4/PWM_ISR.c **** *   None
  53:.\Generated_Source\PSoC4/PWM_ISR.c **** *
  54:.\Generated_Source\PSoC4/PWM_ISR.c **** * Return:
  55:.\Generated_Source\PSoC4/PWM_ISR.c **** *   None
  56:.\Generated_Source\PSoC4/PWM_ISR.c **** *
  57:.\Generated_Source\PSoC4/PWM_ISR.c **** *******************************************************************************/
  58:.\Generated_Source\PSoC4/PWM_ISR.c **** void PWM_ISR_Start(void)
  59:.\Generated_Source\PSoC4/PWM_ISR.c **** {
  60:.\Generated_Source\PSoC4/PWM_ISR.c ****     /* For all we know the interrupt is active. */
  61:.\Generated_Source\PSoC4/PWM_ISR.c ****     PWM_ISR_Disable();
  62:.\Generated_Source\PSoC4/PWM_ISR.c **** 
  63:.\Generated_Source\PSoC4/PWM_ISR.c ****     /* Set the ISR to point to the PWM_ISR Interrupt. */
  64:.\Generated_Source\PSoC4/PWM_ISR.c ****     PWM_ISR_SetVector(&PWM_ISR_Interrupt);
  65:.\Generated_Source\PSoC4/PWM_ISR.c **** 
  66:.\Generated_Source\PSoC4/PWM_ISR.c ****     /* Set the priority. */
  67:.\Generated_Source\PSoC4/PWM_ISR.c ****     PWM_ISR_SetPriority((uint8)PWM_ISR_INTC_PRIOR_NUMBER);
  68:.\Generated_Source\PSoC4/PWM_ISR.c **** 
  69:.\Generated_Source\PSoC4/PWM_ISR.c ****     /* Enable it. */
  70:.\Generated_Source\PSoC4/PWM_ISR.c ****     PWM_ISR_Enable();
  71:.\Generated_Source\PSoC4/PWM_ISR.c **** }
  72:.\Generated_Source\PSoC4/PWM_ISR.c **** 
  73:.\Generated_Source\PSoC4/PWM_ISR.c **** 
  74:.\Generated_Source\PSoC4/PWM_ISR.c **** /*******************************************************************************
  75:.\Generated_Source\PSoC4/PWM_ISR.c **** * Function Name: PWM_ISR_StartEx
  76:.\Generated_Source\PSoC4/PWM_ISR.c **** ********************************************************************************
  77:.\Generated_Source\PSoC4/PWM_ISR.c **** *
  78:.\Generated_Source\PSoC4/PWM_ISR.c **** * Summary:
  79:.\Generated_Source\PSoC4/PWM_ISR.c **** *  Sets up the interrupt and enables it. This function disables the interrupt,
  80:.\Generated_Source\PSoC4/PWM_ISR.c **** *  sets the interrupt vector based on the address passed in, sets the priority 
  81:.\Generated_Source\PSoC4/PWM_ISR.c **** *  from the value in the Design Wide Resources Interrupt Editor, then enables 
  82:.\Generated_Source\PSoC4/PWM_ISR.c **** *  the interrupt to the interrupt controller.
  83:.\Generated_Source\PSoC4/PWM_ISR.c **** *  
  84:.\Generated_Source\PSoC4/PWM_ISR.c **** *  When defining ISR functions, the CY_ISR and CY_ISR_PROTO macros should be 
  85:.\Generated_Source\PSoC4/PWM_ISR.c **** *  used to provide consistent definition across compilers:
  86:.\Generated_Source\PSoC4/PWM_ISR.c **** *  
  87:.\Generated_Source\PSoC4/PWM_ISR.c **** *  Function definition example:
  88:.\Generated_Source\PSoC4/PWM_ISR.c **** *   CY_ISR(MyISR)
  89:.\Generated_Source\PSoC4/PWM_ISR.c **** *   {
ARM GAS  C:\Users\syhaines\AppData\Local\Temp\ccsTYh5O.s 			page 3


  90:.\Generated_Source\PSoC4/PWM_ISR.c **** *   }
  91:.\Generated_Source\PSoC4/PWM_ISR.c **** *   Function prototype example:
  92:.\Generated_Source\PSoC4/PWM_ISR.c **** *   CY_ISR_PROTO(MyISR);
  93:.\Generated_Source\PSoC4/PWM_ISR.c **** *
  94:.\Generated_Source\PSoC4/PWM_ISR.c **** * Parameters:  
  95:.\Generated_Source\PSoC4/PWM_ISR.c **** *   address: Address of the ISR to set in the interrupt vector table.
  96:.\Generated_Source\PSoC4/PWM_ISR.c **** *
  97:.\Generated_Source\PSoC4/PWM_ISR.c **** * Return:
  98:.\Generated_Source\PSoC4/PWM_ISR.c **** *   None
  99:.\Generated_Source\PSoC4/PWM_ISR.c **** *
 100:.\Generated_Source\PSoC4/PWM_ISR.c **** *******************************************************************************/
 101:.\Generated_Source\PSoC4/PWM_ISR.c **** void PWM_ISR_StartEx(cyisraddress address)
 102:.\Generated_Source\PSoC4/PWM_ISR.c **** {
 103:.\Generated_Source\PSoC4/PWM_ISR.c ****     /* For all we know the interrupt is active. */
 104:.\Generated_Source\PSoC4/PWM_ISR.c ****     PWM_ISR_Disable();
 105:.\Generated_Source\PSoC4/PWM_ISR.c **** 
 106:.\Generated_Source\PSoC4/PWM_ISR.c ****     /* Set the ISR to point to the PWM_ISR Interrupt. */
 107:.\Generated_Source\PSoC4/PWM_ISR.c ****     PWM_ISR_SetVector(address);
 108:.\Generated_Source\PSoC4/PWM_ISR.c **** 
 109:.\Generated_Source\PSoC4/PWM_ISR.c ****     /* Set the priority. */
 110:.\Generated_Source\PSoC4/PWM_ISR.c ****     PWM_ISR_SetPriority((uint8)PWM_ISR_INTC_PRIOR_NUMBER);
 111:.\Generated_Source\PSoC4/PWM_ISR.c **** 
 112:.\Generated_Source\PSoC4/PWM_ISR.c ****     /* Enable it. */
 113:.\Generated_Source\PSoC4/PWM_ISR.c ****     PWM_ISR_Enable();
 114:.\Generated_Source\PSoC4/PWM_ISR.c **** }
 115:.\Generated_Source\PSoC4/PWM_ISR.c **** 
 116:.\Generated_Source\PSoC4/PWM_ISR.c **** 
 117:.\Generated_Source\PSoC4/PWM_ISR.c **** /*******************************************************************************
 118:.\Generated_Source\PSoC4/PWM_ISR.c **** * Function Name: PWM_ISR_Stop
 119:.\Generated_Source\PSoC4/PWM_ISR.c **** ********************************************************************************
 120:.\Generated_Source\PSoC4/PWM_ISR.c **** *
 121:.\Generated_Source\PSoC4/PWM_ISR.c **** * Summary:
 122:.\Generated_Source\PSoC4/PWM_ISR.c **** *   Disables and removes the interrupt.
 123:.\Generated_Source\PSoC4/PWM_ISR.c **** *
 124:.\Generated_Source\PSoC4/PWM_ISR.c **** * Parameters:  
 125:.\Generated_Source\PSoC4/PWM_ISR.c **** *   None
 126:.\Generated_Source\PSoC4/PWM_ISR.c **** *
 127:.\Generated_Source\PSoC4/PWM_ISR.c **** * Return:
 128:.\Generated_Source\PSoC4/PWM_ISR.c **** *   None
 129:.\Generated_Source\PSoC4/PWM_ISR.c **** *
 130:.\Generated_Source\PSoC4/PWM_ISR.c **** *******************************************************************************/
 131:.\Generated_Source\PSoC4/PWM_ISR.c **** void PWM_ISR_Stop(void)
 132:.\Generated_Source\PSoC4/PWM_ISR.c **** {
 133:.\Generated_Source\PSoC4/PWM_ISR.c ****     /* Disable this interrupt. */
 134:.\Generated_Source\PSoC4/PWM_ISR.c ****     PWM_ISR_Disable();
 135:.\Generated_Source\PSoC4/PWM_ISR.c **** 
 136:.\Generated_Source\PSoC4/PWM_ISR.c ****     /* Set the ISR to point to the passive one. */
 137:.\Generated_Source\PSoC4/PWM_ISR.c ****     PWM_ISR_SetVector(&IntDefaultHandler);
 138:.\Generated_Source\PSoC4/PWM_ISR.c **** }
 139:.\Generated_Source\PSoC4/PWM_ISR.c **** 
 140:.\Generated_Source\PSoC4/PWM_ISR.c **** 
 141:.\Generated_Source\PSoC4/PWM_ISR.c **** /*******************************************************************************
 142:.\Generated_Source\PSoC4/PWM_ISR.c **** * Function Name: PWM_ISR_Interrupt
 143:.\Generated_Source\PSoC4/PWM_ISR.c **** ********************************************************************************
 144:.\Generated_Source\PSoC4/PWM_ISR.c **** *
 145:.\Generated_Source\PSoC4/PWM_ISR.c **** * Summary:
 146:.\Generated_Source\PSoC4/PWM_ISR.c **** *   The default Interrupt Service Routine for PWM_ISR.
ARM GAS  C:\Users\syhaines\AppData\Local\Temp\ccsTYh5O.s 			page 4


 147:.\Generated_Source\PSoC4/PWM_ISR.c **** *
 148:.\Generated_Source\PSoC4/PWM_ISR.c **** *   Add custom code between the START and END comments to keep the next version
 149:.\Generated_Source\PSoC4/PWM_ISR.c **** *   of this file from over-writing your code.
 150:.\Generated_Source\PSoC4/PWM_ISR.c **** *
 151:.\Generated_Source\PSoC4/PWM_ISR.c **** *   Note You may use either the default ISR by using this API, or you may define
 152:.\Generated_Source\PSoC4/PWM_ISR.c **** *   your own separate ISR through ISR_StartEx().
 153:.\Generated_Source\PSoC4/PWM_ISR.c **** *
 154:.\Generated_Source\PSoC4/PWM_ISR.c **** * Parameters:  
 155:.\Generated_Source\PSoC4/PWM_ISR.c **** *   None
 156:.\Generated_Source\PSoC4/PWM_ISR.c **** *
 157:.\Generated_Source\PSoC4/PWM_ISR.c **** * Return:
 158:.\Generated_Source\PSoC4/PWM_ISR.c **** *   None
 159:.\Generated_Source\PSoC4/PWM_ISR.c **** *
 160:.\Generated_Source\PSoC4/PWM_ISR.c **** *******************************************************************************/
 161:.\Generated_Source\PSoC4/PWM_ISR.c **** CY_ISR(PWM_ISR_Interrupt)
 162:.\Generated_Source\PSoC4/PWM_ISR.c **** {
  26              		.loc 1 162 0
  27              		.cfi_startproc
  28 0000 08B5     		push	{r3, lr}
  29              		.cfi_def_cfa_offset 8
  30              		.cfi_offset 3, -8
  31              		.cfi_offset 14, -4
 163:.\Generated_Source\PSoC4/PWM_ISR.c ****     #ifdef PWM_ISR_INTERRUPT_INTERRUPT_CALLBACK
 164:.\Generated_Source\PSoC4/PWM_ISR.c ****         PWM_ISR_Interrupt_InterruptCallback();
 165:.\Generated_Source\PSoC4/PWM_ISR.c ****     #endif /* PWM_ISR_INTERRUPT_INTERRUPT_CALLBACK */ 
 166:.\Generated_Source\PSoC4/PWM_ISR.c **** 
 167:.\Generated_Source\PSoC4/PWM_ISR.c ****     /*  Place your Interrupt code here. */
 168:.\Generated_Source\PSoC4/PWM_ISR.c ****     /* `#START PWM_ISR_Interrupt` */
 169:.\Generated_Source\PSoC4/PWM_ISR.c ****     pwm_timer();
  32              		.loc 1 169 0
  33 0002 FFF7FEFF 		bl	pwm_timer
  34              	.LVL0:
 170:.\Generated_Source\PSoC4/PWM_ISR.c ****     /* `#END` */
 171:.\Generated_Source\PSoC4/PWM_ISR.c **** }
  35              		.loc 1 171 0
  36              		@ sp needed
  37 0006 08BD     		pop	{r3, pc}
  38              		.cfi_endproc
  39              	.LFE36:
  40              		.size	PWM_ISR_Interrupt, .-PWM_ISR_Interrupt
  41              		.section	.text.PWM_ISR_Stop,"ax",%progbits
  42              		.align	1
  43              		.global	PWM_ISR_Stop
  44              		.code	16
  45              		.thumb_func
  46              		.type	PWM_ISR_Stop, %function
  47              	PWM_ISR_Stop:
  48              	.LFB35:
 132:.\Generated_Source\PSoC4/PWM_ISR.c ****     /* Disable this interrupt. */
  49              		.loc 1 132 0
  50              		.cfi_startproc
  51              	.LBB18:
  52              	.LBB19:
 172:.\Generated_Source\PSoC4/PWM_ISR.c **** 
 173:.\Generated_Source\PSoC4/PWM_ISR.c **** 
 174:.\Generated_Source\PSoC4/PWM_ISR.c **** /*******************************************************************************
 175:.\Generated_Source\PSoC4/PWM_ISR.c **** * Function Name: PWM_ISR_SetVector
ARM GAS  C:\Users\syhaines\AppData\Local\Temp\ccsTYh5O.s 			page 5


 176:.\Generated_Source\PSoC4/PWM_ISR.c **** ********************************************************************************
 177:.\Generated_Source\PSoC4/PWM_ISR.c **** *
 178:.\Generated_Source\PSoC4/PWM_ISR.c **** * Summary:
 179:.\Generated_Source\PSoC4/PWM_ISR.c **** *   Change the ISR vector for the Interrupt. Note calling PWM_ISR_Start
 180:.\Generated_Source\PSoC4/PWM_ISR.c **** *   will override any effect this method would have had. To set the vector 
 181:.\Generated_Source\PSoC4/PWM_ISR.c **** *   before the component has been started use PWM_ISR_StartEx instead.
 182:.\Generated_Source\PSoC4/PWM_ISR.c **** * 
 183:.\Generated_Source\PSoC4/PWM_ISR.c **** *   When defining ISR functions, the CY_ISR and CY_ISR_PROTO macros should be 
 184:.\Generated_Source\PSoC4/PWM_ISR.c **** *   used to provide consistent definition across compilers:
 185:.\Generated_Source\PSoC4/PWM_ISR.c **** *
 186:.\Generated_Source\PSoC4/PWM_ISR.c **** *   Function definition example:
 187:.\Generated_Source\PSoC4/PWM_ISR.c **** *   CY_ISR(MyISR)
 188:.\Generated_Source\PSoC4/PWM_ISR.c **** *   {
 189:.\Generated_Source\PSoC4/PWM_ISR.c **** *   }
 190:.\Generated_Source\PSoC4/PWM_ISR.c **** *
 191:.\Generated_Source\PSoC4/PWM_ISR.c **** *   Function prototype example:
 192:.\Generated_Source\PSoC4/PWM_ISR.c **** *     CY_ISR_PROTO(MyISR);
 193:.\Generated_Source\PSoC4/PWM_ISR.c **** *
 194:.\Generated_Source\PSoC4/PWM_ISR.c **** * Parameters:
 195:.\Generated_Source\PSoC4/PWM_ISR.c **** *   address: Address of the ISR to set in the interrupt vector table.
 196:.\Generated_Source\PSoC4/PWM_ISR.c **** *
 197:.\Generated_Source\PSoC4/PWM_ISR.c **** * Return:
 198:.\Generated_Source\PSoC4/PWM_ISR.c **** *   None
 199:.\Generated_Source\PSoC4/PWM_ISR.c **** *
 200:.\Generated_Source\PSoC4/PWM_ISR.c **** *******************************************************************************/
 201:.\Generated_Source\PSoC4/PWM_ISR.c **** void PWM_ISR_SetVector(cyisraddress address)
 202:.\Generated_Source\PSoC4/PWM_ISR.c **** {
 203:.\Generated_Source\PSoC4/PWM_ISR.c ****     CyRamVectors[CYINT_IRQ_BASE + PWM_ISR__INTC_NUMBER] = address;
 204:.\Generated_Source\PSoC4/PWM_ISR.c **** }
 205:.\Generated_Source\PSoC4/PWM_ISR.c **** 
 206:.\Generated_Source\PSoC4/PWM_ISR.c **** 
 207:.\Generated_Source\PSoC4/PWM_ISR.c **** /*******************************************************************************
 208:.\Generated_Source\PSoC4/PWM_ISR.c **** * Function Name: PWM_ISR_GetVector
 209:.\Generated_Source\PSoC4/PWM_ISR.c **** ********************************************************************************
 210:.\Generated_Source\PSoC4/PWM_ISR.c **** *
 211:.\Generated_Source\PSoC4/PWM_ISR.c **** * Summary:
 212:.\Generated_Source\PSoC4/PWM_ISR.c **** *   Gets the "address" of the current ISR vector for the Interrupt.
 213:.\Generated_Source\PSoC4/PWM_ISR.c **** *
 214:.\Generated_Source\PSoC4/PWM_ISR.c **** * Parameters:
 215:.\Generated_Source\PSoC4/PWM_ISR.c **** *   None
 216:.\Generated_Source\PSoC4/PWM_ISR.c **** *
 217:.\Generated_Source\PSoC4/PWM_ISR.c **** * Return:
 218:.\Generated_Source\PSoC4/PWM_ISR.c **** *   Address of the ISR in the interrupt vector table.
 219:.\Generated_Source\PSoC4/PWM_ISR.c **** *
 220:.\Generated_Source\PSoC4/PWM_ISR.c **** *******************************************************************************/
 221:.\Generated_Source\PSoC4/PWM_ISR.c **** cyisraddress PWM_ISR_GetVector(void)
 222:.\Generated_Source\PSoC4/PWM_ISR.c **** {
 223:.\Generated_Source\PSoC4/PWM_ISR.c ****     return CyRamVectors[CYINT_IRQ_BASE + PWM_ISR__INTC_NUMBER];
 224:.\Generated_Source\PSoC4/PWM_ISR.c **** }
 225:.\Generated_Source\PSoC4/PWM_ISR.c **** 
 226:.\Generated_Source\PSoC4/PWM_ISR.c **** 
 227:.\Generated_Source\PSoC4/PWM_ISR.c **** /*******************************************************************************
 228:.\Generated_Source\PSoC4/PWM_ISR.c **** * Function Name: PWM_ISR_SetPriority
 229:.\Generated_Source\PSoC4/PWM_ISR.c **** ********************************************************************************
 230:.\Generated_Source\PSoC4/PWM_ISR.c **** *
 231:.\Generated_Source\PSoC4/PWM_ISR.c **** * Summary:
 232:.\Generated_Source\PSoC4/PWM_ISR.c **** *   Sets the Priority of the Interrupt. 
ARM GAS  C:\Users\syhaines\AppData\Local\Temp\ccsTYh5O.s 			page 6


 233:.\Generated_Source\PSoC4/PWM_ISR.c **** *
 234:.\Generated_Source\PSoC4/PWM_ISR.c **** *   Note calling PWM_ISR_Start or PWM_ISR_StartEx will 
 235:.\Generated_Source\PSoC4/PWM_ISR.c **** *   override any effect this API would have had. This API should only be called
 236:.\Generated_Source\PSoC4/PWM_ISR.c **** *   after PWM_ISR_Start or PWM_ISR_StartEx has been called. 
 237:.\Generated_Source\PSoC4/PWM_ISR.c **** *   To set the initial priority for the component, use the Design-Wide Resources
 238:.\Generated_Source\PSoC4/PWM_ISR.c **** *   Interrupt Editor.
 239:.\Generated_Source\PSoC4/PWM_ISR.c **** *
 240:.\Generated_Source\PSoC4/PWM_ISR.c **** *   Note This API has no effect on Non-maskable interrupt NMI).
 241:.\Generated_Source\PSoC4/PWM_ISR.c **** *
 242:.\Generated_Source\PSoC4/PWM_ISR.c **** * Parameters:
 243:.\Generated_Source\PSoC4/PWM_ISR.c **** *   priority: Priority of the interrupt, 0 being the highest priority
 244:.\Generated_Source\PSoC4/PWM_ISR.c **** *             PSoC 3 and PSoC 5LP: Priority is from 0 to 7.
 245:.\Generated_Source\PSoC4/PWM_ISR.c **** *             PSoC 4: Priority is from 0 to 3.
 246:.\Generated_Source\PSoC4/PWM_ISR.c **** *
 247:.\Generated_Source\PSoC4/PWM_ISR.c **** * Return:
 248:.\Generated_Source\PSoC4/PWM_ISR.c **** *   None
 249:.\Generated_Source\PSoC4/PWM_ISR.c **** *
 250:.\Generated_Source\PSoC4/PWM_ISR.c **** *******************************************************************************/
 251:.\Generated_Source\PSoC4/PWM_ISR.c **** void PWM_ISR_SetPriority(uint8 priority)
 252:.\Generated_Source\PSoC4/PWM_ISR.c **** {
 253:.\Generated_Source\PSoC4/PWM_ISR.c **** 	uint8 interruptState;
 254:.\Generated_Source\PSoC4/PWM_ISR.c ****     uint32 priorityOffset = ((PWM_ISR__INTC_NUMBER % 4u) * 8u) + 6u;
 255:.\Generated_Source\PSoC4/PWM_ISR.c ****     
 256:.\Generated_Source\PSoC4/PWM_ISR.c **** 	interruptState = CyEnterCriticalSection();
 257:.\Generated_Source\PSoC4/PWM_ISR.c ****     *PWM_ISR_INTC_PRIOR = (*PWM_ISR_INTC_PRIOR & (uint32)(~PWM_ISR__INTC_PRIOR_MASK)) |
 258:.\Generated_Source\PSoC4/PWM_ISR.c ****                                     ((uint32)priority << priorityOffset);
 259:.\Generated_Source\PSoC4/PWM_ISR.c **** 	CyExitCriticalSection(interruptState);
 260:.\Generated_Source\PSoC4/PWM_ISR.c **** }
 261:.\Generated_Source\PSoC4/PWM_ISR.c **** 
 262:.\Generated_Source\PSoC4/PWM_ISR.c **** 
 263:.\Generated_Source\PSoC4/PWM_ISR.c **** /*******************************************************************************
 264:.\Generated_Source\PSoC4/PWM_ISR.c **** * Function Name: PWM_ISR_GetPriority
 265:.\Generated_Source\PSoC4/PWM_ISR.c **** ********************************************************************************
 266:.\Generated_Source\PSoC4/PWM_ISR.c **** *
 267:.\Generated_Source\PSoC4/PWM_ISR.c **** * Summary:
 268:.\Generated_Source\PSoC4/PWM_ISR.c **** *   Gets the Priority of the Interrupt.
 269:.\Generated_Source\PSoC4/PWM_ISR.c **** *
 270:.\Generated_Source\PSoC4/PWM_ISR.c **** * Parameters:
 271:.\Generated_Source\PSoC4/PWM_ISR.c **** *   None
 272:.\Generated_Source\PSoC4/PWM_ISR.c **** *
 273:.\Generated_Source\PSoC4/PWM_ISR.c **** * Return:
 274:.\Generated_Source\PSoC4/PWM_ISR.c **** *   Priority of the interrupt, 0 being the highest priority
 275:.\Generated_Source\PSoC4/PWM_ISR.c **** *    PSoC 3 and PSoC 5LP: Priority is from 0 to 7.
 276:.\Generated_Source\PSoC4/PWM_ISR.c **** *    PSoC 4: Priority is from 0 to 3.
 277:.\Generated_Source\PSoC4/PWM_ISR.c **** *
 278:.\Generated_Source\PSoC4/PWM_ISR.c **** *******************************************************************************/
 279:.\Generated_Source\PSoC4/PWM_ISR.c **** uint8 PWM_ISR_GetPriority(void)
 280:.\Generated_Source\PSoC4/PWM_ISR.c **** {
 281:.\Generated_Source\PSoC4/PWM_ISR.c ****     uint32 priority;
 282:.\Generated_Source\PSoC4/PWM_ISR.c **** 	uint32 priorityOffset = ((PWM_ISR__INTC_NUMBER % 4u) * 8u) + 6u;
 283:.\Generated_Source\PSoC4/PWM_ISR.c **** 
 284:.\Generated_Source\PSoC4/PWM_ISR.c ****     priority = (*PWM_ISR_INTC_PRIOR & PWM_ISR__INTC_PRIOR_MASK) >> priorityOffset;
 285:.\Generated_Source\PSoC4/PWM_ISR.c **** 
 286:.\Generated_Source\PSoC4/PWM_ISR.c ****     return (uint8)priority;
 287:.\Generated_Source\PSoC4/PWM_ISR.c **** }
 288:.\Generated_Source\PSoC4/PWM_ISR.c **** 
 289:.\Generated_Source\PSoC4/PWM_ISR.c **** 
ARM GAS  C:\Users\syhaines\AppData\Local\Temp\ccsTYh5O.s 			page 7


 290:.\Generated_Source\PSoC4/PWM_ISR.c **** /*******************************************************************************
 291:.\Generated_Source\PSoC4/PWM_ISR.c **** * Function Name: PWM_ISR_Enable
 292:.\Generated_Source\PSoC4/PWM_ISR.c **** ********************************************************************************
 293:.\Generated_Source\PSoC4/PWM_ISR.c **** *
 294:.\Generated_Source\PSoC4/PWM_ISR.c **** * Summary:
 295:.\Generated_Source\PSoC4/PWM_ISR.c **** *   Enables the interrupt to the interrupt controller. Do not call this function
 296:.\Generated_Source\PSoC4/PWM_ISR.c **** *   unless ISR_Start() has been called or the functionality of the ISR_Start() 
 297:.\Generated_Source\PSoC4/PWM_ISR.c **** *   function, which sets the vector and the priority, has been called.
 298:.\Generated_Source\PSoC4/PWM_ISR.c **** *
 299:.\Generated_Source\PSoC4/PWM_ISR.c **** * Parameters:
 300:.\Generated_Source\PSoC4/PWM_ISR.c **** *   None
 301:.\Generated_Source\PSoC4/PWM_ISR.c **** *
 302:.\Generated_Source\PSoC4/PWM_ISR.c **** * Return:
 303:.\Generated_Source\PSoC4/PWM_ISR.c **** *   None
 304:.\Generated_Source\PSoC4/PWM_ISR.c **** *
 305:.\Generated_Source\PSoC4/PWM_ISR.c **** *******************************************************************************/
 306:.\Generated_Source\PSoC4/PWM_ISR.c **** void PWM_ISR_Enable(void)
 307:.\Generated_Source\PSoC4/PWM_ISR.c **** {
 308:.\Generated_Source\PSoC4/PWM_ISR.c ****     /* Enable the general interrupt. */
 309:.\Generated_Source\PSoC4/PWM_ISR.c ****     *PWM_ISR_INTC_SET_EN = PWM_ISR__INTC_MASK;
 310:.\Generated_Source\PSoC4/PWM_ISR.c **** }
 311:.\Generated_Source\PSoC4/PWM_ISR.c **** 
 312:.\Generated_Source\PSoC4/PWM_ISR.c **** 
 313:.\Generated_Source\PSoC4/PWM_ISR.c **** /*******************************************************************************
 314:.\Generated_Source\PSoC4/PWM_ISR.c **** * Function Name: PWM_ISR_GetState
 315:.\Generated_Source\PSoC4/PWM_ISR.c **** ********************************************************************************
 316:.\Generated_Source\PSoC4/PWM_ISR.c **** *
 317:.\Generated_Source\PSoC4/PWM_ISR.c **** * Summary:
 318:.\Generated_Source\PSoC4/PWM_ISR.c **** *   Gets the state (enabled, disabled) of the Interrupt.
 319:.\Generated_Source\PSoC4/PWM_ISR.c **** *
 320:.\Generated_Source\PSoC4/PWM_ISR.c **** * Parameters:
 321:.\Generated_Source\PSoC4/PWM_ISR.c **** *   None
 322:.\Generated_Source\PSoC4/PWM_ISR.c **** *
 323:.\Generated_Source\PSoC4/PWM_ISR.c **** * Return:
 324:.\Generated_Source\PSoC4/PWM_ISR.c **** *   1 if enabled, 0 if disabled.
 325:.\Generated_Source\PSoC4/PWM_ISR.c **** *
 326:.\Generated_Source\PSoC4/PWM_ISR.c **** *******************************************************************************/
 327:.\Generated_Source\PSoC4/PWM_ISR.c **** uint8 PWM_ISR_GetState(void)
 328:.\Generated_Source\PSoC4/PWM_ISR.c **** {
 329:.\Generated_Source\PSoC4/PWM_ISR.c ****     /* Get the state of the general interrupt. */
 330:.\Generated_Source\PSoC4/PWM_ISR.c ****     return ((*PWM_ISR_INTC_SET_EN & (uint32)PWM_ISR__INTC_MASK) != 0u) ? 1u:0u;
 331:.\Generated_Source\PSoC4/PWM_ISR.c **** }
 332:.\Generated_Source\PSoC4/PWM_ISR.c **** 
 333:.\Generated_Source\PSoC4/PWM_ISR.c **** 
 334:.\Generated_Source\PSoC4/PWM_ISR.c **** /*******************************************************************************
 335:.\Generated_Source\PSoC4/PWM_ISR.c **** * Function Name: PWM_ISR_Disable
 336:.\Generated_Source\PSoC4/PWM_ISR.c **** ********************************************************************************
 337:.\Generated_Source\PSoC4/PWM_ISR.c **** *
 338:.\Generated_Source\PSoC4/PWM_ISR.c **** * Summary:
 339:.\Generated_Source\PSoC4/PWM_ISR.c **** *   Disables the Interrupt in the interrupt controller.
 340:.\Generated_Source\PSoC4/PWM_ISR.c **** *
 341:.\Generated_Source\PSoC4/PWM_ISR.c **** * Parameters:
 342:.\Generated_Source\PSoC4/PWM_ISR.c **** *   None
 343:.\Generated_Source\PSoC4/PWM_ISR.c **** *
 344:.\Generated_Source\PSoC4/PWM_ISR.c **** * Return:
 345:.\Generated_Source\PSoC4/PWM_ISR.c **** *   None
 346:.\Generated_Source\PSoC4/PWM_ISR.c **** *
ARM GAS  C:\Users\syhaines\AppData\Local\Temp\ccsTYh5O.s 			page 8


 347:.\Generated_Source\PSoC4/PWM_ISR.c **** *******************************************************************************/
 348:.\Generated_Source\PSoC4/PWM_ISR.c **** void PWM_ISR_Disable(void)
 349:.\Generated_Source\PSoC4/PWM_ISR.c **** {
 350:.\Generated_Source\PSoC4/PWM_ISR.c ****     /* Disable the general interrupt. */
 351:.\Generated_Source\PSoC4/PWM_ISR.c ****     *PWM_ISR_INTC_CLR_EN = PWM_ISR__INTC_MASK;
  53              		.loc 1 351 0
  54 0000 8022     		mov	r2, #128
  55 0002 044B     		ldr	r3, .L3
  56 0004 9202     		lsl	r2, r2, #10
  57 0006 1A60     		str	r2, [r3]
  58              	.LVL1:
  59              	.LBE19:
  60              	.LBE18:
  61              	.LBB20:
  62              	.LBB21:
 203:.\Generated_Source\PSoC4/PWM_ISR.c **** }
  63              		.loc 1 203 0
  64 0008 034B     		ldr	r3, .L3+4
  65 000a 044A     		ldr	r2, .L3+8
  66 000c 0833     		add	r3, r3, #8
  67 000e DA67     		str	r2, [r3, #124]
  68              	.LBE21:
  69              	.LBE20:
 138:.\Generated_Source\PSoC4/PWM_ISR.c **** 
  70              		.loc 1 138 0
  71              		@ sp needed
  72 0010 7047     		bx	lr
  73              	.L4:
  74 0012 C046     		.align	2
  75              	.L3:
  76 0014 80E100E0 		.word	-536813184
  77 0018 00000000 		.word	CyRamVectors
  78 001c 00000000 		.word	IntDefaultHandler
  79              		.cfi_endproc
  80              	.LFE35:
  81              		.size	PWM_ISR_Stop, .-PWM_ISR_Stop
  82              		.section	.text.PWM_ISR_SetVector,"ax",%progbits
  83              		.align	1
  84              		.global	PWM_ISR_SetVector
  85              		.code	16
  86              		.thumb_func
  87              		.type	PWM_ISR_SetVector, %function
  88              	PWM_ISR_SetVector:
  89              	.LFB37:
 202:.\Generated_Source\PSoC4/PWM_ISR.c ****     CyRamVectors[CYINT_IRQ_BASE + PWM_ISR__INTC_NUMBER] = address;
  90              		.loc 1 202 0
  91              		.cfi_startproc
  92              	.LVL2:
 203:.\Generated_Source\PSoC4/PWM_ISR.c **** }
  93              		.loc 1 203 0
  94 0000 014B     		ldr	r3, .L6
 204:.\Generated_Source\PSoC4/PWM_ISR.c **** 
  95              		.loc 1 204 0
  96              		@ sp needed
 203:.\Generated_Source\PSoC4/PWM_ISR.c **** }
  97              		.loc 1 203 0
  98 0002 0833     		add	r3, r3, #8
ARM GAS  C:\Users\syhaines\AppData\Local\Temp\ccsTYh5O.s 			page 9


  99 0004 D867     		str	r0, [r3, #124]
 204:.\Generated_Source\PSoC4/PWM_ISR.c **** 
 100              		.loc 1 204 0
 101 0006 7047     		bx	lr
 102              	.L7:
 103              		.align	2
 104              	.L6:
 105 0008 00000000 		.word	CyRamVectors
 106              		.cfi_endproc
 107              	.LFE37:
 108              		.size	PWM_ISR_SetVector, .-PWM_ISR_SetVector
 109              		.section	.text.PWM_ISR_GetVector,"ax",%progbits
 110              		.align	1
 111              		.global	PWM_ISR_GetVector
 112              		.code	16
 113              		.thumb_func
 114              		.type	PWM_ISR_GetVector, %function
 115              	PWM_ISR_GetVector:
 116              	.LFB38:
 222:.\Generated_Source\PSoC4/PWM_ISR.c ****     return CyRamVectors[CYINT_IRQ_BASE + PWM_ISR__INTC_NUMBER];
 117              		.loc 1 222 0
 118              		.cfi_startproc
 223:.\Generated_Source\PSoC4/PWM_ISR.c **** }
 119              		.loc 1 223 0
 120 0000 014B     		ldr	r3, .L9
 224:.\Generated_Source\PSoC4/PWM_ISR.c **** 
 121              		.loc 1 224 0
 122              		@ sp needed
 223:.\Generated_Source\PSoC4/PWM_ISR.c **** }
 123              		.loc 1 223 0
 124 0002 0833     		add	r3, r3, #8
 125 0004 D86F     		ldr	r0, [r3, #124]
 224:.\Generated_Source\PSoC4/PWM_ISR.c **** 
 126              		.loc 1 224 0
 127 0006 7047     		bx	lr
 128              	.L10:
 129              		.align	2
 130              	.L9:
 131 0008 00000000 		.word	CyRamVectors
 132              		.cfi_endproc
 133              	.LFE38:
 134              		.size	PWM_ISR_GetVector, .-PWM_ISR_GetVector
 135              		.section	.text.PWM_ISR_SetPriority,"ax",%progbits
 136              		.align	1
 137              		.global	PWM_ISR_SetPriority
 138              		.code	16
 139              		.thumb_func
 140              		.type	PWM_ISR_SetPriority, %function
 141              	PWM_ISR_SetPriority:
 142              	.LFB39:
 252:.\Generated_Source\PSoC4/PWM_ISR.c **** 	uint8 interruptState;
 143              		.loc 1 252 0
 144              		.cfi_startproc
 145              	.LVL3:
 146 0000 10B5     		push	{r4, lr}
 147              		.cfi_def_cfa_offset 8
 148              		.cfi_offset 4, -8
ARM GAS  C:\Users\syhaines\AppData\Local\Temp\ccsTYh5O.s 			page 10


 149              		.cfi_offset 14, -4
 252:.\Generated_Source\PSoC4/PWM_ISR.c **** 	uint8 interruptState;
 150              		.loc 1 252 0
 151 0002 041C     		mov	r4, r0
 256:.\Generated_Source\PSoC4/PWM_ISR.c ****     *PWM_ISR_INTC_PRIOR = (*PWM_ISR_INTC_PRIOR & (uint32)(~PWM_ISR__INTC_PRIOR_MASK)) |
 152              		.loc 1 256 0
 153 0004 FFF7FEFF 		bl	CyEnterCriticalSection
 154              	.LVL4:
 257:.\Generated_Source\PSoC4/PWM_ISR.c ****                                     ((uint32)priority << priorityOffset);
 155              		.loc 1 257 0
 156 0008 0449     		ldr	r1, .L12
 157 000a 054A     		ldr	r2, .L12+4
 158 000c 0B68     		ldr	r3, [r1]
 258:.\Generated_Source\PSoC4/PWM_ISR.c **** 	CyExitCriticalSection(interruptState);
 159              		.loc 1 258 0
 160 000e A403     		lsl	r4, r4, #14
 257:.\Generated_Source\PSoC4/PWM_ISR.c ****                                     ((uint32)priority << priorityOffset);
 161              		.loc 1 257 0
 162 0010 1340     		and	r3, r2
 163 0012 2343     		orr	r3, r4
 164 0014 0B60     		str	r3, [r1]
 259:.\Generated_Source\PSoC4/PWM_ISR.c **** }
 165              		.loc 1 259 0
 166 0016 FFF7FEFF 		bl	CyExitCriticalSection
 167              	.LVL5:
 260:.\Generated_Source\PSoC4/PWM_ISR.c **** 
 168              		.loc 1 260 0
 169              		@ sp needed
 170 001a 10BD     		pop	{r4, pc}
 171              	.L13:
 172              		.align	2
 173              	.L12:
 174 001c 10E400E0 		.word	-536812528
 175 0020 FF3FFFFF 		.word	-49153
 176              		.cfi_endproc
 177              	.LFE39:
 178              		.size	PWM_ISR_SetPriority, .-PWM_ISR_SetPriority
 179              		.section	.text.PWM_ISR_Start,"ax",%progbits
 180              		.align	1
 181              		.global	PWM_ISR_Start
 182              		.code	16
 183              		.thumb_func
 184              		.type	PWM_ISR_Start, %function
 185              	PWM_ISR_Start:
 186              	.LFB33:
  59:.\Generated_Source\PSoC4/PWM_ISR.c ****     /* For all we know the interrupt is active. */
 187              		.loc 1 59 0
 188              		.cfi_startproc
 189 0000 10B5     		push	{r4, lr}
 190              		.cfi_def_cfa_offset 8
 191              		.cfi_offset 4, -8
 192              		.cfi_offset 14, -4
 193              	.LBB22:
 194              	.LBB23:
 195              		.loc 1 351 0
 196 0002 8024     		mov	r4, #128
 197 0004 064B     		ldr	r3, .L15
ARM GAS  C:\Users\syhaines\AppData\Local\Temp\ccsTYh5O.s 			page 11


 198 0006 A402     		lsl	r4, r4, #10
 199 0008 1C60     		str	r4, [r3]
 200              	.LVL6:
 201              	.LBE23:
 202              	.LBE22:
 203              	.LBB24:
 204              	.LBB25:
 203:.\Generated_Source\PSoC4/PWM_ISR.c **** }
 205              		.loc 1 203 0
 206 000a 064B     		ldr	r3, .L15+4
 207 000c 064A     		ldr	r2, .L15+8
 208 000e 0833     		add	r3, r3, #8
 209              	.LBE25:
 210              	.LBE24:
  67:.\Generated_Source\PSoC4/PWM_ISR.c **** 
 211              		.loc 1 67 0
 212 0010 0120     		mov	r0, #1
 213              	.LBB27:
 214              	.LBB26:
 203:.\Generated_Source\PSoC4/PWM_ISR.c **** }
 215              		.loc 1 203 0
 216 0012 DA67     		str	r2, [r3, #124]
 217              	.LBE26:
 218              	.LBE27:
  67:.\Generated_Source\PSoC4/PWM_ISR.c **** 
 219              		.loc 1 67 0
 220 0014 FFF7FEFF 		bl	PWM_ISR_SetPriority
 221              	.LVL7:
 222              	.LBB28:
 223              	.LBB29:
 309:.\Generated_Source\PSoC4/PWM_ISR.c **** }
 224              		.loc 1 309 0
 225 0018 044B     		ldr	r3, .L15+12
 226              	.LBE29:
 227              	.LBE28:
  71:.\Generated_Source\PSoC4/PWM_ISR.c **** 
 228              		.loc 1 71 0
 229              		@ sp needed
 230              	.LBB31:
 231              	.LBB30:
 309:.\Generated_Source\PSoC4/PWM_ISR.c **** }
 232              		.loc 1 309 0
 233 001a 1C60     		str	r4, [r3]
 234              	.LBE30:
 235              	.LBE31:
  71:.\Generated_Source\PSoC4/PWM_ISR.c **** 
 236              		.loc 1 71 0
 237 001c 10BD     		pop	{r4, pc}
 238              	.L16:
 239 001e C046     		.align	2
 240              	.L15:
 241 0020 80E100E0 		.word	-536813184
 242 0024 00000000 		.word	CyRamVectors
 243 0028 00000000 		.word	PWM_ISR_Interrupt
 244 002c 00E100E0 		.word	-536813312
 245              		.cfi_endproc
 246              	.LFE33:
ARM GAS  C:\Users\syhaines\AppData\Local\Temp\ccsTYh5O.s 			page 12


 247              		.size	PWM_ISR_Start, .-PWM_ISR_Start
 248              		.section	.text.PWM_ISR_StartEx,"ax",%progbits
 249              		.align	1
 250              		.global	PWM_ISR_StartEx
 251              		.code	16
 252              		.thumb_func
 253              		.type	PWM_ISR_StartEx, %function
 254              	PWM_ISR_StartEx:
 255              	.LFB34:
 102:.\Generated_Source\PSoC4/PWM_ISR.c ****     /* For all we know the interrupt is active. */
 256              		.loc 1 102 0
 257              		.cfi_startproc
 258              	.LVL8:
 259 0000 10B5     		push	{r4, lr}
 260              		.cfi_def_cfa_offset 8
 261              		.cfi_offset 4, -8
 262              		.cfi_offset 14, -4
 263              	.LBB32:
 264              	.LBB33:
 265              		.loc 1 351 0
 266 0002 8024     		mov	r4, #128
 267 0004 054B     		ldr	r3, .L18
 268 0006 A402     		lsl	r4, r4, #10
 269 0008 1C60     		str	r4, [r3]
 270              	.LVL9:
 271              	.LBE33:
 272              	.LBE32:
 273              	.LBB34:
 274              	.LBB35:
 203:.\Generated_Source\PSoC4/PWM_ISR.c **** }
 275              		.loc 1 203 0
 276 000a 054B     		ldr	r3, .L18+4
 277              	.LBE35:
 278              	.LBE34:
 114:.\Generated_Source\PSoC4/PWM_ISR.c **** 
 279              		.loc 1 114 0
 280              		@ sp needed
 281              	.LBB37:
 282              	.LBB36:
 203:.\Generated_Source\PSoC4/PWM_ISR.c **** }
 283              		.loc 1 203 0
 284 000c 0833     		add	r3, r3, #8
 285 000e D867     		str	r0, [r3, #124]
 286              	.LBE36:
 287              	.LBE37:
 110:.\Generated_Source\PSoC4/PWM_ISR.c **** 
 288              		.loc 1 110 0
 289 0010 0120     		mov	r0, #1
 290              	.LVL10:
 291 0012 FFF7FEFF 		bl	PWM_ISR_SetPriority
 292              	.LVL11:
 293              	.LBB38:
 294              	.LBB39:
 309:.\Generated_Source\PSoC4/PWM_ISR.c **** }
 295              		.loc 1 309 0
 296 0016 034B     		ldr	r3, .L18+8
 297 0018 1C60     		str	r4, [r3]
ARM GAS  C:\Users\syhaines\AppData\Local\Temp\ccsTYh5O.s 			page 13


 298              	.LBE39:
 299              	.LBE38:
 114:.\Generated_Source\PSoC4/PWM_ISR.c **** 
 300              		.loc 1 114 0
 301 001a 10BD     		pop	{r4, pc}
 302              	.L19:
 303              		.align	2
 304              	.L18:
 305 001c 80E100E0 		.word	-536813184
 306 0020 00000000 		.word	CyRamVectors
 307 0024 00E100E0 		.word	-536813312
 308              		.cfi_endproc
 309              	.LFE34:
 310              		.size	PWM_ISR_StartEx, .-PWM_ISR_StartEx
 311              		.section	.text.PWM_ISR_GetPriority,"ax",%progbits
 312              		.align	1
 313              		.global	PWM_ISR_GetPriority
 314              		.code	16
 315              		.thumb_func
 316              		.type	PWM_ISR_GetPriority, %function
 317              	PWM_ISR_GetPriority:
 318              	.LFB40:
 280:.\Generated_Source\PSoC4/PWM_ISR.c ****     uint32 priority;
 319              		.loc 1 280 0
 320              		.cfi_startproc
 321              	.LVL12:
 284:.\Generated_Source\PSoC4/PWM_ISR.c **** 
 322              		.loc 1 284 0
 323 0000 024B     		ldr	r3, .L21
 287:.\Generated_Source\PSoC4/PWM_ISR.c **** 
 324              		.loc 1 287 0
 325              		@ sp needed
 284:.\Generated_Source\PSoC4/PWM_ISR.c **** 
 326              		.loc 1 284 0
 327 0002 1868     		ldr	r0, [r3]
 328              	.LVL13:
 329 0004 0004     		lsl	r0, r0, #16
 330              	.LVL14:
 286:.\Generated_Source\PSoC4/PWM_ISR.c **** }
 331              		.loc 1 286 0
 332 0006 800F     		lsr	r0, r0, #30
 287:.\Generated_Source\PSoC4/PWM_ISR.c **** 
 333              		.loc 1 287 0
 334 0008 7047     		bx	lr
 335              	.L22:
 336 000a C046     		.align	2
 337              	.L21:
 338 000c 10E400E0 		.word	-536812528
 339              		.cfi_endproc
 340              	.LFE40:
 341              		.size	PWM_ISR_GetPriority, .-PWM_ISR_GetPriority
 342              		.section	.text.PWM_ISR_Enable,"ax",%progbits
 343              		.align	1
 344              		.global	PWM_ISR_Enable
 345              		.code	16
 346              		.thumb_func
 347              		.type	PWM_ISR_Enable, %function
ARM GAS  C:\Users\syhaines\AppData\Local\Temp\ccsTYh5O.s 			page 14


 348              	PWM_ISR_Enable:
 349              	.LFB41:
 307:.\Generated_Source\PSoC4/PWM_ISR.c ****     /* Enable the general interrupt. */
 350              		.loc 1 307 0
 351              		.cfi_startproc
 309:.\Generated_Source\PSoC4/PWM_ISR.c **** }
 352              		.loc 1 309 0
 353 0000 8022     		mov	r2, #128
 354 0002 024B     		ldr	r3, .L24
 355 0004 9202     		lsl	r2, r2, #10
 356 0006 1A60     		str	r2, [r3]
 310:.\Generated_Source\PSoC4/PWM_ISR.c **** 
 357              		.loc 1 310 0
 358              		@ sp needed
 359 0008 7047     		bx	lr
 360              	.L25:
 361 000a C046     		.align	2
 362              	.L24:
 363 000c 00E100E0 		.word	-536813312
 364              		.cfi_endproc
 365              	.LFE41:
 366              		.size	PWM_ISR_Enable, .-PWM_ISR_Enable
 367              		.section	.text.PWM_ISR_GetState,"ax",%progbits
 368              		.align	1
 369              		.global	PWM_ISR_GetState
 370              		.code	16
 371              		.thumb_func
 372              		.type	PWM_ISR_GetState, %function
 373              	PWM_ISR_GetState:
 374              	.LFB42:
 328:.\Generated_Source\PSoC4/PWM_ISR.c ****     /* Get the state of the general interrupt. */
 375              		.loc 1 328 0
 376              		.cfi_startproc
 330:.\Generated_Source\PSoC4/PWM_ISR.c **** }
 377              		.loc 1 330 0
 378 0000 024B     		ldr	r3, .L27
 331:.\Generated_Source\PSoC4/PWM_ISR.c **** 
 379              		.loc 1 331 0
 380              		@ sp needed
 330:.\Generated_Source\PSoC4/PWM_ISR.c **** }
 381              		.loc 1 330 0
 382 0002 1868     		ldr	r0, [r3]
 383 0004 8003     		lsl	r0, r0, #14
 384 0006 C00F     		lsr	r0, r0, #31
 331:.\Generated_Source\PSoC4/PWM_ISR.c **** 
 385              		.loc 1 331 0
 386 0008 7047     		bx	lr
 387              	.L28:
 388 000a C046     		.align	2
 389              	.L27:
 390 000c 00E100E0 		.word	-536813312
 391              		.cfi_endproc
 392              	.LFE42:
 393              		.size	PWM_ISR_GetState, .-PWM_ISR_GetState
 394              		.section	.text.PWM_ISR_Disable,"ax",%progbits
 395              		.align	1
 396              		.global	PWM_ISR_Disable
ARM GAS  C:\Users\syhaines\AppData\Local\Temp\ccsTYh5O.s 			page 15


 397              		.code	16
 398              		.thumb_func
 399              		.type	PWM_ISR_Disable, %function
 400              	PWM_ISR_Disable:
 401              	.LFB43:
 349:.\Generated_Source\PSoC4/PWM_ISR.c ****     /* Disable the general interrupt. */
 402              		.loc 1 349 0
 403              		.cfi_startproc
 404              		.loc 1 351 0
 405 0000 8022     		mov	r2, #128
 406 0002 024B     		ldr	r3, .L30
 407 0004 9202     		lsl	r2, r2, #10
 408 0006 1A60     		str	r2, [r3]
 352:.\Generated_Source\PSoC4/PWM_ISR.c **** }
 409              		.loc 1 352 0
 410              		@ sp needed
 411 0008 7047     		bx	lr
 412              	.L31:
 413 000a C046     		.align	2
 414              	.L30:
 415 000c 80E100E0 		.word	-536813184
 416              		.cfi_endproc
 417              	.LFE43:
 418              		.size	PWM_ISR_Disable, .-PWM_ISR_Disable
 419              		.section	.text.PWM_ISR_SetPending,"ax",%progbits
 420              		.align	1
 421              		.global	PWM_ISR_SetPending
 422              		.code	16
 423              		.thumb_func
 424              		.type	PWM_ISR_SetPending, %function
 425              	PWM_ISR_SetPending:
 426              	.LFB44:
 353:.\Generated_Source\PSoC4/PWM_ISR.c **** 
 354:.\Generated_Source\PSoC4/PWM_ISR.c **** 
 355:.\Generated_Source\PSoC4/PWM_ISR.c **** /*******************************************************************************
 356:.\Generated_Source\PSoC4/PWM_ISR.c **** * Function Name: PWM_ISR_SetPending
 357:.\Generated_Source\PSoC4/PWM_ISR.c **** ********************************************************************************
 358:.\Generated_Source\PSoC4/PWM_ISR.c **** *
 359:.\Generated_Source\PSoC4/PWM_ISR.c **** * Summary:
 360:.\Generated_Source\PSoC4/PWM_ISR.c **** *   Causes the Interrupt to enter the pending state, a software method of
 361:.\Generated_Source\PSoC4/PWM_ISR.c **** *   generating the interrupt.
 362:.\Generated_Source\PSoC4/PWM_ISR.c **** *
 363:.\Generated_Source\PSoC4/PWM_ISR.c **** * Parameters:
 364:.\Generated_Source\PSoC4/PWM_ISR.c **** *   None
 365:.\Generated_Source\PSoC4/PWM_ISR.c **** *
 366:.\Generated_Source\PSoC4/PWM_ISR.c **** * Return:
 367:.\Generated_Source\PSoC4/PWM_ISR.c **** *   None
 368:.\Generated_Source\PSoC4/PWM_ISR.c **** *
 369:.\Generated_Source\PSoC4/PWM_ISR.c **** * Side Effects:
 370:.\Generated_Source\PSoC4/PWM_ISR.c **** *   If interrupts are enabled and the interrupt is set up properly, the ISR is
 371:.\Generated_Source\PSoC4/PWM_ISR.c **** *   entered (depending on the priority of this interrupt and other pending 
 372:.\Generated_Source\PSoC4/PWM_ISR.c **** *   interrupts).
 373:.\Generated_Source\PSoC4/PWM_ISR.c **** *
 374:.\Generated_Source\PSoC4/PWM_ISR.c **** *******************************************************************************/
 375:.\Generated_Source\PSoC4/PWM_ISR.c **** void PWM_ISR_SetPending(void)
 376:.\Generated_Source\PSoC4/PWM_ISR.c **** {
 427              		.loc 1 376 0
ARM GAS  C:\Users\syhaines\AppData\Local\Temp\ccsTYh5O.s 			page 16


 428              		.cfi_startproc
 377:.\Generated_Source\PSoC4/PWM_ISR.c ****     *PWM_ISR_INTC_SET_PD = PWM_ISR__INTC_MASK;
 429              		.loc 1 377 0
 430 0000 8022     		mov	r2, #128
 431 0002 024B     		ldr	r3, .L33
 432 0004 9202     		lsl	r2, r2, #10
 433 0006 1A60     		str	r2, [r3]
 378:.\Generated_Source\PSoC4/PWM_ISR.c **** }
 434              		.loc 1 378 0
 435              		@ sp needed
 436 0008 7047     		bx	lr
 437              	.L34:
 438 000a C046     		.align	2
 439              	.L33:
 440 000c 00E200E0 		.word	-536813056
 441              		.cfi_endproc
 442              	.LFE44:
 443              		.size	PWM_ISR_SetPending, .-PWM_ISR_SetPending
 444              		.section	.text.PWM_ISR_ClearPending,"ax",%progbits
 445              		.align	1
 446              		.global	PWM_ISR_ClearPending
 447              		.code	16
 448              		.thumb_func
 449              		.type	PWM_ISR_ClearPending, %function
 450              	PWM_ISR_ClearPending:
 451              	.LFB45:
 379:.\Generated_Source\PSoC4/PWM_ISR.c **** 
 380:.\Generated_Source\PSoC4/PWM_ISR.c **** 
 381:.\Generated_Source\PSoC4/PWM_ISR.c **** /*******************************************************************************
 382:.\Generated_Source\PSoC4/PWM_ISR.c **** * Function Name: PWM_ISR_ClearPending
 383:.\Generated_Source\PSoC4/PWM_ISR.c **** ********************************************************************************
 384:.\Generated_Source\PSoC4/PWM_ISR.c **** *
 385:.\Generated_Source\PSoC4/PWM_ISR.c **** * Summary:
 386:.\Generated_Source\PSoC4/PWM_ISR.c **** *   Clears a pending interrupt in the interrupt controller.
 387:.\Generated_Source\PSoC4/PWM_ISR.c **** *
 388:.\Generated_Source\PSoC4/PWM_ISR.c **** *   Note Some interrupt sources are clear-on-read and require the block 
 389:.\Generated_Source\PSoC4/PWM_ISR.c **** *   interrupt/status register to be read/cleared with the appropriate block API 
 390:.\Generated_Source\PSoC4/PWM_ISR.c **** *   (GPIO, UART, and so on). Otherwise the ISR will continue to remain in 
 391:.\Generated_Source\PSoC4/PWM_ISR.c **** *   pending state even though the interrupt itself is cleared using this API.
 392:.\Generated_Source\PSoC4/PWM_ISR.c **** *
 393:.\Generated_Source\PSoC4/PWM_ISR.c **** * Parameters:
 394:.\Generated_Source\PSoC4/PWM_ISR.c **** *   None
 395:.\Generated_Source\PSoC4/PWM_ISR.c **** *
 396:.\Generated_Source\PSoC4/PWM_ISR.c **** * Return:
 397:.\Generated_Source\PSoC4/PWM_ISR.c **** *   None
 398:.\Generated_Source\PSoC4/PWM_ISR.c **** *
 399:.\Generated_Source\PSoC4/PWM_ISR.c **** *******************************************************************************/
 400:.\Generated_Source\PSoC4/PWM_ISR.c **** void PWM_ISR_ClearPending(void)
 401:.\Generated_Source\PSoC4/PWM_ISR.c **** {
 452              		.loc 1 401 0
 453              		.cfi_startproc
 402:.\Generated_Source\PSoC4/PWM_ISR.c ****     *PWM_ISR_INTC_CLR_PD = PWM_ISR__INTC_MASK;
 454              		.loc 1 402 0
 455 0000 8022     		mov	r2, #128
 456 0002 024B     		ldr	r3, .L36
 457 0004 9202     		lsl	r2, r2, #10
 458 0006 1A60     		str	r2, [r3]
ARM GAS  C:\Users\syhaines\AppData\Local\Temp\ccsTYh5O.s 			page 17


 403:.\Generated_Source\PSoC4/PWM_ISR.c **** }
 459              		.loc 1 403 0
 460              		@ sp needed
 461 0008 7047     		bx	lr
 462              	.L37:
 463 000a C046     		.align	2
 464              	.L36:
 465 000c 80E200E0 		.word	-536812928
 466              		.cfi_endproc
 467              	.LFE45:
 468              		.size	PWM_ISR_ClearPending, .-PWM_ISR_ClearPending
 469              		.text
 470              	.Letext0:
 471              		.file 2 "Generated_Source\\PSoC4/cytypes.h"
 472              		.file 3 ".\\User_Source/interrupts.h"
 473              		.file 4 "Generated_Source\\PSoC4/CyLib.h"
 474              		.section	.debug_info,"",%progbits
 475              	.Ldebug_info0:
 476 0000 5F030000 		.4byte	0x35f
 477 0004 0400     		.2byte	0x4
 478 0006 00000000 		.4byte	.Ldebug_abbrev0
 479 000a 04       		.byte	0x4
 480 000b 01       		.uleb128 0x1
 481 000c 06000000 		.4byte	.LASF33
 482 0010 01       		.byte	0x1
 483 0011 5B020000 		.4byte	.LASF34
 484 0015 C4000000 		.4byte	.LASF35
 485 0019 48000000 		.4byte	.Ldebug_ranges0+0x48
 486 001d 00000000 		.4byte	0
 487 0021 00000000 		.4byte	.Ldebug_line0
 488 0025 02       		.uleb128 0x2
 489 0026 01       		.byte	0x1
 490 0027 06       		.byte	0x6
 491 0028 E1020000 		.4byte	.LASF0
 492 002c 02       		.uleb128 0x2
 493 002d 01       		.byte	0x1
 494 002e 08       		.byte	0x8
 495 002f 1A010000 		.4byte	.LASF1
 496 0033 02       		.uleb128 0x2
 497 0034 02       		.byte	0x2
 498 0035 05       		.byte	0x5
 499 0036 71010000 		.4byte	.LASF2
 500 003a 02       		.uleb128 0x2
 501 003b 02       		.byte	0x2
 502 003c 07       		.byte	0x7
 503 003d B1000000 		.4byte	.LASF3
 504 0041 02       		.uleb128 0x2
 505 0042 04       		.byte	0x4
 506 0043 05       		.byte	0x5
 507 0044 C0020000 		.4byte	.LASF4
 508 0048 02       		.uleb128 0x2
 509 0049 04       		.byte	0x4
 510 004a 07       		.byte	0x7
 511 004b 37010000 		.4byte	.LASF5
 512 004f 02       		.uleb128 0x2
 513 0050 08       		.byte	0x8
 514 0051 05       		.byte	0x5
ARM GAS  C:\Users\syhaines\AppData\Local\Temp\ccsTYh5O.s 			page 18


 515 0052 23020000 		.4byte	.LASF6
 516 0056 02       		.uleb128 0x2
 517 0057 08       		.byte	0x8
 518 0058 07       		.byte	0x7
 519 0059 03010000 		.4byte	.LASF7
 520 005d 03       		.uleb128 0x3
 521 005e 04       		.byte	0x4
 522 005f 05       		.byte	0x5
 523 0060 696E7400 		.ascii	"int\000"
 524 0064 02       		.uleb128 0x2
 525 0065 04       		.byte	0x4
 526 0066 07       		.byte	0x7
 527 0067 BE010000 		.4byte	.LASF8
 528 006b 04       		.uleb128 0x4
 529 006c 49010000 		.4byte	.LASF9
 530 0070 02       		.byte	0x2
 531 0071 A1       		.byte	0xa1
 532 0072 2C000000 		.4byte	0x2c
 533 0076 04       		.uleb128 0x4
 534 0077 8F010000 		.4byte	.LASF10
 535 007b 02       		.byte	0x2
 536 007c A3       		.byte	0xa3
 537 007d 48000000 		.4byte	0x48
 538 0081 02       		.uleb128 0x2
 539 0082 04       		.byte	0x4
 540 0083 04       		.byte	0x4
 541 0084 FD000000 		.4byte	.LASF11
 542 0088 02       		.uleb128 0x2
 543 0089 08       		.byte	0x8
 544 008a 04       		.byte	0x4
 545 008b 6A010000 		.4byte	.LASF12
 546 008f 02       		.uleb128 0x2
 547 0090 01       		.byte	0x1
 548 0091 08       		.byte	0x8
 549 0092 31020000 		.4byte	.LASF13
 550 0096 05       		.uleb128 0x5
 551 0097 00000000 		.4byte	.LASF14
 552 009b 02       		.byte	0x2
 553 009c 4D01     		.2byte	0x14d
 554 009e A2000000 		.4byte	0xa2
 555 00a2 06       		.uleb128 0x6
 556 00a3 76000000 		.4byte	0x76
 557 00a7 05       		.uleb128 0x5
 558 00a8 F8010000 		.4byte	.LASF15
 559 00ac 02       		.byte	0x2
 560 00ad 5D01     		.2byte	0x15d
 561 00af B3000000 		.4byte	0xb3
 562 00b3 07       		.uleb128 0x7
 563 00b4 04       		.byte	0x4
 564 00b5 B9000000 		.4byte	0xb9
 565 00b9 08       		.uleb128 0x8
 566 00ba 02       		.uleb128 0x2
 567 00bb 04       		.byte	0x4
 568 00bc 07       		.byte	0x7
 569 00bd 05020000 		.4byte	.LASF16
 570 00c1 09       		.uleb128 0x9
 571 00c2 A1000000 		.4byte	.LASF17
ARM GAS  C:\Users\syhaines\AppData\Local\Temp\ccsTYh5O.s 			page 19


 572 00c6 01       		.byte	0x1
 573 00c7 5C01     		.2byte	0x15c
 574 00c9 01       		.byte	0x1
 575 00ca 0A       		.uleb128 0xa
 576 00cb 58010000 		.4byte	.LASF36
 577 00cf 01       		.byte	0x1
 578 00d0 C9       		.byte	0xc9
 579 00d1 01       		.byte	0x1
 580 00d2 E2000000 		.4byte	0xe2
 581 00d6 0B       		.uleb128 0xb
 582 00d7 CB010000 		.4byte	.LASF27
 583 00db 01       		.byte	0x1
 584 00dc C9       		.byte	0xc9
 585 00dd A7000000 		.4byte	0xa7
 586 00e1 00       		.byte	0
 587 00e2 09       		.uleb128 0x9
 588 00e3 E9010000 		.4byte	.LASF18
 589 00e7 01       		.byte	0x1
 590 00e8 3201     		.2byte	0x132
 591 00ea 01       		.byte	0x1
 592 00eb 0C       		.uleb128 0xc
 593 00ec 92020000 		.4byte	.LASF19
 594 00f0 01       		.byte	0x1
 595 00f1 A1       		.byte	0xa1
 596 00f2 00000000 		.4byte	.LFB36
 597 00f6 08000000 		.4byte	.LFE36-.LFB36
 598 00fa 01       		.uleb128 0x1
 599 00fb 9C       		.byte	0x9c
 600 00fc 0A010000 		.4byte	0x10a
 601 0100 0D       		.uleb128 0xd
 602 0101 06000000 		.4byte	.LVL0
 603 0105 43030000 		.4byte	0x343
 604 0109 00       		.byte	0
 605 010a 0C       		.uleb128 0xc
 606 010b A4020000 		.4byte	.LASF20
 607 010f 01       		.byte	0x1
 608 0110 83       		.byte	0x83
 609 0111 00000000 		.4byte	.LFB35
 610 0115 20000000 		.4byte	.LFE35-.LFB35
 611 0119 01       		.uleb128 0x1
 612 011a 9C       		.byte	0x9c
 613 011b 44010000 		.4byte	0x144
 614 011f 0E       		.uleb128 0xe
 615 0120 C1000000 		.4byte	0xc1
 616 0124 00000000 		.4byte	.LBB18
 617 0128 08000000 		.4byte	.LBE18-.LBB18
 618 012c 01       		.byte	0x1
 619 012d 86       		.byte	0x86
 620 012e 0F       		.uleb128 0xf
 621 012f CA000000 		.4byte	0xca
 622 0133 08000000 		.4byte	.LBB20
 623 0137 08000000 		.4byte	.LBE20-.LBB20
 624 013b 01       		.byte	0x1
 625 013c 89       		.byte	0x89
 626 013d 10       		.uleb128 0x10
 627 013e D6000000 		.4byte	0xd6
 628 0142 00       		.byte	0
ARM GAS  C:\Users\syhaines\AppData\Local\Temp\ccsTYh5O.s 			page 20


 629 0143 00       		.byte	0
 630 0144 11       		.uleb128 0x11
 631 0145 CA000000 		.4byte	0xca
 632 0149 00000000 		.4byte	.LFB37
 633 014d 0C000000 		.4byte	.LFE37-.LFB37
 634 0151 01       		.uleb128 0x1
 635 0152 9C       		.byte	0x9c
 636 0153 5F010000 		.4byte	0x15f
 637 0157 12       		.uleb128 0x12
 638 0158 D6000000 		.4byte	0xd6
 639 015c 01       		.uleb128 0x1
 640 015d 50       		.byte	0x50
 641 015e 00       		.byte	0
 642 015f 13       		.uleb128 0x13
 643 0160 49020000 		.4byte	.LASF28
 644 0164 01       		.byte	0x1
 645 0165 DD       		.byte	0xdd
 646 0166 A7000000 		.4byte	0xa7
 647 016a 00000000 		.4byte	.LFB38
 648 016e 0C000000 		.4byte	.LFE38-.LFB38
 649 0172 01       		.uleb128 0x1
 650 0173 9C       		.byte	0x9c
 651 0174 0C       		.uleb128 0xc
 652 0175 7E020000 		.4byte	.LASF21
 653 0179 01       		.byte	0x1
 654 017a FB       		.byte	0xfb
 655 017b 00000000 		.4byte	.LFB39
 656 017f 24000000 		.4byte	.LFE39-.LFB39
 657 0183 01       		.uleb128 0x1
 658 0184 9C       		.byte	0x9c
 659 0185 C6010000 		.4byte	0x1c6
 660 0189 14       		.uleb128 0x14
 661 018a 4F010000 		.4byte	.LASF26
 662 018e 01       		.byte	0x1
 663 018f FB       		.byte	0xfb
 664 0190 6B000000 		.4byte	0x6b
 665 0194 00000000 		.4byte	.LLST0
 666 0198 15       		.uleb128 0x15
 667 0199 28010000 		.4byte	.LASF22
 668 019d 01       		.byte	0x1
 669 019e FD       		.byte	0xfd
 670 019f 6B000000 		.4byte	0x6b
 671 01a3 21000000 		.4byte	.LLST1
 672 01a7 16       		.uleb128 0x16
 673 01a8 B1020000 		.4byte	.LASF23
 674 01ac 01       		.byte	0x1
 675 01ad FE       		.byte	0xfe
 676 01ae 76000000 		.4byte	0x76
 677 01b2 0E       		.byte	0xe
 678 01b3 0D       		.uleb128 0xd
 679 01b4 08000000 		.4byte	.LVL4
 680 01b8 4A030000 		.4byte	0x34a
 681 01bc 0D       		.uleb128 0xd
 682 01bd 1A000000 		.4byte	.LVL5
 683 01c1 55030000 		.4byte	0x355
 684 01c5 00       		.byte	0
 685 01c6 0C       		.uleb128 0xc
ARM GAS  C:\Users\syhaines\AppData\Local\Temp\ccsTYh5O.s 			page 21


 686 01c7 C9020000 		.4byte	.LASF24
 687 01cb 01       		.byte	0x1
 688 01cc 3A       		.byte	0x3a
 689 01cd 00000000 		.4byte	.LFB33
 690 01d1 30000000 		.4byte	.LFE33-.LFB33
 691 01d5 01       		.uleb128 0x1
 692 01d6 9C       		.byte	0x9c
 693 01d7 29020000 		.4byte	0x229
 694 01db 0E       		.uleb128 0xe
 695 01dc C1000000 		.4byte	0xc1
 696 01e0 02000000 		.4byte	.LBB22
 697 01e4 08000000 		.4byte	.LBE22-.LBB22
 698 01e8 01       		.byte	0x1
 699 01e9 3D       		.byte	0x3d
 700 01ea 17       		.uleb128 0x17
 701 01eb CA000000 		.4byte	0xca
 702 01ef 0A000000 		.4byte	.LBB24
 703 01f3 00000000 		.4byte	.Ldebug_ranges0+0
 704 01f7 01       		.byte	0x1
 705 01f8 40       		.byte	0x40
 706 01f9 0A020000 		.4byte	0x20a
 707 01fd 12       		.uleb128 0x12
 708 01fe D6000000 		.4byte	0xd6
 709 0202 06       		.uleb128 0x6
 710 0203 03       		.byte	0x3
 711 0204 00000000 		.4byte	PWM_ISR_Interrupt
 712 0208 9F       		.byte	0x9f
 713 0209 00       		.byte	0
 714 020a 18       		.uleb128 0x18
 715 020b E2000000 		.4byte	0xe2
 716 020f 18000000 		.4byte	.LBB28
 717 0213 18000000 		.4byte	.Ldebug_ranges0+0x18
 718 0217 01       		.byte	0x1
 719 0218 46       		.byte	0x46
 720 0219 19       		.uleb128 0x19
 721 021a 18000000 		.4byte	.LVL7
 722 021e 74010000 		.4byte	0x174
 723 0222 1A       		.uleb128 0x1a
 724 0223 01       		.uleb128 0x1
 725 0224 50       		.byte	0x50
 726 0225 01       		.uleb128 0x1
 727 0226 31       		.byte	0x31
 728 0227 00       		.byte	0
 729 0228 00       		.byte	0
 730 0229 0C       		.uleb128 0xc
 731 022a ED020000 		.4byte	.LASF25
 732 022e 01       		.byte	0x1
 733 022f 65       		.byte	0x65
 734 0230 00000000 		.4byte	.LFB34
 735 0234 28000000 		.4byte	.LFE34-.LFB34
 736 0238 01       		.uleb128 0x1
 737 0239 9C       		.byte	0x9c
 738 023a 98020000 		.4byte	0x298
 739 023e 14       		.uleb128 0x14
 740 023f CB010000 		.4byte	.LASF27
 741 0243 01       		.byte	0x1
 742 0244 65       		.byte	0x65
ARM GAS  C:\Users\syhaines\AppData\Local\Temp\ccsTYh5O.s 			page 22


 743 0245 A7000000 		.4byte	0xa7
 744 0249 34000000 		.4byte	.LLST2
 745 024d 0E       		.uleb128 0xe
 746 024e C1000000 		.4byte	0xc1
 747 0252 02000000 		.4byte	.LBB32
 748 0256 08000000 		.4byte	.LBE32-.LBB32
 749 025a 01       		.byte	0x1
 750 025b 68       		.byte	0x68
 751 025c 17       		.uleb128 0x17
 752 025d CA000000 		.4byte	0xca
 753 0261 0A000000 		.4byte	.LBB34
 754 0265 30000000 		.4byte	.Ldebug_ranges0+0x30
 755 0269 01       		.byte	0x1
 756 026a 6B       		.byte	0x6b
 757 026b 79020000 		.4byte	0x279
 758 026f 1B       		.uleb128 0x1b
 759 0270 D6000000 		.4byte	0xd6
 760 0274 62000000 		.4byte	.LLST3
 761 0278 00       		.byte	0
 762 0279 0E       		.uleb128 0xe
 763 027a E2000000 		.4byte	0xe2
 764 027e 16000000 		.4byte	.LBB38
 765 0282 04000000 		.4byte	.LBE38-.LBB38
 766 0286 01       		.byte	0x1
 767 0287 71       		.byte	0x71
 768 0288 19       		.uleb128 0x19
 769 0289 16000000 		.4byte	.LVL11
 770 028d 74010000 		.4byte	0x174
 771 0291 1A       		.uleb128 0x1a
 772 0292 01       		.uleb128 0x1
 773 0293 50       		.byte	0x50
 774 0294 01       		.uleb128 0x1
 775 0295 31       		.byte	0x31
 776 0296 00       		.byte	0
 777 0297 00       		.byte	0
 778 0298 1C       		.uleb128 0x1c
 779 0299 7B010000 		.4byte	.LASF37
 780 029d 01       		.byte	0x1
 781 029e 1701     		.2byte	0x117
 782 02a0 6B000000 		.4byte	0x6b
 783 02a4 00000000 		.4byte	.LFB40
 784 02a8 10000000 		.4byte	.LFE40-.LFB40
 785 02ac 01       		.uleb128 0x1
 786 02ad 9C       		.byte	0x9c
 787 02ae D0020000 		.4byte	0x2d0
 788 02b2 1D       		.uleb128 0x1d
 789 02b3 4F010000 		.4byte	.LASF26
 790 02b7 01       		.byte	0x1
 791 02b8 1901     		.2byte	0x119
 792 02ba 76000000 		.4byte	0x76
 793 02be 90000000 		.4byte	.LLST4
 794 02c2 1E       		.uleb128 0x1e
 795 02c3 B1020000 		.4byte	.LASF23
 796 02c7 01       		.byte	0x1
 797 02c8 1A01     		.2byte	0x11a
 798 02ca 76000000 		.4byte	0x76
 799 02ce 0E       		.byte	0xe
ARM GAS  C:\Users\syhaines\AppData\Local\Temp\ccsTYh5O.s 			page 23


 800 02cf 00       		.byte	0
 801 02d0 1F       		.uleb128 0x1f
 802 02d1 E2000000 		.4byte	0xe2
 803 02d5 00000000 		.4byte	.LFB41
 804 02d9 10000000 		.4byte	.LFE41-.LFB41
 805 02dd 01       		.uleb128 0x1
 806 02de 9C       		.byte	0x9c
 807 02df 20       		.uleb128 0x20
 808 02e0 AD010000 		.4byte	.LASF29
 809 02e4 01       		.byte	0x1
 810 02e5 4701     		.2byte	0x147
 811 02e7 6B000000 		.4byte	0x6b
 812 02eb 00000000 		.4byte	.LFB42
 813 02ef 10000000 		.4byte	.LFE42-.LFB42
 814 02f3 01       		.uleb128 0x1
 815 02f4 9C       		.byte	0x9c
 816 02f5 1F       		.uleb128 0x1f
 817 02f6 C1000000 		.4byte	0xc1
 818 02fa 00000000 		.4byte	.LFB43
 819 02fe 10000000 		.4byte	.LFE43-.LFB43
 820 0302 01       		.uleb128 0x1
 821 0303 9C       		.byte	0x9c
 822 0304 21       		.uleb128 0x21
 823 0305 36020000 		.4byte	.LASF30
 824 0309 01       		.byte	0x1
 825 030a 7701     		.2byte	0x177
 826 030c 00000000 		.4byte	.LFB44
 827 0310 10000000 		.4byte	.LFE44-.LFB44
 828 0314 01       		.uleb128 0x1
 829 0315 9C       		.byte	0x9c
 830 0316 21       		.uleb128 0x21
 831 0317 0E020000 		.4byte	.LASF31
 832 031b 01       		.byte	0x1
 833 031c 9001     		.2byte	0x190
 834 031e 00000000 		.4byte	.LFB45
 835 0322 10000000 		.4byte	.LFE45-.LFB45
 836 0326 01       		.uleb128 0x1
 837 0327 9C       		.byte	0x9c
 838 0328 22       		.uleb128 0x22
 839 0329 A7000000 		.4byte	0xa7
 840 032d 38030000 		.4byte	0x338
 841 0331 23       		.uleb128 0x23
 842 0332 BA000000 		.4byte	0xba
 843 0336 2F       		.byte	0x2f
 844 0337 00       		.byte	0
 845 0338 24       		.uleb128 0x24
 846 0339 94000000 		.4byte	.LASF38
 847 033d 01       		.byte	0x1
 848 033e 23       		.byte	0x23
 849 033f 28030000 		.4byte	0x328
 850 0343 25       		.uleb128 0x25
 851 0344 D7020000 		.4byte	.LASF32
 852 0348 03       		.byte	0x3
 853 0349 16       		.byte	0x16
 854 034a 26       		.uleb128 0x26
 855 034b 96010000 		.4byte	.LASF39
 856 034f 04       		.byte	0x4
ARM GAS  C:\Users\syhaines\AppData\Local\Temp\ccsTYh5O.s 			page 24


 857 0350 82       		.byte	0x82
 858 0351 6B000000 		.4byte	0x6b
 859 0355 27       		.uleb128 0x27
 860 0356 D3010000 		.4byte	.LASF40
 861 035a 04       		.byte	0x4
 862 035b 83       		.byte	0x83
 863 035c 28       		.uleb128 0x28
 864 035d 6B000000 		.4byte	0x6b
 865 0361 00       		.byte	0
 866 0362 00       		.byte	0
 867              		.section	.debug_abbrev,"",%progbits
 868              	.Ldebug_abbrev0:
 869 0000 01       		.uleb128 0x1
 870 0001 11       		.uleb128 0x11
 871 0002 01       		.byte	0x1
 872 0003 25       		.uleb128 0x25
 873 0004 0E       		.uleb128 0xe
 874 0005 13       		.uleb128 0x13
 875 0006 0B       		.uleb128 0xb
 876 0007 03       		.uleb128 0x3
 877 0008 0E       		.uleb128 0xe
 878 0009 1B       		.uleb128 0x1b
 879 000a 0E       		.uleb128 0xe
 880 000b 55       		.uleb128 0x55
 881 000c 17       		.uleb128 0x17
 882 000d 11       		.uleb128 0x11
 883 000e 01       		.uleb128 0x1
 884 000f 10       		.uleb128 0x10
 885 0010 17       		.uleb128 0x17
 886 0011 00       		.byte	0
 887 0012 00       		.byte	0
 888 0013 02       		.uleb128 0x2
 889 0014 24       		.uleb128 0x24
 890 0015 00       		.byte	0
 891 0016 0B       		.uleb128 0xb
 892 0017 0B       		.uleb128 0xb
 893 0018 3E       		.uleb128 0x3e
 894 0019 0B       		.uleb128 0xb
 895 001a 03       		.uleb128 0x3
 896 001b 0E       		.uleb128 0xe
 897 001c 00       		.byte	0
 898 001d 00       		.byte	0
 899 001e 03       		.uleb128 0x3
 900 001f 24       		.uleb128 0x24
 901 0020 00       		.byte	0
 902 0021 0B       		.uleb128 0xb
 903 0022 0B       		.uleb128 0xb
 904 0023 3E       		.uleb128 0x3e
 905 0024 0B       		.uleb128 0xb
 906 0025 03       		.uleb128 0x3
 907 0026 08       		.uleb128 0x8
 908 0027 00       		.byte	0
 909 0028 00       		.byte	0
 910 0029 04       		.uleb128 0x4
 911 002a 16       		.uleb128 0x16
 912 002b 00       		.byte	0
 913 002c 03       		.uleb128 0x3
ARM GAS  C:\Users\syhaines\AppData\Local\Temp\ccsTYh5O.s 			page 25


 914 002d 0E       		.uleb128 0xe
 915 002e 3A       		.uleb128 0x3a
 916 002f 0B       		.uleb128 0xb
 917 0030 3B       		.uleb128 0x3b
 918 0031 0B       		.uleb128 0xb
 919 0032 49       		.uleb128 0x49
 920 0033 13       		.uleb128 0x13
 921 0034 00       		.byte	0
 922 0035 00       		.byte	0
 923 0036 05       		.uleb128 0x5
 924 0037 16       		.uleb128 0x16
 925 0038 00       		.byte	0
 926 0039 03       		.uleb128 0x3
 927 003a 0E       		.uleb128 0xe
 928 003b 3A       		.uleb128 0x3a
 929 003c 0B       		.uleb128 0xb
 930 003d 3B       		.uleb128 0x3b
 931 003e 05       		.uleb128 0x5
 932 003f 49       		.uleb128 0x49
 933 0040 13       		.uleb128 0x13
 934 0041 00       		.byte	0
 935 0042 00       		.byte	0
 936 0043 06       		.uleb128 0x6
 937 0044 35       		.uleb128 0x35
 938 0045 00       		.byte	0
 939 0046 49       		.uleb128 0x49
 940 0047 13       		.uleb128 0x13
 941 0048 00       		.byte	0
 942 0049 00       		.byte	0
 943 004a 07       		.uleb128 0x7
 944 004b 0F       		.uleb128 0xf
 945 004c 00       		.byte	0
 946 004d 0B       		.uleb128 0xb
 947 004e 0B       		.uleb128 0xb
 948 004f 49       		.uleb128 0x49
 949 0050 13       		.uleb128 0x13
 950 0051 00       		.byte	0
 951 0052 00       		.byte	0
 952 0053 08       		.uleb128 0x8
 953 0054 15       		.uleb128 0x15
 954 0055 00       		.byte	0
 955 0056 27       		.uleb128 0x27
 956 0057 19       		.uleb128 0x19
 957 0058 00       		.byte	0
 958 0059 00       		.byte	0
 959 005a 09       		.uleb128 0x9
 960 005b 2E       		.uleb128 0x2e
 961 005c 00       		.byte	0
 962 005d 3F       		.uleb128 0x3f
 963 005e 19       		.uleb128 0x19
 964 005f 03       		.uleb128 0x3
 965 0060 0E       		.uleb128 0xe
 966 0061 3A       		.uleb128 0x3a
 967 0062 0B       		.uleb128 0xb
 968 0063 3B       		.uleb128 0x3b
 969 0064 05       		.uleb128 0x5
 970 0065 27       		.uleb128 0x27
ARM GAS  C:\Users\syhaines\AppData\Local\Temp\ccsTYh5O.s 			page 26


 971 0066 19       		.uleb128 0x19
 972 0067 20       		.uleb128 0x20
 973 0068 0B       		.uleb128 0xb
 974 0069 00       		.byte	0
 975 006a 00       		.byte	0
 976 006b 0A       		.uleb128 0xa
 977 006c 2E       		.uleb128 0x2e
 978 006d 01       		.byte	0x1
 979 006e 3F       		.uleb128 0x3f
 980 006f 19       		.uleb128 0x19
 981 0070 03       		.uleb128 0x3
 982 0071 0E       		.uleb128 0xe
 983 0072 3A       		.uleb128 0x3a
 984 0073 0B       		.uleb128 0xb
 985 0074 3B       		.uleb128 0x3b
 986 0075 0B       		.uleb128 0xb
 987 0076 27       		.uleb128 0x27
 988 0077 19       		.uleb128 0x19
 989 0078 20       		.uleb128 0x20
 990 0079 0B       		.uleb128 0xb
 991 007a 01       		.uleb128 0x1
 992 007b 13       		.uleb128 0x13
 993 007c 00       		.byte	0
 994 007d 00       		.byte	0
 995 007e 0B       		.uleb128 0xb
 996 007f 05       		.uleb128 0x5
 997 0080 00       		.byte	0
 998 0081 03       		.uleb128 0x3
 999 0082 0E       		.uleb128 0xe
 1000 0083 3A       		.uleb128 0x3a
 1001 0084 0B       		.uleb128 0xb
 1002 0085 3B       		.uleb128 0x3b
 1003 0086 0B       		.uleb128 0xb
 1004 0087 49       		.uleb128 0x49
 1005 0088 13       		.uleb128 0x13
 1006 0089 00       		.byte	0
 1007 008a 00       		.byte	0
 1008 008b 0C       		.uleb128 0xc
 1009 008c 2E       		.uleb128 0x2e
 1010 008d 01       		.byte	0x1
 1011 008e 3F       		.uleb128 0x3f
 1012 008f 19       		.uleb128 0x19
 1013 0090 03       		.uleb128 0x3
 1014 0091 0E       		.uleb128 0xe
 1015 0092 3A       		.uleb128 0x3a
 1016 0093 0B       		.uleb128 0xb
 1017 0094 3B       		.uleb128 0x3b
 1018 0095 0B       		.uleb128 0xb
 1019 0096 27       		.uleb128 0x27
 1020 0097 19       		.uleb128 0x19
 1021 0098 11       		.uleb128 0x11
 1022 0099 01       		.uleb128 0x1
 1023 009a 12       		.uleb128 0x12
 1024 009b 06       		.uleb128 0x6
 1025 009c 40       		.uleb128 0x40
 1026 009d 18       		.uleb128 0x18
 1027 009e 9742     		.uleb128 0x2117
ARM GAS  C:\Users\syhaines\AppData\Local\Temp\ccsTYh5O.s 			page 27


 1028 00a0 19       		.uleb128 0x19
 1029 00a1 01       		.uleb128 0x1
 1030 00a2 13       		.uleb128 0x13
 1031 00a3 00       		.byte	0
 1032 00a4 00       		.byte	0
 1033 00a5 0D       		.uleb128 0xd
 1034 00a6 898201   		.uleb128 0x4109
 1035 00a9 00       		.byte	0
 1036 00aa 11       		.uleb128 0x11
 1037 00ab 01       		.uleb128 0x1
 1038 00ac 31       		.uleb128 0x31
 1039 00ad 13       		.uleb128 0x13
 1040 00ae 00       		.byte	0
 1041 00af 00       		.byte	0
 1042 00b0 0E       		.uleb128 0xe
 1043 00b1 1D       		.uleb128 0x1d
 1044 00b2 00       		.byte	0
 1045 00b3 31       		.uleb128 0x31
 1046 00b4 13       		.uleb128 0x13
 1047 00b5 11       		.uleb128 0x11
 1048 00b6 01       		.uleb128 0x1
 1049 00b7 12       		.uleb128 0x12
 1050 00b8 06       		.uleb128 0x6
 1051 00b9 58       		.uleb128 0x58
 1052 00ba 0B       		.uleb128 0xb
 1053 00bb 59       		.uleb128 0x59
 1054 00bc 0B       		.uleb128 0xb
 1055 00bd 00       		.byte	0
 1056 00be 00       		.byte	0
 1057 00bf 0F       		.uleb128 0xf
 1058 00c0 1D       		.uleb128 0x1d
 1059 00c1 01       		.byte	0x1
 1060 00c2 31       		.uleb128 0x31
 1061 00c3 13       		.uleb128 0x13
 1062 00c4 11       		.uleb128 0x11
 1063 00c5 01       		.uleb128 0x1
 1064 00c6 12       		.uleb128 0x12
 1065 00c7 06       		.uleb128 0x6
 1066 00c8 58       		.uleb128 0x58
 1067 00c9 0B       		.uleb128 0xb
 1068 00ca 59       		.uleb128 0x59
 1069 00cb 0B       		.uleb128 0xb
 1070 00cc 00       		.byte	0
 1071 00cd 00       		.byte	0
 1072 00ce 10       		.uleb128 0x10
 1073 00cf 05       		.uleb128 0x5
 1074 00d0 00       		.byte	0
 1075 00d1 31       		.uleb128 0x31
 1076 00d2 13       		.uleb128 0x13
 1077 00d3 00       		.byte	0
 1078 00d4 00       		.byte	0
 1079 00d5 11       		.uleb128 0x11
 1080 00d6 2E       		.uleb128 0x2e
 1081 00d7 01       		.byte	0x1
 1082 00d8 31       		.uleb128 0x31
 1083 00d9 13       		.uleb128 0x13
 1084 00da 11       		.uleb128 0x11
ARM GAS  C:\Users\syhaines\AppData\Local\Temp\ccsTYh5O.s 			page 28


 1085 00db 01       		.uleb128 0x1
 1086 00dc 12       		.uleb128 0x12
 1087 00dd 06       		.uleb128 0x6
 1088 00de 40       		.uleb128 0x40
 1089 00df 18       		.uleb128 0x18
 1090 00e0 9742     		.uleb128 0x2117
 1091 00e2 19       		.uleb128 0x19
 1092 00e3 01       		.uleb128 0x1
 1093 00e4 13       		.uleb128 0x13
 1094 00e5 00       		.byte	0
 1095 00e6 00       		.byte	0
 1096 00e7 12       		.uleb128 0x12
 1097 00e8 05       		.uleb128 0x5
 1098 00e9 00       		.byte	0
 1099 00ea 31       		.uleb128 0x31
 1100 00eb 13       		.uleb128 0x13
 1101 00ec 02       		.uleb128 0x2
 1102 00ed 18       		.uleb128 0x18
 1103 00ee 00       		.byte	0
 1104 00ef 00       		.byte	0
 1105 00f0 13       		.uleb128 0x13
 1106 00f1 2E       		.uleb128 0x2e
 1107 00f2 00       		.byte	0
 1108 00f3 3F       		.uleb128 0x3f
 1109 00f4 19       		.uleb128 0x19
 1110 00f5 03       		.uleb128 0x3
 1111 00f6 0E       		.uleb128 0xe
 1112 00f7 3A       		.uleb128 0x3a
 1113 00f8 0B       		.uleb128 0xb
 1114 00f9 3B       		.uleb128 0x3b
 1115 00fa 0B       		.uleb128 0xb
 1116 00fb 27       		.uleb128 0x27
 1117 00fc 19       		.uleb128 0x19
 1118 00fd 49       		.uleb128 0x49
 1119 00fe 13       		.uleb128 0x13
 1120 00ff 11       		.uleb128 0x11
 1121 0100 01       		.uleb128 0x1
 1122 0101 12       		.uleb128 0x12
 1123 0102 06       		.uleb128 0x6
 1124 0103 40       		.uleb128 0x40
 1125 0104 18       		.uleb128 0x18
 1126 0105 9742     		.uleb128 0x2117
 1127 0107 19       		.uleb128 0x19
 1128 0108 00       		.byte	0
 1129 0109 00       		.byte	0
 1130 010a 14       		.uleb128 0x14
 1131 010b 05       		.uleb128 0x5
 1132 010c 00       		.byte	0
 1133 010d 03       		.uleb128 0x3
 1134 010e 0E       		.uleb128 0xe
 1135 010f 3A       		.uleb128 0x3a
 1136 0110 0B       		.uleb128 0xb
 1137 0111 3B       		.uleb128 0x3b
 1138 0112 0B       		.uleb128 0xb
 1139 0113 49       		.uleb128 0x49
 1140 0114 13       		.uleb128 0x13
 1141 0115 02       		.uleb128 0x2
ARM GAS  C:\Users\syhaines\AppData\Local\Temp\ccsTYh5O.s 			page 29


 1142 0116 17       		.uleb128 0x17
 1143 0117 00       		.byte	0
 1144 0118 00       		.byte	0
 1145 0119 15       		.uleb128 0x15
 1146 011a 34       		.uleb128 0x34
 1147 011b 00       		.byte	0
 1148 011c 03       		.uleb128 0x3
 1149 011d 0E       		.uleb128 0xe
 1150 011e 3A       		.uleb128 0x3a
 1151 011f 0B       		.uleb128 0xb
 1152 0120 3B       		.uleb128 0x3b
 1153 0121 0B       		.uleb128 0xb
 1154 0122 49       		.uleb128 0x49
 1155 0123 13       		.uleb128 0x13
 1156 0124 02       		.uleb128 0x2
 1157 0125 17       		.uleb128 0x17
 1158 0126 00       		.byte	0
 1159 0127 00       		.byte	0
 1160 0128 16       		.uleb128 0x16
 1161 0129 34       		.uleb128 0x34
 1162 012a 00       		.byte	0
 1163 012b 03       		.uleb128 0x3
 1164 012c 0E       		.uleb128 0xe
 1165 012d 3A       		.uleb128 0x3a
 1166 012e 0B       		.uleb128 0xb
 1167 012f 3B       		.uleb128 0x3b
 1168 0130 0B       		.uleb128 0xb
 1169 0131 49       		.uleb128 0x49
 1170 0132 13       		.uleb128 0x13
 1171 0133 1C       		.uleb128 0x1c
 1172 0134 0B       		.uleb128 0xb
 1173 0135 00       		.byte	0
 1174 0136 00       		.byte	0
 1175 0137 17       		.uleb128 0x17
 1176 0138 1D       		.uleb128 0x1d
 1177 0139 01       		.byte	0x1
 1178 013a 31       		.uleb128 0x31
 1179 013b 13       		.uleb128 0x13
 1180 013c 52       		.uleb128 0x52
 1181 013d 01       		.uleb128 0x1
 1182 013e 55       		.uleb128 0x55
 1183 013f 17       		.uleb128 0x17
 1184 0140 58       		.uleb128 0x58
 1185 0141 0B       		.uleb128 0xb
 1186 0142 59       		.uleb128 0x59
 1187 0143 0B       		.uleb128 0xb
 1188 0144 01       		.uleb128 0x1
 1189 0145 13       		.uleb128 0x13
 1190 0146 00       		.byte	0
 1191 0147 00       		.byte	0
 1192 0148 18       		.uleb128 0x18
 1193 0149 1D       		.uleb128 0x1d
 1194 014a 00       		.byte	0
 1195 014b 31       		.uleb128 0x31
 1196 014c 13       		.uleb128 0x13
 1197 014d 52       		.uleb128 0x52
 1198 014e 01       		.uleb128 0x1
ARM GAS  C:\Users\syhaines\AppData\Local\Temp\ccsTYh5O.s 			page 30


 1199 014f 55       		.uleb128 0x55
 1200 0150 17       		.uleb128 0x17
 1201 0151 58       		.uleb128 0x58
 1202 0152 0B       		.uleb128 0xb
 1203 0153 59       		.uleb128 0x59
 1204 0154 0B       		.uleb128 0xb
 1205 0155 00       		.byte	0
 1206 0156 00       		.byte	0
 1207 0157 19       		.uleb128 0x19
 1208 0158 898201   		.uleb128 0x4109
 1209 015b 01       		.byte	0x1
 1210 015c 11       		.uleb128 0x11
 1211 015d 01       		.uleb128 0x1
 1212 015e 31       		.uleb128 0x31
 1213 015f 13       		.uleb128 0x13
 1214 0160 00       		.byte	0
 1215 0161 00       		.byte	0
 1216 0162 1A       		.uleb128 0x1a
 1217 0163 8A8201   		.uleb128 0x410a
 1218 0166 00       		.byte	0
 1219 0167 02       		.uleb128 0x2
 1220 0168 18       		.uleb128 0x18
 1221 0169 9142     		.uleb128 0x2111
 1222 016b 18       		.uleb128 0x18
 1223 016c 00       		.byte	0
 1224 016d 00       		.byte	0
 1225 016e 1B       		.uleb128 0x1b
 1226 016f 05       		.uleb128 0x5
 1227 0170 00       		.byte	0
 1228 0171 31       		.uleb128 0x31
 1229 0172 13       		.uleb128 0x13
 1230 0173 02       		.uleb128 0x2
 1231 0174 17       		.uleb128 0x17
 1232 0175 00       		.byte	0
 1233 0176 00       		.byte	0
 1234 0177 1C       		.uleb128 0x1c
 1235 0178 2E       		.uleb128 0x2e
 1236 0179 01       		.byte	0x1
 1237 017a 3F       		.uleb128 0x3f
 1238 017b 19       		.uleb128 0x19
 1239 017c 03       		.uleb128 0x3
 1240 017d 0E       		.uleb128 0xe
 1241 017e 3A       		.uleb128 0x3a
 1242 017f 0B       		.uleb128 0xb
 1243 0180 3B       		.uleb128 0x3b
 1244 0181 05       		.uleb128 0x5
 1245 0182 27       		.uleb128 0x27
 1246 0183 19       		.uleb128 0x19
 1247 0184 49       		.uleb128 0x49
 1248 0185 13       		.uleb128 0x13
 1249 0186 11       		.uleb128 0x11
 1250 0187 01       		.uleb128 0x1
 1251 0188 12       		.uleb128 0x12
 1252 0189 06       		.uleb128 0x6
 1253 018a 40       		.uleb128 0x40
 1254 018b 18       		.uleb128 0x18
 1255 018c 9742     		.uleb128 0x2117
ARM GAS  C:\Users\syhaines\AppData\Local\Temp\ccsTYh5O.s 			page 31


 1256 018e 19       		.uleb128 0x19
 1257 018f 01       		.uleb128 0x1
 1258 0190 13       		.uleb128 0x13
 1259 0191 00       		.byte	0
 1260 0192 00       		.byte	0
 1261 0193 1D       		.uleb128 0x1d
 1262 0194 34       		.uleb128 0x34
 1263 0195 00       		.byte	0
 1264 0196 03       		.uleb128 0x3
 1265 0197 0E       		.uleb128 0xe
 1266 0198 3A       		.uleb128 0x3a
 1267 0199 0B       		.uleb128 0xb
 1268 019a 3B       		.uleb128 0x3b
 1269 019b 05       		.uleb128 0x5
 1270 019c 49       		.uleb128 0x49
 1271 019d 13       		.uleb128 0x13
 1272 019e 02       		.uleb128 0x2
 1273 019f 17       		.uleb128 0x17
 1274 01a0 00       		.byte	0
 1275 01a1 00       		.byte	0
 1276 01a2 1E       		.uleb128 0x1e
 1277 01a3 34       		.uleb128 0x34
 1278 01a4 00       		.byte	0
 1279 01a5 03       		.uleb128 0x3
 1280 01a6 0E       		.uleb128 0xe
 1281 01a7 3A       		.uleb128 0x3a
 1282 01a8 0B       		.uleb128 0xb
 1283 01a9 3B       		.uleb128 0x3b
 1284 01aa 05       		.uleb128 0x5
 1285 01ab 49       		.uleb128 0x49
 1286 01ac 13       		.uleb128 0x13
 1287 01ad 1C       		.uleb128 0x1c
 1288 01ae 0B       		.uleb128 0xb
 1289 01af 00       		.byte	0
 1290 01b0 00       		.byte	0
 1291 01b1 1F       		.uleb128 0x1f
 1292 01b2 2E       		.uleb128 0x2e
 1293 01b3 00       		.byte	0
 1294 01b4 31       		.uleb128 0x31
 1295 01b5 13       		.uleb128 0x13
 1296 01b6 11       		.uleb128 0x11
 1297 01b7 01       		.uleb128 0x1
 1298 01b8 12       		.uleb128 0x12
 1299 01b9 06       		.uleb128 0x6
 1300 01ba 40       		.uleb128 0x40
 1301 01bb 18       		.uleb128 0x18
 1302 01bc 9742     		.uleb128 0x2117
 1303 01be 19       		.uleb128 0x19
 1304 01bf 00       		.byte	0
 1305 01c0 00       		.byte	0
 1306 01c1 20       		.uleb128 0x20
 1307 01c2 2E       		.uleb128 0x2e
 1308 01c3 00       		.byte	0
 1309 01c4 3F       		.uleb128 0x3f
 1310 01c5 19       		.uleb128 0x19
 1311 01c6 03       		.uleb128 0x3
 1312 01c7 0E       		.uleb128 0xe
ARM GAS  C:\Users\syhaines\AppData\Local\Temp\ccsTYh5O.s 			page 32


 1313 01c8 3A       		.uleb128 0x3a
 1314 01c9 0B       		.uleb128 0xb
 1315 01ca 3B       		.uleb128 0x3b
 1316 01cb 05       		.uleb128 0x5
 1317 01cc 27       		.uleb128 0x27
 1318 01cd 19       		.uleb128 0x19
 1319 01ce 49       		.uleb128 0x49
 1320 01cf 13       		.uleb128 0x13
 1321 01d0 11       		.uleb128 0x11
 1322 01d1 01       		.uleb128 0x1
 1323 01d2 12       		.uleb128 0x12
 1324 01d3 06       		.uleb128 0x6
 1325 01d4 40       		.uleb128 0x40
 1326 01d5 18       		.uleb128 0x18
 1327 01d6 9742     		.uleb128 0x2117
 1328 01d8 19       		.uleb128 0x19
 1329 01d9 00       		.byte	0
 1330 01da 00       		.byte	0
 1331 01db 21       		.uleb128 0x21
 1332 01dc 2E       		.uleb128 0x2e
 1333 01dd 00       		.byte	0
 1334 01de 3F       		.uleb128 0x3f
 1335 01df 19       		.uleb128 0x19
 1336 01e0 03       		.uleb128 0x3
 1337 01e1 0E       		.uleb128 0xe
 1338 01e2 3A       		.uleb128 0x3a
 1339 01e3 0B       		.uleb128 0xb
 1340 01e4 3B       		.uleb128 0x3b
 1341 01e5 05       		.uleb128 0x5
 1342 01e6 27       		.uleb128 0x27
 1343 01e7 19       		.uleb128 0x19
 1344 01e8 11       		.uleb128 0x11
 1345 01e9 01       		.uleb128 0x1
 1346 01ea 12       		.uleb128 0x12
 1347 01eb 06       		.uleb128 0x6
 1348 01ec 40       		.uleb128 0x40
 1349 01ed 18       		.uleb128 0x18
 1350 01ee 9742     		.uleb128 0x2117
 1351 01f0 19       		.uleb128 0x19
 1352 01f1 00       		.byte	0
 1353 01f2 00       		.byte	0
 1354 01f3 22       		.uleb128 0x22
 1355 01f4 01       		.uleb128 0x1
 1356 01f5 01       		.byte	0x1
 1357 01f6 49       		.uleb128 0x49
 1358 01f7 13       		.uleb128 0x13
 1359 01f8 01       		.uleb128 0x1
 1360 01f9 13       		.uleb128 0x13
 1361 01fa 00       		.byte	0
 1362 01fb 00       		.byte	0
 1363 01fc 23       		.uleb128 0x23
 1364 01fd 21       		.uleb128 0x21
 1365 01fe 00       		.byte	0
 1366 01ff 49       		.uleb128 0x49
 1367 0200 13       		.uleb128 0x13
 1368 0201 2F       		.uleb128 0x2f
 1369 0202 0B       		.uleb128 0xb
ARM GAS  C:\Users\syhaines\AppData\Local\Temp\ccsTYh5O.s 			page 33


 1370 0203 00       		.byte	0
 1371 0204 00       		.byte	0
 1372 0205 24       		.uleb128 0x24
 1373 0206 34       		.uleb128 0x34
 1374 0207 00       		.byte	0
 1375 0208 03       		.uleb128 0x3
 1376 0209 0E       		.uleb128 0xe
 1377 020a 3A       		.uleb128 0x3a
 1378 020b 0B       		.uleb128 0xb
 1379 020c 3B       		.uleb128 0x3b
 1380 020d 0B       		.uleb128 0xb
 1381 020e 49       		.uleb128 0x49
 1382 020f 13       		.uleb128 0x13
 1383 0210 3F       		.uleb128 0x3f
 1384 0211 19       		.uleb128 0x19
 1385 0212 3C       		.uleb128 0x3c
 1386 0213 19       		.uleb128 0x19
 1387 0214 00       		.byte	0
 1388 0215 00       		.byte	0
 1389 0216 25       		.uleb128 0x25
 1390 0217 2E       		.uleb128 0x2e
 1391 0218 00       		.byte	0
 1392 0219 3F       		.uleb128 0x3f
 1393 021a 19       		.uleb128 0x19
 1394 021b 03       		.uleb128 0x3
 1395 021c 0E       		.uleb128 0xe
 1396 021d 3A       		.uleb128 0x3a
 1397 021e 0B       		.uleb128 0xb
 1398 021f 3B       		.uleb128 0x3b
 1399 0220 0B       		.uleb128 0xb
 1400 0221 27       		.uleb128 0x27
 1401 0222 19       		.uleb128 0x19
 1402 0223 3C       		.uleb128 0x3c
 1403 0224 19       		.uleb128 0x19
 1404 0225 00       		.byte	0
 1405 0226 00       		.byte	0
 1406 0227 26       		.uleb128 0x26
 1407 0228 2E       		.uleb128 0x2e
 1408 0229 00       		.byte	0
 1409 022a 3F       		.uleb128 0x3f
 1410 022b 19       		.uleb128 0x19
 1411 022c 03       		.uleb128 0x3
 1412 022d 0E       		.uleb128 0xe
 1413 022e 3A       		.uleb128 0x3a
 1414 022f 0B       		.uleb128 0xb
 1415 0230 3B       		.uleb128 0x3b
 1416 0231 0B       		.uleb128 0xb
 1417 0232 27       		.uleb128 0x27
 1418 0233 19       		.uleb128 0x19
 1419 0234 49       		.uleb128 0x49
 1420 0235 13       		.uleb128 0x13
 1421 0236 3C       		.uleb128 0x3c
 1422 0237 19       		.uleb128 0x19
 1423 0238 00       		.byte	0
 1424 0239 00       		.byte	0
 1425 023a 27       		.uleb128 0x27
 1426 023b 2E       		.uleb128 0x2e
ARM GAS  C:\Users\syhaines\AppData\Local\Temp\ccsTYh5O.s 			page 34


 1427 023c 01       		.byte	0x1
 1428 023d 3F       		.uleb128 0x3f
 1429 023e 19       		.uleb128 0x19
 1430 023f 03       		.uleb128 0x3
 1431 0240 0E       		.uleb128 0xe
 1432 0241 3A       		.uleb128 0x3a
 1433 0242 0B       		.uleb128 0xb
 1434 0243 3B       		.uleb128 0x3b
 1435 0244 0B       		.uleb128 0xb
 1436 0245 27       		.uleb128 0x27
 1437 0246 19       		.uleb128 0x19
 1438 0247 3C       		.uleb128 0x3c
 1439 0248 19       		.uleb128 0x19
 1440 0249 00       		.byte	0
 1441 024a 00       		.byte	0
 1442 024b 28       		.uleb128 0x28
 1443 024c 05       		.uleb128 0x5
 1444 024d 00       		.byte	0
 1445 024e 49       		.uleb128 0x49
 1446 024f 13       		.uleb128 0x13
 1447 0250 00       		.byte	0
 1448 0251 00       		.byte	0
 1449 0252 00       		.byte	0
 1450              		.section	.debug_loc,"",%progbits
 1451              	.Ldebug_loc0:
 1452              	.LLST0:
 1453 0000 00000000 		.4byte	.LVL3
 1454 0004 07000000 		.4byte	.LVL4-1
 1455 0008 0100     		.2byte	0x1
 1456 000a 50       		.byte	0x50
 1457 000b 07000000 		.4byte	.LVL4-1
 1458 000f 24000000 		.4byte	.LFE39
 1459 0013 0400     		.2byte	0x4
 1460 0015 F3       		.byte	0xf3
 1461 0016 01       		.uleb128 0x1
 1462 0017 50       		.byte	0x50
 1463 0018 9F       		.byte	0x9f
 1464 0019 00000000 		.4byte	0
 1465 001d 00000000 		.4byte	0
 1466              	.LLST1:
 1467 0021 08000000 		.4byte	.LVL4
 1468 0025 19000000 		.4byte	.LVL5-1
 1469 0029 0100     		.2byte	0x1
 1470 002b 50       		.byte	0x50
 1471 002c 00000000 		.4byte	0
 1472 0030 00000000 		.4byte	0
 1473              	.LLST2:
 1474 0034 00000000 		.4byte	.LVL8
 1475 0038 12000000 		.4byte	.LVL10
 1476 003c 0100     		.2byte	0x1
 1477 003e 50       		.byte	0x50
 1478 003f 12000000 		.4byte	.LVL10
 1479 0043 15000000 		.4byte	.LVL11-1
 1480 0047 0300     		.2byte	0x3
 1481 0049 73       		.byte	0x73
 1482 004a FC00     		.sleb128 124
 1483 004c 15000000 		.4byte	.LVL11-1
ARM GAS  C:\Users\syhaines\AppData\Local\Temp\ccsTYh5O.s 			page 35


 1484 0050 28000000 		.4byte	.LFE34
 1485 0054 0400     		.2byte	0x4
 1486 0056 F3       		.byte	0xf3
 1487 0057 01       		.uleb128 0x1
 1488 0058 50       		.byte	0x50
 1489 0059 9F       		.byte	0x9f
 1490 005a 00000000 		.4byte	0
 1491 005e 00000000 		.4byte	0
 1492              	.LLST3:
 1493 0062 0A000000 		.4byte	.LVL9
 1494 0066 12000000 		.4byte	.LVL10
 1495 006a 0100     		.2byte	0x1
 1496 006c 50       		.byte	0x50
 1497 006d 12000000 		.4byte	.LVL10
 1498 0071 15000000 		.4byte	.LVL11-1
 1499 0075 0300     		.2byte	0x3
 1500 0077 73       		.byte	0x73
 1501 0078 FC00     		.sleb128 124
 1502 007a 15000000 		.4byte	.LVL11-1
 1503 007e 28000000 		.4byte	.LFE34
 1504 0082 0400     		.2byte	0x4
 1505 0084 F3       		.byte	0xf3
 1506 0085 01       		.uleb128 0x1
 1507 0086 50       		.byte	0x50
 1508 0087 9F       		.byte	0x9f
 1509 0088 00000000 		.4byte	0
 1510 008c 00000000 		.4byte	0
 1511              	.LLST4:
 1512 0090 04000000 		.4byte	.LVL13
 1513 0094 06000000 		.4byte	.LVL14
 1514 0098 0900     		.2byte	0x9
 1515 009a 70       		.byte	0x70
 1516 009b 00       		.sleb128 0
 1517 009c 0A       		.byte	0xa
 1518 009d 00C0     		.2byte	0xc000
 1519 009f 1A       		.byte	0x1a
 1520 00a0 3E       		.byte	0x3e
 1521 00a1 25       		.byte	0x25
 1522 00a2 9F       		.byte	0x9f
 1523 00a3 00000000 		.4byte	0
 1524 00a7 00000000 		.4byte	0
 1525              		.section	.debug_aranges,"",%progbits
 1526 0000 7C000000 		.4byte	0x7c
 1527 0004 0200     		.2byte	0x2
 1528 0006 00000000 		.4byte	.Ldebug_info0
 1529 000a 04       		.byte	0x4
 1530 000b 00       		.byte	0
 1531 000c 0000     		.2byte	0
 1532 000e 0000     		.2byte	0
 1533 0010 00000000 		.4byte	.LFB36
 1534 0014 08000000 		.4byte	.LFE36-.LFB36
 1535 0018 00000000 		.4byte	.LFB35
 1536 001c 20000000 		.4byte	.LFE35-.LFB35
 1537 0020 00000000 		.4byte	.LFB37
 1538 0024 0C000000 		.4byte	.LFE37-.LFB37
 1539 0028 00000000 		.4byte	.LFB38
 1540 002c 0C000000 		.4byte	.LFE38-.LFB38
ARM GAS  C:\Users\syhaines\AppData\Local\Temp\ccsTYh5O.s 			page 36


 1541 0030 00000000 		.4byte	.LFB39
 1542 0034 24000000 		.4byte	.LFE39-.LFB39
 1543 0038 00000000 		.4byte	.LFB33
 1544 003c 30000000 		.4byte	.LFE33-.LFB33
 1545 0040 00000000 		.4byte	.LFB34
 1546 0044 28000000 		.4byte	.LFE34-.LFB34
 1547 0048 00000000 		.4byte	.LFB40
 1548 004c 10000000 		.4byte	.LFE40-.LFB40
 1549 0050 00000000 		.4byte	.LFB41
 1550 0054 10000000 		.4byte	.LFE41-.LFB41
 1551 0058 00000000 		.4byte	.LFB42
 1552 005c 10000000 		.4byte	.LFE42-.LFB42
 1553 0060 00000000 		.4byte	.LFB43
 1554 0064 10000000 		.4byte	.LFE43-.LFB43
 1555 0068 00000000 		.4byte	.LFB44
 1556 006c 10000000 		.4byte	.LFE44-.LFB44
 1557 0070 00000000 		.4byte	.LFB45
 1558 0074 10000000 		.4byte	.LFE45-.LFB45
 1559 0078 00000000 		.4byte	0
 1560 007c 00000000 		.4byte	0
 1561              		.section	.debug_ranges,"",%progbits
 1562              	.Ldebug_ranges0:
 1563 0000 0A000000 		.4byte	.LBB24
 1564 0004 10000000 		.4byte	.LBE24
 1565 0008 12000000 		.4byte	.LBB27
 1566 000c 14000000 		.4byte	.LBE27
 1567 0010 00000000 		.4byte	0
 1568 0014 00000000 		.4byte	0
 1569 0018 18000000 		.4byte	.LBB28
 1570 001c 1A000000 		.4byte	.LBE28
 1571 0020 1A000000 		.4byte	.LBB31
 1572 0024 1C000000 		.4byte	.LBE31
 1573 0028 00000000 		.4byte	0
 1574 002c 00000000 		.4byte	0
 1575 0030 0A000000 		.4byte	.LBB34
 1576 0034 0C000000 		.4byte	.LBE34
 1577 0038 0C000000 		.4byte	.LBB37
 1578 003c 10000000 		.4byte	.LBE37
 1579 0040 00000000 		.4byte	0
 1580 0044 00000000 		.4byte	0
 1581 0048 00000000 		.4byte	.LFB36
 1582 004c 08000000 		.4byte	.LFE36
 1583 0050 00000000 		.4byte	.LFB35
 1584 0054 20000000 		.4byte	.LFE35
 1585 0058 00000000 		.4byte	.LFB37
 1586 005c 0C000000 		.4byte	.LFE37
 1587 0060 00000000 		.4byte	.LFB38
 1588 0064 0C000000 		.4byte	.LFE38
 1589 0068 00000000 		.4byte	.LFB39
 1590 006c 24000000 		.4byte	.LFE39
 1591 0070 00000000 		.4byte	.LFB33
 1592 0074 30000000 		.4byte	.LFE33
 1593 0078 00000000 		.4byte	.LFB34
 1594 007c 28000000 		.4byte	.LFE34
 1595 0080 00000000 		.4byte	.LFB40
 1596 0084 10000000 		.4byte	.LFE40
 1597 0088 00000000 		.4byte	.LFB41
ARM GAS  C:\Users\syhaines\AppData\Local\Temp\ccsTYh5O.s 			page 37


 1598 008c 10000000 		.4byte	.LFE41
 1599 0090 00000000 		.4byte	.LFB42
 1600 0094 10000000 		.4byte	.LFE42
 1601 0098 00000000 		.4byte	.LFB43
 1602 009c 10000000 		.4byte	.LFE43
 1603 00a0 00000000 		.4byte	.LFB44
 1604 00a4 10000000 		.4byte	.LFE44
 1605 00a8 00000000 		.4byte	.LFB45
 1606 00ac 10000000 		.4byte	.LFE45
 1607 00b0 00000000 		.4byte	0
 1608 00b4 00000000 		.4byte	0
 1609              		.section	.debug_line,"",%progbits
 1610              	.Ldebug_line0:
 1611 0000 C9010000 		.section	.debug_str,"MS",%progbits,1
 1611      02008600 
 1611      00000201 
 1611      FB0E0D00 
 1611      01010101 
 1612              	.LASF14:
 1613 0000 72656733 		.ascii	"reg32\000"
 1613      3200
 1614              	.LASF33:
 1615 0006 474E5520 		.ascii	"GNU C 4.9.3 20150303 (release) [ARM/embedded-4_9-br"
 1615      4320342E 
 1615      392E3320 
 1615      32303135 
 1615      30333033 
 1616 0039 616E6368 		.ascii	"anch revision 221220] -mcpu=cortex-m0 -mthumb -g -O"
 1616      20726576 
 1616      6973696F 
 1616      6E203232 
 1616      31323230 
 1617 006c 73202D66 		.ascii	"s -ffunction-sections -ffat-lto-objects\000"
 1617      66756E63 
 1617      74696F6E 
 1617      2D736563 
 1617      74696F6E 
 1618              	.LASF38:
 1619 0094 43795261 		.ascii	"CyRamVectors\000"
 1619      6D566563 
 1619      746F7273 
 1619      00
 1620              	.LASF17:
 1621 00a1 50574D5F 		.ascii	"PWM_ISR_Disable\000"
 1621      4953525F 
 1621      44697361 
 1621      626C6500 
 1622              	.LASF3:
 1623 00b1 73686F72 		.ascii	"short unsigned int\000"
 1623      7420756E 
 1623      7369676E 
 1623      65642069 
 1623      6E7400
 1624              	.LASF35:
 1625 00c4 433A5C4C 		.ascii	"C:\\Legrand\\Dimmers\\A4W sofTap and Touch\\A4W_Sof"
 1625      65677261 
 1625      6E645C44 
ARM GAS  C:\Users\syhaines\AppData\Local\Temp\ccsTYh5O.s 			page 38


 1625      696D6D65 
 1625      72735C41 
 1626 00f3 7461702E 		.ascii	"tap.cydsn\000"
 1626      63796473 
 1626      6E00
 1627              	.LASF11:
 1628 00fd 666C6F61 		.ascii	"float\000"
 1628      7400
 1629              	.LASF7:
 1630 0103 6C6F6E67 		.ascii	"long long unsigned int\000"
 1630      206C6F6E 
 1630      6720756E 
 1630      7369676E 
 1630      65642069 
 1631              	.LASF1:
 1632 011a 756E7369 		.ascii	"unsigned char\000"
 1632      676E6564 
 1632      20636861 
 1632      7200
 1633              	.LASF22:
 1634 0128 696E7465 		.ascii	"interruptState\000"
 1634      72727570 
 1634      74537461 
 1634      746500
 1635              	.LASF5:
 1636 0137 6C6F6E67 		.ascii	"long unsigned int\000"
 1636      20756E73 
 1636      69676E65 
 1636      6420696E 
 1636      7400
 1637              	.LASF9:
 1638 0149 75696E74 		.ascii	"uint8\000"
 1638      3800
 1639              	.LASF26:
 1640 014f 7072696F 		.ascii	"priority\000"
 1640      72697479 
 1640      00
 1641              	.LASF36:
 1642 0158 50574D5F 		.ascii	"PWM_ISR_SetVector\000"
 1642      4953525F 
 1642      53657456 
 1642      6563746F 
 1642      7200
 1643              	.LASF12:
 1644 016a 646F7562 		.ascii	"double\000"
 1644      6C6500
 1645              	.LASF2:
 1646 0171 73686F72 		.ascii	"short int\000"
 1646      7420696E 
 1646      7400
 1647              	.LASF37:
 1648 017b 50574D5F 		.ascii	"PWM_ISR_GetPriority\000"
 1648      4953525F 
 1648      47657450 
 1648      72696F72 
 1648      69747900 
 1649              	.LASF10:
ARM GAS  C:\Users\syhaines\AppData\Local\Temp\ccsTYh5O.s 			page 39


 1650 018f 75696E74 		.ascii	"uint32\000"
 1650      333200
 1651              	.LASF39:
 1652 0196 4379456E 		.ascii	"CyEnterCriticalSection\000"
 1652      74657243 
 1652      72697469 
 1652      63616C53 
 1652      65637469 
 1653              	.LASF29:
 1654 01ad 50574D5F 		.ascii	"PWM_ISR_GetState\000"
 1654      4953525F 
 1654      47657453 
 1654      74617465 
 1654      00
 1655              	.LASF8:
 1656 01be 756E7369 		.ascii	"unsigned int\000"
 1656      676E6564 
 1656      20696E74 
 1656      00
 1657              	.LASF27:
 1658 01cb 61646472 		.ascii	"address\000"
 1658      65737300 
 1659              	.LASF40:
 1660 01d3 43794578 		.ascii	"CyExitCriticalSection\000"
 1660      69744372 
 1660      69746963 
 1660      616C5365 
 1660      6374696F 
 1661              	.LASF18:
 1662 01e9 50574D5F 		.ascii	"PWM_ISR_Enable\000"
 1662      4953525F 
 1662      456E6162 
 1662      6C6500
 1663              	.LASF15:
 1664 01f8 63796973 		.ascii	"cyisraddress\000"
 1664      72616464 
 1664      72657373 
 1664      00
 1665              	.LASF16:
 1666 0205 73697A65 		.ascii	"sizetype\000"
 1666      74797065 
 1666      00
 1667              	.LASF31:
 1668 020e 50574D5F 		.ascii	"PWM_ISR_ClearPending\000"
 1668      4953525F 
 1668      436C6561 
 1668      7250656E 
 1668      64696E67 
 1669              	.LASF6:
 1670 0223 6C6F6E67 		.ascii	"long long int\000"
 1670      206C6F6E 
 1670      6720696E 
 1670      7400
 1671              	.LASF13:
 1672 0231 63686172 		.ascii	"char\000"
 1672      00
 1673              	.LASF30:
ARM GAS  C:\Users\syhaines\AppData\Local\Temp\ccsTYh5O.s 			page 40


 1674 0236 50574D5F 		.ascii	"PWM_ISR_SetPending\000"
 1674      4953525F 
 1674      53657450 
 1674      656E6469 
 1674      6E6700
 1675              	.LASF28:
 1676 0249 50574D5F 		.ascii	"PWM_ISR_GetVector\000"
 1676      4953525F 
 1676      47657456 
 1676      6563746F 
 1676      7200
 1677              	.LASF34:
 1678 025b 2E5C4765 		.ascii	".\\Generated_Source\\PSoC4\\PWM_ISR.c\000"
 1678      6E657261 
 1678      7465645F 
 1678      536F7572 
 1678      63655C50 
 1679              	.LASF21:
 1680 027e 50574D5F 		.ascii	"PWM_ISR_SetPriority\000"
 1680      4953525F 
 1680      53657450 
 1680      72696F72 
 1680      69747900 
 1681              	.LASF19:
 1682 0292 50574D5F 		.ascii	"PWM_ISR_Interrupt\000"
 1682      4953525F 
 1682      496E7465 
 1682      72727570 
 1682      7400
 1683              	.LASF20:
 1684 02a4 50574D5F 		.ascii	"PWM_ISR_Stop\000"
 1684      4953525F 
 1684      53746F70 
 1684      00
 1685              	.LASF23:
 1686 02b1 7072696F 		.ascii	"priorityOffset\000"
 1686      72697479 
 1686      4F666673 
 1686      657400
 1687              	.LASF4:
 1688 02c0 6C6F6E67 		.ascii	"long int\000"
 1688      20696E74 
 1688      00
 1689              	.LASF24:
 1690 02c9 50574D5F 		.ascii	"PWM_ISR_Start\000"
 1690      4953525F 
 1690      53746172 
 1690      7400
 1691              	.LASF32:
 1692 02d7 70776D5F 		.ascii	"pwm_timer\000"
 1692      74696D65 
 1692      7200
 1693              	.LASF0:
 1694 02e1 7369676E 		.ascii	"signed char\000"
 1694      65642063 
 1694      68617200 
 1695              	.LASF25:
ARM GAS  C:\Users\syhaines\AppData\Local\Temp\ccsTYh5O.s 			page 41


 1696 02ed 50574D5F 		.ascii	"PWM_ISR_StartEx\000"
 1696      4953525F 
 1696      53746172 
 1696      74457800 
 1697              		.ident	"GCC: (GNU Tools for ARM Embedded Processors) 4.9.3 20150303 (release) [ARM/embedded-4_9-br
