ARM GAS  C:\Users\syhaines\AppData\Local\Temp\ccrUSIVM.s 			page 1


   1              		.cpu cortex-m0
   2              		.fpu softvfp
   3              		.eabi_attribute 20, 1
   4              		.eabi_attribute 21, 1
   5              		.eabi_attribute 23, 3
   6              		.eabi_attribute 24, 1
   7              		.eabi_attribute 25, 1
   8              		.eabi_attribute 26, 1
   9              		.eabi_attribute 30, 4
  10              		.eabi_attribute 34, 0
  11              		.eabi_attribute 18, 4
  12              		.code	16
  13              		.file	"WDT_ISR.c"
  14              		.text
  15              	.Ltext0:
  16              		.cfi_sections	.debug_frame
  17              		.section	.text.WDT_ISR_Interrupt,"ax",%progbits
  18              		.align	1
  19              		.global	WDT_ISR_Interrupt
  20              		.code	16
  21              		.thumb_func
  22              		.type	WDT_ISR_Interrupt, %function
  23              	WDT_ISR_Interrupt:
  24              	.LFB36:
  25              		.file 1 ".\\Generated_Source\\PSoC4\\WDT_ISR.c"
   1:.\Generated_Source\PSoC4/WDT_ISR.c **** /*******************************************************************************
   2:.\Generated_Source\PSoC4/WDT_ISR.c **** * File Name: WDT_ISR.c  
   3:.\Generated_Source\PSoC4/WDT_ISR.c **** * Version 1.70
   4:.\Generated_Source\PSoC4/WDT_ISR.c **** *
   5:.\Generated_Source\PSoC4/WDT_ISR.c **** *  Description:
   6:.\Generated_Source\PSoC4/WDT_ISR.c **** *   API for controlling the state of an interrupt.
   7:.\Generated_Source\PSoC4/WDT_ISR.c **** *
   8:.\Generated_Source\PSoC4/WDT_ISR.c **** *
   9:.\Generated_Source\PSoC4/WDT_ISR.c **** *  Note:
  10:.\Generated_Source\PSoC4/WDT_ISR.c **** *
  11:.\Generated_Source\PSoC4/WDT_ISR.c **** ********************************************************************************
  12:.\Generated_Source\PSoC4/WDT_ISR.c **** * Copyright 2008-2015, Cypress Semiconductor Corporation.  All rights reserved.
  13:.\Generated_Source\PSoC4/WDT_ISR.c **** * You may use this file only in accordance with the license, terms, conditions, 
  14:.\Generated_Source\PSoC4/WDT_ISR.c **** * disclaimers, and limitations in the end user license agreement accompanying 
  15:.\Generated_Source\PSoC4/WDT_ISR.c **** * the software package with which this file was provided.
  16:.\Generated_Source\PSoC4/WDT_ISR.c **** *******************************************************************************/
  17:.\Generated_Source\PSoC4/WDT_ISR.c **** 
  18:.\Generated_Source\PSoC4/WDT_ISR.c **** 
  19:.\Generated_Source\PSoC4/WDT_ISR.c **** #include <cydevice_trm.h>
  20:.\Generated_Source\PSoC4/WDT_ISR.c **** #include <CyLib.h>
  21:.\Generated_Source\PSoC4/WDT_ISR.c **** #include <WDT_ISR.h>
  22:.\Generated_Source\PSoC4/WDT_ISR.c **** 
  23:.\Generated_Source\PSoC4/WDT_ISR.c **** 
  24:.\Generated_Source\PSoC4/WDT_ISR.c **** #if !defined(WDT_ISR__REMOVED) /* Check for removal by optimization */
  25:.\Generated_Source\PSoC4/WDT_ISR.c **** 
  26:.\Generated_Source\PSoC4/WDT_ISR.c **** /*******************************************************************************
  27:.\Generated_Source\PSoC4/WDT_ISR.c **** *  Place your includes, defines and code here 
  28:.\Generated_Source\PSoC4/WDT_ISR.c **** ********************************************************************************/
  29:.\Generated_Source\PSoC4/WDT_ISR.c **** /* `#START WDT_ISR_intc` */
  30:.\Generated_Source\PSoC4/WDT_ISR.c **** #include <project.h>
  31:.\Generated_Source\PSoC4/WDT_ISR.c **** /* `#END` */
  32:.\Generated_Source\PSoC4/WDT_ISR.c **** 
ARM GAS  C:\Users\syhaines\AppData\Local\Temp\ccrUSIVM.s 			page 2


  33:.\Generated_Source\PSoC4/WDT_ISR.c **** extern cyisraddress CyRamVectors[CYINT_IRQ_BASE + CY_NUM_INTERRUPTS];
  34:.\Generated_Source\PSoC4/WDT_ISR.c **** 
  35:.\Generated_Source\PSoC4/WDT_ISR.c **** /* Declared in startup, used to set unused interrupts to. */
  36:.\Generated_Source\PSoC4/WDT_ISR.c **** CY_ISR_PROTO(IntDefaultHandler);
  37:.\Generated_Source\PSoC4/WDT_ISR.c **** 
  38:.\Generated_Source\PSoC4/WDT_ISR.c **** 
  39:.\Generated_Source\PSoC4/WDT_ISR.c **** /*******************************************************************************
  40:.\Generated_Source\PSoC4/WDT_ISR.c **** * Function Name: WDT_ISR_Start
  41:.\Generated_Source\PSoC4/WDT_ISR.c **** ********************************************************************************
  42:.\Generated_Source\PSoC4/WDT_ISR.c **** *
  43:.\Generated_Source\PSoC4/WDT_ISR.c **** * Summary:
  44:.\Generated_Source\PSoC4/WDT_ISR.c **** *  Set up the interrupt and enable it. This function disables the interrupt, 
  45:.\Generated_Source\PSoC4/WDT_ISR.c **** *  sets the default interrupt vector, sets the priority from the value in the
  46:.\Generated_Source\PSoC4/WDT_ISR.c **** *  Design Wide Resources Interrupt Editor, then enables the interrupt to the 
  47:.\Generated_Source\PSoC4/WDT_ISR.c **** *  interrupt controller.
  48:.\Generated_Source\PSoC4/WDT_ISR.c **** *
  49:.\Generated_Source\PSoC4/WDT_ISR.c **** * Parameters:  
  50:.\Generated_Source\PSoC4/WDT_ISR.c **** *   None
  51:.\Generated_Source\PSoC4/WDT_ISR.c **** *
  52:.\Generated_Source\PSoC4/WDT_ISR.c **** * Return:
  53:.\Generated_Source\PSoC4/WDT_ISR.c **** *   None
  54:.\Generated_Source\PSoC4/WDT_ISR.c **** *
  55:.\Generated_Source\PSoC4/WDT_ISR.c **** *******************************************************************************/
  56:.\Generated_Source\PSoC4/WDT_ISR.c **** void WDT_ISR_Start(void)
  57:.\Generated_Source\PSoC4/WDT_ISR.c **** {
  58:.\Generated_Source\PSoC4/WDT_ISR.c ****     /* For all we know the interrupt is active. */
  59:.\Generated_Source\PSoC4/WDT_ISR.c ****     WDT_ISR_Disable();
  60:.\Generated_Source\PSoC4/WDT_ISR.c **** 
  61:.\Generated_Source\PSoC4/WDT_ISR.c ****     /* Set the ISR to point to the WDT_ISR Interrupt. */
  62:.\Generated_Source\PSoC4/WDT_ISR.c ****     WDT_ISR_SetVector(&WDT_ISR_Interrupt);
  63:.\Generated_Source\PSoC4/WDT_ISR.c **** 
  64:.\Generated_Source\PSoC4/WDT_ISR.c ****     /* Set the priority. */
  65:.\Generated_Source\PSoC4/WDT_ISR.c ****     WDT_ISR_SetPriority((uint8)WDT_ISR_INTC_PRIOR_NUMBER);
  66:.\Generated_Source\PSoC4/WDT_ISR.c **** 
  67:.\Generated_Source\PSoC4/WDT_ISR.c ****     /* Enable it. */
  68:.\Generated_Source\PSoC4/WDT_ISR.c ****     WDT_ISR_Enable();
  69:.\Generated_Source\PSoC4/WDT_ISR.c **** }
  70:.\Generated_Source\PSoC4/WDT_ISR.c **** 
  71:.\Generated_Source\PSoC4/WDT_ISR.c **** 
  72:.\Generated_Source\PSoC4/WDT_ISR.c **** /*******************************************************************************
  73:.\Generated_Source\PSoC4/WDT_ISR.c **** * Function Name: WDT_ISR_StartEx
  74:.\Generated_Source\PSoC4/WDT_ISR.c **** ********************************************************************************
  75:.\Generated_Source\PSoC4/WDT_ISR.c **** *
  76:.\Generated_Source\PSoC4/WDT_ISR.c **** * Summary:
  77:.\Generated_Source\PSoC4/WDT_ISR.c **** *  Sets up the interrupt and enables it. This function disables the interrupt,
  78:.\Generated_Source\PSoC4/WDT_ISR.c **** *  sets the interrupt vector based on the address passed in, sets the priority 
  79:.\Generated_Source\PSoC4/WDT_ISR.c **** *  from the value in the Design Wide Resources Interrupt Editor, then enables 
  80:.\Generated_Source\PSoC4/WDT_ISR.c **** *  the interrupt to the interrupt controller.
  81:.\Generated_Source\PSoC4/WDT_ISR.c **** *  
  82:.\Generated_Source\PSoC4/WDT_ISR.c **** *  When defining ISR functions, the CY_ISR and CY_ISR_PROTO macros should be 
  83:.\Generated_Source\PSoC4/WDT_ISR.c **** *  used to provide consistent definition across compilers:
  84:.\Generated_Source\PSoC4/WDT_ISR.c **** *  
  85:.\Generated_Source\PSoC4/WDT_ISR.c **** *  Function definition example:
  86:.\Generated_Source\PSoC4/WDT_ISR.c **** *   CY_ISR(MyISR)
  87:.\Generated_Source\PSoC4/WDT_ISR.c **** *   {
  88:.\Generated_Source\PSoC4/WDT_ISR.c **** *   }
  89:.\Generated_Source\PSoC4/WDT_ISR.c **** *   Function prototype example:
ARM GAS  C:\Users\syhaines\AppData\Local\Temp\ccrUSIVM.s 			page 3


  90:.\Generated_Source\PSoC4/WDT_ISR.c **** *   CY_ISR_PROTO(MyISR);
  91:.\Generated_Source\PSoC4/WDT_ISR.c **** *
  92:.\Generated_Source\PSoC4/WDT_ISR.c **** * Parameters:  
  93:.\Generated_Source\PSoC4/WDT_ISR.c **** *   address: Address of the ISR to set in the interrupt vector table.
  94:.\Generated_Source\PSoC4/WDT_ISR.c **** *
  95:.\Generated_Source\PSoC4/WDT_ISR.c **** * Return:
  96:.\Generated_Source\PSoC4/WDT_ISR.c **** *   None
  97:.\Generated_Source\PSoC4/WDT_ISR.c **** *
  98:.\Generated_Source\PSoC4/WDT_ISR.c **** *******************************************************************************/
  99:.\Generated_Source\PSoC4/WDT_ISR.c **** void WDT_ISR_StartEx(cyisraddress address)
 100:.\Generated_Source\PSoC4/WDT_ISR.c **** {
 101:.\Generated_Source\PSoC4/WDT_ISR.c ****     /* For all we know the interrupt is active. */
 102:.\Generated_Source\PSoC4/WDT_ISR.c ****     WDT_ISR_Disable();
 103:.\Generated_Source\PSoC4/WDT_ISR.c **** 
 104:.\Generated_Source\PSoC4/WDT_ISR.c ****     /* Set the ISR to point to the WDT_ISR Interrupt. */
 105:.\Generated_Source\PSoC4/WDT_ISR.c ****     WDT_ISR_SetVector(address);
 106:.\Generated_Source\PSoC4/WDT_ISR.c **** 
 107:.\Generated_Source\PSoC4/WDT_ISR.c ****     /* Set the priority. */
 108:.\Generated_Source\PSoC4/WDT_ISR.c ****     WDT_ISR_SetPriority((uint8)WDT_ISR_INTC_PRIOR_NUMBER);
 109:.\Generated_Source\PSoC4/WDT_ISR.c **** 
 110:.\Generated_Source\PSoC4/WDT_ISR.c ****     /* Enable it. */
 111:.\Generated_Source\PSoC4/WDT_ISR.c ****     WDT_ISR_Enable();
 112:.\Generated_Source\PSoC4/WDT_ISR.c **** }
 113:.\Generated_Source\PSoC4/WDT_ISR.c **** 
 114:.\Generated_Source\PSoC4/WDT_ISR.c **** 
 115:.\Generated_Source\PSoC4/WDT_ISR.c **** /*******************************************************************************
 116:.\Generated_Source\PSoC4/WDT_ISR.c **** * Function Name: WDT_ISR_Stop
 117:.\Generated_Source\PSoC4/WDT_ISR.c **** ********************************************************************************
 118:.\Generated_Source\PSoC4/WDT_ISR.c **** *
 119:.\Generated_Source\PSoC4/WDT_ISR.c **** * Summary:
 120:.\Generated_Source\PSoC4/WDT_ISR.c **** *   Disables and removes the interrupt.
 121:.\Generated_Source\PSoC4/WDT_ISR.c **** *
 122:.\Generated_Source\PSoC4/WDT_ISR.c **** * Parameters:  
 123:.\Generated_Source\PSoC4/WDT_ISR.c **** *   None
 124:.\Generated_Source\PSoC4/WDT_ISR.c **** *
 125:.\Generated_Source\PSoC4/WDT_ISR.c **** * Return:
 126:.\Generated_Source\PSoC4/WDT_ISR.c **** *   None
 127:.\Generated_Source\PSoC4/WDT_ISR.c **** *
 128:.\Generated_Source\PSoC4/WDT_ISR.c **** *******************************************************************************/
 129:.\Generated_Source\PSoC4/WDT_ISR.c **** void WDT_ISR_Stop(void)
 130:.\Generated_Source\PSoC4/WDT_ISR.c **** {
 131:.\Generated_Source\PSoC4/WDT_ISR.c ****     /* Disable this interrupt. */
 132:.\Generated_Source\PSoC4/WDT_ISR.c ****     WDT_ISR_Disable();
 133:.\Generated_Source\PSoC4/WDT_ISR.c **** 
 134:.\Generated_Source\PSoC4/WDT_ISR.c ****     /* Set the ISR to point to the passive one. */
 135:.\Generated_Source\PSoC4/WDT_ISR.c ****     WDT_ISR_SetVector(&IntDefaultHandler);
 136:.\Generated_Source\PSoC4/WDT_ISR.c **** }
 137:.\Generated_Source\PSoC4/WDT_ISR.c **** 
 138:.\Generated_Source\PSoC4/WDT_ISR.c **** 
 139:.\Generated_Source\PSoC4/WDT_ISR.c **** /*******************************************************************************
 140:.\Generated_Source\PSoC4/WDT_ISR.c **** * Function Name: WDT_ISR_Interrupt
 141:.\Generated_Source\PSoC4/WDT_ISR.c **** ********************************************************************************
 142:.\Generated_Source\PSoC4/WDT_ISR.c **** *
 143:.\Generated_Source\PSoC4/WDT_ISR.c **** * Summary:
 144:.\Generated_Source\PSoC4/WDT_ISR.c **** *   The default Interrupt Service Routine for WDT_ISR.
 145:.\Generated_Source\PSoC4/WDT_ISR.c **** *
 146:.\Generated_Source\PSoC4/WDT_ISR.c **** *   Add custom code between the START and END comments to keep the next version
ARM GAS  C:\Users\syhaines\AppData\Local\Temp\ccrUSIVM.s 			page 4


 147:.\Generated_Source\PSoC4/WDT_ISR.c **** *   of this file from over-writing your code.
 148:.\Generated_Source\PSoC4/WDT_ISR.c **** *
 149:.\Generated_Source\PSoC4/WDT_ISR.c **** *   Note You may use either the default ISR by using this API, or you may define
 150:.\Generated_Source\PSoC4/WDT_ISR.c **** *   your own separate ISR through ISR_StartEx().
 151:.\Generated_Source\PSoC4/WDT_ISR.c **** *
 152:.\Generated_Source\PSoC4/WDT_ISR.c **** * Parameters:  
 153:.\Generated_Source\PSoC4/WDT_ISR.c **** *   None
 154:.\Generated_Source\PSoC4/WDT_ISR.c **** *
 155:.\Generated_Source\PSoC4/WDT_ISR.c **** * Return:
 156:.\Generated_Source\PSoC4/WDT_ISR.c **** *   None
 157:.\Generated_Source\PSoC4/WDT_ISR.c **** *
 158:.\Generated_Source\PSoC4/WDT_ISR.c **** *******************************************************************************/
 159:.\Generated_Source\PSoC4/WDT_ISR.c **** CY_ISR(WDT_ISR_Interrupt)
 160:.\Generated_Source\PSoC4/WDT_ISR.c **** {
  26              		.loc 1 160 0
  27              		.cfi_startproc
 161:.\Generated_Source\PSoC4/WDT_ISR.c ****     #ifdef WDT_ISR_INTERRUPT_INTERRUPT_CALLBACK
 162:.\Generated_Source\PSoC4/WDT_ISR.c ****         WDT_ISR_Interrupt_InterruptCallback();
 163:.\Generated_Source\PSoC4/WDT_ISR.c ****     #endif /* WDT_ISR_INTERRUPT_INTERRUPT_CALLBACK */ 
 164:.\Generated_Source\PSoC4/WDT_ISR.c **** 
 165:.\Generated_Source\PSoC4/WDT_ISR.c ****     /*  Place your Interrupt code here. */
 166:.\Generated_Source\PSoC4/WDT_ISR.c ****     /* `#START WDT_ISR_Interrupt` */
 167:.\Generated_Source\PSoC4/WDT_ISR.c ****     //int main();
 168:.\Generated_Source\PSoC4/WDT_ISR.c ****     /* `#END` */
 169:.\Generated_Source\PSoC4/WDT_ISR.c **** }
  28              		.loc 1 169 0
  29              		@ sp needed
  30 0000 7047     		bx	lr
  31              		.cfi_endproc
  32              	.LFE36:
  33              		.size	WDT_ISR_Interrupt, .-WDT_ISR_Interrupt
  34              		.section	.text.WDT_ISR_Stop,"ax",%progbits
  35              		.align	1
  36              		.global	WDT_ISR_Stop
  37              		.code	16
  38              		.thumb_func
  39              		.type	WDT_ISR_Stop, %function
  40              	WDT_ISR_Stop:
  41              	.LFB35:
 130:.\Generated_Source\PSoC4/WDT_ISR.c ****     /* Disable this interrupt. */
  42              		.loc 1 130 0
  43              		.cfi_startproc
  44              	.LBB18:
  45              	.LBB19:
 170:.\Generated_Source\PSoC4/WDT_ISR.c **** 
 171:.\Generated_Source\PSoC4/WDT_ISR.c **** 
 172:.\Generated_Source\PSoC4/WDT_ISR.c **** /*******************************************************************************
 173:.\Generated_Source\PSoC4/WDT_ISR.c **** * Function Name: WDT_ISR_SetVector
 174:.\Generated_Source\PSoC4/WDT_ISR.c **** ********************************************************************************
 175:.\Generated_Source\PSoC4/WDT_ISR.c **** *
 176:.\Generated_Source\PSoC4/WDT_ISR.c **** * Summary:
 177:.\Generated_Source\PSoC4/WDT_ISR.c **** *   Change the ISR vector for the Interrupt. Note calling WDT_ISR_Start
 178:.\Generated_Source\PSoC4/WDT_ISR.c **** *   will override any effect this method would have had. To set the vector 
 179:.\Generated_Source\PSoC4/WDT_ISR.c **** *   before the component has been started use WDT_ISR_StartEx instead.
 180:.\Generated_Source\PSoC4/WDT_ISR.c **** * 
 181:.\Generated_Source\PSoC4/WDT_ISR.c **** *   When defining ISR functions, the CY_ISR and CY_ISR_PROTO macros should be 
 182:.\Generated_Source\PSoC4/WDT_ISR.c **** *   used to provide consistent definition across compilers:
ARM GAS  C:\Users\syhaines\AppData\Local\Temp\ccrUSIVM.s 			page 5


 183:.\Generated_Source\PSoC4/WDT_ISR.c **** *
 184:.\Generated_Source\PSoC4/WDT_ISR.c **** *   Function definition example:
 185:.\Generated_Source\PSoC4/WDT_ISR.c **** *   CY_ISR(MyISR)
 186:.\Generated_Source\PSoC4/WDT_ISR.c **** *   {
 187:.\Generated_Source\PSoC4/WDT_ISR.c **** *   }
 188:.\Generated_Source\PSoC4/WDT_ISR.c **** *
 189:.\Generated_Source\PSoC4/WDT_ISR.c **** *   Function prototype example:
 190:.\Generated_Source\PSoC4/WDT_ISR.c **** *     CY_ISR_PROTO(MyISR);
 191:.\Generated_Source\PSoC4/WDT_ISR.c **** *
 192:.\Generated_Source\PSoC4/WDT_ISR.c **** * Parameters:
 193:.\Generated_Source\PSoC4/WDT_ISR.c **** *   address: Address of the ISR to set in the interrupt vector table.
 194:.\Generated_Source\PSoC4/WDT_ISR.c **** *
 195:.\Generated_Source\PSoC4/WDT_ISR.c **** * Return:
 196:.\Generated_Source\PSoC4/WDT_ISR.c **** *   None
 197:.\Generated_Source\PSoC4/WDT_ISR.c **** *
 198:.\Generated_Source\PSoC4/WDT_ISR.c **** *******************************************************************************/
 199:.\Generated_Source\PSoC4/WDT_ISR.c **** void WDT_ISR_SetVector(cyisraddress address)
 200:.\Generated_Source\PSoC4/WDT_ISR.c **** {
 201:.\Generated_Source\PSoC4/WDT_ISR.c ****     CyRamVectors[CYINT_IRQ_BASE + WDT_ISR__INTC_NUMBER] = address;
 202:.\Generated_Source\PSoC4/WDT_ISR.c **** }
 203:.\Generated_Source\PSoC4/WDT_ISR.c **** 
 204:.\Generated_Source\PSoC4/WDT_ISR.c **** 
 205:.\Generated_Source\PSoC4/WDT_ISR.c **** /*******************************************************************************
 206:.\Generated_Source\PSoC4/WDT_ISR.c **** * Function Name: WDT_ISR_GetVector
 207:.\Generated_Source\PSoC4/WDT_ISR.c **** ********************************************************************************
 208:.\Generated_Source\PSoC4/WDT_ISR.c **** *
 209:.\Generated_Source\PSoC4/WDT_ISR.c **** * Summary:
 210:.\Generated_Source\PSoC4/WDT_ISR.c **** *   Gets the "address" of the current ISR vector for the Interrupt.
 211:.\Generated_Source\PSoC4/WDT_ISR.c **** *
 212:.\Generated_Source\PSoC4/WDT_ISR.c **** * Parameters:
 213:.\Generated_Source\PSoC4/WDT_ISR.c **** *   None
 214:.\Generated_Source\PSoC4/WDT_ISR.c **** *
 215:.\Generated_Source\PSoC4/WDT_ISR.c **** * Return:
 216:.\Generated_Source\PSoC4/WDT_ISR.c **** *   Address of the ISR in the interrupt vector table.
 217:.\Generated_Source\PSoC4/WDT_ISR.c **** *
 218:.\Generated_Source\PSoC4/WDT_ISR.c **** *******************************************************************************/
 219:.\Generated_Source\PSoC4/WDT_ISR.c **** cyisraddress WDT_ISR_GetVector(void)
 220:.\Generated_Source\PSoC4/WDT_ISR.c **** {
 221:.\Generated_Source\PSoC4/WDT_ISR.c ****     return CyRamVectors[CYINT_IRQ_BASE + WDT_ISR__INTC_NUMBER];
 222:.\Generated_Source\PSoC4/WDT_ISR.c **** }
 223:.\Generated_Source\PSoC4/WDT_ISR.c **** 
 224:.\Generated_Source\PSoC4/WDT_ISR.c **** 
 225:.\Generated_Source\PSoC4/WDT_ISR.c **** /*******************************************************************************
 226:.\Generated_Source\PSoC4/WDT_ISR.c **** * Function Name: WDT_ISR_SetPriority
 227:.\Generated_Source\PSoC4/WDT_ISR.c **** ********************************************************************************
 228:.\Generated_Source\PSoC4/WDT_ISR.c **** *
 229:.\Generated_Source\PSoC4/WDT_ISR.c **** * Summary:
 230:.\Generated_Source\PSoC4/WDT_ISR.c **** *   Sets the Priority of the Interrupt. 
 231:.\Generated_Source\PSoC4/WDT_ISR.c **** *
 232:.\Generated_Source\PSoC4/WDT_ISR.c **** *   Note calling WDT_ISR_Start or WDT_ISR_StartEx will 
 233:.\Generated_Source\PSoC4/WDT_ISR.c **** *   override any effect this API would have had. This API should only be called
 234:.\Generated_Source\PSoC4/WDT_ISR.c **** *   after WDT_ISR_Start or WDT_ISR_StartEx has been called. 
 235:.\Generated_Source\PSoC4/WDT_ISR.c **** *   To set the initial priority for the component, use the Design-Wide Resources
 236:.\Generated_Source\PSoC4/WDT_ISR.c **** *   Interrupt Editor.
 237:.\Generated_Source\PSoC4/WDT_ISR.c **** *
 238:.\Generated_Source\PSoC4/WDT_ISR.c **** *   Note This API has no effect on Non-maskable interrupt NMI).
 239:.\Generated_Source\PSoC4/WDT_ISR.c **** *
ARM GAS  C:\Users\syhaines\AppData\Local\Temp\ccrUSIVM.s 			page 6


 240:.\Generated_Source\PSoC4/WDT_ISR.c **** * Parameters:
 241:.\Generated_Source\PSoC4/WDT_ISR.c **** *   priority: Priority of the interrupt, 0 being the highest priority
 242:.\Generated_Source\PSoC4/WDT_ISR.c **** *             PSoC 3 and PSoC 5LP: Priority is from 0 to 7.
 243:.\Generated_Source\PSoC4/WDT_ISR.c **** *             PSoC 4: Priority is from 0 to 3.
 244:.\Generated_Source\PSoC4/WDT_ISR.c **** *
 245:.\Generated_Source\PSoC4/WDT_ISR.c **** * Return:
 246:.\Generated_Source\PSoC4/WDT_ISR.c **** *   None
 247:.\Generated_Source\PSoC4/WDT_ISR.c **** *
 248:.\Generated_Source\PSoC4/WDT_ISR.c **** *******************************************************************************/
 249:.\Generated_Source\PSoC4/WDT_ISR.c **** void WDT_ISR_SetPriority(uint8 priority)
 250:.\Generated_Source\PSoC4/WDT_ISR.c **** {
 251:.\Generated_Source\PSoC4/WDT_ISR.c **** 	uint8 interruptState;
 252:.\Generated_Source\PSoC4/WDT_ISR.c ****     uint32 priorityOffset = ((WDT_ISR__INTC_NUMBER % 4u) * 8u) + 6u;
 253:.\Generated_Source\PSoC4/WDT_ISR.c ****     
 254:.\Generated_Source\PSoC4/WDT_ISR.c **** 	interruptState = CyEnterCriticalSection();
 255:.\Generated_Source\PSoC4/WDT_ISR.c ****     *WDT_ISR_INTC_PRIOR = (*WDT_ISR_INTC_PRIOR & (uint32)(~WDT_ISR__INTC_PRIOR_MASK)) |
 256:.\Generated_Source\PSoC4/WDT_ISR.c ****                                     ((uint32)priority << priorityOffset);
 257:.\Generated_Source\PSoC4/WDT_ISR.c **** 	CyExitCriticalSection(interruptState);
 258:.\Generated_Source\PSoC4/WDT_ISR.c **** }
 259:.\Generated_Source\PSoC4/WDT_ISR.c **** 
 260:.\Generated_Source\PSoC4/WDT_ISR.c **** 
 261:.\Generated_Source\PSoC4/WDT_ISR.c **** /*******************************************************************************
 262:.\Generated_Source\PSoC4/WDT_ISR.c **** * Function Name: WDT_ISR_GetPriority
 263:.\Generated_Source\PSoC4/WDT_ISR.c **** ********************************************************************************
 264:.\Generated_Source\PSoC4/WDT_ISR.c **** *
 265:.\Generated_Source\PSoC4/WDT_ISR.c **** * Summary:
 266:.\Generated_Source\PSoC4/WDT_ISR.c **** *   Gets the Priority of the Interrupt.
 267:.\Generated_Source\PSoC4/WDT_ISR.c **** *
 268:.\Generated_Source\PSoC4/WDT_ISR.c **** * Parameters:
 269:.\Generated_Source\PSoC4/WDT_ISR.c **** *   None
 270:.\Generated_Source\PSoC4/WDT_ISR.c **** *
 271:.\Generated_Source\PSoC4/WDT_ISR.c **** * Return:
 272:.\Generated_Source\PSoC4/WDT_ISR.c **** *   Priority of the interrupt, 0 being the highest priority
 273:.\Generated_Source\PSoC4/WDT_ISR.c **** *    PSoC 3 and PSoC 5LP: Priority is from 0 to 7.
 274:.\Generated_Source\PSoC4/WDT_ISR.c **** *    PSoC 4: Priority is from 0 to 3.
 275:.\Generated_Source\PSoC4/WDT_ISR.c **** *
 276:.\Generated_Source\PSoC4/WDT_ISR.c **** *******************************************************************************/
 277:.\Generated_Source\PSoC4/WDT_ISR.c **** uint8 WDT_ISR_GetPriority(void)
 278:.\Generated_Source\PSoC4/WDT_ISR.c **** {
 279:.\Generated_Source\PSoC4/WDT_ISR.c ****     uint32 priority;
 280:.\Generated_Source\PSoC4/WDT_ISR.c **** 	uint32 priorityOffset = ((WDT_ISR__INTC_NUMBER % 4u) * 8u) + 6u;
 281:.\Generated_Source\PSoC4/WDT_ISR.c **** 
 282:.\Generated_Source\PSoC4/WDT_ISR.c ****     priority = (*WDT_ISR_INTC_PRIOR & WDT_ISR__INTC_PRIOR_MASK) >> priorityOffset;
 283:.\Generated_Source\PSoC4/WDT_ISR.c **** 
 284:.\Generated_Source\PSoC4/WDT_ISR.c ****     return (uint8)priority;
 285:.\Generated_Source\PSoC4/WDT_ISR.c **** }
 286:.\Generated_Source\PSoC4/WDT_ISR.c **** 
 287:.\Generated_Source\PSoC4/WDT_ISR.c **** 
 288:.\Generated_Source\PSoC4/WDT_ISR.c **** /*******************************************************************************
 289:.\Generated_Source\PSoC4/WDT_ISR.c **** * Function Name: WDT_ISR_Enable
 290:.\Generated_Source\PSoC4/WDT_ISR.c **** ********************************************************************************
 291:.\Generated_Source\PSoC4/WDT_ISR.c **** *
 292:.\Generated_Source\PSoC4/WDT_ISR.c **** * Summary:
 293:.\Generated_Source\PSoC4/WDT_ISR.c **** *   Enables the interrupt to the interrupt controller. Do not call this function
 294:.\Generated_Source\PSoC4/WDT_ISR.c **** *   unless ISR_Start() has been called or the functionality of the ISR_Start() 
 295:.\Generated_Source\PSoC4/WDT_ISR.c **** *   function, which sets the vector and the priority, has been called.
 296:.\Generated_Source\PSoC4/WDT_ISR.c **** *
ARM GAS  C:\Users\syhaines\AppData\Local\Temp\ccrUSIVM.s 			page 7


 297:.\Generated_Source\PSoC4/WDT_ISR.c **** * Parameters:
 298:.\Generated_Source\PSoC4/WDT_ISR.c **** *   None
 299:.\Generated_Source\PSoC4/WDT_ISR.c **** *
 300:.\Generated_Source\PSoC4/WDT_ISR.c **** * Return:
 301:.\Generated_Source\PSoC4/WDT_ISR.c **** *   None
 302:.\Generated_Source\PSoC4/WDT_ISR.c **** *
 303:.\Generated_Source\PSoC4/WDT_ISR.c **** *******************************************************************************/
 304:.\Generated_Source\PSoC4/WDT_ISR.c **** void WDT_ISR_Enable(void)
 305:.\Generated_Source\PSoC4/WDT_ISR.c **** {
 306:.\Generated_Source\PSoC4/WDT_ISR.c ****     /* Enable the general interrupt. */
 307:.\Generated_Source\PSoC4/WDT_ISR.c ****     *WDT_ISR_INTC_SET_EN = WDT_ISR__INTC_MASK;
 308:.\Generated_Source\PSoC4/WDT_ISR.c **** }
 309:.\Generated_Source\PSoC4/WDT_ISR.c **** 
 310:.\Generated_Source\PSoC4/WDT_ISR.c **** 
 311:.\Generated_Source\PSoC4/WDT_ISR.c **** /*******************************************************************************
 312:.\Generated_Source\PSoC4/WDT_ISR.c **** * Function Name: WDT_ISR_GetState
 313:.\Generated_Source\PSoC4/WDT_ISR.c **** ********************************************************************************
 314:.\Generated_Source\PSoC4/WDT_ISR.c **** *
 315:.\Generated_Source\PSoC4/WDT_ISR.c **** * Summary:
 316:.\Generated_Source\PSoC4/WDT_ISR.c **** *   Gets the state (enabled, disabled) of the Interrupt.
 317:.\Generated_Source\PSoC4/WDT_ISR.c **** *
 318:.\Generated_Source\PSoC4/WDT_ISR.c **** * Parameters:
 319:.\Generated_Source\PSoC4/WDT_ISR.c **** *   None
 320:.\Generated_Source\PSoC4/WDT_ISR.c **** *
 321:.\Generated_Source\PSoC4/WDT_ISR.c **** * Return:
 322:.\Generated_Source\PSoC4/WDT_ISR.c **** *   1 if enabled, 0 if disabled.
 323:.\Generated_Source\PSoC4/WDT_ISR.c **** *
 324:.\Generated_Source\PSoC4/WDT_ISR.c **** *******************************************************************************/
 325:.\Generated_Source\PSoC4/WDT_ISR.c **** uint8 WDT_ISR_GetState(void)
 326:.\Generated_Source\PSoC4/WDT_ISR.c **** {
 327:.\Generated_Source\PSoC4/WDT_ISR.c ****     /* Get the state of the general interrupt. */
 328:.\Generated_Source\PSoC4/WDT_ISR.c ****     return ((*WDT_ISR_INTC_SET_EN & (uint32)WDT_ISR__INTC_MASK) != 0u) ? 1u:0u;
 329:.\Generated_Source\PSoC4/WDT_ISR.c **** }
 330:.\Generated_Source\PSoC4/WDT_ISR.c **** 
 331:.\Generated_Source\PSoC4/WDT_ISR.c **** 
 332:.\Generated_Source\PSoC4/WDT_ISR.c **** /*******************************************************************************
 333:.\Generated_Source\PSoC4/WDT_ISR.c **** * Function Name: WDT_ISR_Disable
 334:.\Generated_Source\PSoC4/WDT_ISR.c **** ********************************************************************************
 335:.\Generated_Source\PSoC4/WDT_ISR.c **** *
 336:.\Generated_Source\PSoC4/WDT_ISR.c **** * Summary:
 337:.\Generated_Source\PSoC4/WDT_ISR.c **** *   Disables the Interrupt in the interrupt controller.
 338:.\Generated_Source\PSoC4/WDT_ISR.c **** *
 339:.\Generated_Source\PSoC4/WDT_ISR.c **** * Parameters:
 340:.\Generated_Source\PSoC4/WDT_ISR.c **** *   None
 341:.\Generated_Source\PSoC4/WDT_ISR.c **** *
 342:.\Generated_Source\PSoC4/WDT_ISR.c **** * Return:
 343:.\Generated_Source\PSoC4/WDT_ISR.c **** *   None
 344:.\Generated_Source\PSoC4/WDT_ISR.c **** *
 345:.\Generated_Source\PSoC4/WDT_ISR.c **** *******************************************************************************/
 346:.\Generated_Source\PSoC4/WDT_ISR.c **** void WDT_ISR_Disable(void)
 347:.\Generated_Source\PSoC4/WDT_ISR.c **** {
 348:.\Generated_Source\PSoC4/WDT_ISR.c ****     /* Disable the general interrupt. */
 349:.\Generated_Source\PSoC4/WDT_ISR.c ****     *WDT_ISR_INTC_CLR_EN = WDT_ISR__INTC_MASK;
  46              		.loc 1 349 0
  47 0000 8022     		mov	r2, #128
  48 0002 034B     		ldr	r3, .L3
  49 0004 9200     		lsl	r2, r2, #2
ARM GAS  C:\Users\syhaines\AppData\Local\Temp\ccrUSIVM.s 			page 8


  50 0006 1A60     		str	r2, [r3]
  51              	.LVL0:
  52              	.LBE19:
  53              	.LBE18:
  54              	.LBB20:
  55              	.LBB21:
 201:.\Generated_Source\PSoC4/WDT_ISR.c **** }
  56              		.loc 1 201 0
  57 0008 024A     		ldr	r2, .L3+4
  58 000a 034B     		ldr	r3, .L3+8
  59              	.LBE21:
  60              	.LBE20:
 136:.\Generated_Source\PSoC4/WDT_ISR.c **** 
  61              		.loc 1 136 0
  62              		@ sp needed
  63              	.LBB23:
  64              	.LBB22:
 201:.\Generated_Source\PSoC4/WDT_ISR.c **** }
  65              		.loc 1 201 0
  66 000c 5A66     		str	r2, [r3, #100]
  67              	.LBE22:
  68              	.LBE23:
 136:.\Generated_Source\PSoC4/WDT_ISR.c **** 
  69              		.loc 1 136 0
  70 000e 7047     		bx	lr
  71              	.L4:
  72              		.align	2
  73              	.L3:
  74 0010 80E100E0 		.word	-536813184
  75 0014 00000000 		.word	IntDefaultHandler
  76 0018 00000000 		.word	CyRamVectors
  77              		.cfi_endproc
  78              	.LFE35:
  79              		.size	WDT_ISR_Stop, .-WDT_ISR_Stop
  80              		.section	.text.WDT_ISR_SetVector,"ax",%progbits
  81              		.align	1
  82              		.global	WDT_ISR_SetVector
  83              		.code	16
  84              		.thumb_func
  85              		.type	WDT_ISR_SetVector, %function
  86              	WDT_ISR_SetVector:
  87              	.LFB37:
 200:.\Generated_Source\PSoC4/WDT_ISR.c ****     CyRamVectors[CYINT_IRQ_BASE + WDT_ISR__INTC_NUMBER] = address;
  88              		.loc 1 200 0
  89              		.cfi_startproc
  90              	.LVL1:
 201:.\Generated_Source\PSoC4/WDT_ISR.c **** }
  91              		.loc 1 201 0
  92 0000 014B     		ldr	r3, .L6
 202:.\Generated_Source\PSoC4/WDT_ISR.c **** 
  93              		.loc 1 202 0
  94              		@ sp needed
 201:.\Generated_Source\PSoC4/WDT_ISR.c **** }
  95              		.loc 1 201 0
  96 0002 5866     		str	r0, [r3, #100]
 202:.\Generated_Source\PSoC4/WDT_ISR.c **** 
  97              		.loc 1 202 0
ARM GAS  C:\Users\syhaines\AppData\Local\Temp\ccrUSIVM.s 			page 9


  98 0004 7047     		bx	lr
  99              	.L7:
 100 0006 C046     		.align	2
 101              	.L6:
 102 0008 00000000 		.word	CyRamVectors
 103              		.cfi_endproc
 104              	.LFE37:
 105              		.size	WDT_ISR_SetVector, .-WDT_ISR_SetVector
 106              		.section	.text.WDT_ISR_GetVector,"ax",%progbits
 107              		.align	1
 108              		.global	WDT_ISR_GetVector
 109              		.code	16
 110              		.thumb_func
 111              		.type	WDT_ISR_GetVector, %function
 112              	WDT_ISR_GetVector:
 113              	.LFB38:
 220:.\Generated_Source\PSoC4/WDT_ISR.c ****     return CyRamVectors[CYINT_IRQ_BASE + WDT_ISR__INTC_NUMBER];
 114              		.loc 1 220 0
 115              		.cfi_startproc
 221:.\Generated_Source\PSoC4/WDT_ISR.c **** }
 116              		.loc 1 221 0
 117 0000 014B     		ldr	r3, .L9
 222:.\Generated_Source\PSoC4/WDT_ISR.c **** 
 118              		.loc 1 222 0
 119              		@ sp needed
 221:.\Generated_Source\PSoC4/WDT_ISR.c **** }
 120              		.loc 1 221 0
 121 0002 586E     		ldr	r0, [r3, #100]
 222:.\Generated_Source\PSoC4/WDT_ISR.c **** 
 122              		.loc 1 222 0
 123 0004 7047     		bx	lr
 124              	.L10:
 125 0006 C046     		.align	2
 126              	.L9:
 127 0008 00000000 		.word	CyRamVectors
 128              		.cfi_endproc
 129              	.LFE38:
 130              		.size	WDT_ISR_GetVector, .-WDT_ISR_GetVector
 131              		.section	.text.WDT_ISR_SetPriority,"ax",%progbits
 132              		.align	1
 133              		.global	WDT_ISR_SetPriority
 134              		.code	16
 135              		.thumb_func
 136              		.type	WDT_ISR_SetPriority, %function
 137              	WDT_ISR_SetPriority:
 138              	.LFB39:
 250:.\Generated_Source\PSoC4/WDT_ISR.c **** 	uint8 interruptState;
 139              		.loc 1 250 0
 140              		.cfi_startproc
 141              	.LVL2:
 142 0000 10B5     		push	{r4, lr}
 143              		.cfi_def_cfa_offset 8
 144              		.cfi_offset 4, -8
 145              		.cfi_offset 14, -4
 250:.\Generated_Source\PSoC4/WDT_ISR.c **** 	uint8 interruptState;
 146              		.loc 1 250 0
 147 0002 041C     		mov	r4, r0
ARM GAS  C:\Users\syhaines\AppData\Local\Temp\ccrUSIVM.s 			page 10


 254:.\Generated_Source\PSoC4/WDT_ISR.c ****     *WDT_ISR_INTC_PRIOR = (*WDT_ISR_INTC_PRIOR & (uint32)(~WDT_ISR__INTC_PRIOR_MASK)) |
 148              		.loc 1 254 0
 149 0004 FFF7FEFF 		bl	CyEnterCriticalSection
 150              	.LVL3:
 255:.\Generated_Source\PSoC4/WDT_ISR.c ****                                     ((uint32)priority << priorityOffset);
 151              		.loc 1 255 0
 152 0008 0449     		ldr	r1, .L12
 153 000a 054A     		ldr	r2, .L12+4
 154 000c 0B68     		ldr	r3, [r1]
 256:.\Generated_Source\PSoC4/WDT_ISR.c **** 	CyExitCriticalSection(interruptState);
 155              		.loc 1 256 0
 156 000e A403     		lsl	r4, r4, #14
 255:.\Generated_Source\PSoC4/WDT_ISR.c ****                                     ((uint32)priority << priorityOffset);
 157              		.loc 1 255 0
 158 0010 1340     		and	r3, r2
 159 0012 2343     		orr	r3, r4
 160 0014 0B60     		str	r3, [r1]
 257:.\Generated_Source\PSoC4/WDT_ISR.c **** }
 161              		.loc 1 257 0
 162 0016 FFF7FEFF 		bl	CyExitCriticalSection
 163              	.LVL4:
 258:.\Generated_Source\PSoC4/WDT_ISR.c **** 
 164              		.loc 1 258 0
 165              		@ sp needed
 166 001a 10BD     		pop	{r4, pc}
 167              	.L13:
 168              		.align	2
 169              	.L12:
 170 001c 08E400E0 		.word	-536812536
 171 0020 FF3FFFFF 		.word	-49153
 172              		.cfi_endproc
 173              	.LFE39:
 174              		.size	WDT_ISR_SetPriority, .-WDT_ISR_SetPriority
 175              		.section	.text.WDT_ISR_Start,"ax",%progbits
 176              		.align	1
 177              		.global	WDT_ISR_Start
 178              		.code	16
 179              		.thumb_func
 180              		.type	WDT_ISR_Start, %function
 181              	WDT_ISR_Start:
 182              	.LFB33:
  57:.\Generated_Source\PSoC4/WDT_ISR.c ****     /* For all we know the interrupt is active. */
 183              		.loc 1 57 0
 184              		.cfi_startproc
 185 0000 10B5     		push	{r4, lr}
 186              		.cfi_def_cfa_offset 8
 187              		.cfi_offset 4, -8
 188              		.cfi_offset 14, -4
 189              	.LBB24:
 190              	.LBB25:
 191              		.loc 1 349 0
 192 0002 8024     		mov	r4, #128
 193 0004 054B     		ldr	r3, .L15
 194 0006 A400     		lsl	r4, r4, #2
 195 0008 1C60     		str	r4, [r3]
 196              	.LVL5:
 197              	.LBE25:
ARM GAS  C:\Users\syhaines\AppData\Local\Temp\ccrUSIVM.s 			page 11


 198              	.LBE24:
 199              	.LBB26:
 200              	.LBB27:
 201:.\Generated_Source\PSoC4/WDT_ISR.c **** }
 201              		.loc 1 201 0
 202 000a 054A     		ldr	r2, .L15+4
 203 000c 054B     		ldr	r3, .L15+8
 204              	.LBE27:
 205              	.LBE26:
  65:.\Generated_Source\PSoC4/WDT_ISR.c **** 
 206              		.loc 1 65 0
 207 000e 0320     		mov	r0, #3
 208              	.LBB29:
 209              	.LBB28:
 201:.\Generated_Source\PSoC4/WDT_ISR.c **** }
 210              		.loc 1 201 0
 211 0010 5A66     		str	r2, [r3, #100]
 212              	.LBE28:
 213              	.LBE29:
  65:.\Generated_Source\PSoC4/WDT_ISR.c **** 
 214              		.loc 1 65 0
 215 0012 FFF7FEFF 		bl	WDT_ISR_SetPriority
 216              	.LVL6:
 217              	.LBB30:
 218              	.LBB31:
 307:.\Generated_Source\PSoC4/WDT_ISR.c **** }
 219              		.loc 1 307 0
 220 0016 044B     		ldr	r3, .L15+12
 221              	.LBE31:
 222              	.LBE30:
  69:.\Generated_Source\PSoC4/WDT_ISR.c **** 
 223              		.loc 1 69 0
 224              		@ sp needed
 225              	.LBB33:
 226              	.LBB32:
 307:.\Generated_Source\PSoC4/WDT_ISR.c **** }
 227              		.loc 1 307 0
 228 0018 1C60     		str	r4, [r3]
 229              	.LBE32:
 230              	.LBE33:
  69:.\Generated_Source\PSoC4/WDT_ISR.c **** 
 231              		.loc 1 69 0
 232 001a 10BD     		pop	{r4, pc}
 233              	.L16:
 234              		.align	2
 235              	.L15:
 236 001c 80E100E0 		.word	-536813184
 237 0020 00000000 		.word	WDT_ISR_Interrupt
 238 0024 00000000 		.word	CyRamVectors
 239 0028 00E100E0 		.word	-536813312
 240              		.cfi_endproc
 241              	.LFE33:
 242              		.size	WDT_ISR_Start, .-WDT_ISR_Start
 243              		.section	.text.WDT_ISR_StartEx,"ax",%progbits
 244              		.align	1
 245              		.global	WDT_ISR_StartEx
 246              		.code	16
ARM GAS  C:\Users\syhaines\AppData\Local\Temp\ccrUSIVM.s 			page 12


 247              		.thumb_func
 248              		.type	WDT_ISR_StartEx, %function
 249              	WDT_ISR_StartEx:
 250              	.LFB34:
 100:.\Generated_Source\PSoC4/WDT_ISR.c ****     /* For all we know the interrupt is active. */
 251              		.loc 1 100 0
 252              		.cfi_startproc
 253              	.LVL7:
 254 0000 10B5     		push	{r4, lr}
 255              		.cfi_def_cfa_offset 8
 256              		.cfi_offset 4, -8
 257              		.cfi_offset 14, -4
 258              	.LBB34:
 259              	.LBB35:
 260              		.loc 1 349 0
 261 0002 8024     		mov	r4, #128
 262 0004 054B     		ldr	r3, .L18
 263 0006 A400     		lsl	r4, r4, #2
 264 0008 1C60     		str	r4, [r3]
 265              	.LVL8:
 266              	.LBE35:
 267              	.LBE34:
 268              	.LBB36:
 269              	.LBB37:
 201:.\Generated_Source\PSoC4/WDT_ISR.c **** }
 270              		.loc 1 201 0
 271 000a 054B     		ldr	r3, .L18+4
 272              	.LBE37:
 273              	.LBE36:
 112:.\Generated_Source\PSoC4/WDT_ISR.c **** 
 274              		.loc 1 112 0
 275              		@ sp needed
 276              	.LBB39:
 277              	.LBB38:
 201:.\Generated_Source\PSoC4/WDT_ISR.c **** }
 278              		.loc 1 201 0
 279 000c 5866     		str	r0, [r3, #100]
 280              	.LBE38:
 281              	.LBE39:
 108:.\Generated_Source\PSoC4/WDT_ISR.c **** 
 282              		.loc 1 108 0
 283 000e 0320     		mov	r0, #3
 284              	.LVL9:
 285 0010 FFF7FEFF 		bl	WDT_ISR_SetPriority
 286              	.LVL10:
 287              	.LBB40:
 288              	.LBB41:
 307:.\Generated_Source\PSoC4/WDT_ISR.c **** }
 289              		.loc 1 307 0
 290 0014 034B     		ldr	r3, .L18+8
 291 0016 1C60     		str	r4, [r3]
 292              	.LBE41:
 293              	.LBE40:
 112:.\Generated_Source\PSoC4/WDT_ISR.c **** 
 294              		.loc 1 112 0
 295 0018 10BD     		pop	{r4, pc}
 296              	.L19:
ARM GAS  C:\Users\syhaines\AppData\Local\Temp\ccrUSIVM.s 			page 13


 297 001a C046     		.align	2
 298              	.L18:
 299 001c 80E100E0 		.word	-536813184
 300 0020 00000000 		.word	CyRamVectors
 301 0024 00E100E0 		.word	-536813312
 302              		.cfi_endproc
 303              	.LFE34:
 304              		.size	WDT_ISR_StartEx, .-WDT_ISR_StartEx
 305              		.section	.text.WDT_ISR_GetPriority,"ax",%progbits
 306              		.align	1
 307              		.global	WDT_ISR_GetPriority
 308              		.code	16
 309              		.thumb_func
 310              		.type	WDT_ISR_GetPriority, %function
 311              	WDT_ISR_GetPriority:
 312              	.LFB40:
 278:.\Generated_Source\PSoC4/WDT_ISR.c ****     uint32 priority;
 313              		.loc 1 278 0
 314              		.cfi_startproc
 315              	.LVL11:
 282:.\Generated_Source\PSoC4/WDT_ISR.c **** 
 316              		.loc 1 282 0
 317 0000 024B     		ldr	r3, .L21
 285:.\Generated_Source\PSoC4/WDT_ISR.c **** 
 318              		.loc 1 285 0
 319              		@ sp needed
 282:.\Generated_Source\PSoC4/WDT_ISR.c **** 
 320              		.loc 1 282 0
 321 0002 1868     		ldr	r0, [r3]
 322              	.LVL12:
 323 0004 0004     		lsl	r0, r0, #16
 324              	.LVL13:
 284:.\Generated_Source\PSoC4/WDT_ISR.c **** }
 325              		.loc 1 284 0
 326 0006 800F     		lsr	r0, r0, #30
 285:.\Generated_Source\PSoC4/WDT_ISR.c **** 
 327              		.loc 1 285 0
 328 0008 7047     		bx	lr
 329              	.L22:
 330 000a C046     		.align	2
 331              	.L21:
 332 000c 08E400E0 		.word	-536812536
 333              		.cfi_endproc
 334              	.LFE40:
 335              		.size	WDT_ISR_GetPriority, .-WDT_ISR_GetPriority
 336              		.section	.text.WDT_ISR_Enable,"ax",%progbits
 337              		.align	1
 338              		.global	WDT_ISR_Enable
 339              		.code	16
 340              		.thumb_func
 341              		.type	WDT_ISR_Enable, %function
 342              	WDT_ISR_Enable:
 343              	.LFB41:
 305:.\Generated_Source\PSoC4/WDT_ISR.c ****     /* Enable the general interrupt. */
 344              		.loc 1 305 0
 345              		.cfi_startproc
 307:.\Generated_Source\PSoC4/WDT_ISR.c **** }
ARM GAS  C:\Users\syhaines\AppData\Local\Temp\ccrUSIVM.s 			page 14


 346              		.loc 1 307 0
 347 0000 8022     		mov	r2, #128
 348 0002 024B     		ldr	r3, .L24
 349 0004 9200     		lsl	r2, r2, #2
 350 0006 1A60     		str	r2, [r3]
 308:.\Generated_Source\PSoC4/WDT_ISR.c **** 
 351              		.loc 1 308 0
 352              		@ sp needed
 353 0008 7047     		bx	lr
 354              	.L25:
 355 000a C046     		.align	2
 356              	.L24:
 357 000c 00E100E0 		.word	-536813312
 358              		.cfi_endproc
 359              	.LFE41:
 360              		.size	WDT_ISR_Enable, .-WDT_ISR_Enable
 361              		.section	.text.WDT_ISR_GetState,"ax",%progbits
 362              		.align	1
 363              		.global	WDT_ISR_GetState
 364              		.code	16
 365              		.thumb_func
 366              		.type	WDT_ISR_GetState, %function
 367              	WDT_ISR_GetState:
 368              	.LFB42:
 326:.\Generated_Source\PSoC4/WDT_ISR.c ****     /* Get the state of the general interrupt. */
 369              		.loc 1 326 0
 370              		.cfi_startproc
 328:.\Generated_Source\PSoC4/WDT_ISR.c **** }
 371              		.loc 1 328 0
 372 0000 024B     		ldr	r3, .L27
 329:.\Generated_Source\PSoC4/WDT_ISR.c **** 
 373              		.loc 1 329 0
 374              		@ sp needed
 328:.\Generated_Source\PSoC4/WDT_ISR.c **** }
 375              		.loc 1 328 0
 376 0002 1868     		ldr	r0, [r3]
 377 0004 8005     		lsl	r0, r0, #22
 378 0006 C00F     		lsr	r0, r0, #31
 329:.\Generated_Source\PSoC4/WDT_ISR.c **** 
 379              		.loc 1 329 0
 380 0008 7047     		bx	lr
 381              	.L28:
 382 000a C046     		.align	2
 383              	.L27:
 384 000c 00E100E0 		.word	-536813312
 385              		.cfi_endproc
 386              	.LFE42:
 387              		.size	WDT_ISR_GetState, .-WDT_ISR_GetState
 388              		.section	.text.WDT_ISR_Disable,"ax",%progbits
 389              		.align	1
 390              		.global	WDT_ISR_Disable
 391              		.code	16
 392              		.thumb_func
 393              		.type	WDT_ISR_Disable, %function
 394              	WDT_ISR_Disable:
 395              	.LFB43:
 347:.\Generated_Source\PSoC4/WDT_ISR.c ****     /* Disable the general interrupt. */
ARM GAS  C:\Users\syhaines\AppData\Local\Temp\ccrUSIVM.s 			page 15


 396              		.loc 1 347 0
 397              		.cfi_startproc
 398              		.loc 1 349 0
 399 0000 8022     		mov	r2, #128
 400 0002 024B     		ldr	r3, .L30
 401 0004 9200     		lsl	r2, r2, #2
 402 0006 1A60     		str	r2, [r3]
 350:.\Generated_Source\PSoC4/WDT_ISR.c **** }
 403              		.loc 1 350 0
 404              		@ sp needed
 405 0008 7047     		bx	lr
 406              	.L31:
 407 000a C046     		.align	2
 408              	.L30:
 409 000c 80E100E0 		.word	-536813184
 410              		.cfi_endproc
 411              	.LFE43:
 412              		.size	WDT_ISR_Disable, .-WDT_ISR_Disable
 413              		.section	.text.WDT_ISR_SetPending,"ax",%progbits
 414              		.align	1
 415              		.global	WDT_ISR_SetPending
 416              		.code	16
 417              		.thumb_func
 418              		.type	WDT_ISR_SetPending, %function
 419              	WDT_ISR_SetPending:
 420              	.LFB44:
 351:.\Generated_Source\PSoC4/WDT_ISR.c **** 
 352:.\Generated_Source\PSoC4/WDT_ISR.c **** 
 353:.\Generated_Source\PSoC4/WDT_ISR.c **** /*******************************************************************************
 354:.\Generated_Source\PSoC4/WDT_ISR.c **** * Function Name: WDT_ISR_SetPending
 355:.\Generated_Source\PSoC4/WDT_ISR.c **** ********************************************************************************
 356:.\Generated_Source\PSoC4/WDT_ISR.c **** *
 357:.\Generated_Source\PSoC4/WDT_ISR.c **** * Summary:
 358:.\Generated_Source\PSoC4/WDT_ISR.c **** *   Causes the Interrupt to enter the pending state, a software method of
 359:.\Generated_Source\PSoC4/WDT_ISR.c **** *   generating the interrupt.
 360:.\Generated_Source\PSoC4/WDT_ISR.c **** *
 361:.\Generated_Source\PSoC4/WDT_ISR.c **** * Parameters:
 362:.\Generated_Source\PSoC4/WDT_ISR.c **** *   None
 363:.\Generated_Source\PSoC4/WDT_ISR.c **** *
 364:.\Generated_Source\PSoC4/WDT_ISR.c **** * Return:
 365:.\Generated_Source\PSoC4/WDT_ISR.c **** *   None
 366:.\Generated_Source\PSoC4/WDT_ISR.c **** *
 367:.\Generated_Source\PSoC4/WDT_ISR.c **** * Side Effects:
 368:.\Generated_Source\PSoC4/WDT_ISR.c **** *   If interrupts are enabled and the interrupt is set up properly, the ISR is
 369:.\Generated_Source\PSoC4/WDT_ISR.c **** *   entered (depending on the priority of this interrupt and other pending 
 370:.\Generated_Source\PSoC4/WDT_ISR.c **** *   interrupts).
 371:.\Generated_Source\PSoC4/WDT_ISR.c **** *
 372:.\Generated_Source\PSoC4/WDT_ISR.c **** *******************************************************************************/
 373:.\Generated_Source\PSoC4/WDT_ISR.c **** void WDT_ISR_SetPending(void)
 374:.\Generated_Source\PSoC4/WDT_ISR.c **** {
 421              		.loc 1 374 0
 422              		.cfi_startproc
 375:.\Generated_Source\PSoC4/WDT_ISR.c ****     *WDT_ISR_INTC_SET_PD = WDT_ISR__INTC_MASK;
 423              		.loc 1 375 0
 424 0000 8022     		mov	r2, #128
 425 0002 024B     		ldr	r3, .L33
 426 0004 9200     		lsl	r2, r2, #2
ARM GAS  C:\Users\syhaines\AppData\Local\Temp\ccrUSIVM.s 			page 16


 427 0006 1A60     		str	r2, [r3]
 376:.\Generated_Source\PSoC4/WDT_ISR.c **** }
 428              		.loc 1 376 0
 429              		@ sp needed
 430 0008 7047     		bx	lr
 431              	.L34:
 432 000a C046     		.align	2
 433              	.L33:
 434 000c 00E200E0 		.word	-536813056
 435              		.cfi_endproc
 436              	.LFE44:
 437              		.size	WDT_ISR_SetPending, .-WDT_ISR_SetPending
 438              		.section	.text.WDT_ISR_ClearPending,"ax",%progbits
 439              		.align	1
 440              		.global	WDT_ISR_ClearPending
 441              		.code	16
 442              		.thumb_func
 443              		.type	WDT_ISR_ClearPending, %function
 444              	WDT_ISR_ClearPending:
 445              	.LFB45:
 377:.\Generated_Source\PSoC4/WDT_ISR.c **** 
 378:.\Generated_Source\PSoC4/WDT_ISR.c **** 
 379:.\Generated_Source\PSoC4/WDT_ISR.c **** /*******************************************************************************
 380:.\Generated_Source\PSoC4/WDT_ISR.c **** * Function Name: WDT_ISR_ClearPending
 381:.\Generated_Source\PSoC4/WDT_ISR.c **** ********************************************************************************
 382:.\Generated_Source\PSoC4/WDT_ISR.c **** *
 383:.\Generated_Source\PSoC4/WDT_ISR.c **** * Summary:
 384:.\Generated_Source\PSoC4/WDT_ISR.c **** *   Clears a pending interrupt in the interrupt controller.
 385:.\Generated_Source\PSoC4/WDT_ISR.c **** *
 386:.\Generated_Source\PSoC4/WDT_ISR.c **** *   Note Some interrupt sources are clear-on-read and require the block 
 387:.\Generated_Source\PSoC4/WDT_ISR.c **** *   interrupt/status register to be read/cleared with the appropriate block API 
 388:.\Generated_Source\PSoC4/WDT_ISR.c **** *   (GPIO, UART, and so on). Otherwise the ISR will continue to remain in 
 389:.\Generated_Source\PSoC4/WDT_ISR.c **** *   pending state even though the interrupt itself is cleared using this API.
 390:.\Generated_Source\PSoC4/WDT_ISR.c **** *
 391:.\Generated_Source\PSoC4/WDT_ISR.c **** * Parameters:
 392:.\Generated_Source\PSoC4/WDT_ISR.c **** *   None
 393:.\Generated_Source\PSoC4/WDT_ISR.c **** *
 394:.\Generated_Source\PSoC4/WDT_ISR.c **** * Return:
 395:.\Generated_Source\PSoC4/WDT_ISR.c **** *   None
 396:.\Generated_Source\PSoC4/WDT_ISR.c **** *
 397:.\Generated_Source\PSoC4/WDT_ISR.c **** *******************************************************************************/
 398:.\Generated_Source\PSoC4/WDT_ISR.c **** void WDT_ISR_ClearPending(void)
 399:.\Generated_Source\PSoC4/WDT_ISR.c **** {
 446              		.loc 1 399 0
 447              		.cfi_startproc
 400:.\Generated_Source\PSoC4/WDT_ISR.c ****     *WDT_ISR_INTC_CLR_PD = WDT_ISR__INTC_MASK;
 448              		.loc 1 400 0
 449 0000 8022     		mov	r2, #128
 450 0002 024B     		ldr	r3, .L36
 451 0004 9200     		lsl	r2, r2, #2
 452 0006 1A60     		str	r2, [r3]
 401:.\Generated_Source\PSoC4/WDT_ISR.c **** }
 453              		.loc 1 401 0
 454              		@ sp needed
 455 0008 7047     		bx	lr
 456              	.L37:
 457 000a C046     		.align	2
ARM GAS  C:\Users\syhaines\AppData\Local\Temp\ccrUSIVM.s 			page 17


 458              	.L36:
 459 000c 80E200E0 		.word	-536812928
 460              		.cfi_endproc
 461              	.LFE45:
 462              		.size	WDT_ISR_ClearPending, .-WDT_ISR_ClearPending
 463              		.text
 464              	.Letext0:
 465              		.file 2 "Generated_Source\\PSoC4/cytypes.h"
 466              		.file 3 "Generated_Source\\PSoC4/CyLib.h"
 467              		.section	.debug_info,"",%progbits
 468              	.Ldebug_info0:
 469 0000 4A030000 		.4byte	0x34a
 470 0004 0400     		.2byte	0x4
 471 0006 00000000 		.4byte	.Ldebug_abbrev0
 472 000a 04       		.byte	0x4
 473 000b 01       		.uleb128 0x1
 474 000c 22000000 		.4byte	.LASF32
 475 0010 01       		.byte	0x1
 476 0011 2C020000 		.4byte	.LASF33
 477 0015 D0000000 		.4byte	.LASF34
 478 0019 60000000 		.4byte	.Ldebug_ranges0+0x60
 479 001d 00000000 		.4byte	0
 480 0021 00000000 		.4byte	.Ldebug_line0
 481 0025 02       		.uleb128 0x2
 482 0026 01       		.byte	0x1
 483 0027 06       		.byte	0x6
 484 0028 9E020000 		.4byte	.LASF0
 485 002c 02       		.uleb128 0x2
 486 002d 01       		.byte	0x1
 487 002e 08       		.byte	0x8
 488 002f 3A010000 		.4byte	.LASF1
 489 0033 02       		.uleb128 0x2
 490 0034 02       		.byte	0x2
 491 0035 05       		.byte	0x5
 492 0036 7F010000 		.4byte	.LASF2
 493 003a 02       		.uleb128 0x2
 494 003b 02       		.byte	0x2
 495 003c 07       		.byte	0x7
 496 003d BD000000 		.4byte	.LASF3
 497 0041 02       		.uleb128 0x2
 498 0042 04       		.byte	0x4
 499 0043 05       		.byte	0x5
 500 0044 80020000 		.4byte	.LASF4
 501 0048 02       		.uleb128 0x2
 502 0049 04       		.byte	0x4
 503 004a 07       		.byte	0x7
 504 004b 57010000 		.4byte	.LASF5
 505 004f 02       		.uleb128 0x2
 506 0050 08       		.byte	0x8
 507 0051 05       		.byte	0x5
 508 0052 00000000 		.4byte	.LASF6
 509 0056 02       		.uleb128 0x2
 510 0057 08       		.byte	0x8
 511 0058 07       		.byte	0x7
 512 0059 23010000 		.4byte	.LASF7
 513 005d 03       		.uleb128 0x3
 514 005e 04       		.byte	0x4
ARM GAS  C:\Users\syhaines\AppData\Local\Temp\ccrUSIVM.s 			page 18


 515 005f 05       		.byte	0x5
 516 0060 696E7400 		.ascii	"int\000"
 517 0064 02       		.uleb128 0x2
 518 0065 04       		.byte	0x4
 519 0066 07       		.byte	0x7
 520 0067 C6010000 		.4byte	.LASF8
 521 006b 04       		.uleb128 0x4
 522 006c 69010000 		.4byte	.LASF9
 523 0070 02       		.byte	0x2
 524 0071 A1       		.byte	0xa1
 525 0072 2C000000 		.4byte	0x2c
 526 0076 04       		.uleb128 0x4
 527 0077 98010000 		.4byte	.LASF10
 528 007b 02       		.byte	0x2
 529 007c A3       		.byte	0xa3
 530 007d 48000000 		.4byte	0x48
 531 0081 02       		.uleb128 0x2
 532 0082 04       		.byte	0x4
 533 0083 04       		.byte	0x4
 534 0084 1D010000 		.4byte	.LASF11
 535 0088 02       		.uleb128 0x2
 536 0089 08       		.byte	0x8
 537 008a 04       		.byte	0x4
 538 008b 78010000 		.4byte	.LASF12
 539 008f 02       		.uleb128 0x2
 540 0090 01       		.byte	0x1
 541 0091 08       		.byte	0x8
 542 0092 5F020000 		.4byte	.LASF13
 543 0096 05       		.uleb128 0x5
 544 0097 1C000000 		.4byte	.LASF14
 545 009b 02       		.byte	0x2
 546 009c 4D01     		.2byte	0x14d
 547 009e A2000000 		.4byte	0xa2
 548 00a2 06       		.uleb128 0x6
 549 00a3 76000000 		.4byte	0x76
 550 00a7 05       		.uleb128 0x5
 551 00a8 16020000 		.4byte	.LASF15
 552 00ac 02       		.byte	0x2
 553 00ad 5D01     		.2byte	0x15d
 554 00af B3000000 		.4byte	0xb3
 555 00b3 07       		.uleb128 0x7
 556 00b4 04       		.byte	0x4
 557 00b5 B9000000 		.4byte	0xb9
 558 00b9 08       		.uleb128 0x8
 559 00ba 02       		.uleb128 0x2
 560 00bb 04       		.byte	0x4
 561 00bc 07       		.byte	0x7
 562 00bd 23020000 		.4byte	.LASF16
 563 00c1 09       		.uleb128 0x9
 564 00c2 4F020000 		.4byte	.LASF17
 565 00c6 01       		.byte	0x1
 566 00c7 5A01     		.2byte	0x15a
 567 00c9 01       		.byte	0x1
 568 00ca 0A       		.uleb128 0xa
 569 00cb D3010000 		.4byte	.LASF35
 570 00cf 01       		.byte	0x1
 571 00d0 C7       		.byte	0xc7
ARM GAS  C:\Users\syhaines\AppData\Local\Temp\ccrUSIVM.s 			page 19


 572 00d1 01       		.byte	0x1
 573 00d2 E2000000 		.4byte	0xe2
 574 00d6 0B       		.uleb128 0xb
 575 00d7 E5010000 		.4byte	.LASF26
 576 00db 01       		.byte	0x1
 577 00dc C7       		.byte	0xc7
 578 00dd A7000000 		.4byte	0xa7
 579 00e1 00       		.byte	0
 580 00e2 09       		.uleb128 0x9
 581 00e3 89010000 		.4byte	.LASF18
 582 00e7 01       		.byte	0x1
 583 00e8 3001     		.2byte	0x130
 584 00ea 01       		.byte	0x1
 585 00eb 0C       		.uleb128 0xc
 586 00ec E1020000 		.4byte	.LASF29
 587 00f0 01       		.byte	0x1
 588 00f1 9F       		.byte	0x9f
 589 00f2 00000000 		.4byte	.LFB36
 590 00f6 02000000 		.4byte	.LFE36-.LFB36
 591 00fa 01       		.uleb128 0x1
 592 00fb 9C       		.byte	0x9c
 593 00fc 0D       		.uleb128 0xd
 594 00fd 64020000 		.4byte	.LASF19
 595 0101 01       		.byte	0x1
 596 0102 81       		.byte	0x81
 597 0103 00000000 		.4byte	.LFB35
 598 0107 1C000000 		.4byte	.LFE35-.LFB35
 599 010b 01       		.uleb128 0x1
 600 010c 9C       		.byte	0x9c
 601 010d 36010000 		.4byte	0x136
 602 0111 0E       		.uleb128 0xe
 603 0112 C1000000 		.4byte	0xc1
 604 0116 00000000 		.4byte	.LBB18
 605 011a 08000000 		.4byte	.LBE18-.LBB18
 606 011e 01       		.byte	0x1
 607 011f 84       		.byte	0x84
 608 0120 0F       		.uleb128 0xf
 609 0121 CA000000 		.4byte	0xca
 610 0125 08000000 		.4byte	.LBB20
 611 0129 00000000 		.4byte	.Ldebug_ranges0+0
 612 012d 01       		.byte	0x1
 613 012e 87       		.byte	0x87
 614 012f 10       		.uleb128 0x10
 615 0130 D6000000 		.4byte	0xd6
 616 0134 00       		.byte	0
 617 0135 00       		.byte	0
 618 0136 11       		.uleb128 0x11
 619 0137 CA000000 		.4byte	0xca
 620 013b 00000000 		.4byte	.LFB37
 621 013f 0C000000 		.4byte	.LFE37-.LFB37
 622 0143 01       		.uleb128 0x1
 623 0144 9C       		.byte	0x9c
 624 0145 51010000 		.4byte	0x151
 625 0149 12       		.uleb128 0x12
 626 014a D6000000 		.4byte	0xd6
 627 014e 01       		.uleb128 0x1
 628 014f 50       		.byte	0x50
ARM GAS  C:\Users\syhaines\AppData\Local\Temp\ccrUSIVM.s 			page 20


 629 0150 00       		.byte	0
 630 0151 13       		.uleb128 0x13
 631 0152 BE020000 		.4byte	.LASF27
 632 0156 01       		.byte	0x1
 633 0157 DB       		.byte	0xdb
 634 0158 A7000000 		.4byte	0xa7
 635 015c 00000000 		.4byte	.LFB38
 636 0160 0C000000 		.4byte	.LFE38-.LFB38
 637 0164 01       		.uleb128 0x1
 638 0165 9C       		.byte	0x9c
 639 0166 0D       		.uleb128 0xd
 640 0167 09010000 		.4byte	.LASF20
 641 016b 01       		.byte	0x1
 642 016c F9       		.byte	0xf9
 643 016d 00000000 		.4byte	.LFB39
 644 0171 24000000 		.4byte	.LFE39-.LFB39
 645 0175 01       		.uleb128 0x1
 646 0176 9C       		.byte	0x9c
 647 0177 B8010000 		.4byte	0x1b8
 648 017b 14       		.uleb128 0x14
 649 017c 6F010000 		.4byte	.LASF25
 650 0180 01       		.byte	0x1
 651 0181 F9       		.byte	0xf9
 652 0182 6B000000 		.4byte	0x6b
 653 0186 00000000 		.4byte	.LLST0
 654 018a 15       		.uleb128 0x15
 655 018b 48010000 		.4byte	.LASF21
 656 018f 01       		.byte	0x1
 657 0190 FB       		.byte	0xfb
 658 0191 6B000000 		.4byte	0x6b
 659 0195 21000000 		.4byte	.LLST1
 660 0199 16       		.uleb128 0x16
 661 019a 71020000 		.4byte	.LASF22
 662 019e 01       		.byte	0x1
 663 019f FC       		.byte	0xfc
 664 01a0 76000000 		.4byte	0x76
 665 01a4 0E       		.byte	0xe
 666 01a5 17       		.uleb128 0x17
 667 01a6 08000000 		.4byte	.LVL3
 668 01aa 35030000 		.4byte	0x335
 669 01ae 17       		.uleb128 0x17
 670 01af 1A000000 		.4byte	.LVL4
 671 01b3 40030000 		.4byte	0x340
 672 01b7 00       		.byte	0
 673 01b8 0D       		.uleb128 0xd
 674 01b9 0E000000 		.4byte	.LASF23
 675 01bd 01       		.byte	0x1
 676 01be 38       		.byte	0x38
 677 01bf 00000000 		.4byte	.LFB33
 678 01c3 2C000000 		.4byte	.LFE33-.LFB33
 679 01c7 01       		.uleb128 0x1
 680 01c8 9C       		.byte	0x9c
 681 01c9 1B020000 		.4byte	0x21b
 682 01cd 0E       		.uleb128 0xe
 683 01ce C1000000 		.4byte	0xc1
 684 01d2 02000000 		.4byte	.LBB24
 685 01d6 08000000 		.4byte	.LBE24-.LBB24
ARM GAS  C:\Users\syhaines\AppData\Local\Temp\ccrUSIVM.s 			page 21


 686 01da 01       		.byte	0x1
 687 01db 3B       		.byte	0x3b
 688 01dc 18       		.uleb128 0x18
 689 01dd CA000000 		.4byte	0xca
 690 01e1 0A000000 		.4byte	.LBB26
 691 01e5 18000000 		.4byte	.Ldebug_ranges0+0x18
 692 01e9 01       		.byte	0x1
 693 01ea 3E       		.byte	0x3e
 694 01eb FC010000 		.4byte	0x1fc
 695 01ef 12       		.uleb128 0x12
 696 01f0 D6000000 		.4byte	0xd6
 697 01f4 06       		.uleb128 0x6
 698 01f5 03       		.byte	0x3
 699 01f6 00000000 		.4byte	WDT_ISR_Interrupt
 700 01fa 9F       		.byte	0x9f
 701 01fb 00       		.byte	0
 702 01fc 19       		.uleb128 0x19
 703 01fd E2000000 		.4byte	0xe2
 704 0201 16000000 		.4byte	.LBB30
 705 0205 30000000 		.4byte	.Ldebug_ranges0+0x30
 706 0209 01       		.byte	0x1
 707 020a 44       		.byte	0x44
 708 020b 1A       		.uleb128 0x1a
 709 020c 16000000 		.4byte	.LVL6
 710 0210 66010000 		.4byte	0x166
 711 0214 1B       		.uleb128 0x1b
 712 0215 01       		.uleb128 0x1
 713 0216 50       		.byte	0x50
 714 0217 01       		.uleb128 0x1
 715 0218 33       		.byte	0x33
 716 0219 00       		.byte	0
 717 021a 00       		.byte	0
 718 021b 0D       		.uleb128 0xd
 719 021c B6010000 		.4byte	.LASF24
 720 0220 01       		.byte	0x1
 721 0221 63       		.byte	0x63
 722 0222 00000000 		.4byte	.LFB34
 723 0226 28000000 		.4byte	.LFE34-.LFB34
 724 022a 01       		.uleb128 0x1
 725 022b 9C       		.byte	0x9c
 726 022c 8A020000 		.4byte	0x28a
 727 0230 14       		.uleb128 0x14
 728 0231 E5010000 		.4byte	.LASF26
 729 0235 01       		.byte	0x1
 730 0236 63       		.byte	0x63
 731 0237 A7000000 		.4byte	0xa7
 732 023b 34000000 		.4byte	.LLST2
 733 023f 0E       		.uleb128 0xe
 734 0240 C1000000 		.4byte	0xc1
 735 0244 02000000 		.4byte	.LBB34
 736 0248 08000000 		.4byte	.LBE34-.LBB34
 737 024c 01       		.byte	0x1
 738 024d 66       		.byte	0x66
 739 024e 18       		.uleb128 0x18
 740 024f CA000000 		.4byte	0xca
 741 0253 0A000000 		.4byte	.LBB36
 742 0257 48000000 		.4byte	.Ldebug_ranges0+0x48
ARM GAS  C:\Users\syhaines\AppData\Local\Temp\ccrUSIVM.s 			page 22


 743 025b 01       		.byte	0x1
 744 025c 69       		.byte	0x69
 745 025d 6B020000 		.4byte	0x26b
 746 0261 1C       		.uleb128 0x1c
 747 0262 D6000000 		.4byte	0xd6
 748 0266 62000000 		.4byte	.LLST3
 749 026a 00       		.byte	0
 750 026b 0E       		.uleb128 0xe
 751 026c E2000000 		.4byte	0xe2
 752 0270 14000000 		.4byte	.LBB40
 753 0274 04000000 		.4byte	.LBE40-.LBB40
 754 0278 01       		.byte	0x1
 755 0279 6F       		.byte	0x6f
 756 027a 1A       		.uleb128 0x1a
 757 027b 14000000 		.4byte	.LVL10
 758 027f 66010000 		.4byte	0x166
 759 0283 1B       		.uleb128 0x1b
 760 0284 01       		.uleb128 0x1
 761 0285 50       		.byte	0x50
 762 0286 01       		.uleb128 0x1
 763 0287 33       		.byte	0x33
 764 0288 00       		.byte	0
 765 0289 00       		.byte	0
 766 028a 1D       		.uleb128 0x1d
 767 028b AA020000 		.4byte	.LASF36
 768 028f 01       		.byte	0x1
 769 0290 1501     		.2byte	0x115
 770 0292 6B000000 		.4byte	0x6b
 771 0296 00000000 		.4byte	.LFB40
 772 029a 10000000 		.4byte	.LFE40-.LFB40
 773 029e 01       		.uleb128 0x1
 774 029f 9C       		.byte	0x9c
 775 02a0 C2020000 		.4byte	0x2c2
 776 02a4 1E       		.uleb128 0x1e
 777 02a5 6F010000 		.4byte	.LASF25
 778 02a9 01       		.byte	0x1
 779 02aa 1701     		.2byte	0x117
 780 02ac 76000000 		.4byte	0x76
 781 02b0 90000000 		.4byte	.LLST4
 782 02b4 1F       		.uleb128 0x1f
 783 02b5 71020000 		.4byte	.LASF22
 784 02b9 01       		.byte	0x1
 785 02ba 1801     		.2byte	0x118
 786 02bc 76000000 		.4byte	0x76
 787 02c0 0E       		.byte	0xe
 788 02c1 00       		.byte	0
 789 02c2 20       		.uleb128 0x20
 790 02c3 E2000000 		.4byte	0xe2
 791 02c7 00000000 		.4byte	.LFB41
 792 02cb 10000000 		.4byte	.LFE41-.LFB41
 793 02cf 01       		.uleb128 0x1
 794 02d0 9C       		.byte	0x9c
 795 02d1 21       		.uleb128 0x21
 796 02d2 D0020000 		.4byte	.LASF28
 797 02d6 01       		.byte	0x1
 798 02d7 4501     		.2byte	0x145
 799 02d9 6B000000 		.4byte	0x6b
ARM GAS  C:\Users\syhaines\AppData\Local\Temp\ccrUSIVM.s 			page 23


 800 02dd 00000000 		.4byte	.LFB42
 801 02e1 10000000 		.4byte	.LFE42-.LFB42
 802 02e5 01       		.uleb128 0x1
 803 02e6 9C       		.byte	0x9c
 804 02e7 20       		.uleb128 0x20
 805 02e8 C1000000 		.4byte	0xc1
 806 02ec 00000000 		.4byte	.LFB43
 807 02f0 10000000 		.4byte	.LFE43-.LFB43
 808 02f4 01       		.uleb128 0x1
 809 02f5 9C       		.byte	0x9c
 810 02f6 22       		.uleb128 0x22
 811 02f7 03020000 		.4byte	.LASF30
 812 02fb 01       		.byte	0x1
 813 02fc 7501     		.2byte	0x175
 814 02fe 00000000 		.4byte	.LFB44
 815 0302 10000000 		.4byte	.LFE44-.LFB44
 816 0306 01       		.uleb128 0x1
 817 0307 9C       		.byte	0x9c
 818 0308 22       		.uleb128 0x22
 819 0309 89020000 		.4byte	.LASF31
 820 030d 01       		.byte	0x1
 821 030e 8E01     		.2byte	0x18e
 822 0310 00000000 		.4byte	.LFB45
 823 0314 10000000 		.4byte	.LFE45-.LFB45
 824 0318 01       		.uleb128 0x1
 825 0319 9C       		.byte	0x9c
 826 031a 23       		.uleb128 0x23
 827 031b A7000000 		.4byte	0xa7
 828 031f 2A030000 		.4byte	0x32a
 829 0323 24       		.uleb128 0x24
 830 0324 BA000000 		.4byte	0xba
 831 0328 2F       		.byte	0x2f
 832 0329 00       		.byte	0
 833 032a 25       		.uleb128 0x25
 834 032b B0000000 		.4byte	.LASF37
 835 032f 01       		.byte	0x1
 836 0330 21       		.byte	0x21
 837 0331 1A030000 		.4byte	0x31a
 838 0335 26       		.uleb128 0x26
 839 0336 9F010000 		.4byte	.LASF38
 840 033a 03       		.byte	0x3
 841 033b 82       		.byte	0x82
 842 033c 6B000000 		.4byte	0x6b
 843 0340 27       		.uleb128 0x27
 844 0341 ED010000 		.4byte	.LASF39
 845 0345 03       		.byte	0x3
 846 0346 83       		.byte	0x83
 847 0347 28       		.uleb128 0x28
 848 0348 6B000000 		.4byte	0x6b
 849 034c 00       		.byte	0
 850 034d 00       		.byte	0
 851              		.section	.debug_abbrev,"",%progbits
 852              	.Ldebug_abbrev0:
 853 0000 01       		.uleb128 0x1
 854 0001 11       		.uleb128 0x11
 855 0002 01       		.byte	0x1
 856 0003 25       		.uleb128 0x25
ARM GAS  C:\Users\syhaines\AppData\Local\Temp\ccrUSIVM.s 			page 24


 857 0004 0E       		.uleb128 0xe
 858 0005 13       		.uleb128 0x13
 859 0006 0B       		.uleb128 0xb
 860 0007 03       		.uleb128 0x3
 861 0008 0E       		.uleb128 0xe
 862 0009 1B       		.uleb128 0x1b
 863 000a 0E       		.uleb128 0xe
 864 000b 55       		.uleb128 0x55
 865 000c 17       		.uleb128 0x17
 866 000d 11       		.uleb128 0x11
 867 000e 01       		.uleb128 0x1
 868 000f 10       		.uleb128 0x10
 869 0010 17       		.uleb128 0x17
 870 0011 00       		.byte	0
 871 0012 00       		.byte	0
 872 0013 02       		.uleb128 0x2
 873 0014 24       		.uleb128 0x24
 874 0015 00       		.byte	0
 875 0016 0B       		.uleb128 0xb
 876 0017 0B       		.uleb128 0xb
 877 0018 3E       		.uleb128 0x3e
 878 0019 0B       		.uleb128 0xb
 879 001a 03       		.uleb128 0x3
 880 001b 0E       		.uleb128 0xe
 881 001c 00       		.byte	0
 882 001d 00       		.byte	0
 883 001e 03       		.uleb128 0x3
 884 001f 24       		.uleb128 0x24
 885 0020 00       		.byte	0
 886 0021 0B       		.uleb128 0xb
 887 0022 0B       		.uleb128 0xb
 888 0023 3E       		.uleb128 0x3e
 889 0024 0B       		.uleb128 0xb
 890 0025 03       		.uleb128 0x3
 891 0026 08       		.uleb128 0x8
 892 0027 00       		.byte	0
 893 0028 00       		.byte	0
 894 0029 04       		.uleb128 0x4
 895 002a 16       		.uleb128 0x16
 896 002b 00       		.byte	0
 897 002c 03       		.uleb128 0x3
 898 002d 0E       		.uleb128 0xe
 899 002e 3A       		.uleb128 0x3a
 900 002f 0B       		.uleb128 0xb
 901 0030 3B       		.uleb128 0x3b
 902 0031 0B       		.uleb128 0xb
 903 0032 49       		.uleb128 0x49
 904 0033 13       		.uleb128 0x13
 905 0034 00       		.byte	0
 906 0035 00       		.byte	0
 907 0036 05       		.uleb128 0x5
 908 0037 16       		.uleb128 0x16
 909 0038 00       		.byte	0
 910 0039 03       		.uleb128 0x3
 911 003a 0E       		.uleb128 0xe
 912 003b 3A       		.uleb128 0x3a
 913 003c 0B       		.uleb128 0xb
ARM GAS  C:\Users\syhaines\AppData\Local\Temp\ccrUSIVM.s 			page 25


 914 003d 3B       		.uleb128 0x3b
 915 003e 05       		.uleb128 0x5
 916 003f 49       		.uleb128 0x49
 917 0040 13       		.uleb128 0x13
 918 0041 00       		.byte	0
 919 0042 00       		.byte	0
 920 0043 06       		.uleb128 0x6
 921 0044 35       		.uleb128 0x35
 922 0045 00       		.byte	0
 923 0046 49       		.uleb128 0x49
 924 0047 13       		.uleb128 0x13
 925 0048 00       		.byte	0
 926 0049 00       		.byte	0
 927 004a 07       		.uleb128 0x7
 928 004b 0F       		.uleb128 0xf
 929 004c 00       		.byte	0
 930 004d 0B       		.uleb128 0xb
 931 004e 0B       		.uleb128 0xb
 932 004f 49       		.uleb128 0x49
 933 0050 13       		.uleb128 0x13
 934 0051 00       		.byte	0
 935 0052 00       		.byte	0
 936 0053 08       		.uleb128 0x8
 937 0054 15       		.uleb128 0x15
 938 0055 00       		.byte	0
 939 0056 27       		.uleb128 0x27
 940 0057 19       		.uleb128 0x19
 941 0058 00       		.byte	0
 942 0059 00       		.byte	0
 943 005a 09       		.uleb128 0x9
 944 005b 2E       		.uleb128 0x2e
 945 005c 00       		.byte	0
 946 005d 3F       		.uleb128 0x3f
 947 005e 19       		.uleb128 0x19
 948 005f 03       		.uleb128 0x3
 949 0060 0E       		.uleb128 0xe
 950 0061 3A       		.uleb128 0x3a
 951 0062 0B       		.uleb128 0xb
 952 0063 3B       		.uleb128 0x3b
 953 0064 05       		.uleb128 0x5
 954 0065 27       		.uleb128 0x27
 955 0066 19       		.uleb128 0x19
 956 0067 20       		.uleb128 0x20
 957 0068 0B       		.uleb128 0xb
 958 0069 00       		.byte	0
 959 006a 00       		.byte	0
 960 006b 0A       		.uleb128 0xa
 961 006c 2E       		.uleb128 0x2e
 962 006d 01       		.byte	0x1
 963 006e 3F       		.uleb128 0x3f
 964 006f 19       		.uleb128 0x19
 965 0070 03       		.uleb128 0x3
 966 0071 0E       		.uleb128 0xe
 967 0072 3A       		.uleb128 0x3a
 968 0073 0B       		.uleb128 0xb
 969 0074 3B       		.uleb128 0x3b
 970 0075 0B       		.uleb128 0xb
ARM GAS  C:\Users\syhaines\AppData\Local\Temp\ccrUSIVM.s 			page 26


 971 0076 27       		.uleb128 0x27
 972 0077 19       		.uleb128 0x19
 973 0078 20       		.uleb128 0x20
 974 0079 0B       		.uleb128 0xb
 975 007a 01       		.uleb128 0x1
 976 007b 13       		.uleb128 0x13
 977 007c 00       		.byte	0
 978 007d 00       		.byte	0
 979 007e 0B       		.uleb128 0xb
 980 007f 05       		.uleb128 0x5
 981 0080 00       		.byte	0
 982 0081 03       		.uleb128 0x3
 983 0082 0E       		.uleb128 0xe
 984 0083 3A       		.uleb128 0x3a
 985 0084 0B       		.uleb128 0xb
 986 0085 3B       		.uleb128 0x3b
 987 0086 0B       		.uleb128 0xb
 988 0087 49       		.uleb128 0x49
 989 0088 13       		.uleb128 0x13
 990 0089 00       		.byte	0
 991 008a 00       		.byte	0
 992 008b 0C       		.uleb128 0xc
 993 008c 2E       		.uleb128 0x2e
 994 008d 00       		.byte	0
 995 008e 3F       		.uleb128 0x3f
 996 008f 19       		.uleb128 0x19
 997 0090 03       		.uleb128 0x3
 998 0091 0E       		.uleb128 0xe
 999 0092 3A       		.uleb128 0x3a
 1000 0093 0B       		.uleb128 0xb
 1001 0094 3B       		.uleb128 0x3b
 1002 0095 0B       		.uleb128 0xb
 1003 0096 27       		.uleb128 0x27
 1004 0097 19       		.uleb128 0x19
 1005 0098 11       		.uleb128 0x11
 1006 0099 01       		.uleb128 0x1
 1007 009a 12       		.uleb128 0x12
 1008 009b 06       		.uleb128 0x6
 1009 009c 40       		.uleb128 0x40
 1010 009d 18       		.uleb128 0x18
 1011 009e 9742     		.uleb128 0x2117
 1012 00a0 19       		.uleb128 0x19
 1013 00a1 00       		.byte	0
 1014 00a2 00       		.byte	0
 1015 00a3 0D       		.uleb128 0xd
 1016 00a4 2E       		.uleb128 0x2e
 1017 00a5 01       		.byte	0x1
 1018 00a6 3F       		.uleb128 0x3f
 1019 00a7 19       		.uleb128 0x19
 1020 00a8 03       		.uleb128 0x3
 1021 00a9 0E       		.uleb128 0xe
 1022 00aa 3A       		.uleb128 0x3a
 1023 00ab 0B       		.uleb128 0xb
 1024 00ac 3B       		.uleb128 0x3b
 1025 00ad 0B       		.uleb128 0xb
 1026 00ae 27       		.uleb128 0x27
 1027 00af 19       		.uleb128 0x19
ARM GAS  C:\Users\syhaines\AppData\Local\Temp\ccrUSIVM.s 			page 27


 1028 00b0 11       		.uleb128 0x11
 1029 00b1 01       		.uleb128 0x1
 1030 00b2 12       		.uleb128 0x12
 1031 00b3 06       		.uleb128 0x6
 1032 00b4 40       		.uleb128 0x40
 1033 00b5 18       		.uleb128 0x18
 1034 00b6 9742     		.uleb128 0x2117
 1035 00b8 19       		.uleb128 0x19
 1036 00b9 01       		.uleb128 0x1
 1037 00ba 13       		.uleb128 0x13
 1038 00bb 00       		.byte	0
 1039 00bc 00       		.byte	0
 1040 00bd 0E       		.uleb128 0xe
 1041 00be 1D       		.uleb128 0x1d
 1042 00bf 00       		.byte	0
 1043 00c0 31       		.uleb128 0x31
 1044 00c1 13       		.uleb128 0x13
 1045 00c2 11       		.uleb128 0x11
 1046 00c3 01       		.uleb128 0x1
 1047 00c4 12       		.uleb128 0x12
 1048 00c5 06       		.uleb128 0x6
 1049 00c6 58       		.uleb128 0x58
 1050 00c7 0B       		.uleb128 0xb
 1051 00c8 59       		.uleb128 0x59
 1052 00c9 0B       		.uleb128 0xb
 1053 00ca 00       		.byte	0
 1054 00cb 00       		.byte	0
 1055 00cc 0F       		.uleb128 0xf
 1056 00cd 1D       		.uleb128 0x1d
 1057 00ce 01       		.byte	0x1
 1058 00cf 31       		.uleb128 0x31
 1059 00d0 13       		.uleb128 0x13
 1060 00d1 52       		.uleb128 0x52
 1061 00d2 01       		.uleb128 0x1
 1062 00d3 55       		.uleb128 0x55
 1063 00d4 17       		.uleb128 0x17
 1064 00d5 58       		.uleb128 0x58
 1065 00d6 0B       		.uleb128 0xb
 1066 00d7 59       		.uleb128 0x59
 1067 00d8 0B       		.uleb128 0xb
 1068 00d9 00       		.byte	0
 1069 00da 00       		.byte	0
 1070 00db 10       		.uleb128 0x10
 1071 00dc 05       		.uleb128 0x5
 1072 00dd 00       		.byte	0
 1073 00de 31       		.uleb128 0x31
 1074 00df 13       		.uleb128 0x13
 1075 00e0 00       		.byte	0
 1076 00e1 00       		.byte	0
 1077 00e2 11       		.uleb128 0x11
 1078 00e3 2E       		.uleb128 0x2e
 1079 00e4 01       		.byte	0x1
 1080 00e5 31       		.uleb128 0x31
 1081 00e6 13       		.uleb128 0x13
 1082 00e7 11       		.uleb128 0x11
 1083 00e8 01       		.uleb128 0x1
 1084 00e9 12       		.uleb128 0x12
ARM GAS  C:\Users\syhaines\AppData\Local\Temp\ccrUSIVM.s 			page 28


 1085 00ea 06       		.uleb128 0x6
 1086 00eb 40       		.uleb128 0x40
 1087 00ec 18       		.uleb128 0x18
 1088 00ed 9742     		.uleb128 0x2117
 1089 00ef 19       		.uleb128 0x19
 1090 00f0 01       		.uleb128 0x1
 1091 00f1 13       		.uleb128 0x13
 1092 00f2 00       		.byte	0
 1093 00f3 00       		.byte	0
 1094 00f4 12       		.uleb128 0x12
 1095 00f5 05       		.uleb128 0x5
 1096 00f6 00       		.byte	0
 1097 00f7 31       		.uleb128 0x31
 1098 00f8 13       		.uleb128 0x13
 1099 00f9 02       		.uleb128 0x2
 1100 00fa 18       		.uleb128 0x18
 1101 00fb 00       		.byte	0
 1102 00fc 00       		.byte	0
 1103 00fd 13       		.uleb128 0x13
 1104 00fe 2E       		.uleb128 0x2e
 1105 00ff 00       		.byte	0
 1106 0100 3F       		.uleb128 0x3f
 1107 0101 19       		.uleb128 0x19
 1108 0102 03       		.uleb128 0x3
 1109 0103 0E       		.uleb128 0xe
 1110 0104 3A       		.uleb128 0x3a
 1111 0105 0B       		.uleb128 0xb
 1112 0106 3B       		.uleb128 0x3b
 1113 0107 0B       		.uleb128 0xb
 1114 0108 27       		.uleb128 0x27
 1115 0109 19       		.uleb128 0x19
 1116 010a 49       		.uleb128 0x49
 1117 010b 13       		.uleb128 0x13
 1118 010c 11       		.uleb128 0x11
 1119 010d 01       		.uleb128 0x1
 1120 010e 12       		.uleb128 0x12
 1121 010f 06       		.uleb128 0x6
 1122 0110 40       		.uleb128 0x40
 1123 0111 18       		.uleb128 0x18
 1124 0112 9742     		.uleb128 0x2117
 1125 0114 19       		.uleb128 0x19
 1126 0115 00       		.byte	0
 1127 0116 00       		.byte	0
 1128 0117 14       		.uleb128 0x14
 1129 0118 05       		.uleb128 0x5
 1130 0119 00       		.byte	0
 1131 011a 03       		.uleb128 0x3
 1132 011b 0E       		.uleb128 0xe
 1133 011c 3A       		.uleb128 0x3a
 1134 011d 0B       		.uleb128 0xb
 1135 011e 3B       		.uleb128 0x3b
 1136 011f 0B       		.uleb128 0xb
 1137 0120 49       		.uleb128 0x49
 1138 0121 13       		.uleb128 0x13
 1139 0122 02       		.uleb128 0x2
 1140 0123 17       		.uleb128 0x17
 1141 0124 00       		.byte	0
ARM GAS  C:\Users\syhaines\AppData\Local\Temp\ccrUSIVM.s 			page 29


 1142 0125 00       		.byte	0
 1143 0126 15       		.uleb128 0x15
 1144 0127 34       		.uleb128 0x34
 1145 0128 00       		.byte	0
 1146 0129 03       		.uleb128 0x3
 1147 012a 0E       		.uleb128 0xe
 1148 012b 3A       		.uleb128 0x3a
 1149 012c 0B       		.uleb128 0xb
 1150 012d 3B       		.uleb128 0x3b
 1151 012e 0B       		.uleb128 0xb
 1152 012f 49       		.uleb128 0x49
 1153 0130 13       		.uleb128 0x13
 1154 0131 02       		.uleb128 0x2
 1155 0132 17       		.uleb128 0x17
 1156 0133 00       		.byte	0
 1157 0134 00       		.byte	0
 1158 0135 16       		.uleb128 0x16
 1159 0136 34       		.uleb128 0x34
 1160 0137 00       		.byte	0
 1161 0138 03       		.uleb128 0x3
 1162 0139 0E       		.uleb128 0xe
 1163 013a 3A       		.uleb128 0x3a
 1164 013b 0B       		.uleb128 0xb
 1165 013c 3B       		.uleb128 0x3b
 1166 013d 0B       		.uleb128 0xb
 1167 013e 49       		.uleb128 0x49
 1168 013f 13       		.uleb128 0x13
 1169 0140 1C       		.uleb128 0x1c
 1170 0141 0B       		.uleb128 0xb
 1171 0142 00       		.byte	0
 1172 0143 00       		.byte	0
 1173 0144 17       		.uleb128 0x17
 1174 0145 898201   		.uleb128 0x4109
 1175 0148 00       		.byte	0
 1176 0149 11       		.uleb128 0x11
 1177 014a 01       		.uleb128 0x1
 1178 014b 31       		.uleb128 0x31
 1179 014c 13       		.uleb128 0x13
 1180 014d 00       		.byte	0
 1181 014e 00       		.byte	0
 1182 014f 18       		.uleb128 0x18
 1183 0150 1D       		.uleb128 0x1d
 1184 0151 01       		.byte	0x1
 1185 0152 31       		.uleb128 0x31
 1186 0153 13       		.uleb128 0x13
 1187 0154 52       		.uleb128 0x52
 1188 0155 01       		.uleb128 0x1
 1189 0156 55       		.uleb128 0x55
 1190 0157 17       		.uleb128 0x17
 1191 0158 58       		.uleb128 0x58
 1192 0159 0B       		.uleb128 0xb
 1193 015a 59       		.uleb128 0x59
 1194 015b 0B       		.uleb128 0xb
 1195 015c 01       		.uleb128 0x1
 1196 015d 13       		.uleb128 0x13
 1197 015e 00       		.byte	0
 1198 015f 00       		.byte	0
ARM GAS  C:\Users\syhaines\AppData\Local\Temp\ccrUSIVM.s 			page 30


 1199 0160 19       		.uleb128 0x19
 1200 0161 1D       		.uleb128 0x1d
 1201 0162 00       		.byte	0
 1202 0163 31       		.uleb128 0x31
 1203 0164 13       		.uleb128 0x13
 1204 0165 52       		.uleb128 0x52
 1205 0166 01       		.uleb128 0x1
 1206 0167 55       		.uleb128 0x55
 1207 0168 17       		.uleb128 0x17
 1208 0169 58       		.uleb128 0x58
 1209 016a 0B       		.uleb128 0xb
 1210 016b 59       		.uleb128 0x59
 1211 016c 0B       		.uleb128 0xb
 1212 016d 00       		.byte	0
 1213 016e 00       		.byte	0
 1214 016f 1A       		.uleb128 0x1a
 1215 0170 898201   		.uleb128 0x4109
 1216 0173 01       		.byte	0x1
 1217 0174 11       		.uleb128 0x11
 1218 0175 01       		.uleb128 0x1
 1219 0176 31       		.uleb128 0x31
 1220 0177 13       		.uleb128 0x13
 1221 0178 00       		.byte	0
 1222 0179 00       		.byte	0
 1223 017a 1B       		.uleb128 0x1b
 1224 017b 8A8201   		.uleb128 0x410a
 1225 017e 00       		.byte	0
 1226 017f 02       		.uleb128 0x2
 1227 0180 18       		.uleb128 0x18
 1228 0181 9142     		.uleb128 0x2111
 1229 0183 18       		.uleb128 0x18
 1230 0184 00       		.byte	0
 1231 0185 00       		.byte	0
 1232 0186 1C       		.uleb128 0x1c
 1233 0187 05       		.uleb128 0x5
 1234 0188 00       		.byte	0
 1235 0189 31       		.uleb128 0x31
 1236 018a 13       		.uleb128 0x13
 1237 018b 02       		.uleb128 0x2
 1238 018c 17       		.uleb128 0x17
 1239 018d 00       		.byte	0
 1240 018e 00       		.byte	0
 1241 018f 1D       		.uleb128 0x1d
 1242 0190 2E       		.uleb128 0x2e
 1243 0191 01       		.byte	0x1
 1244 0192 3F       		.uleb128 0x3f
 1245 0193 19       		.uleb128 0x19
 1246 0194 03       		.uleb128 0x3
 1247 0195 0E       		.uleb128 0xe
 1248 0196 3A       		.uleb128 0x3a
 1249 0197 0B       		.uleb128 0xb
 1250 0198 3B       		.uleb128 0x3b
 1251 0199 05       		.uleb128 0x5
 1252 019a 27       		.uleb128 0x27
 1253 019b 19       		.uleb128 0x19
 1254 019c 49       		.uleb128 0x49
 1255 019d 13       		.uleb128 0x13
ARM GAS  C:\Users\syhaines\AppData\Local\Temp\ccrUSIVM.s 			page 31


 1256 019e 11       		.uleb128 0x11
 1257 019f 01       		.uleb128 0x1
 1258 01a0 12       		.uleb128 0x12
 1259 01a1 06       		.uleb128 0x6
 1260 01a2 40       		.uleb128 0x40
 1261 01a3 18       		.uleb128 0x18
 1262 01a4 9742     		.uleb128 0x2117
 1263 01a6 19       		.uleb128 0x19
 1264 01a7 01       		.uleb128 0x1
 1265 01a8 13       		.uleb128 0x13
 1266 01a9 00       		.byte	0
 1267 01aa 00       		.byte	0
 1268 01ab 1E       		.uleb128 0x1e
 1269 01ac 34       		.uleb128 0x34
 1270 01ad 00       		.byte	0
 1271 01ae 03       		.uleb128 0x3
 1272 01af 0E       		.uleb128 0xe
 1273 01b0 3A       		.uleb128 0x3a
 1274 01b1 0B       		.uleb128 0xb
 1275 01b2 3B       		.uleb128 0x3b
 1276 01b3 05       		.uleb128 0x5
 1277 01b4 49       		.uleb128 0x49
 1278 01b5 13       		.uleb128 0x13
 1279 01b6 02       		.uleb128 0x2
 1280 01b7 17       		.uleb128 0x17
 1281 01b8 00       		.byte	0
 1282 01b9 00       		.byte	0
 1283 01ba 1F       		.uleb128 0x1f
 1284 01bb 34       		.uleb128 0x34
 1285 01bc 00       		.byte	0
 1286 01bd 03       		.uleb128 0x3
 1287 01be 0E       		.uleb128 0xe
 1288 01bf 3A       		.uleb128 0x3a
 1289 01c0 0B       		.uleb128 0xb
 1290 01c1 3B       		.uleb128 0x3b
 1291 01c2 05       		.uleb128 0x5
 1292 01c3 49       		.uleb128 0x49
 1293 01c4 13       		.uleb128 0x13
 1294 01c5 1C       		.uleb128 0x1c
 1295 01c6 0B       		.uleb128 0xb
 1296 01c7 00       		.byte	0
 1297 01c8 00       		.byte	0
 1298 01c9 20       		.uleb128 0x20
 1299 01ca 2E       		.uleb128 0x2e
 1300 01cb 00       		.byte	0
 1301 01cc 31       		.uleb128 0x31
 1302 01cd 13       		.uleb128 0x13
 1303 01ce 11       		.uleb128 0x11
 1304 01cf 01       		.uleb128 0x1
 1305 01d0 12       		.uleb128 0x12
 1306 01d1 06       		.uleb128 0x6
 1307 01d2 40       		.uleb128 0x40
 1308 01d3 18       		.uleb128 0x18
 1309 01d4 9742     		.uleb128 0x2117
 1310 01d6 19       		.uleb128 0x19
 1311 01d7 00       		.byte	0
 1312 01d8 00       		.byte	0
ARM GAS  C:\Users\syhaines\AppData\Local\Temp\ccrUSIVM.s 			page 32


 1313 01d9 21       		.uleb128 0x21
 1314 01da 2E       		.uleb128 0x2e
 1315 01db 00       		.byte	0
 1316 01dc 3F       		.uleb128 0x3f
 1317 01dd 19       		.uleb128 0x19
 1318 01de 03       		.uleb128 0x3
 1319 01df 0E       		.uleb128 0xe
 1320 01e0 3A       		.uleb128 0x3a
 1321 01e1 0B       		.uleb128 0xb
 1322 01e2 3B       		.uleb128 0x3b
 1323 01e3 05       		.uleb128 0x5
 1324 01e4 27       		.uleb128 0x27
 1325 01e5 19       		.uleb128 0x19
 1326 01e6 49       		.uleb128 0x49
 1327 01e7 13       		.uleb128 0x13
 1328 01e8 11       		.uleb128 0x11
 1329 01e9 01       		.uleb128 0x1
 1330 01ea 12       		.uleb128 0x12
 1331 01eb 06       		.uleb128 0x6
 1332 01ec 40       		.uleb128 0x40
 1333 01ed 18       		.uleb128 0x18
 1334 01ee 9742     		.uleb128 0x2117
 1335 01f0 19       		.uleb128 0x19
 1336 01f1 00       		.byte	0
 1337 01f2 00       		.byte	0
 1338 01f3 22       		.uleb128 0x22
 1339 01f4 2E       		.uleb128 0x2e
 1340 01f5 00       		.byte	0
 1341 01f6 3F       		.uleb128 0x3f
 1342 01f7 19       		.uleb128 0x19
 1343 01f8 03       		.uleb128 0x3
 1344 01f9 0E       		.uleb128 0xe
 1345 01fa 3A       		.uleb128 0x3a
 1346 01fb 0B       		.uleb128 0xb
 1347 01fc 3B       		.uleb128 0x3b
 1348 01fd 05       		.uleb128 0x5
 1349 01fe 27       		.uleb128 0x27
 1350 01ff 19       		.uleb128 0x19
 1351 0200 11       		.uleb128 0x11
 1352 0201 01       		.uleb128 0x1
 1353 0202 12       		.uleb128 0x12
 1354 0203 06       		.uleb128 0x6
 1355 0204 40       		.uleb128 0x40
 1356 0205 18       		.uleb128 0x18
 1357 0206 9742     		.uleb128 0x2117
 1358 0208 19       		.uleb128 0x19
 1359 0209 00       		.byte	0
 1360 020a 00       		.byte	0
 1361 020b 23       		.uleb128 0x23
 1362 020c 01       		.uleb128 0x1
 1363 020d 01       		.byte	0x1
 1364 020e 49       		.uleb128 0x49
 1365 020f 13       		.uleb128 0x13
 1366 0210 01       		.uleb128 0x1
 1367 0211 13       		.uleb128 0x13
 1368 0212 00       		.byte	0
 1369 0213 00       		.byte	0
ARM GAS  C:\Users\syhaines\AppData\Local\Temp\ccrUSIVM.s 			page 33


 1370 0214 24       		.uleb128 0x24
 1371 0215 21       		.uleb128 0x21
 1372 0216 00       		.byte	0
 1373 0217 49       		.uleb128 0x49
 1374 0218 13       		.uleb128 0x13
 1375 0219 2F       		.uleb128 0x2f
 1376 021a 0B       		.uleb128 0xb
 1377 021b 00       		.byte	0
 1378 021c 00       		.byte	0
 1379 021d 25       		.uleb128 0x25
 1380 021e 34       		.uleb128 0x34
 1381 021f 00       		.byte	0
 1382 0220 03       		.uleb128 0x3
 1383 0221 0E       		.uleb128 0xe
 1384 0222 3A       		.uleb128 0x3a
 1385 0223 0B       		.uleb128 0xb
 1386 0224 3B       		.uleb128 0x3b
 1387 0225 0B       		.uleb128 0xb
 1388 0226 49       		.uleb128 0x49
 1389 0227 13       		.uleb128 0x13
 1390 0228 3F       		.uleb128 0x3f
 1391 0229 19       		.uleb128 0x19
 1392 022a 3C       		.uleb128 0x3c
 1393 022b 19       		.uleb128 0x19
 1394 022c 00       		.byte	0
 1395 022d 00       		.byte	0
 1396 022e 26       		.uleb128 0x26
 1397 022f 2E       		.uleb128 0x2e
 1398 0230 00       		.byte	0
 1399 0231 3F       		.uleb128 0x3f
 1400 0232 19       		.uleb128 0x19
 1401 0233 03       		.uleb128 0x3
 1402 0234 0E       		.uleb128 0xe
 1403 0235 3A       		.uleb128 0x3a
 1404 0236 0B       		.uleb128 0xb
 1405 0237 3B       		.uleb128 0x3b
 1406 0238 0B       		.uleb128 0xb
 1407 0239 27       		.uleb128 0x27
 1408 023a 19       		.uleb128 0x19
 1409 023b 49       		.uleb128 0x49
 1410 023c 13       		.uleb128 0x13
 1411 023d 3C       		.uleb128 0x3c
 1412 023e 19       		.uleb128 0x19
 1413 023f 00       		.byte	0
 1414 0240 00       		.byte	0
 1415 0241 27       		.uleb128 0x27
 1416 0242 2E       		.uleb128 0x2e
 1417 0243 01       		.byte	0x1
 1418 0244 3F       		.uleb128 0x3f
 1419 0245 19       		.uleb128 0x19
 1420 0246 03       		.uleb128 0x3
 1421 0247 0E       		.uleb128 0xe
 1422 0248 3A       		.uleb128 0x3a
 1423 0249 0B       		.uleb128 0xb
 1424 024a 3B       		.uleb128 0x3b
 1425 024b 0B       		.uleb128 0xb
 1426 024c 27       		.uleb128 0x27
ARM GAS  C:\Users\syhaines\AppData\Local\Temp\ccrUSIVM.s 			page 34


 1427 024d 19       		.uleb128 0x19
 1428 024e 3C       		.uleb128 0x3c
 1429 024f 19       		.uleb128 0x19
 1430 0250 00       		.byte	0
 1431 0251 00       		.byte	0
 1432 0252 28       		.uleb128 0x28
 1433 0253 05       		.uleb128 0x5
 1434 0254 00       		.byte	0
 1435 0255 49       		.uleb128 0x49
 1436 0256 13       		.uleb128 0x13
 1437 0257 00       		.byte	0
 1438 0258 00       		.byte	0
 1439 0259 00       		.byte	0
 1440              		.section	.debug_loc,"",%progbits
 1441              	.Ldebug_loc0:
 1442              	.LLST0:
 1443 0000 00000000 		.4byte	.LVL2
 1444 0004 07000000 		.4byte	.LVL3-1
 1445 0008 0100     		.2byte	0x1
 1446 000a 50       		.byte	0x50
 1447 000b 07000000 		.4byte	.LVL3-1
 1448 000f 24000000 		.4byte	.LFE39
 1449 0013 0400     		.2byte	0x4
 1450 0015 F3       		.byte	0xf3
 1451 0016 01       		.uleb128 0x1
 1452 0017 50       		.byte	0x50
 1453 0018 9F       		.byte	0x9f
 1454 0019 00000000 		.4byte	0
 1455 001d 00000000 		.4byte	0
 1456              	.LLST1:
 1457 0021 08000000 		.4byte	.LVL3
 1458 0025 19000000 		.4byte	.LVL4-1
 1459 0029 0100     		.2byte	0x1
 1460 002b 50       		.byte	0x50
 1461 002c 00000000 		.4byte	0
 1462 0030 00000000 		.4byte	0
 1463              	.LLST2:
 1464 0034 00000000 		.4byte	.LVL7
 1465 0038 10000000 		.4byte	.LVL9
 1466 003c 0100     		.2byte	0x1
 1467 003e 50       		.byte	0x50
 1468 003f 10000000 		.4byte	.LVL9
 1469 0043 13000000 		.4byte	.LVL10-1
 1470 0047 0300     		.2byte	0x3
 1471 0049 73       		.byte	0x73
 1472 004a E400     		.sleb128 100
 1473 004c 13000000 		.4byte	.LVL10-1
 1474 0050 28000000 		.4byte	.LFE34
 1475 0054 0400     		.2byte	0x4
 1476 0056 F3       		.byte	0xf3
 1477 0057 01       		.uleb128 0x1
 1478 0058 50       		.byte	0x50
 1479 0059 9F       		.byte	0x9f
 1480 005a 00000000 		.4byte	0
 1481 005e 00000000 		.4byte	0
 1482              	.LLST3:
 1483 0062 0A000000 		.4byte	.LVL8
ARM GAS  C:\Users\syhaines\AppData\Local\Temp\ccrUSIVM.s 			page 35


 1484 0066 10000000 		.4byte	.LVL9
 1485 006a 0100     		.2byte	0x1
 1486 006c 50       		.byte	0x50
 1487 006d 10000000 		.4byte	.LVL9
 1488 0071 13000000 		.4byte	.LVL10-1
 1489 0075 0300     		.2byte	0x3
 1490 0077 73       		.byte	0x73
 1491 0078 E400     		.sleb128 100
 1492 007a 13000000 		.4byte	.LVL10-1
 1493 007e 28000000 		.4byte	.LFE34
 1494 0082 0400     		.2byte	0x4
 1495 0084 F3       		.byte	0xf3
 1496 0085 01       		.uleb128 0x1
 1497 0086 50       		.byte	0x50
 1498 0087 9F       		.byte	0x9f
 1499 0088 00000000 		.4byte	0
 1500 008c 00000000 		.4byte	0
 1501              	.LLST4:
 1502 0090 04000000 		.4byte	.LVL12
 1503 0094 06000000 		.4byte	.LVL13
 1504 0098 0900     		.2byte	0x9
 1505 009a 70       		.byte	0x70
 1506 009b 00       		.sleb128 0
 1507 009c 0A       		.byte	0xa
 1508 009d 00C0     		.2byte	0xc000
 1509 009f 1A       		.byte	0x1a
 1510 00a0 3E       		.byte	0x3e
 1511 00a1 25       		.byte	0x25
 1512 00a2 9F       		.byte	0x9f
 1513 00a3 00000000 		.4byte	0
 1514 00a7 00000000 		.4byte	0
 1515              		.section	.debug_aranges,"",%progbits
 1516 0000 7C000000 		.4byte	0x7c
 1517 0004 0200     		.2byte	0x2
 1518 0006 00000000 		.4byte	.Ldebug_info0
 1519 000a 04       		.byte	0x4
 1520 000b 00       		.byte	0
 1521 000c 0000     		.2byte	0
 1522 000e 0000     		.2byte	0
 1523 0010 00000000 		.4byte	.LFB36
 1524 0014 02000000 		.4byte	.LFE36-.LFB36
 1525 0018 00000000 		.4byte	.LFB35
 1526 001c 1C000000 		.4byte	.LFE35-.LFB35
 1527 0020 00000000 		.4byte	.LFB37
 1528 0024 0C000000 		.4byte	.LFE37-.LFB37
 1529 0028 00000000 		.4byte	.LFB38
 1530 002c 0C000000 		.4byte	.LFE38-.LFB38
 1531 0030 00000000 		.4byte	.LFB39
 1532 0034 24000000 		.4byte	.LFE39-.LFB39
 1533 0038 00000000 		.4byte	.LFB33
 1534 003c 2C000000 		.4byte	.LFE33-.LFB33
 1535 0040 00000000 		.4byte	.LFB34
 1536 0044 28000000 		.4byte	.LFE34-.LFB34
 1537 0048 00000000 		.4byte	.LFB40
 1538 004c 10000000 		.4byte	.LFE40-.LFB40
 1539 0050 00000000 		.4byte	.LFB41
 1540 0054 10000000 		.4byte	.LFE41-.LFB41
ARM GAS  C:\Users\syhaines\AppData\Local\Temp\ccrUSIVM.s 			page 36


 1541 0058 00000000 		.4byte	.LFB42
 1542 005c 10000000 		.4byte	.LFE42-.LFB42
 1543 0060 00000000 		.4byte	.LFB43
 1544 0064 10000000 		.4byte	.LFE43-.LFB43
 1545 0068 00000000 		.4byte	.LFB44
 1546 006c 10000000 		.4byte	.LFE44-.LFB44
 1547 0070 00000000 		.4byte	.LFB45
 1548 0074 10000000 		.4byte	.LFE45-.LFB45
 1549 0078 00000000 		.4byte	0
 1550 007c 00000000 		.4byte	0
 1551              		.section	.debug_ranges,"",%progbits
 1552              	.Ldebug_ranges0:
 1553 0000 08000000 		.4byte	.LBB20
 1554 0004 0C000000 		.4byte	.LBE20
 1555 0008 0C000000 		.4byte	.LBB23
 1556 000c 0E000000 		.4byte	.LBE23
 1557 0010 00000000 		.4byte	0
 1558 0014 00000000 		.4byte	0
 1559 0018 0A000000 		.4byte	.LBB26
 1560 001c 0E000000 		.4byte	.LBE26
 1561 0020 10000000 		.4byte	.LBB29
 1562 0024 12000000 		.4byte	.LBE29
 1563 0028 00000000 		.4byte	0
 1564 002c 00000000 		.4byte	0
 1565 0030 16000000 		.4byte	.LBB30
 1566 0034 18000000 		.4byte	.LBE30
 1567 0038 18000000 		.4byte	.LBB33
 1568 003c 1A000000 		.4byte	.LBE33
 1569 0040 00000000 		.4byte	0
 1570 0044 00000000 		.4byte	0
 1571 0048 0A000000 		.4byte	.LBB36
 1572 004c 0C000000 		.4byte	.LBE36
 1573 0050 0C000000 		.4byte	.LBB39
 1574 0054 0E000000 		.4byte	.LBE39
 1575 0058 00000000 		.4byte	0
 1576 005c 00000000 		.4byte	0
 1577 0060 00000000 		.4byte	.LFB36
 1578 0064 02000000 		.4byte	.LFE36
 1579 0068 00000000 		.4byte	.LFB35
 1580 006c 1C000000 		.4byte	.LFE35
 1581 0070 00000000 		.4byte	.LFB37
 1582 0074 0C000000 		.4byte	.LFE37
 1583 0078 00000000 		.4byte	.LFB38
 1584 007c 0C000000 		.4byte	.LFE38
 1585 0080 00000000 		.4byte	.LFB39
 1586 0084 24000000 		.4byte	.LFE39
 1587 0088 00000000 		.4byte	.LFB33
 1588 008c 2C000000 		.4byte	.LFE33
 1589 0090 00000000 		.4byte	.LFB34
 1590 0094 28000000 		.4byte	.LFE34
 1591 0098 00000000 		.4byte	.LFB40
 1592 009c 10000000 		.4byte	.LFE40
 1593 00a0 00000000 		.4byte	.LFB41
 1594 00a4 10000000 		.4byte	.LFE41
 1595 00a8 00000000 		.4byte	.LFB42
 1596 00ac 10000000 		.4byte	.LFE42
 1597 00b0 00000000 		.4byte	.LFB43
ARM GAS  C:\Users\syhaines\AppData\Local\Temp\ccrUSIVM.s 			page 37


 1598 00b4 10000000 		.4byte	.LFE43
 1599 00b8 00000000 		.4byte	.LFB44
 1600 00bc 10000000 		.4byte	.LFE44
 1601 00c0 00000000 		.4byte	.LFB45
 1602 00c4 10000000 		.4byte	.LFE45
 1603 00c8 00000000 		.4byte	0
 1604 00cc 00000000 		.4byte	0
 1605              		.section	.debug_line,"",%progbits
 1606              	.Ldebug_line0:
 1607 0000 B4010000 		.section	.debug_str,"MS",%progbits,1
 1607      02006800 
 1607      00000201 
 1607      FB0E0D00 
 1607      01010101 
 1608              	.LASF6:
 1609 0000 6C6F6E67 		.ascii	"long long int\000"
 1609      206C6F6E 
 1609      6720696E 
 1609      7400
 1610              	.LASF23:
 1611 000e 5744545F 		.ascii	"WDT_ISR_Start\000"
 1611      4953525F 
 1611      53746172 
 1611      7400
 1612              	.LASF14:
 1613 001c 72656733 		.ascii	"reg32\000"
 1613      3200
 1614              	.LASF32:
 1615 0022 474E5520 		.ascii	"GNU C 4.9.3 20150303 (release) [ARM/embedded-4_9-br"
 1615      4320342E 
 1615      392E3320 
 1615      32303135 
 1615      30333033 
 1616 0055 616E6368 		.ascii	"anch revision 221220] -mcpu=cortex-m0 -mthumb -g -O"
 1616      20726576 
 1616      6973696F 
 1616      6E203232 
 1616      31323230 
 1617 0088 73202D66 		.ascii	"s -ffunction-sections -ffat-lto-objects\000"
 1617      66756E63 
 1617      74696F6E 
 1617      2D736563 
 1617      74696F6E 
 1618              	.LASF37:
 1619 00b0 43795261 		.ascii	"CyRamVectors\000"
 1619      6D566563 
 1619      746F7273 
 1619      00
 1620              	.LASF3:
 1621 00bd 73686F72 		.ascii	"short unsigned int\000"
 1621      7420756E 
 1621      7369676E 
 1621      65642069 
 1621      6E7400
 1622              	.LASF34:
 1623 00d0 433A5C4C 		.ascii	"C:\\Legrand\\Dimmers\\A4W sofTap and Touch\\A4W_Sof"
 1623      65677261 
ARM GAS  C:\Users\syhaines\AppData\Local\Temp\ccrUSIVM.s 			page 38


 1623      6E645C44 
 1623      696D6D65 
 1623      72735C41 
 1624 00ff 7461702E 		.ascii	"tap.cydsn\000"
 1624      63796473 
 1624      6E00
 1625              	.LASF20:
 1626 0109 5744545F 		.ascii	"WDT_ISR_SetPriority\000"
 1626      4953525F 
 1626      53657450 
 1626      72696F72 
 1626      69747900 
 1627              	.LASF11:
 1628 011d 666C6F61 		.ascii	"float\000"
 1628      7400
 1629              	.LASF7:
 1630 0123 6C6F6E67 		.ascii	"long long unsigned int\000"
 1630      206C6F6E 
 1630      6720756E 
 1630      7369676E 
 1630      65642069 
 1631              	.LASF1:
 1632 013a 756E7369 		.ascii	"unsigned char\000"
 1632      676E6564 
 1632      20636861 
 1632      7200
 1633              	.LASF21:
 1634 0148 696E7465 		.ascii	"interruptState\000"
 1634      72727570 
 1634      74537461 
 1634      746500
 1635              	.LASF5:
 1636 0157 6C6F6E67 		.ascii	"long unsigned int\000"
 1636      20756E73 
 1636      69676E65 
 1636      6420696E 
 1636      7400
 1637              	.LASF9:
 1638 0169 75696E74 		.ascii	"uint8\000"
 1638      3800
 1639              	.LASF25:
 1640 016f 7072696F 		.ascii	"priority\000"
 1640      72697479 
 1640      00
 1641              	.LASF12:
 1642 0178 646F7562 		.ascii	"double\000"
 1642      6C6500
 1643              	.LASF2:
 1644 017f 73686F72 		.ascii	"short int\000"
 1644      7420696E 
 1644      7400
 1645              	.LASF18:
 1646 0189 5744545F 		.ascii	"WDT_ISR_Enable\000"
 1646      4953525F 
 1646      456E6162 
 1646      6C6500
 1647              	.LASF10:
ARM GAS  C:\Users\syhaines\AppData\Local\Temp\ccrUSIVM.s 			page 39


 1648 0198 75696E74 		.ascii	"uint32\000"
 1648      333200
 1649              	.LASF38:
 1650 019f 4379456E 		.ascii	"CyEnterCriticalSection\000"
 1650      74657243 
 1650      72697469 
 1650      63616C53 
 1650      65637469 
 1651              	.LASF24:
 1652 01b6 5744545F 		.ascii	"WDT_ISR_StartEx\000"
 1652      4953525F 
 1652      53746172 
 1652      74457800 
 1653              	.LASF8:
 1654 01c6 756E7369 		.ascii	"unsigned int\000"
 1654      676E6564 
 1654      20696E74 
 1654      00
 1655              	.LASF35:
 1656 01d3 5744545F 		.ascii	"WDT_ISR_SetVector\000"
 1656      4953525F 
 1656      53657456 
 1656      6563746F 
 1656      7200
 1657              	.LASF26:
 1658 01e5 61646472 		.ascii	"address\000"
 1658      65737300 
 1659              	.LASF39:
 1660 01ed 43794578 		.ascii	"CyExitCriticalSection\000"
 1660      69744372 
 1660      69746963 
 1660      616C5365 
 1660      6374696F 
 1661              	.LASF30:
 1662 0203 5744545F 		.ascii	"WDT_ISR_SetPending\000"
 1662      4953525F 
 1662      53657450 
 1662      656E6469 
 1662      6E6700
 1663              	.LASF15:
 1664 0216 63796973 		.ascii	"cyisraddress\000"
 1664      72616464 
 1664      72657373 
 1664      00
 1665              	.LASF16:
 1666 0223 73697A65 		.ascii	"sizetype\000"
 1666      74797065 
 1666      00
 1667              	.LASF33:
 1668 022c 2E5C4765 		.ascii	".\\Generated_Source\\PSoC4\\WDT_ISR.c\000"
 1668      6E657261 
 1668      7465645F 
 1668      536F7572 
 1668      63655C50 
 1669              	.LASF17:
 1670 024f 5744545F 		.ascii	"WDT_ISR_Disable\000"
 1670      4953525F 
ARM GAS  C:\Users\syhaines\AppData\Local\Temp\ccrUSIVM.s 			page 40


 1670      44697361 
 1670      626C6500 
 1671              	.LASF13:
 1672 025f 63686172 		.ascii	"char\000"
 1672      00
 1673              	.LASF19:
 1674 0264 5744545F 		.ascii	"WDT_ISR_Stop\000"
 1674      4953525F 
 1674      53746F70 
 1674      00
 1675              	.LASF22:
 1676 0271 7072696F 		.ascii	"priorityOffset\000"
 1676      72697479 
 1676      4F666673 
 1676      657400
 1677              	.LASF4:
 1678 0280 6C6F6E67 		.ascii	"long int\000"
 1678      20696E74 
 1678      00
 1679              	.LASF31:
 1680 0289 5744545F 		.ascii	"WDT_ISR_ClearPending\000"
 1680      4953525F 
 1680      436C6561 
 1680      7250656E 
 1680      64696E67 
 1681              	.LASF0:
 1682 029e 7369676E 		.ascii	"signed char\000"
 1682      65642063 
 1682      68617200 
 1683              	.LASF36:
 1684 02aa 5744545F 		.ascii	"WDT_ISR_GetPriority\000"
 1684      4953525F 
 1684      47657450 
 1684      72696F72 
 1684      69747900 
 1685              	.LASF27:
 1686 02be 5744545F 		.ascii	"WDT_ISR_GetVector\000"
 1686      4953525F 
 1686      47657456 
 1686      6563746F 
 1686      7200
 1687              	.LASF28:
 1688 02d0 5744545F 		.ascii	"WDT_ISR_GetState\000"
 1688      4953525F 
 1688      47657453 
 1688      74617465 
 1688      00
 1689              	.LASF29:
 1690 02e1 5744545F 		.ascii	"WDT_ISR_Interrupt\000"
 1690      4953525F 
 1690      496E7465 
 1690      72727570 
 1690      7400
 1691              		.ident	"GCC: (GNU Tools for ARM Embedded Processors) 4.9.3 20150303 (release) [ARM/embedded-4_9-br
